              :-) GROMACS - gmx mdrun, 2021.4-Ubuntu-2021.4-2 (-:

                            GROMACS is written by:
     Andrey Alekseenko              Emile Apol              Rossen Apostolov     
         Paul Bauer           Herman J.C. Berendsen           Par Bjelkmar       
       Christian Blau           Viacheslav Bolnykh             Kevin Boyd        
     Aldert van Buuren           Rudi van Drunen             Anton Feenstra      
    Gilles Gouaillardet             Alan Gray               Gerrit Groenhof      
       Anca Hamuraru            Vincent Hindriksen          M. Eric Irrgang      
      Aleksei Iupinov           Christoph Junghans             Joe Jordan        
    Dimitrios Karkoulis            Peter Kasson                Jiri Kraus        
      Carsten Kutzner              Per Larsson              Justin A. Lemkul     
       Viveca Lindahl            Magnus Lundborg             Erik Marklund       
        Pascal Merz             Pieter Meulenhoff            Teemu Murtola       
        Szilard Pall               Sander Pronk              Roland Schulz       
       Michael Shirts            Alexey Shvetsov             Alfons Sijbers      
       Peter Tieleman              Jon Vincent              Teemu Virolainen     
     Christian Wennberg            Maarten Wolf              Artem Zhmurov       
                           and the project leaders:
        Mark Abraham, Berk Hess, Erik Lindahl, and David van der Spoel

Copyright (c) 1991-2000, University of Groningen, The Netherlands.
Copyright (c) 2001-2019, The GROMACS development team at
Uppsala University, Stockholm University and
the Royal Institute of Technology, Sweden.
check out http://www.gromacs.org for more information.

GROMACS is free software; you can redistribute it and/or modify it
under the terms of the GNU Lesser General Public License
as published by the Free Software Foundation; either version 2.1
of the License, or (at your option) any later version.

GROMACS:      gmx mdrun, version 2021.4-Ubuntu-2021.4-2
Executable:   /usr/bin/gmx
Data prefix:  /usr
Working dir:  /home/1-polyply-gromacs/data/16/gromacs
Process ID:   88379
Command line:
  gmx mdrun -v -deffnm 03-mdrun

GROMACS version:    2021.4-Ubuntu-2021.4-2
Precision:          mixed
Memory model:       64 bit
MPI library:        thread_mpi
OpenMP support:     enabled (GMX_OPENMP_MAX_THREADS = 64)
GPU support:        disabled
SIMD instructions:  SSE4.1
FFT library:        fftw-3.3.8-sse2-avx
RDTSCP usage:       enabled
TNG support:        enabled
Hwloc support:      hwloc-2.5.0
Tracing support:    disabled
C compiler:         /usr/bin/cc GNU 11.2.0
C compiler flags:   -msse4.1 -Wno-missing-field-initializers -fexcess-precision=fast -funroll-all-loops -O3 -DNDEBUG
C++ compiler:       /usr/bin/c++ GNU 11.2.0
C++ compiler flags: -msse4.1 -Wno-missing-field-initializers -fexcess-precision=fast -funroll-all-loops -fopenmp -O3 -DNDEBUG


Running on 1 node with total 16 cores, 32 logical cores
Hardware detected:
  CPU info:
    Vendor: Intel
    Brand:  Intel(R) Core(TM) i9-14900HX
    Family: 6   Model: 183   Stepping: 1
    Features: aes apic avx avx2 clfsh cmov cx8 cx16 f16c fma htt intel lahf mmx msr nonstop_tsc pcid pclmuldq pdpe1gb popcnt pse rdrnd rdtscp sha sse2 sse3 sse4.1 sse4.2 ssse3 tdt x2apic
  Hardware topology: Full, with devices
    Sockets, cores, and logical processors:
      Socket  0: [   0   1] [   2   3] [   4   5] [   6   7] [   8   9] [  10  11] [  12  13] [  14  15] [  16  17] [  18  19] [  20  21] [  22  23] [  24  25] [  26  27] [  28  29] [  30  31]
    Numa nodes:
      Node  0 (16657502208 bytes mem):   0   1   2   3   4   5   6   7   8   9  10  11  12  13  14  15  16  17  18  19  20  21  22  23  24  25  26  27  28  29  30  31
      Latency:
               0
         0  1.00
    Caches:
      L1: 49152 bytes, linesize 64 bytes, assoc. 12, shared 2 ways
      L2: 2097152 bytes, linesize 64 bytes, assoc. 16, shared 2 ways
      L3: 37748736 bytes, linesize 64 bytes, assoc. 12, shared 32 ways
    PCI devices:
      4bb2:00:00.0  Id: 1414:008e  Class: 0x0302  Numa: 0
      f034:00:00.0  Id: 1af4:1043  Class: 0x0100  Numa: 0

Highest SIMD level supported by all nodes in run: AVX2_256
SIMD instructions selected at compile time:       SSE4.1
This program was compiled for different hardware than you are running on,
which could influence performance.

++++ PLEASE READ AND CITE THE FOLLOWING REFERENCE ++++
M. J. Abraham, T. Murtola, R. Schulz, S. Páll, J. C. Smith, B. Hess, E.
Lindahl
GROMACS: High performance molecular simulations through multi-level
parallelism from laptops to supercomputers
SoftwareX 1 (2015) pp. 19-25
-------- -------- --- Thank You --- -------- --------


++++ PLEASE READ AND CITE THE FOLLOWING REFERENCE ++++
S. Páll, M. J. Abraham, C. Kutzner, B. Hess, E. Lindahl
Tackling Exascale Software Challenges in Molecular Dynamics Simulations with
GROMACS
In S. Markidis & E. Laure (Eds.), Solving Software Challenges for Exascale 8759 (2015) pp. 3-27
-------- -------- --- Thank You --- -------- --------


++++ PLEASE READ AND CITE THE FOLLOWING REFERENCE ++++
S. Pronk, S. Páll, R. Schulz, P. Larsson, P. Bjelkmar, R. Apostolov, M. R.
Shirts, J. C. Smith, P. M. Kasson, D. van der Spoel, B. Hess, and E. Lindahl
GROMACS 4.5: a high-throughput and highly parallel open source molecular
simulation toolkit
Bioinformatics 29 (2013) pp. 845-54
-------- -------- --- Thank You --- -------- --------


++++ PLEASE READ AND CITE THE FOLLOWING REFERENCE ++++
B. Hess and C. Kutzner and D. van der Spoel and E. Lindahl
GROMACS 4: Algorithms for highly efficient, load-balanced, and scalable
molecular simulation
J. Chem. Theory Comput. 4 (2008) pp. 435-447
-------- -------- --- Thank You --- -------- --------


++++ PLEASE READ AND CITE THE FOLLOWING REFERENCE ++++
D. van der Spoel, E. Lindahl, B. Hess, G. Groenhof, A. E. Mark and H. J. C.
Berendsen
GROMACS: Fast, Flexible and Free
J. Comp. Chem. 26 (2005) pp. 1701-1719
-------- -------- --- Thank You --- -------- --------


++++ PLEASE READ AND CITE THE FOLLOWING REFERENCE ++++
E. Lindahl and B. Hess and D. van der Spoel
GROMACS 3.0: A package for molecular simulation and trajectory analysis
J. Mol. Mod. 7 (2001) pp. 306-317
-------- -------- --- Thank You --- -------- --------


++++ PLEASE READ AND CITE THE FOLLOWING REFERENCE ++++
H. J. C. Berendsen, D. van der Spoel and R. van Drunen
GROMACS: A message-passing parallel molecular dynamics implementation
Comp. Phys. Comm. 91 (1995) pp. 43-56
-------- -------- --- Thank You --- -------- --------

Input Parameters:
   integrator                     = md
   tinit                          = 0
   dt                             = 0.002
   nsteps                         = 5000
   init-step                      = 0
   simulation-part                = 1
   mts                            = false
   comm-mode                      = Linear
   nstcomm                        = 100
   bd-fric                        = 0
   ld-seed                        = 2008965095
   emtol                          = 10
   emstep                         = 0.01
   niter                          = 20
   fcstep                         = 0
   nstcgsteep                     = 1000
   nbfgscorr                      = 10
   rtpi                           = 0.05
   nstxout                        = 500
   nstvout                        = 500
   nstfout                        = 0
   nstlog                         = 500
   nstcalcenergy                  = 100
   nstenergy                      = 500
   nstxout-compressed             = 0
   compressed-x-precision         = 1000
   cutoff-scheme                  = Verlet
   nstlist                        = 10
   pbc                            = xyz
   periodic-molecules             = false
   verlet-buffer-tolerance        = 0.005
   rlist                          = 1
   coulombtype                    = PME
   coulomb-modifier               = Potential-shift
   rcoulomb-switch                = 0
   rcoulomb                       = 1
   epsilon-r                      = 1
   epsilon-rf                     = inf
   vdw-type                       = Cut-off
   vdw-modifier                   = Potential-shift
   rvdw-switch                    = 0
   rvdw                           = 1
   DispCorr                       = EnerPres
   table-extension                = 1
   fourierspacing                 = 0.16
   fourier-nx                     = 200
   fourier-ny                     = 200
   fourier-nz                     = 200
   pme-order                      = 4
   ewald-rtol                     = 1e-05
   ewald-rtol-lj                  = 0.001
   lj-pme-comb-rule               = Geometric
   ewald-geometry                 = 0
   epsilon-surface                = 0
   tcoupl                         = V-rescale
   nsttcouple                     = 10
   nh-chain-length                = 0
   print-nose-hoover-chain-variables = false
   pcoupl                         = Parrinello-Rahman
   pcoupltype                     = Isotropic
   nstpcouple                     = 10
   tau-p                          = 2
   compressibility (3x3):
      compressibility[    0]={ 4.50000e-05,  0.00000e+00,  0.00000e+00}
      compressibility[    1]={ 0.00000e+00,  4.50000e-05,  0.00000e+00}
      compressibility[    2]={ 0.00000e+00,  0.00000e+00,  4.50000e-05}
   ref-p (3x3):
      ref-p[    0]={ 1.00000e+00,  0.00000e+00,  0.00000e+00}
      ref-p[    1]={ 0.00000e+00,  1.00000e+00,  0.00000e+00}
      ref-p[    2]={ 0.00000e+00,  0.00000e+00,  1.00000e+00}
   refcoord-scaling               = COM
   posres-com (3):
      posres-com[0]= 0.00000e+00
      posres-com[1]= 0.00000e+00
      posres-com[2]= 0.00000e+00
   posres-comB (3):
      posres-comB[0]= 0.00000e+00
      posres-comB[1]= 0.00000e+00
      posres-comB[2]= 0.00000e+00
   QMMM                           = false
qm-opts:
   ngQM                           = 0
   constraint-algorithm           = Lincs
   continuation                   = true
   Shake-SOR                      = false
   shake-tol                      = 0.0001
   lincs-order                    = 4
   lincs-iter                     = 1
   lincs-warnangle                = 30
   nwall                          = 0
   wall-type                      = 9-3
   wall-r-linpot                  = -1
   wall-atomtype[0]               = -1
   wall-atomtype[1]               = -1
   wall-density[0]                = 0
   wall-density[1]                = 0
   wall-ewald-zfac                = 3
   pull                           = false
   awh                            = false
   rotation                       = false
   interactiveMD                  = false
   disre                          = No
   disre-weighting                = Conservative
   disre-mixed                    = false
   dr-fc                          = 1000
   dr-tau                         = 0
   nstdisreout                    = 100
   orire-fc                       = 0
   orire-tau                      = 0
   nstorireout                    = 100
   free-energy                    = no
   cos-acceleration               = 0
   deform (3x3):
      deform[    0]={ 0.00000e+00,  0.00000e+00,  0.00000e+00}
      deform[    1]={ 0.00000e+00,  0.00000e+00,  0.00000e+00}
      deform[    2]={ 0.00000e+00,  0.00000e+00,  0.00000e+00}
   simulated-tempering            = false
   swapcoords                     = no
   userint1                       = 0
   userint2                       = 0
   userint3                       = 0
   userint4                       = 0
   userreal1                      = 0
   userreal2                      = 0
   userreal3                      = 0
   userreal4                      = 0
   applied-forces:
     electric-field:
       x:
         E0                       = 0
         omega                    = 0
         t0                       = 0
         sigma                    = 0
       y:
         E0                       = 0
         omega                    = 0
         t0                       = 0
         sigma                    = 0
       z:
         E0                       = 0
         omega                    = 0
         t0                       = 0
         sigma                    = 0
     density-guided-simulation:
       active                     = false
       group                      = protein
       similarity-measure         = inner-product
       atom-spreading-weight      = unity
       force-constant             = 1e+09
       gaussian-transform-spreading-width = 0.2
       gaussian-transform-spreading-range-in-multiples-of-width = 4
       reference-density-filename = reference.mrc
       nst                        = 1
       normalize-densities        = true
       adaptive-force-scaling     = false
       adaptive-force-scaling-time-constant = 4
       shift-vector               = 
       transformation-matrix      = 
grpopts:
   nrdf:      753067
   ref-t:         300
   tau-t:         0.1
annealing:          No
annealing-npoints:           0
   acc:	           0           0           0
   nfreeze:           N           N           N
   energygrp-flags[  0]: 0

Changing nstlist from 10 to 100, rlist from 1 to 1.057


Initializing Domain Decomposition on 32 ranks
Dynamic load balancing: auto
Minimum cell size due to atom displacement: 0.285 nm
Initial maximum distances in bonded interactions:
    two-body bonded interactions: 0.987 nm, Exclusion, atoms 97 102
  multi-body bonded interactions: 0.916 nm, Proper Dih., atoms 87 93
Minimum cell size due to bonded interactions: 1.007 nm
Maximum distance for 5 constraints, at 120 deg. angles, all-trans: 1.036 nm
Estimated maximum distance required for P-LINCS: 1.036 nm
This distance will limit the DD cell size, you can override this with -rcon
Scaling the initial minimum size with 1/0.8 (option -dds) = 1.25
Guess for relative PME load: 0.80
Using 0 separate PME ranks, as guessed by mdrun
Optimizing the DD grid for 32 cells with a minimum initial size of 1.295 nm
The maximum allowed number of cells is: X 23 Y 23 Z 23
Domain decomposition grid 8 x 4 x 1, separate PME ranks 0
PME domain decomposition: 8 x 4 x 1
Domain decomposition rank 0, coordinates 0 0 0

The initial number of communication pulses is: X 1 Y 1
The initial domain decomposition cell size is: X 3.88 nm Y 7.77 nm

The maximum allowed distance for atoms involved in interactions is:
                 non-bonded interactions           1.057 nm
(the following are initial values, they could change due to box deformation)
            two-body bonded interactions  (-rdd)   1.057 nm
          multi-body bonded interactions  (-rdd)   1.057 nm
  atoms separated by up to 5 constraints  (-rcon)  3.884 nm

When dynamic load balancing gets turned on, these settings will change to:
The maximum number of communication pulses is: X 1 Y 1
The minimum size for domain decomposition cells is 1.057 nm
The requested allowed shrink of DD cells (option -dds) is: 0.80
The allowed shrink of domain decomposition cells is: X 0.27 Y 0.14
The maximum allowed distance for atoms involved in interactions is:
                 non-bonded interactions           1.057 nm
            two-body bonded interactions  (-rdd)   1.057 nm
          multi-body bonded interactions  (-rdd)   1.057 nm
  atoms separated by up to 5 constraints  (-rcon)  1.057 nm

Using 32 MPI threads
Using 1 OpenMP thread per tMPI thread

Pinning threads with an auto-selected logical core stride of 1
System total charge: 430.000
Will do PME sum in reciprocal space for electrostatic interactions.

++++ PLEASE READ AND CITE THE FOLLOWING REFERENCE ++++
U. Essmann, L. Perera, M. L. Berkowitz, T. Darden, H. Lee and L. G. Pedersen 
A smooth particle mesh Ewald method
J. Chem. Phys. 103 (1995) pp. 8577-8592
-------- -------- --- Thank You --- -------- --------

Using a Gaussian width (1/beta) of 0.320163 nm for Ewald
Potential shift: LJ r^-12: -1.000e+00 r^-6: -1.000e+00, Ewald -1.000e-05
Initialized non-bonded Ewald tables, spacing: 9.33e-04 size: 1073

Long Range LJ corr.: <C6> 2.1555e-01


Using SIMD 4x4 nonbonded short-range kernels

Using a dual 4x4 pair-list setup updated with dynamic pruning:
  outer list: updated every 100 steps, buffer 0.057 nm, rlist 1.057 nm
  inner list: updated every  17 steps, buffer 0.001 nm, rlist 1.001 nm
At tolerance 0.005 kJ/mol/ps per atom, equivalent classical 1x1 list would be:
  outer list: updated every 100 steps, buffer 0.098 nm, rlist 1.098 nm
  inner list: updated every  17 steps, buffer 0.009 nm, rlist 1.009 nm

Using full Lennard-Jones parameter combination matrix

Initializing Parallel LINear Constraint Solver

++++ PLEASE READ AND CITE THE FOLLOWING REFERENCE ++++
B. Hess
P-LINCS: A Parallel Linear Constraint Solver for molecular simulation
J. Chem. Theory Comput. 4 (2008) pp. 116-122
-------- -------- --- Thank You --- -------- --------

The number of constraints is 257
There are constraints between atoms in different decomposition domains,
will communicate selected coordinates each lincs iteration
81 constraints are involved in constraint triangles,
will apply an additional matrix expansion of order 4 for couplings
between constraints inside triangles

Linking all bonded interactions to atoms


Intra-simulation communication will occur every 10 steps.

++++ PLEASE READ AND CITE THE FOLLOWING REFERENCE ++++
G. Bussi, D. Donadio and M. Parrinello
Canonical sampling through velocity rescaling
J. Chem. Phys. 126 (2007) pp. 014101
-------- -------- --- Thank You --- -------- --------

There are: 251109 Atoms
Atom distribution over 32 domains: av 7847 stddev 63 min 7718 max 7904
Center of mass motion removal mode is Linear
We have the following groups for center of mass motion removal:
  0:  rest

Started mdrun on rank 0 Sun Jun 30 23:19:35 2024

           Step           Time
              0        0.00000

   Energies (kJ/mol)
           Bond          Angle       G96Angle    Proper Dih.  Improper Dih.
    1.00206e+03    5.71856e+02    1.85704e+03    3.40696e+02    8.21075e+02
        LJ (SR)  Disper. corr.   Coulomb (SR)   Coul. recip.      Potential
   -6.28969e+06   -1.87040e+06   -1.75155e+05    1.52249e+05   -8.17841e+06
    Kinetic En.   Total Energy  Conserved En.    Temperature Pres. DC (bar)
    9.39385e+05   -7.23903e+06   -7.23722e+06    3.00058e+02   -1.05012e+03
 Pressure (bar)   Constr. rmsd
   -8.24264e+02    3.34997e-06


DD  step 99 load imb.: force  9.0%

DD  step 499 load imb.: force  4.9%
           Step           Time
            500        1.00000

   Energies (kJ/mol)
           Bond          Angle       G96Angle    Proper Dih.  Improper Dih.
    8.68798e+02    5.47200e+02    1.70888e+03    3.25849e+02    8.09010e+02
        LJ (SR)  Disper. corr.   Coulomb (SR)   Coul. recip.      Potential
   -6.50615e+06   -2.01182e+06   -1.75278e+05    1.49773e+05   -8.53922e+06
    Kinetic En.   Total Energy  Conserved En.    Temperature Pres. DC (bar)
    9.78854e+05   -7.56036e+06   -7.23893e+06    3.12666e+02   -1.21248e+03
 Pressure (bar)   Constr. rmsd
    6.70227e+02    3.33191e-06


DD  step 999 load imb.: force  9.6%
           Step           Time
           1000        2.00000

   Energies (kJ/mol)
           Bond          Angle       G96Angle    Proper Dih.  Improper Dih.
    7.75545e+02    6.02974e+02    1.93890e+03    3.14878e+02    8.40706e+02
        LJ (SR)  Disper. corr.   Coulomb (SR)   Coul. recip.      Potential
   -6.47053e+06   -1.94544e+06   -1.75362e+05    1.47711e+05   -8.43915e+06
    Kinetic En.   Total Energy  Conserved En.    Temperature Pres. DC (bar)
    9.32878e+05   -7.50627e+06   -7.24045e+06    2.97980e+02   -1.13481e+03
 Pressure (bar)   Constr. rmsd
   -3.09305e+02    3.37234e-06


DD  step 1499 load imb.: force  8.0%
           Step           Time
           1500        3.00000

   Energies (kJ/mol)
           Bond          Angle       G96Angle    Proper Dih.  Improper Dih.
    7.61387e+02    5.17094e+02    1.80103e+03    3.33015e+02    8.66289e+02
        LJ (SR)  Disper. corr.   Coulomb (SR)   Coul. recip.      Potential
   -6.54260e+06   -1.98958e+06   -1.75375e+05    1.46454e+05   -8.55682e+06
    Kinetic En.   Total Energy  Conserved En.    Temperature Pres. DC (bar)
    9.43375e+05   -7.61345e+06   -7.24218e+06    3.01333e+02   -1.18617e+03
 Pressure (bar)   Constr. rmsd
    1.47708e+02    3.15949e-06


DD  step 1999 load imb.: force  6.2%
           Step           Time
           2000        4.00000

   Energies (kJ/mol)
           Bond          Angle       G96Angle    Proper Dih.  Improper Dih.
    6.86383e+02    5.39128e+02    1.70101e+03    3.14153e+02    7.96695e+02
        LJ (SR)  Disper. corr.   Coulomb (SR)   Coul. recip.      Potential
   -6.51882e+06   -1.97259e+06   -1.75515e+05    1.45101e+05   -8.51779e+06
    Kinetic En.   Total Energy  Conserved En.    Temperature Pres. DC (bar)
    9.43793e+05   -7.57399e+06   -7.24380e+06    3.01467e+02   -1.16627e+03
 Pressure (bar)   Constr. rmsd
   -4.80449e+01    3.25520e-06


DD  step 2499 load imb.: force  9.8%
           Step           Time
           2500        5.00000

   Energies (kJ/mol)
           Bond          Angle       G96Angle    Proper Dih.  Improper Dih.
    7.26579e+02    5.07465e+02    1.75165e+03    3.31310e+02    7.67006e+02
        LJ (SR)  Disper. corr.   Coulomb (SR)   Coul. recip.      Potential
   -6.54773e+06   -1.98246e+06   -1.75464e+05    1.44152e+05   -8.55742e+06
    Kinetic En.   Total Energy  Conserved En.    Temperature Pres. DC (bar)
    9.39706e+05   -7.61771e+06   -7.24554e+06    3.00161e+02   -1.17781e+03
 Pressure (bar)   Constr. rmsd
    6.01502e+00    3.05604e-06


DD  step 2999 load imb.: force  9.7%
           Step           Time
           3000        6.00000

   Energies (kJ/mol)
           Bond          Angle       G96Angle    Proper Dih.  Improper Dih.
    7.89423e+02    5.31475e+02    1.71798e+03    3.33781e+02    7.20017e+02
        LJ (SR)  Disper. corr.   Coulomb (SR)   Coul. recip.      Potential
   -6.54568e+06   -1.98235e+06   -1.75555e+05    1.42499e+05   -8.55700e+06
    Kinetic En.   Total Energy  Conserved En.    Temperature Pres. DC (bar)
    9.41928e+05   -7.61507e+06   -7.24726e+06    3.00871e+02   -1.17768e+03
 Pressure (bar)   Constr. rmsd
    1.13788e+01    3.52396e-06


DD  step 3499 load imb.: force 10.2%
           Step           Time
           3500        7.00000

   Energies (kJ/mol)
           Bond          Angle       G96Angle    Proper Dih.  Improper Dih.
    7.77823e+02    5.55999e+02    1.57857e+03    3.39691e+02    7.40303e+02
        LJ (SR)  Disper. corr.   Coulomb (SR)   Coul. recip.      Potential
   -6.55539e+06   -1.98255e+06   -1.75591e+05    1.41039e+05   -8.56850e+06
    Kinetic En.   Total Energy  Conserved En.    Temperature Pres. DC (bar)
    9.37309e+05   -7.63119e+06   -7.24901e+06    2.99395e+02   -1.17791e+03
 Pressure (bar)   Constr. rmsd
   -2.31556e+01    3.12269e-06


DD  step 3999 load imb.: force 10.1%
           Step           Time
           4000        8.00000

   Energies (kJ/mol)
           Bond          Angle       G96Angle    Proper Dih.  Improper Dih.
    7.05514e+02    5.49472e+02    1.74588e+03    3.34087e+02    7.60042e+02
        LJ (SR)  Disper. corr.   Coulomb (SR)   Coul. recip.      Potential
   -6.55823e+06   -1.98585e+06   -1.75661e+05    1.39977e+05   -8.57567e+06
    Kinetic En.   Total Energy  Conserved En.    Temperature Pres. DC (bar)
    9.39137e+05   -7.63653e+06   -7.25075e+06    2.99979e+02   -1.18178e+03
 Pressure (bar)   Constr. rmsd
    2.45414e+01    3.26895e-06


DD  step 4499 load imb.: force 11.4%
           Step           Time
           4500        9.00000

   Energies (kJ/mol)
           Bond          Angle       G96Angle    Proper Dih.  Improper Dih.
    6.51547e+02    5.31758e+02    1.69712e+03    3.33600e+02    6.97495e+02
        LJ (SR)  Disper. corr.   Coulomb (SR)   Coul. recip.      Potential
   -6.55972e+06   -1.98344e+06   -1.75678e+05    1.39179e+05   -8.57574e+06
    Kinetic En.   Total Energy  Conserved En.    Temperature Pres. DC (bar)
    9.40059e+05   -7.63568e+06   -7.25249e+06    3.00274e+02   -1.17896e+03
 Pressure (bar)   Constr. rmsd
   -2.36271e+01    3.19791e-06


DD  step 4999 load imb.: force  9.9%
           Step           Time
           5000       10.00000

Writing checkpoint, step 5000 at Sun Jun 30 23:21:01 2024


   Energies (kJ/mol)
           Bond          Angle       G96Angle    Proper Dih.  Improper Dih.
    7.35079e+02    4.65384e+02    1.61732e+03    3.35951e+02    7.62112e+02
        LJ (SR)  Disper. corr.   Coulomb (SR)   Coul. recip.      Potential
   -6.56882e+06   -1.98720e+06   -1.75666e+05    1.38205e+05   -8.58956e+06
    Kinetic En.   Total Energy  Conserved En.    Temperature Pres. DC (bar)
    9.38578e+05   -7.65098e+06   -7.25422e+06    2.99801e+02   -1.18337e+03
 Pressure (bar)   Constr. rmsd
    5.66125e+00    2.99700e-06


Energy conservation over simulation part #1 of length 10 ns, time 0 to 10 ns
  Conserved energy drift: -6.77e-03 kJ/mol/ps per atom


	<======  ###############  ==>
	<====  A V E R A G E S  ====>
	<==  ###############  ======>

	Statistics over 5001 steps using 51 frames

   Energies (kJ/mol)
           Bond          Angle       G96Angle    Proper Dih.  Improper Dih.
    7.59517e+02    5.31577e+02    1.73810e+03    3.28822e+02    7.86227e+02
        LJ (SR)  Disper. corr.   Coulomb (SR)   Coul. recip.      Potential
   -6.52165e+06   -1.97544e+06   -1.75498e+05    1.44092e+05   -8.52435e+06
    Kinetic En.   Total Energy  Conserved En.    Temperature Pres. DC (bar)
    9.43766e+05   -7.58059e+06   -7.24560e+06    3.01458e+02   -1.16977e+03
 Pressure (bar)   Constr. rmsd
   -6.84764e+00    0.00000e+00

          Box-X          Box-Y          Box-Z
    3.05218e+01    3.05218e+01    3.05218e+01

   Total Virial (kJ/mol)
    3.26323e+05    1.63083e+03   -1.60114e+03
    1.63085e+03    3.22752e+05   -7.09553e+02
   -1.60121e+03   -7.09518e+02    3.18657e+05

   Pressure (bar)
   -1.11876e+01   -1.74802e+00    1.58561e+00
   -1.74804e+00   -6.70111e+00    1.01950e+00
    1.58568e+00    1.01945e+00   -2.65424e+00


	M E G A - F L O P S   A C C O U N T I N G

 NB=Group-cutoff nonbonded kernels    NxN=N-by-N cluster Verlet kernels
 RF=Reaction-Field  VdW=Van der Waals  QSTab=quadratic-spline table
 W3=SPC/TIP3p  W4=TIP4p (single or pairs)
 V&F=Potential and force  V=Potential only  F=Force only

 Computing:                               M-Number         M-Flops  % Flops
-----------------------------------------------------------------------------
 Pair Search distance check            1364.773376       12282.960     0.1
 NxN QSTab Elec. + LJ [F]              1003.801392       41155.857     0.2
 NxN QSTab Elec. + LJ [V&F]              10.344048         610.299     0.0
 NxN LJ [F]                           92186.359056     3042149.849    16.3
 NxN LJ [V&F]                           949.886720       40845.129     0.2
 NxN QSTab Elec. [F]                      1.894464          64.412     0.0
 NxN QSTab Elec. [V&F]                    0.019776           0.811     0.0
 Calc Weights                          3767.388327      135625.980     0.7
 Spread Q Bspline                     80370.950976      160741.902     0.9
 Gather F Bspline                     80370.950976      482225.706     2.6
 3D-FFT                             1834892.375094    14679139.001    78.7
 Solve PME                              800.160000       51210.240     0.3
 Reset In Box                            12.555450          37.666     0.0
 CG-CoM                                  12.806559          38.420     0.0
 Bonds                                    1.630326          96.189     0.0
 Angles                                   3.750750         630.126     0.0
 Propers                                  1.050210         240.498     0.0
 Impropers                                1.405281         292.298     0.0
 Virial                                 126.527049        2277.487     0.0
 Stop-CM                                 12.806559         128.066     0.0
 Calc-Ekin                              251.611218        6793.503     0.0
 Lincs                                    1.501388          90.083     0.0
 Lincs-Mat                               21.533328          86.133     0.0
 Constraint-V                             3.002776          27.025     0.0
 Constraint-Vir                           0.150398           3.610     0.0
-----------------------------------------------------------------------------
 Total                                                18656793.249   100.0
-----------------------------------------------------------------------------


    D O M A I N   D E C O M P O S I T I O N   S T A T I S T I C S

 av. #atoms communicated per step for force:  2 x 111892.9
 av. #atoms communicated per step for LINCS:  2 x 43.0


Dynamic load balancing report:
 DLB was off during the run due to low measured imbalance.
 Average load imbalance: 7.7%.
 The balanceable part of the MD step is 11%, load imbalance is computed from this.
 Part of the total run time spent waiting due to load imbalance: 0.8%.


     R E A L   C Y C L E   A N D   T I M E   A C C O U N T I N G

On 32 MPI ranks

 Computing:          Num   Num      Call    Wall time         Giga-Cycles
                     Ranks Threads  Count      (s)         total sum    %
-----------------------------------------------------------------------------
 Domain decomp.        32    1         50       0.214         16.561   0.2
 DD comm. load         32    1         50       0.004          0.299   0.0
 Neighbor search       32    1         51       0.253         19.550   0.3
 Comm. coord.          32    1       4950       1.147         88.773   1.3
 Force                 32    1       5001       7.000        541.877   8.1
 Wait + Comm. F        32    1       5001       1.445        111.880   1.7
 PME mesh              32    1       5001      71.649       5546.626  83.1
 NB X/F buffer ops.    32    1      14901       0.597         46.241   0.7
 Write traj.           32    1         11       0.105          8.151   0.1
 Update                32    1       5001       0.873         67.560   1.0
 Constraints           32    1       5001       0.194         15.038   0.2
 Comm. energies        32    1        501       2.571        199.009   3.0
 Rest                                           0.221         17.084   0.3
-----------------------------------------------------------------------------
 Total                                         86.272       6678.651 100.0
-----------------------------------------------------------------------------
 Breakdown of PME mesh computation
-----------------------------------------------------------------------------
 PME redist. X/F       32    1      10002       8.973        694.624  10.4
 PME spread            32    1       5001      10.624        822.426  12.3
 PME gather            32    1       5001       6.746        522.247   7.8
 PME 3D-FFT            32    1      10002      26.103       2020.726  30.3
 PME 3D-FFT Comm.      32    1      20004      16.360       1266.478  19.0
 PME solve Elec        32    1       5001       2.796        216.424   3.2
-----------------------------------------------------------------------------

               Core t (s)   Wall t (s)        (%)
       Time:     2760.675       86.272     3200.0
                 (ns/day)    (hour/ns)
Performance:       10.017        2.396
Finished mdrun on rank 0 Sun Jun 30 23:21:02 2024

