              :-) GROMACS - gmx mdrun, 2021.4-Ubuntu-2021.4-2 (-:

                            GROMACS is written by:
     Andrey Alekseenko              Emile Apol              Rossen Apostolov     
         Paul Bauer           Herman J.C. Berendsen           Par Bjelkmar       
       Christian Blau           Viacheslav Bolnykh             Kevin Boyd        
     Aldert van Buuren           Rudi van Drunen             Anton Feenstra      
    Gilles Gouaillardet             Alan Gray               Gerrit Groenhof      
       Anca Hamuraru            Vincent Hindriksen          M. Eric Irrgang      
      Aleksei Iupinov           Christoph Junghans             Joe Jordan        
    Dimitrios Karkoulis            Peter Kasson                Jiri Kraus        
      Carsten Kutzner              Per Larsson              Justin A. Lemkul     
       Viveca Lindahl            Magnus Lundborg             Erik Marklund       
        Pascal Merz             Pieter Meulenhoff            Teemu Murtola       
        Szilard Pall               Sander Pronk              Roland Schulz       
       Michael Shirts            Alexey Shvetsov             Alfons Sijbers      
       Peter Tieleman              Jon Vincent              Teemu Virolainen     
     Christian Wennberg            Maarten Wolf              Artem Zhmurov       
                           and the project leaders:
        Mark Abraham, Berk Hess, Erik Lindahl, and David van der Spoel

Copyright (c) 1991-2000, University of Groningen, The Netherlands.
Copyright (c) 2001-2019, The GROMACS development team at
Uppsala University, Stockholm University and
the Royal Institute of Technology, Sweden.
check out http://www.gromacs.org for more information.

GROMACS is free software; you can redistribute it and/or modify it
under the terms of the GNU Lesser General Public License
as published by the Free Software Foundation; either version 2.1
of the License, or (at your option) any later version.

GROMACS:      gmx mdrun, version 2021.4-Ubuntu-2021.4-2
Executable:   /usr/bin/gmx
Data prefix:  /usr
Working dir:  /home/1-polyply-gromacs/data/5/gromacs
Process ID:   251389
Command line:
  gmx mdrun -v -deffnm 04-md

GROMACS version:    2021.4-Ubuntu-2021.4-2
Precision:          mixed
Memory model:       64 bit
MPI library:        thread_mpi
OpenMP support:     enabled (GMX_OPENMP_MAX_THREADS = 64)
GPU support:        disabled
SIMD instructions:  SSE4.1
FFT library:        fftw-3.3.8-sse2-avx
RDTSCP usage:       enabled
TNG support:        enabled
Hwloc support:      hwloc-2.5.0
Tracing support:    disabled
C compiler:         /usr/bin/cc GNU 11.2.0
C compiler flags:   -msse4.1 -Wno-missing-field-initializers -fexcess-precision=fast -funroll-all-loops -O3 -DNDEBUG
C++ compiler:       /usr/bin/c++ GNU 11.2.0
C++ compiler flags: -msse4.1 -Wno-missing-field-initializers -fexcess-precision=fast -funroll-all-loops -fopenmp -O3 -DNDEBUG


Running on 1 node with total 16 cores, 32 logical cores
Hardware detected:
  CPU info:
    Vendor: Intel
    Brand:  Intel(R) Core(TM) i9-14900HX
    Family: 6   Model: 183   Stepping: 1
    Features: aes apic avx avx2 clfsh cmov cx8 cx16 f16c fma htt intel lahf mmx msr nonstop_tsc pcid pclmuldq pdpe1gb popcnt pse rdrnd rdtscp sha sse2 sse3 sse4.1 sse4.2 ssse3 tdt x2apic
  Hardware topology: Full, with devices
    Sockets, cores, and logical processors:
      Socket  0: [   0   1] [   2   3] [   4   5] [   6   7] [   8   9] [  10  11] [  12  13] [  14  15] [  16  17] [  18  19] [  20  21] [  22  23] [  24  25] [  26  27] [  28  29] [  30  31]
    Numa nodes:
      Node  0 (16657502208 bytes mem):   0   1   2   3   4   5   6   7   8   9  10  11  12  13  14  15  16  17  18  19  20  21  22  23  24  25  26  27  28  29  30  31
      Latency:
               0
         0  1.00
    Caches:
      L1: 49152 bytes, linesize 64 bytes, assoc. 12, shared 2 ways
      L2: 2097152 bytes, linesize 64 bytes, assoc. 16, shared 2 ways
      L3: 37748736 bytes, linesize 64 bytes, assoc. 12, shared 32 ways
    PCI devices:
      005f:00:00.0  Id: 1af4:1043  Class: 0x0100  Numa: 0
      b174:00:00.0  Id: 1414:008e  Class: 0x0302  Numa: 0

Highest SIMD level supported by all nodes in run: AVX2_256
SIMD instructions selected at compile time:       SSE4.1
This program was compiled for different hardware than you are running on,
which could influence performance.

++++ PLEASE READ AND CITE THE FOLLOWING REFERENCE ++++
M. J. Abraham, T. Murtola, R. Schulz, S. Páll, J. C. Smith, B. Hess, E.
Lindahl
GROMACS: High performance molecular simulations through multi-level
parallelism from laptops to supercomputers
SoftwareX 1 (2015) pp. 19-25
-------- -------- --- Thank You --- -------- --------


++++ PLEASE READ AND CITE THE FOLLOWING REFERENCE ++++
S. Páll, M. J. Abraham, C. Kutzner, B. Hess, E. Lindahl
Tackling Exascale Software Challenges in Molecular Dynamics Simulations with
GROMACS
In S. Markidis & E. Laure (Eds.), Solving Software Challenges for Exascale 8759 (2015) pp. 3-27
-------- -------- --- Thank You --- -------- --------


++++ PLEASE READ AND CITE THE FOLLOWING REFERENCE ++++
S. Pronk, S. Páll, R. Schulz, P. Larsson, P. Bjelkmar, R. Apostolov, M. R.
Shirts, J. C. Smith, P. M. Kasson, D. van der Spoel, B. Hess, and E. Lindahl
GROMACS 4.5: a high-throughput and highly parallel open source molecular
simulation toolkit
Bioinformatics 29 (2013) pp. 845-54
-------- -------- --- Thank You --- -------- --------


++++ PLEASE READ AND CITE THE FOLLOWING REFERENCE ++++
B. Hess and C. Kutzner and D. van der Spoel and E. Lindahl
GROMACS 4: Algorithms for highly efficient, load-balanced, and scalable
molecular simulation
J. Chem. Theory Comput. 4 (2008) pp. 435-447
-------- -------- --- Thank You --- -------- --------


++++ PLEASE READ AND CITE THE FOLLOWING REFERENCE ++++
D. van der Spoel, E. Lindahl, B. Hess, G. Groenhof, A. E. Mark and H. J. C.
Berendsen
GROMACS: Fast, Flexible and Free
J. Comp. Chem. 26 (2005) pp. 1701-1719
-------- -------- --- Thank You --- -------- --------


++++ PLEASE READ AND CITE THE FOLLOWING REFERENCE ++++
E. Lindahl and B. Hess and D. van der Spoel
GROMACS 3.0: A package for molecular simulation and trajectory analysis
J. Mol. Mod. 7 (2001) pp. 306-317
-------- -------- --- Thank You --- -------- --------


++++ PLEASE READ AND CITE THE FOLLOWING REFERENCE ++++
H. J. C. Berendsen, D. van der Spoel and R. van Drunen
GROMACS: A message-passing parallel molecular dynamics implementation
Comp. Phys. Comm. 91 (1995) pp. 43-56
-------- -------- --- Thank You --- -------- --------

Input Parameters:
   integrator                     = md
   tinit                          = 0
   dt                             = 0.002
   nsteps                         = 50000
   init-step                      = 0
   simulation-part                = 1
   mts                            = false
   comm-mode                      = Linear
   nstcomm                        = 100
   bd-fric                        = 0
   ld-seed                        = -407109657
   emtol                          = 10
   emstep                         = 0.01
   niter                          = 20
   fcstep                         = 0
   nstcgsteep                     = 1000
   nbfgscorr                      = 10
   rtpi                           = 0.05
   nstxout                        = 5000
   nstvout                        = 5000
   nstfout                        = 0
   nstlog                         = 5000
   nstcalcenergy                  = 100
   nstenergy                      = 5000
   nstxout-compressed             = 0
   compressed-x-precision         = 1000
   cutoff-scheme                  = Verlet
   nstlist                        = 10
   pbc                            = xyz
   periodic-molecules             = false
   verlet-buffer-tolerance        = 0.005
   rlist                          = 1
   coulombtype                    = PME
   coulomb-modifier               = Potential-shift
   rcoulomb-switch                = 0
   rcoulomb                       = 1
   epsilon-r                      = 1
   epsilon-rf                     = inf
   vdw-type                       = Cut-off
   vdw-modifier                   = Potential-shift
   rvdw-switch                    = 0
   rvdw                           = 1
   DispCorr                       = EnerPres
   table-extension                = 1
   fourierspacing                 = 0.16
   fourier-nx                     = 192
   fourier-ny                     = 192
   fourier-nz                     = 192
   pme-order                      = 4
   ewald-rtol                     = 1e-05
   ewald-rtol-lj                  = 0.001
   lj-pme-comb-rule               = Geometric
   ewald-geometry                 = 0
   epsilon-surface                = 0
   tcoupl                         = V-rescale
   nsttcouple                     = 10
   nh-chain-length                = 0
   print-nose-hoover-chain-variables = false
   pcoupl                         = Parrinello-Rahman
   pcoupltype                     = Isotropic
   nstpcouple                     = 10
   tau-p                          = 2
   compressibility (3x3):
      compressibility[    0]={ 4.50000e-05,  0.00000e+00,  0.00000e+00}
      compressibility[    1]={ 0.00000e+00,  4.50000e-05,  0.00000e+00}
      compressibility[    2]={ 0.00000e+00,  0.00000e+00,  4.50000e-05}
   ref-p (3x3):
      ref-p[    0]={ 1.00000e+00,  0.00000e+00,  0.00000e+00}
      ref-p[    1]={ 0.00000e+00,  1.00000e+00,  0.00000e+00}
      ref-p[    2]={ 0.00000e+00,  0.00000e+00,  1.00000e+00}
   refcoord-scaling               = No
   posres-com (3):
      posres-com[0]= 0.00000e+00
      posres-com[1]= 0.00000e+00
      posres-com[2]= 0.00000e+00
   posres-comB (3):
      posres-comB[0]= 0.00000e+00
      posres-comB[1]= 0.00000e+00
      posres-comB[2]= 0.00000e+00
   QMMM                           = false
qm-opts:
   ngQM                           = 0
   constraint-algorithm           = Lincs
   continuation                   = true
   Shake-SOR                      = false
   shake-tol                      = 0.0001
   lincs-order                    = 4
   lincs-iter                     = 1
   lincs-warnangle                = 30
   nwall                          = 0
   wall-type                      = 9-3
   wall-r-linpot                  = -1
   wall-atomtype[0]               = -1
   wall-atomtype[1]               = -1
   wall-density[0]                = 0
   wall-density[1]                = 0
   wall-ewald-zfac                = 3
   pull                           = false
   awh                            = false
   rotation                       = false
   interactiveMD                  = false
   disre                          = No
   disre-weighting                = Conservative
   disre-mixed                    = false
   dr-fc                          = 1000
   dr-tau                         = 0
   nstdisreout                    = 100
   orire-fc                       = 0
   orire-tau                      = 0
   nstorireout                    = 100
   free-energy                    = no
   cos-acceleration               = 0
   deform (3x3):
      deform[    0]={ 0.00000e+00,  0.00000e+00,  0.00000e+00}
      deform[    1]={ 0.00000e+00,  0.00000e+00,  0.00000e+00}
      deform[    2]={ 0.00000e+00,  0.00000e+00,  0.00000e+00}
   simulated-tempering            = false
   swapcoords                     = no
   userint1                       = 0
   userint2                       = 0
   userint3                       = 0
   userint4                       = 0
   userreal1                      = 0
   userreal2                      = 0
   userreal3                      = 0
   userreal4                      = 0
   applied-forces:
     electric-field:
       x:
         E0                       = 0
         omega                    = 0
         t0                       = 0
         sigma                    = 0
       y:
         E0                       = 0
         omega                    = 0
         t0                       = 0
         sigma                    = 0
       z:
         E0                       = 0
         omega                    = 0
         t0                       = 0
         sigma                    = 0
     density-guided-simulation:
       active                     = false
       group                      = protein
       similarity-measure         = inner-product
       atom-spreading-weight      = unity
       force-constant             = 1e+09
       gaussian-transform-spreading-width = 0.2
       gaussian-transform-spreading-range-in-multiples-of-width = 4
       reference-density-filename = reference.mrc
       nst                        = 1
       normalize-densities        = true
       adaptive-force-scaling     = false
       adaptive-force-scaling-time-constant = 4
       shift-vector               = 
       transformation-matrix      = 
grpopts:
   nrdf:      753053
   ref-t:         300
   tau-t:         0.1
annealing:          No
annealing-npoints:           0
   acc:	           0           0           0
   nfreeze:           N           N           N
   energygrp-flags[  0]: 0

Changing nstlist from 10 to 100, rlist from 1 to 1.058


Initializing Domain Decomposition on 32 ranks
Dynamic load balancing: auto
Minimum cell size due to atom displacement: 0.285 nm
Initial maximum distances in bonded interactions:
    two-body bonded interactions: 1.082 nm, Exclusion, atoms 183 188
  multi-body bonded interactions: 0.924 nm, Proper Dih., atoms 119 125
Minimum cell size due to bonded interactions: 1.191 nm
Maximum distance for 5 constraints, at 120 deg. angles, all-trans: 1.036 nm
Estimated maximum distance required for P-LINCS: 1.036 nm
Scaling the initial minimum size with 1/0.8 (option -dds) = 1.25
Guess for relative PME load: 0.78
Using 0 separate PME ranks, as guessed by mdrun
Optimizing the DD grid for 32 cells with a minimum initial size of 1.488 nm
The maximum allowed number of cells is: X 20 Y 20 Z 20
Domain decomposition grid 16 x 2 x 1, separate PME ranks 0
PME domain decomposition: 16 x 2 x 1
Domain decomposition rank 0, coordinates 0 0 0

The initial number of communication pulses is: X 1 Y 1
The initial domain decomposition cell size is: X 1.90 nm Y 15.23 nm

The maximum allowed distance for atoms involved in interactions is:
                 non-bonded interactions           1.058 nm
(the following are initial values, they could change due to box deformation)
            two-body bonded interactions  (-rdd)   1.523 nm
          multi-body bonded interactions  (-rdd)   1.523 nm
  atoms separated by up to 5 constraints  (-rcon)  1.904 nm

When dynamic load balancing gets turned on, these settings will change to:
The maximum number of communication pulses is: X 1 Y 1
The minimum size for domain decomposition cells is 1.523 nm
The requested allowed shrink of DD cells (option -dds) is: 0.80
The allowed shrink of domain decomposition cells is: X 0.80 Y 0.10
The maximum allowed distance for atoms involved in interactions is:
                 non-bonded interactions           1.058 nm
            two-body bonded interactions  (-rdd)   1.523 nm
          multi-body bonded interactions  (-rdd)   1.523 nm
  atoms separated by up to 5 constraints  (-rcon)  1.523 nm

Using 32 MPI threads
Using 1 OpenMP thread per tMPI thread

Pinning threads with an auto-selected logical core stride of 1
System total charge: 430.000
Will do PME sum in reciprocal space for electrostatic interactions.

++++ PLEASE READ AND CITE THE FOLLOWING REFERENCE ++++
U. Essmann, L. Perera, M. L. Berkowitz, T. Darden, H. Lee and L. G. Pedersen 
A smooth particle mesh Ewald method
J. Chem. Phys. 103 (1995) pp. 8577-8592
-------- -------- --- Thank You --- -------- --------

Using a Gaussian width (1/beta) of 0.320163 nm for Ewald
Potential shift: LJ r^-12: -1.000e+00 r^-6: -1.000e+00, Ewald -1.000e-05
Initialized non-bonded Ewald tables, spacing: 9.33e-04 size: 1073

Long Range LJ corr.: <C6> 2.1555e-01


Using SIMD 4x4 nonbonded short-range kernels

Using a dual 4x4 pair-list setup updated with dynamic pruning:
  outer list: updated every 100 steps, buffer 0.058 nm, rlist 1.058 nm
  inner list: updated every  16 steps, buffer 0.001 nm, rlist 1.001 nm
At tolerance 0.005 kJ/mol/ps per atom, equivalent classical 1x1 list would be:
  outer list: updated every 100 steps, buffer 0.099 nm, rlist 1.099 nm
  inner list: updated every  16 steps, buffer 0.009 nm, rlist 1.009 nm

Using full Lennard-Jones parameter combination matrix

Initializing Parallel LINear Constraint Solver

++++ PLEASE READ AND CITE THE FOLLOWING REFERENCE ++++
B. Hess
P-LINCS: A Parallel Linear Constraint Solver for molecular simulation
J. Chem. Theory Comput. 4 (2008) pp. 116-122
-------- -------- --- Thank You --- -------- --------

The number of constraints is 250
There are constraints between atoms in different decomposition domains,
will communicate selected coordinates each lincs iteration
102 constraints are involved in constraint triangles,
will apply an additional matrix expansion of order 4 for couplings
between constraints inside triangles

Linking all bonded interactions to atoms


Intra-simulation communication will occur every 10 steps.

++++ PLEASE READ AND CITE THE FOLLOWING REFERENCE ++++
G. Bussi, D. Donadio and M. Parrinello
Canonical sampling through velocity rescaling
J. Chem. Phys. 126 (2007) pp. 014101
-------- -------- --- Thank You --- -------- --------

There are: 251102 Atoms
Atom distribution over 32 domains: av 7846 stddev 125 min 7782 max 7905
Center of mass motion removal mode is Linear
We have the following groups for center of mass motion removal:
  0:  rest

Started mdrun on rank 0 Wed Jun 26 19:25:25 2024

           Step           Time
              0        0.00000

   Energies (kJ/mol)
           Bond          Angle       G96Angle    Proper Dih.  Improper Dih.
    6.81119e+02    6.09261e+02    1.72780e+03    3.72361e+02    7.38589e+02
        LJ (SR)  Disper. corr.   Coulomb (SR)   Coul. recip.      Potential
   -6.56183e+06   -1.98609e+06   -1.75409e+05    1.44101e+05   -8.57509e+06
    Kinetic En.   Total Energy  Conserved En.    Temperature Pres. DC (bar)
    9.40640e+05   -7.63445e+06   -7.63275e+06    3.00465e+02   -1.18212e+03
 Pressure (bar)   Constr. rmsd
    1.62951e+01    3.73007e-06


DD  step 99 load imb.: force 26.1%

step 300 Turning on dynamic load balancing, because the performance loss due to load imbalance is 2.1 %.
step 4000 Turning off dynamic load balancing, because it is degrading performance.
Atom distribution over 32 domains: av 7846 stddev 127 min 7746 max 7910

DD  step 4999 load imb.: force 13.3%
           Step           Time
           5000       10.00000

   Energies (kJ/mol)
           Bond          Angle       G96Angle    Proper Dih.  Improper Dih.
    6.46906e+02    4.99548e+02    1.53652e+03    3.57335e+02    7.02318e+02
        LJ (SR)  Disper. corr.   Coulomb (SR)   Coul. recip.      Potential
   -6.57628e+06   -1.98822e+06   -1.75789e+05    1.35256e+05   -8.60129e+06
    Kinetic En.   Total Energy  Conserved En.    Temperature Pres. DC (bar)
    9.39699e+05   -7.66159e+06   -7.65009e+06    3.00164e+02   -1.18462e+03
 Pressure (bar)   Constr. rmsd
   -3.68468e+00    3.61699e-06


DD  step 9999 load imb.: force 26.4%

step 10000 Turning on dynamic load balancing, because the performance loss due to load imbalance is 2.4 %.
           Step           Time
          10000       20.00000

   Energies (kJ/mol)
           Bond          Angle       G96Angle    Proper Dih.  Improper Dih.
    5.85188e+02    4.42661e+02    1.55599e+03    3.72371e+02    6.70919e+02
        LJ (SR)  Disper. corr.   Coulomb (SR)   Coul. recip.      Potential
   -6.58234e+06   -1.98972e+06   -1.76024e+05    1.28402e+05   -8.61606e+06
    Kinetic En.   Total Energy  Conserved En.    Temperature Pres. DC (bar)
    9.36519e+05   -7.67954e+06   -7.66692e+06    2.99149e+02   -1.18639e+03
 Pressure (bar)   Constr. rmsd
   -5.30251e+00    3.36626e-06


DD  load balancing is limited by minimum cell size in dimension X
DD  step 14999  vol min/aver 0.783! load imb.: force 20.9%
           Step           Time
          15000       30.00000

   Energies (kJ/mol)
           Bond          Angle       G96Angle    Proper Dih.  Improper Dih.
    5.68202e+02    4.51303e+02    1.48502e+03    3.48179e+02    6.13035e+02
        LJ (SR)  Disper. corr.   Coulomb (SR)   Coul. recip.      Potential
   -6.58075e+06   -1.99037e+06   -1.76185e+05    1.24626e+05   -8.61922e+06
    Kinetic En.   Total Energy  Conserved En.    Temperature Pres. DC (bar)
    9.40644e+05   -7.67857e+06   -7.68444e+06    3.00466e+02   -1.18715e+03
 Pressure (bar)   Constr. rmsd
    9.38922e+00    3.70962e-06


step 18000 Turning off dynamic load balancing, because it is degrading performance.
Atom distribution over 32 domains: av 7846 stddev 124 min 7782 max 7907

DD  step 19999 load imb.: force 13.8%
           Step           Time
          20000       40.00000

   Energies (kJ/mol)
           Bond          Angle       G96Angle    Proper Dih.  Improper Dih.
    4.67440e+02    5.10173e+02    1.53339e+03    3.21551e+02    6.08178e+02
        LJ (SR)  Disper. corr.   Coulomb (SR)   Coul. recip.      Potential
   -6.58338e+06   -1.99034e+06   -1.76287e+05    1.21342e+05   -8.62522e+06
    Kinetic En.   Total Energy  Conserved En.    Temperature Pres. DC (bar)
    9.37235e+05   -7.68798e+06   -7.70172e+06    2.99377e+02   -1.18711e+03
 Pressure (bar)   Constr. rmsd
   -9.39955e-01    3.78422e-06


DD  step 24999 load imb.: force 20.8%
           Step           Time
          25000       50.00000

   Energies (kJ/mol)
           Bond          Angle       G96Angle    Proper Dih.  Improper Dih.
    5.17397e+02    4.81406e+02    1.53454e+03    3.17578e+02    6.46096e+02
        LJ (SR)  Disper. corr.   Coulomb (SR)   Coul. recip.      Potential
   -6.58679e+06   -1.99124e+06   -1.76352e+05    1.18789e+05   -8.63210e+06
    Kinetic En.   Total Energy  Conserved En.    Temperature Pres. DC (bar)
    9.40218e+05   -7.69188e+06   -7.71854e+06    3.00330e+02   -1.18818e+03
 Pressure (bar)   Constr. rmsd
    4.09202e+00    3.81152e-06


DD  step 29999 load imb.: force 13.6%

step 30000 Turning on dynamic load balancing, because the performance loss due to load imbalance is 2.4 %.
           Step           Time
          30000       60.00000

   Energies (kJ/mol)
           Bond          Angle       G96Angle    Proper Dih.  Improper Dih.
    4.73180e+02    4.30503e+02    1.50426e+03    3.22611e+02    5.92366e+02
        LJ (SR)  Disper. corr.   Coulomb (SR)   Coul. recip.      Potential
   -6.58402e+06   -1.99079e+06   -1.76415e+05    1.16742e+05   -8.63116e+06
    Kinetic En.   Total Energy  Conserved En.    Temperature Pres. DC (bar)
    9.39171e+05   -7.69199e+06   -7.73535e+06    2.99996e+02   -1.18765e+03
 Pressure (bar)   Constr. rmsd
    2.68589e+00    3.78283e-06

step 32000 Turning off dynamic load balancing, because it is degrading performance.
Atom distribution over 32 domains: av 7846 stddev 125 min 7765 max 7901

DD  step 34999 load imb.: force 10.8%
           Step           Time
          35000       70.00000

   Energies (kJ/mol)
           Bond          Angle       G96Angle    Proper Dih.  Improper Dih.
    5.50067e+02    4.74489e+02    1.52147e+03    3.26710e+02    6.01766e+02
        LJ (SR)  Disper. corr.   Coulomb (SR)   Coul. recip.      Potential
   -6.58653e+06   -1.99131e+06   -1.76509e+05    1.14834e+05   -8.63605e+06
    Kinetic En.   Total Energy  Conserved En.    Temperature Pres. DC (bar)
    9.39190e+05   -7.69686e+06   -7.75243e+06    3.00002e+02   -1.18826e+03
 Pressure (bar)   Constr. rmsd
    3.35967e+00    3.87037e-06


DD  step 39999 load imb.: force 17.0%

step 40000 Will no longer try dynamic load balancing, as it degraded performance.
           Step           Time
          40000       80.00000

   Energies (kJ/mol)
           Bond          Angle       G96Angle    Proper Dih.  Improper Dih.
    4.55026e+02    5.01579e+02    1.57335e+03    3.47170e+02    5.57335e+02
        LJ (SR)  Disper. corr.   Coulomb (SR)   Coul. recip.      Potential
   -6.58226e+06   -1.99013e+06   -1.76599e+05    1.12903e+05   -8.63265e+06
    Kinetic En.   Total Energy  Conserved En.    Temperature Pres. DC (bar)
    9.41634e+05   -7.69101e+06   -7.76923e+06    3.00782e+02   -1.18687e+03
 Pressure (bar)   Constr. rmsd
   -3.54142e+00    3.72265e-06


DD  step 44999 load imb.: force 11.8%
           Step           Time
          45000       90.00000

   Energies (kJ/mol)
           Bond          Angle       G96Angle    Proper Dih.  Improper Dih.
    4.61936e+02    4.15209e+02    1.63924e+03    3.32541e+02    6.18409e+02
        LJ (SR)  Disper. corr.   Coulomb (SR)   Coul. recip.      Potential
   -6.58177e+06   -1.99006e+06   -1.76683e+05    1.11130e+05   -8.63391e+06
    Kinetic En.   Total Energy  Conserved En.    Temperature Pres. DC (bar)
    9.39780e+05   -7.69413e+06   -7.78606e+06    3.00190e+02   -1.18679e+03
 Pressure (bar)   Constr. rmsd
    1.86666e+00    4.15859e-06


DD  step 49999 load imb.: force 12.3%
           Step           Time
          50000      100.00000

Writing checkpoint, step 50000 at Wed Jun 26 19:38:20 2024


   Energies (kJ/mol)
           Bond          Angle       G96Angle    Proper Dih.  Improper Dih.
    5.19380e+02    4.14546e+02    1.56057e+03    3.36348e+02    5.62164e+02
        LJ (SR)  Disper. corr.   Coulomb (SR)   Coul. recip.      Potential
   -6.58638e+06   -1.99133e+06   -1.76803e+05    1.09814e+05   -8.64131e+06
    Kinetic En.   Total Energy  Conserved En.    Temperature Pres. DC (bar)
    9.36913e+05   -7.70440e+06   -7.80286e+06    2.99274e+02   -1.18829e+03
 Pressure (bar)   Constr. rmsd
    6.84850e-01    3.65159e-06


Energy conservation over simulation part #1 of length 100 ns, time 0 to 100 ns
  Conserved energy drift: -6.77e-03 kJ/mol/ps per atom


	<======  ###############  ==>
	<====  A V E R A G E S  ====>
	<==  ###############  ======>

	Statistics over 50001 steps using 501 frames

   Energies (kJ/mol)
           Bond          Angle       G96Angle    Proper Dih.  Improper Dih.
    5.34941e+02    4.71159e+02    1.56520e+03    3.37071e+02    6.12737e+02
        LJ (SR)  Disper. corr.   Coulomb (SR)   Coul. recip.      Potential
   -6.58256e+06   -1.99011e+06   -1.76283e+05    1.21152e+05   -8.62428e+06
    Kinetic En.   Total Energy  Conserved En.    Temperature Pres. DC (bar)
    9.39276e+05   -7.68500e+06   -7.71827e+06    3.00029e+02   -1.18684e+03
 Pressure (bar)   Constr. rmsd
    1.98706e-01    0.00000e+00

          Box-X          Box-Y          Box-Z
    3.04462e+01    3.04462e+01    3.04462e+01

   Total Virial (kJ/mol)
    3.12148e+05   -4.57822e+02   -8.06465e+02
   -4.57835e+02    3.14251e+05   -2.37448e+02
   -8.06458e+02   -2.37448e+02    3.12373e+05

   Pressure (bar)
    1.13427e+00    5.48325e-01    9.16761e-01
    5.48340e-01   -1.38502e+00    2.78831e-01
    9.16752e-01    2.78831e-01    8.46863e-01


	M E G A - F L O P S   A C C O U N T I N G

 NB=Group-cutoff nonbonded kernels    NxN=N-by-N cluster Verlet kernels
 RF=Reaction-Field  VdW=Van der Waals  QSTab=quadratic-spline table
 W3=SPC/TIP3p  W4=TIP4p (single or pairs)
 V&F=Potential and force  V=Potential only  F=Force only

 Computing:                               M-Number         M-Flops  % Flops
-----------------------------------------------------------------------------
 Pair Search distance check           13517.166624      121654.500     0.1
 NxN QSTab Elec. + LJ [F]              9886.013280      405326.544     0.2
 NxN QSTab Elec. + LJ [V&F]             100.053144        5903.135     0.0
 NxN LJ [F]                          933735.044880    30813256.481    18.3
 NxN LJ [V&F]                          9450.500080      406371.503     0.2
 NxN QSTab Elec. [F]                     17.140464         582.776     0.0
 NxN QSTab Elec. [V&F]                    0.173480           7.113     0.0
 Calc Weights                         37666.053306     1355977.919     0.8
 Spread Q Bspline                    803542.470528     1607084.941     1.0
 Gather F Bspline                    803542.470528     4821254.823     2.9
 3D-FFT                            16105976.313084   128847810.505    76.4
 Solve PME                             3686.473728      235934.319     0.1
 Reset In Box                           124.797694         374.393     0.0
 CG-CoM                                 125.802102         377.406     0.0
 Bonds                                   15.950319         941.069     0.0
 Angles                                  37.150743        6241.325     0.0
 Propers                                 10.500210        2404.548     0.0
 Impropers                               14.050281        2922.458     0.0
 Virial                                1262.962542       22733.326     0.0
 Stop-CM                                125.802102        1258.021     0.0
 Calc-Ekin                             2511.522204       67811.100     0.0
 Lincs                                   13.350959         801.058     0.0
 Lincs-Mat                              204.458820         817.835     0.0
 Constraint-V                            26.701918         240.317     0.0
 Constraint-Vir                           1.335329          32.048     0.0
-----------------------------------------------------------------------------
 Total                                               168728119.463   100.0
-----------------------------------------------------------------------------


    D O M A I N   D E C O M P O S I T I O N   S T A T I S T I C S

 av. #atoms communicated per step for force:  2 x 165270.1
 av. #atoms communicated per step for LINCS:  2 x 17.0


Dynamic load balancing report:
 DLB got disabled because it was unsuitable to use.
 Average load imbalance: 16.8%.
 The balanceable part of the MD step is 13%, load imbalance is computed from this.
 Part of the total run time spent waiting due to load imbalance: 2.2%.


     R E A L   C Y C L E   A N D   T I M E   A C C O U N T I N G

On 32 MPI ranks

 Computing:          Num   Num      Call    Wall time         Giga-Cycles
                     Ranks Threads  Count      (s)         total sum    %
-----------------------------------------------------------------------------
 Domain decomp.        32    1        500       2.373        183.709   0.3
 DD comm. load         32    1        500       0.156         12.094   0.0
 DD comm. bounds       32    1        137       0.122          9.415   0.0
 Neighbor search       32    1        501       2.311        178.932   0.3
 Comm. coord.          32    1      49500      15.261       1181.453   2.0
 Force                 32    1      50001      74.413       5760.605   9.6
 Wait + Comm. F        32    1      50001      15.680       1213.895   2.0
 PME mesh              32    1      50001     639.744      49525.368  82.5
 NB X/F buffer ops.    32    1     149001       6.156        476.579   0.8
 Write traj.           32    1         11       0.125          9.707   0.0
 Update                32    1      50001       6.383        494.153   0.8
 Constraints           32    1      50001       2.188        169.375   0.3
 Comm. energies        32    1       5001       8.795        680.857   1.1
 Rest                                           2.051        158.785   0.3
-----------------------------------------------------------------------------
 Total                                        775.759      60054.927 100.0
-----------------------------------------------------------------------------
 Breakdown of PME mesh computation
-----------------------------------------------------------------------------
 PME redist. X/F       32    1     100002     101.602       7865.473  13.1
 PME spread            32    1      50001      92.041       7125.268  11.9
 PME gather            32    1      50001      50.853       3936.732   6.6
 PME 3D-FFT            32    1     100002     207.327      16050.130  26.7
 PME 3D-FFT Comm.      32    1     200004     162.437      12574.950  20.9
 PME solve Elec        32    1      50001      25.133       1945.643   3.2
-----------------------------------------------------------------------------

               Core t (s)   Wall t (s)        (%)
       Time:    24824.283      775.759     3200.0
                 (ns/day)    (hour/ns)
Performance:       11.138        2.155
Finished mdrun on rank 0 Wed Jun 26 19:38:21 2024

