              :-) GROMACS - gmx mdrun, 2021.4-Ubuntu-2021.4-2 (-:

                            GROMACS is written by:
     Andrey Alekseenko              Emile Apol              Rossen Apostolov     
         Paul Bauer           Herman J.C. Berendsen           Par Bjelkmar       
       Christian Blau           Viacheslav Bolnykh             Kevin Boyd        
     Aldert van Buuren           Rudi van Drunen             Anton Feenstra      
    Gilles Gouaillardet             Alan Gray               Gerrit Groenhof      
       Anca Hamuraru            Vincent Hindriksen          M. Eric Irrgang      
      Aleksei Iupinov           Christoph Junghans             Joe Jordan        
    Dimitrios Karkoulis            Peter Kasson                Jiri Kraus        
      Carsten Kutzner              Per Larsson              Justin A. Lemkul     
       Viveca Lindahl            Magnus Lundborg             Erik Marklund       
        Pascal Merz             Pieter Meulenhoff            Teemu Murtola       
        Szilard Pall               Sander Pronk              Roland Schulz       
       Michael Shirts            Alexey Shvetsov             Alfons Sijbers      
       Peter Tieleman              Jon Vincent              Teemu Virolainen     
     Christian Wennberg            Maarten Wolf              Artem Zhmurov       
                           and the project leaders:
        Mark Abraham, Berk Hess, Erik Lindahl, and David van der Spoel

Copyright (c) 1991-2000, University of Groningen, The Netherlands.
Copyright (c) 2001-2019, The GROMACS development team at
Uppsala University, Stockholm University and
the Royal Institute of Technology, Sweden.
check out http://www.gromacs.org for more information.

GROMACS is free software; you can redistribute it and/or modify it
under the terms of the GNU Lesser General Public License
as published by the Free Software Foundation; either version 2.1
of the License, or (at your option) any later version.

GROMACS:      gmx mdrun, version 2021.4-Ubuntu-2021.4-2
Executable:   /usr/bin/gmx
Data prefix:  /usr
Working dir:  /home/1-polyply-gromacs/data/24/gromacs
Process ID:   354610
Command line:
  gmx mdrun -v -deffnm 04-md

GROMACS version:    2021.4-Ubuntu-2021.4-2
Precision:          mixed
Memory model:       64 bit
MPI library:        thread_mpi
OpenMP support:     enabled (GMX_OPENMP_MAX_THREADS = 64)
GPU support:        disabled
SIMD instructions:  SSE4.1
FFT library:        fftw-3.3.8-sse2-avx
RDTSCP usage:       enabled
TNG support:        enabled
Hwloc support:      hwloc-2.5.0
Tracing support:    disabled
C compiler:         /usr/bin/cc GNU 11.2.0
C compiler flags:   -msse4.1 -Wno-missing-field-initializers -fexcess-precision=fast -funroll-all-loops -O3 -DNDEBUG
C++ compiler:       /usr/bin/c++ GNU 11.2.0
C++ compiler flags: -msse4.1 -Wno-missing-field-initializers -fexcess-precision=fast -funroll-all-loops -fopenmp -O3 -DNDEBUG


Running on 1 node with total 16 cores, 32 logical cores
Hardware detected:
  CPU info:
    Vendor: Intel
    Brand:  Intel(R) Core(TM) i9-14900HX
    Family: 6   Model: 183   Stepping: 1
    Features: aes apic avx avx2 clfsh cmov cx8 cx16 f16c fma htt intel lahf mmx msr nonstop_tsc pcid pclmuldq pdpe1gb popcnt pse rdrnd rdtscp sha sse2 sse3 sse4.1 sse4.2 ssse3 tdt x2apic
  Hardware topology: Full, with devices
    Sockets, cores, and logical processors:
      Socket  0: [   0   1] [   2   3] [   4   5] [   6   7] [   8   9] [  10  11] [  12  13] [  14  15] [  16  17] [  18  19] [  20  21] [  22  23] [  24  25] [  26  27] [  28  29] [  30  31]
    Numa nodes:
      Node  0 (16657502208 bytes mem):   0   1   2   3   4   5   6   7   8   9  10  11  12  13  14  15  16  17  18  19  20  21  22  23  24  25  26  27  28  29  30  31
      Latency:
               0
         0  1.00
    Caches:
      L1: 49152 bytes, linesize 64 bytes, assoc. 12, shared 2 ways
      L2: 2097152 bytes, linesize 64 bytes, assoc. 16, shared 2 ways
      L3: 37748736 bytes, linesize 64 bytes, assoc. 12, shared 32 ways
    PCI devices:
      b947:00:00.0  Id: 1414:008e  Class: 0x0302  Numa: 0
      ffdd:00:00.0  Id: 1af4:1043  Class: 0x0100  Numa: 0

Highest SIMD level supported by all nodes in run: AVX2_256
SIMD instructions selected at compile time:       SSE4.1
This program was compiled for different hardware than you are running on,
which could influence performance.

++++ PLEASE READ AND CITE THE FOLLOWING REFERENCE ++++
M. J. Abraham, T. Murtola, R. Schulz, S. Páll, J. C. Smith, B. Hess, E.
Lindahl
GROMACS: High performance molecular simulations through multi-level
parallelism from laptops to supercomputers
SoftwareX 1 (2015) pp. 19-25
-------- -------- --- Thank You --- -------- --------


++++ PLEASE READ AND CITE THE FOLLOWING REFERENCE ++++
S. Páll, M. J. Abraham, C. Kutzner, B. Hess, E. Lindahl
Tackling Exascale Software Challenges in Molecular Dynamics Simulations with
GROMACS
In S. Markidis & E. Laure (Eds.), Solving Software Challenges for Exascale 8759 (2015) pp. 3-27
-------- -------- --- Thank You --- -------- --------


++++ PLEASE READ AND CITE THE FOLLOWING REFERENCE ++++
S. Pronk, S. Páll, R. Schulz, P. Larsson, P. Bjelkmar, R. Apostolov, M. R.
Shirts, J. C. Smith, P. M. Kasson, D. van der Spoel, B. Hess, and E. Lindahl
GROMACS 4.5: a high-throughput and highly parallel open source molecular
simulation toolkit
Bioinformatics 29 (2013) pp. 845-54
-------- -------- --- Thank You --- -------- --------


++++ PLEASE READ AND CITE THE FOLLOWING REFERENCE ++++
B. Hess and C. Kutzner and D. van der Spoel and E. Lindahl
GROMACS 4: Algorithms for highly efficient, load-balanced, and scalable
molecular simulation
J. Chem. Theory Comput. 4 (2008) pp. 435-447
-------- -------- --- Thank You --- -------- --------


++++ PLEASE READ AND CITE THE FOLLOWING REFERENCE ++++
D. van der Spoel, E. Lindahl, B. Hess, G. Groenhof, A. E. Mark and H. J. C.
Berendsen
GROMACS: Fast, Flexible and Free
J. Comp. Chem. 26 (2005) pp. 1701-1719
-------- -------- --- Thank You --- -------- --------


++++ PLEASE READ AND CITE THE FOLLOWING REFERENCE ++++
E. Lindahl and B. Hess and D. van der Spoel
GROMACS 3.0: A package for molecular simulation and trajectory analysis
J. Mol. Mod. 7 (2001) pp. 306-317
-------- -------- --- Thank You --- -------- --------


++++ PLEASE READ AND CITE THE FOLLOWING REFERENCE ++++
H. J. C. Berendsen, D. van der Spoel and R. van Drunen
GROMACS: A message-passing parallel molecular dynamics implementation
Comp. Phys. Comm. 91 (1995) pp. 43-56
-------- -------- --- Thank You --- -------- --------

Input Parameters:
   integrator                     = md
   tinit                          = 0
   dt                             = 0.002
   nsteps                         = 50000
   init-step                      = 0
   simulation-part                = 1
   mts                            = false
   comm-mode                      = Linear
   nstcomm                        = 100
   bd-fric                        = 0
   ld-seed                        = 1641512799
   emtol                          = 10
   emstep                         = 0.01
   niter                          = 20
   fcstep                         = 0
   nstcgsteep                     = 1000
   nbfgscorr                      = 10
   rtpi                           = 0.05
   nstxout                        = 5000
   nstvout                        = 5000
   nstfout                        = 0
   nstlog                         = 5000
   nstcalcenergy                  = 100
   nstenergy                      = 5000
   nstxout-compressed             = 0
   compressed-x-precision         = 1000
   cutoff-scheme                  = Verlet
   nstlist                        = 10
   pbc                            = xyz
   periodic-molecules             = false
   verlet-buffer-tolerance        = 0.005
   rlist                          = 1
   coulombtype                    = PME
   coulomb-modifier               = Potential-shift
   rcoulomb-switch                = 0
   rcoulomb                       = 1
   epsilon-r                      = 1
   epsilon-rf                     = inf
   vdw-type                       = Cut-off
   vdw-modifier                   = Potential-shift
   rvdw-switch                    = 0
   rvdw                           = 1
   DispCorr                       = EnerPres
   table-extension                = 1
   fourierspacing                 = 0.16
   fourier-nx                     = 192
   fourier-ny                     = 192
   fourier-nz                     = 192
   pme-order                      = 4
   ewald-rtol                     = 1e-05
   ewald-rtol-lj                  = 0.001
   lj-pme-comb-rule               = Geometric
   ewald-geometry                 = 0
   epsilon-surface                = 0
   tcoupl                         = V-rescale
   nsttcouple                     = 10
   nh-chain-length                = 0
   print-nose-hoover-chain-variables = false
   pcoupl                         = Parrinello-Rahman
   pcoupltype                     = Isotropic
   nstpcouple                     = 10
   tau-p                          = 2
   compressibility (3x3):
      compressibility[    0]={ 4.50000e-05,  0.00000e+00,  0.00000e+00}
      compressibility[    1]={ 0.00000e+00,  4.50000e-05,  0.00000e+00}
      compressibility[    2]={ 0.00000e+00,  0.00000e+00,  4.50000e-05}
   ref-p (3x3):
      ref-p[    0]={ 1.00000e+00,  0.00000e+00,  0.00000e+00}
      ref-p[    1]={ 0.00000e+00,  1.00000e+00,  0.00000e+00}
      ref-p[    2]={ 0.00000e+00,  0.00000e+00,  1.00000e+00}
   refcoord-scaling               = No
   posres-com (3):
      posres-com[0]= 0.00000e+00
      posres-com[1]= 0.00000e+00
      posres-com[2]= 0.00000e+00
   posres-comB (3):
      posres-comB[0]= 0.00000e+00
      posres-comB[1]= 0.00000e+00
      posres-comB[2]= 0.00000e+00
   QMMM                           = false
qm-opts:
   ngQM                           = 0
   constraint-algorithm           = Lincs
   continuation                   = true
   Shake-SOR                      = false
   shake-tol                      = 0.0001
   lincs-order                    = 4
   lincs-iter                     = 1
   lincs-warnangle                = 30
   nwall                          = 0
   wall-type                      = 9-3
   wall-r-linpot                  = -1
   wall-atomtype[0]               = -1
   wall-atomtype[1]               = -1
   wall-density[0]                = 0
   wall-density[1]                = 0
   wall-ewald-zfac                = 3
   pull                           = false
   awh                            = false
   rotation                       = false
   interactiveMD                  = false
   disre                          = No
   disre-weighting                = Conservative
   disre-mixed                    = false
   dr-fc                          = 1000
   dr-tau                         = 0
   nstdisreout                    = 100
   orire-fc                       = 0
   orire-tau                      = 0
   nstorireout                    = 100
   free-energy                    = no
   cos-acceleration               = 0
   deform (3x3):
      deform[    0]={ 0.00000e+00,  0.00000e+00,  0.00000e+00}
      deform[    1]={ 0.00000e+00,  0.00000e+00,  0.00000e+00}
      deform[    2]={ 0.00000e+00,  0.00000e+00,  0.00000e+00}
   simulated-tempering            = false
   swapcoords                     = no
   userint1                       = 0
   userint2                       = 0
   userint3                       = 0
   userint4                       = 0
   userreal1                      = 0
   userreal2                      = 0
   userreal3                      = 0
   userreal4                      = 0
   applied-forces:
     electric-field:
       x:
         E0                       = 0
         omega                    = 0
         t0                       = 0
         sigma                    = 0
       y:
         E0                       = 0
         omega                    = 0
         t0                       = 0
         sigma                    = 0
       z:
         E0                       = 0
         omega                    = 0
         t0                       = 0
         sigma                    = 0
     density-guided-simulation:
       active                     = false
       group                      = protein
       similarity-measure         = inner-product
       atom-spreading-weight      = unity
       force-constant             = 1e+09
       gaussian-transform-spreading-width = 0.2
       gaussian-transform-spreading-range-in-multiples-of-width = 4
       reference-density-filename = reference.mrc
       nst                        = 1
       normalize-densities        = true
       adaptive-force-scaling     = false
       adaptive-force-scaling-time-constant = 4
       shift-vector               = 
       transformation-matrix      = 
grpopts:
   nrdf:      753043
   ref-t:         300
   tau-t:         0.1
annealing:          No
annealing-npoints:           0
   acc:	           0           0           0
   nfreeze:           N           N           N
   energygrp-flags[  0]: 0

Changing nstlist from 10 to 100, rlist from 1 to 1.058


Initializing Domain Decomposition on 32 ranks
Dynamic load balancing: auto
Minimum cell size due to atom displacement: 0.285 nm
Initial maximum distances in bonded interactions:
    two-body bonded interactions: 0.953 nm, Exclusion, atoms 176 181
  multi-body bonded interactions: 0.940 nm, Proper Dih., atoms 325 331
Minimum cell size due to bonded interactions: 1.034 nm
Maximum distance for 5 constraints, at 120 deg. angles, all-trans: 1.036 nm
Estimated maximum distance required for P-LINCS: 1.036 nm
This distance will limit the DD cell size, you can override this with -rcon
Scaling the initial minimum size with 1/0.8 (option -dds) = 1.25
Guess for relative PME load: 0.78
Using 0 separate PME ranks, as guessed by mdrun
Optimizing the DD grid for 32 cells with a minimum initial size of 1.295 nm
The maximum allowed number of cells is: X 23 Y 23 Z 23
Domain decomposition grid 16 x 2 x 1, separate PME ranks 0
PME domain decomposition: 16 x 2 x 1
Domain decomposition rank 0, coordinates 0 0 0

The initial number of communication pulses is: X 1 Y 1
The initial domain decomposition cell size is: X 1.90 nm Y 15.23 nm

The maximum allowed distance for atoms involved in interactions is:
                 non-bonded interactions           1.058 nm
(the following are initial values, they could change due to box deformation)
            two-body bonded interactions  (-rdd)   1.058 nm
          multi-body bonded interactions  (-rdd)   1.058 nm
  atoms separated by up to 5 constraints  (-rcon)  1.904 nm

When dynamic load balancing gets turned on, these settings will change to:
The maximum number of communication pulses is: X 1 Y 1
The minimum size for domain decomposition cells is 1.058 nm
The requested allowed shrink of DD cells (option -dds) is: 0.80
The allowed shrink of domain decomposition cells is: X 0.56 Y 0.07
The maximum allowed distance for atoms involved in interactions is:
                 non-bonded interactions           1.058 nm
            two-body bonded interactions  (-rdd)   1.058 nm
          multi-body bonded interactions  (-rdd)   1.058 nm
  atoms separated by up to 5 constraints  (-rcon)  1.058 nm

Using 32 MPI threads
Using 1 OpenMP thread per tMPI thread

Pinning threads with an auto-selected logical core stride of 1
System total charge: 430.000
Will do PME sum in reciprocal space for electrostatic interactions.

++++ PLEASE READ AND CITE THE FOLLOWING REFERENCE ++++
U. Essmann, L. Perera, M. L. Berkowitz, T. Darden, H. Lee and L. G. Pedersen 
A smooth particle mesh Ewald method
J. Chem. Phys. 103 (1995) pp. 8577-8592
-------- -------- --- Thank You --- -------- --------

Using a Gaussian width (1/beta) of 0.320163 nm for Ewald
Potential shift: LJ r^-12: -1.000e+00 r^-6: -1.000e+00, Ewald -1.000e-05
Initialized non-bonded Ewald tables, spacing: 9.33e-04 size: 1073

Long Range LJ corr.: <C6> 2.1555e-01


Using SIMD 4x4 nonbonded short-range kernels

Using a dual 4x4 pair-list setup updated with dynamic pruning:
  outer list: updated every 100 steps, buffer 0.058 nm, rlist 1.058 nm
  inner list: updated every  16 steps, buffer 0.001 nm, rlist 1.001 nm
At tolerance 0.005 kJ/mol/ps per atom, equivalent classical 1x1 list would be:
  outer list: updated every 100 steps, buffer 0.099 nm, rlist 1.099 nm
  inner list: updated every  16 steps, buffer 0.009 nm, rlist 1.009 nm

Using full Lennard-Jones parameter combination matrix

Initializing Parallel LINear Constraint Solver

++++ PLEASE READ AND CITE THE FOLLOWING REFERENCE ++++
B. Hess
P-LINCS: A Parallel Linear Constraint Solver for molecular simulation
J. Chem. Theory Comput. 4 (2008) pp. 116-122
-------- -------- --- Thank You --- -------- --------

The number of constraints is 245
There are constraints between atoms in different decomposition domains,
will communicate selected coordinates each lincs iteration
117 constraints are involved in constraint triangles,
will apply an additional matrix expansion of order 4 for couplings
between constraints inside triangles

Linking all bonded interactions to atoms


Intra-simulation communication will occur every 10 steps.

++++ PLEASE READ AND CITE THE FOLLOWING REFERENCE ++++
G. Bussi, D. Donadio and M. Parrinello
Canonical sampling through velocity rescaling
J. Chem. Phys. 126 (2007) pp. 014101
-------- -------- --- Thank You --- -------- --------

There are: 251097 Atoms
Atom distribution over 32 domains: av 7846 stddev 115 min 7785 max 7898
Center of mass motion removal mode is Linear
We have the following groups for center of mass motion removal:
  0:  rest

Started mdrun on rank 0 Wed Jun 26 01:57:13 2024

           Step           Time
              0        0.00000

   Energies (kJ/mol)
           Bond          Angle       G96Angle    Proper Dih.  Improper Dih.
    7.84243e+02    5.38046e+02    1.49859e+03    3.59415e+02    7.45516e+02
        LJ (SR)  Disper. corr.   Coulomb (SR)   Coul. recip.      Potential
   -6.56756e+06   -1.98728e+06   -1.75555e+05    1.37533e+05   -8.58893e+06
    Kinetic En.   Total Energy  Conserved En.    Temperature Pres. DC (bar)
    9.37639e+05   -7.65129e+06   -7.64959e+06    2.99510e+02   -1.18355e+03
 Pressure (bar)   Constr. rmsd
    1.43591e+01    4.53370e-06


DD  step 99 load imb.: force 18.7%

DD  step 4999 load imb.: force 22.9%
           Step           Time
           5000       10.00000

   Energies (kJ/mol)
           Bond          Angle       G96Angle    Proper Dih.  Improper Dih.
    5.49501e+02    4.89023e+02    1.54985e+03    3.33116e+02    7.46410e+02
        LJ (SR)  Disper. corr.   Coulomb (SR)   Coul. recip.      Potential
   -6.57871e+06   -1.98955e+06   -1.75920e+05    1.29266e+05   -8.61125e+06
    Kinetic En.   Total Energy  Conserved En.    Temperature Pres. DC (bar)
    9.38454e+05   -7.67279e+06   -7.66641e+06    2.99771e+02   -1.18622e+03
 Pressure (bar)   Constr. rmsd
    6.45627e+00    4.44352e-06


DD  step 9999 load imb.: force 11.2%

step 10000 Turning on dynamic load balancing, because the performance loss due to load imbalance is 2.2 %.
           Step           Time
          10000       20.00000

   Energies (kJ/mol)
           Bond          Angle       G96Angle    Proper Dih.  Improper Dih.
    5.20432e+02    5.09012e+02    1.37132e+03    3.78780e+02    7.13494e+02
        LJ (SR)  Disper. corr.   Coulomb (SR)   Coul. recip.      Potential
   -6.58421e+06   -1.99038e+06   -1.76170e+05    1.24511e+05   -8.62276e+06
    Kinetic En.   Total Energy  Conserved En.    Temperature Pres. DC (bar)
    9.36263e+05   -7.68650e+06   -7.68324e+06    2.99071e+02   -1.18720e+03
 Pressure (bar)   Constr. rmsd
   -3.96003e-01    4.53120e-06

step 14000 Turning off dynamic load balancing, because it is degrading performance.
Atom distribution over 32 domains: av 7846 stddev 114 min 7799 max 7889

DD  step 14999 load imb.: force 18.7%
           Step           Time
          15000       30.00000

   Energies (kJ/mol)
           Bond          Angle       G96Angle    Proper Dih.  Improper Dih.
    4.65845e+02    4.37934e+02    1.35643e+03    3.41899e+02    6.45597e+02
        LJ (SR)  Disper. corr.   Coulomb (SR)   Coul. recip.      Potential
   -6.58274e+06   -1.99006e+06   -1.76239e+05    1.21510e+05   -8.62428e+06
    Kinetic En.   Total Energy  Conserved En.    Temperature Pres. DC (bar)
    9.37305e+05   -7.68697e+06   -7.70059e+06    2.99404e+02   -1.18682e+03
 Pressure (bar)   Constr. rmsd
   -9.62997e-01    4.15083e-06


DD  step 19999 load imb.: force 15.7%
           Step           Time
          20000       40.00000

   Energies (kJ/mol)
           Bond          Angle       G96Angle    Proper Dih.  Improper Dih.
    5.42427e+02    4.16088e+02    1.29287e+03    3.36156e+02    7.06316e+02
        LJ (SR)  Disper. corr.   Coulomb (SR)   Coul. recip.      Potential
   -6.58376e+06   -1.99050e+06   -1.76321e+05    1.19414e+05   -8.62787e+06
    Kinetic En.   Total Energy  Conserved En.    Temperature Pres. DC (bar)
    9.40454e+05   -7.68741e+06   -7.71746e+06    3.00409e+02   -1.18734e+03
 Pressure (bar)   Constr. rmsd
    4.15937e+00    4.49344e-06


DD  step 24999 load imb.: force 16.7%
           Step           Time
          25000       50.00000

   Energies (kJ/mol)
           Bond          Angle       G96Angle    Proper Dih.  Improper Dih.
    5.11029e+02    4.61356e+02    1.35831e+03    3.21814e+02    7.28501e+02
        LJ (SR)  Disper. corr.   Coulomb (SR)   Coul. recip.      Potential
   -6.58688e+06   -1.99120e+06   -1.76403e+05    1.17360e+05   -8.63374e+06
    Kinetic En.   Total Energy  Conserved En.    Temperature Pres. DC (bar)
    9.41292e+05   -7.69245e+06   -7.73429e+06    3.00677e+02   -1.18816e+03
 Pressure (bar)   Constr. rmsd
    1.42628e+00    4.64754e-06


DD  step 29999 load imb.: force 12.5%
           Step           Time
          30000       60.00000

   Energies (kJ/mol)
           Bond          Angle       G96Angle    Proper Dih.  Improper Dih.
    4.57124e+02    4.46801e+02    1.33482e+03    3.31013e+02    6.60921e+02
        LJ (SR)  Disper. corr.   Coulomb (SR)   Coul. recip.      Potential
   -6.58644e+06   -1.99124e+06   -1.76501e+05    1.15495e+05   -8.63545e+06
    Kinetic En.   Total Energy  Conserved En.    Temperature Pres. DC (bar)
    9.41194e+05   -7.69426e+06   -7.75111e+06    3.00646e+02   -1.18821e+03
 Pressure (bar)   Constr. rmsd
    4.71602e+00    4.44862e-06


DD  step 34999 load imb.: force 31.9%
           Step           Time
          35000       70.00000

   Energies (kJ/mol)
           Bond          Angle       G96Angle    Proper Dih.  Improper Dih.
    5.25175e+02    4.25115e+02    1.34259e+03    3.45784e+02    5.56498e+02
        LJ (SR)  Disper. corr.   Coulomb (SR)   Coul. recip.      Potential
   -6.58751e+06   -1.99190e+06   -1.76539e+05    1.13728e+05   -8.63903e+06
    Kinetic En.   Total Energy  Conserved En.    Temperature Pres. DC (bar)
    9.38359e+05   -7.70067e+06   -7.76791e+06    2.99740e+02   -1.18899e+03
 Pressure (bar)   Constr. rmsd
    1.07312e+01    4.40276e-06


DD  step 39999 load imb.: force 17.9%

step 40000 Turning on dynamic load balancing, because the performance loss due to load imbalance is 2.1 %.
           Step           Time
          40000       80.00000

   Energies (kJ/mol)
           Bond          Angle       G96Angle    Proper Dih.  Improper Dih.
    4.57660e+02    3.84179e+02    1.27128e+03    3.41937e+02    6.69832e+02
        LJ (SR)  Disper. corr.   Coulomb (SR)   Coul. recip.      Potential
   -6.58159e+06   -1.99004e+06   -1.76649e+05    1.12066e+05   -8.63308e+06
    Kinetic En.   Total Energy  Conserved En.    Temperature Pres. DC (bar)
    9.39373e+05   -7.69371e+06   -7.78473e+06    3.00064e+02   -1.18680e+03
 Pressure (bar)   Constr. rmsd
   -7.28021e-01    4.58369e-06

step 42000 Turning off dynamic load balancing, because it is degrading performance.
Atom distribution over 32 domains: av 7846 stddev 113 min 7793 max 7898

DD  step 44999 load imb.: force 10.6%
           Step           Time
          45000       90.00000

   Energies (kJ/mol)
           Bond          Angle       G96Angle    Proper Dih.  Improper Dih.
    3.89586e+02    4.33315e+02    1.27140e+03    3.64738e+02    5.65584e+02
        LJ (SR)  Disper. corr.   Coulomb (SR)   Coul. recip.      Potential
   -6.58192e+06   -1.98998e+06   -1.76765e+05    1.10567e+05   -8.63508e+06
    Kinetic En.   Total Energy  Conserved En.    Temperature Pres. DC (bar)
    9.39876e+05   -7.69520e+06   -7.80184e+06    3.00225e+02   -1.18673e+03
 Pressure (bar)   Constr. rmsd
   -2.54991e+00    4.79667e-06


DD  step 49999 load imb.: force 13.6%

step 50000 Will no longer try dynamic load balancing, as it degraded performance.
           Step           Time
          50000      100.00000

Writing checkpoint, step 50000 at Wed Jun 26 02:11:12 2024


   Energies (kJ/mol)
           Bond          Angle       G96Angle    Proper Dih.  Improper Dih.
    4.63362e+02    4.58221e+02    1.32898e+03    3.61885e+02    5.37296e+02
        LJ (SR)  Disper. corr.   Coulomb (SR)   Coul. recip.      Potential
   -6.58619e+06   -1.99171e+06   -1.76794e+05    1.09654e+05   -8.64189e+06
    Kinetic En.   Total Energy  Conserved En.    Temperature Pres. DC (bar)
    9.38547e+05   -7.70334e+06   -7.81860e+06    2.99800e+02   -1.18876e+03
 Pressure (bar)   Constr. rmsd
    1.39275e+01    4.37922e-06


Energy conservation over simulation part #1 of length 100 ns, time 0 to 100 ns
  Conserved energy drift: -6.73e-03 kJ/mol/ps per atom


	<======  ###############  ==>
	<====  A V E R A G E S  ====>
	<==  ###############  ======>

	Statistics over 50001 steps using 501 frames

   Energies (kJ/mol)
           Bond          Angle       G96Angle    Proper Dih.  Improper Dih.
    5.24231e+02    4.46382e+02    1.34660e+03    3.48379e+02    6.44435e+02
        LJ (SR)  Disper. corr.   Coulomb (SR)   Coul. recip.      Potential
   -6.58301e+06   -1.99021e+06   -1.76363e+05    1.18698e+05   -8.62758e+06
    Kinetic En.   Total Energy  Conserved En.    Temperature Pres. DC (bar)
    9.39025e+05   -7.68856e+06   -7.73418e+06    2.99953e+02   -1.18701e+03
 Pressure (bar)   Constr. rmsd
    2.37053e-01    0.00000e+00

          Box-X          Box-Y          Box-Z
    3.04453e+01    3.04453e+01    3.04453e+01

   Total Virial (kJ/mol)
    3.11904e+05    2.15692e+02    7.53412e+02
    2.15700e+02    3.13454e+05    4.30479e+02
    7.53414e+02    4.30478e+02    3.13067e+05

   Pressure (bar)
    1.28357e+00   -2.12128e-01   -8.25924e-01
   -2.12137e-01   -4.87403e-01   -4.76228e-01
   -8.25927e-01   -4.76227e-01   -8.50030e-02


	M E G A - F L O P S   A C C O U N T I N G

 NB=Group-cutoff nonbonded kernels    NxN=N-by-N cluster Verlet kernels
 RF=Reaction-Field  VdW=Van der Waals  QSTab=quadratic-spline table
 W3=SPC/TIP3p  W4=TIP4p (single or pairs)
 V&F=Potential and force  V=Potential only  F=Force only

 Computing:                               M-Number         M-Flops  % Flops
-----------------------------------------------------------------------------
 Pair Search distance check           13467.147754      121204.330     0.1
 NxN QSTab Elec. + LJ [F]              9909.924552      406306.907     0.2
 NxN QSTab Elec. + LJ [V&F]             100.294992        5917.405     0.0
 NxN LJ [F]                          932688.770112    30778729.414    18.2
 NxN LJ [V&F]                          9439.930320      405917.004     0.2
 NxN QSTab Elec. [F]                      9.433512         320.739     0.0
 NxN QSTab Elec. [V&F]                    0.095472           3.914     0.0
 Calc Weights                         37665.303291     1355950.918     0.8
 Spread Q Bspline                    803526.470208     1607052.940     1.0
 Gather F Bspline                    803526.470208     4821158.821     2.9
 3D-FFT                            16105976.313084   128847810.505    76.4
 Solve PME                             3686.473728      235934.319     0.1
 Reset In Box                           125.046306         375.139     0.0
 CG-CoM                                 125.799597         377.399     0.0
 Bonds                                   15.700314         926.319     0.0
 Angles                                  36.900738        6199.324     0.0
 Propers                                 10.500210        2404.548     0.0
 Impropers                               14.050281        2922.458     0.0
 Virial                                1262.937537       22732.876     0.0
 Stop-CM                                125.799597        1257.996     0.0
 Calc-Ekin                             2511.472194       67809.749     0.0
 Lincs                                   13.195960         791.758     0.0
 Lincs-Mat                              209.575704         838.303     0.0
 Constraint-V                            26.391920         237.527     0.0
 Constraint-Vir                           1.319830          31.676     0.0
-----------------------------------------------------------------------------
 Total                                               168693212.287   100.0
-----------------------------------------------------------------------------


    D O M A I N   D E C O M P O S I T I O N   S T A T I S T I C S

 av. #atoms communicated per step for force:  2 x 165071.8
 av. #atoms communicated per step for LINCS:  2 x 18.9


Dynamic load balancing report:
 DLB got disabled because it was unsuitable to use.
 Average load imbalance: 17.0%.
 The balanceable part of the MD step is 13%, load imbalance is computed from this.
 Part of the total run time spent waiting due to load imbalance: 2.1%.


     R E A L   C Y C L E   A N D   T I M E   A C C O U N T I N G

On 32 MPI ranks

 Computing:          Num   Num      Call    Wall time         Giga-Cycles
                     Ranks Threads  Count      (s)         total sum    %
-----------------------------------------------------------------------------
 Domain decomp.        32    1        500       2.777        214.997   0.3
 DD comm. load         32    1        500       0.172         13.329   0.0
 DD comm. bounds       32    1         60       0.080          6.166   0.0
 Neighbor search       32    1        501       2.320        179.571   0.3
 Comm. coord.          32    1      49500      18.145       1404.645   2.2
 Force                 32    1      50001      74.307       5752.411   8.8
 Wait + Comm. F        32    1      50001      17.660       1367.113   2.1
 PME mesh              32    1      50001     698.003      54035.478  83.1
 NB X/F buffer ops.    32    1     149001       5.927        458.808   0.7
 Write traj.           32    1         11       0.095          7.391   0.0
 Update                32    1      50001       5.911        457.572   0.7
 Constraints           32    1      50001       2.540        196.663   0.3
 Comm. energies        32    1       5001      10.197        789.423   1.2
 Rest                                           1.912        148.053   0.2
-----------------------------------------------------------------------------
 Total                                        840.046      65031.621 100.0
-----------------------------------------------------------------------------
 Breakdown of PME mesh computation
-----------------------------------------------------------------------------
 PME redist. X/F       32    1     100002     119.386       9242.159  14.2
 PME spread            32    1      50001      98.039       7589.590  11.7
 PME gather            32    1      50001      53.513       4142.677   6.4
 PME 3D-FFT            32    1     100002     208.902      16172.001  24.9
 PME 3D-FFT Comm.      32    1     200004     192.345      14890.287  22.9
 PME solve Elec        32    1      50001      25.438       1969.269   3.0
-----------------------------------------------------------------------------

               Core t (s)   Wall t (s)        (%)
       Time:    26881.448      840.046     3200.0
                 (ns/day)    (hour/ns)
Performance:       10.285        2.333
Finished mdrun on rank 0 Wed Jun 26 02:11:13 2024

