              :-) GROMACS - gmx mdrun, 2021.4-Ubuntu-2021.4-2 (-:

                            GROMACS is written by:
     Andrey Alekseenko              Emile Apol              Rossen Apostolov     
         Paul Bauer           Herman J.C. Berendsen           Par Bjelkmar       
       Christian Blau           Viacheslav Bolnykh             Kevin Boyd        
     Aldert van Buuren           Rudi van Drunen             Anton Feenstra      
    Gilles Gouaillardet             Alan Gray               Gerrit Groenhof      
       Anca Hamuraru            Vincent Hindriksen          M. Eric Irrgang      
      Aleksei Iupinov           Christoph Junghans             Joe Jordan        
    Dimitrios Karkoulis            Peter Kasson                Jiri Kraus        
      Carsten Kutzner              Per Larsson              Justin A. Lemkul     
       Viveca Lindahl            Magnus Lundborg             Erik Marklund       
        Pascal Merz             Pieter Meulenhoff            Teemu Murtola       
        Szilard Pall               Sander Pronk              Roland Schulz       
       Michael Shirts            Alexey Shvetsov             Alfons Sijbers      
       Peter Tieleman              Jon Vincent              Teemu Virolainen     
     Christian Wennberg            Maarten Wolf              Artem Zhmurov       
                           and the project leaders:
        Mark Abraham, Berk Hess, Erik Lindahl, and David van der Spoel

Copyright (c) 1991-2000, University of Groningen, The Netherlands.
Copyright (c) 2001-2019, The GROMACS development team at
Uppsala University, Stockholm University and
the Royal Institute of Technology, Sweden.
check out http://www.gromacs.org for more information.

GROMACS is free software; you can redistribute it and/or modify it
under the terms of the GNU Lesser General Public License
as published by the Free Software Foundation; either version 2.1
of the License, or (at your option) any later version.

GROMACS:      gmx mdrun, version 2021.4-Ubuntu-2021.4-2
Executable:   /usr/bin/gmx
Data prefix:  /usr
Working dir:  /home/1-polyply-gromacs/data/3/gromacs
Process ID:   231061
Command line:
  gmx mdrun -v -deffnm 02-equil

GROMACS version:    2021.4-Ubuntu-2021.4-2
Precision:          mixed
Memory model:       64 bit
MPI library:        thread_mpi
OpenMP support:     enabled (GMX_OPENMP_MAX_THREADS = 64)
GPU support:        disabled
SIMD instructions:  SSE4.1
FFT library:        fftw-3.3.8-sse2-avx
RDTSCP usage:       enabled
TNG support:        enabled
Hwloc support:      hwloc-2.5.0
Tracing support:    disabled
C compiler:         /usr/bin/cc GNU 11.2.0
C compiler flags:   -msse4.1 -Wno-missing-field-initializers -fexcess-precision=fast -funroll-all-loops -O3 -DNDEBUG
C++ compiler:       /usr/bin/c++ GNU 11.2.0
C++ compiler flags: -msse4.1 -Wno-missing-field-initializers -fexcess-precision=fast -funroll-all-loops -fopenmp -O3 -DNDEBUG


Running on 1 node with total 16 cores, 32 logical cores
Hardware detected:
  CPU info:
    Vendor: Intel
    Brand:  Intel(R) Core(TM) i9-14900HX
    Family: 6   Model: 183   Stepping: 1
    Features: aes apic avx avx2 clfsh cmov cx8 cx16 f16c fma htt intel lahf mmx msr nonstop_tsc pcid pclmuldq pdpe1gb popcnt pse rdrnd rdtscp sha sse2 sse3 sse4.1 sse4.2 ssse3 tdt x2apic
  Hardware topology: Full, with devices
    Sockets, cores, and logical processors:
      Socket  0: [   0   1] [   2   3] [   4   5] [   6   7] [   8   9] [  10  11] [  12  13] [  14  15] [  16  17] [  18  19] [  20  21] [  22  23] [  24  25] [  26  27] [  28  29] [  30  31]
    Numa nodes:
      Node  0 (16657502208 bytes mem):   0   1   2   3   4   5   6   7   8   9  10  11  12  13  14  15  16  17  18  19  20  21  22  23  24  25  26  27  28  29  30  31
      Latency:
               0
         0  1.00
    Caches:
      L1: 49152 bytes, linesize 64 bytes, assoc. 12, shared 2 ways
      L2: 2097152 bytes, linesize 64 bytes, assoc. 16, shared 2 ways
      L3: 37748736 bytes, linesize 64 bytes, assoc. 12, shared 32 ways
    PCI devices:
      005f:00:00.0  Id: 1af4:1043  Class: 0x0100  Numa: 0
      b174:00:00.0  Id: 1414:008e  Class: 0x0302  Numa: 0

Highest SIMD level supported by all nodes in run: AVX2_256
SIMD instructions selected at compile time:       SSE4.1
This program was compiled for different hardware than you are running on,
which could influence performance.

++++ PLEASE READ AND CITE THE FOLLOWING REFERENCE ++++
M. J. Abraham, T. Murtola, R. Schulz, S. Páll, J. C. Smith, B. Hess, E.
Lindahl
GROMACS: High performance molecular simulations through multi-level
parallelism from laptops to supercomputers
SoftwareX 1 (2015) pp. 19-25
-------- -------- --- Thank You --- -------- --------


++++ PLEASE READ AND CITE THE FOLLOWING REFERENCE ++++
S. Páll, M. J. Abraham, C. Kutzner, B. Hess, E. Lindahl
Tackling Exascale Software Challenges in Molecular Dynamics Simulations with
GROMACS
In S. Markidis & E. Laure (Eds.), Solving Software Challenges for Exascale 8759 (2015) pp. 3-27
-------- -------- --- Thank You --- -------- --------


++++ PLEASE READ AND CITE THE FOLLOWING REFERENCE ++++
S. Pronk, S. Páll, R. Schulz, P. Larsson, P. Bjelkmar, R. Apostolov, M. R.
Shirts, J. C. Smith, P. M. Kasson, D. van der Spoel, B. Hess, and E. Lindahl
GROMACS 4.5: a high-throughput and highly parallel open source molecular
simulation toolkit
Bioinformatics 29 (2013) pp. 845-54
-------- -------- --- Thank You --- -------- --------


++++ PLEASE READ AND CITE THE FOLLOWING REFERENCE ++++
B. Hess and C. Kutzner and D. van der Spoel and E. Lindahl
GROMACS 4: Algorithms for highly efficient, load-balanced, and scalable
molecular simulation
J. Chem. Theory Comput. 4 (2008) pp. 435-447
-------- -------- --- Thank You --- -------- --------


++++ PLEASE READ AND CITE THE FOLLOWING REFERENCE ++++
D. van der Spoel, E. Lindahl, B. Hess, G. Groenhof, A. E. Mark and H. J. C.
Berendsen
GROMACS: Fast, Flexible and Free
J. Comp. Chem. 26 (2005) pp. 1701-1719
-------- -------- --- Thank You --- -------- --------


++++ PLEASE READ AND CITE THE FOLLOWING REFERENCE ++++
E. Lindahl and B. Hess and D. van der Spoel
GROMACS 3.0: A package for molecular simulation and trajectory analysis
J. Mol. Mod. 7 (2001) pp. 306-317
-------- -------- --- Thank You --- -------- --------


++++ PLEASE READ AND CITE THE FOLLOWING REFERENCE ++++
H. J. C. Berendsen, D. van der Spoel and R. van Drunen
GROMACS: A message-passing parallel molecular dynamics implementation
Comp. Phys. Comm. 91 (1995) pp. 43-56
-------- -------- --- Thank You --- -------- --------

Input Parameters:
   integrator                     = md
   tinit                          = 0
   dt                             = 0.002
   nsteps                         = 5000
   init-step                      = 0
   simulation-part                = 1
   mts                            = false
   comm-mode                      = Linear
   nstcomm                        = 100
   bd-fric                        = 0
   ld-seed                        = -272697857
   emtol                          = 10
   emstep                         = 0.01
   niter                          = 20
   fcstep                         = 0
   nstcgsteep                     = 1000
   nbfgscorr                      = 10
   rtpi                           = 0.05
   nstxout                        = 500
   nstvout                        = 500
   nstfout                        = 0
   nstlog                         = 500
   nstcalcenergy                  = 100
   nstenergy                      = 500
   nstxout-compressed             = 0
   compressed-x-precision         = 1000
   cutoff-scheme                  = Verlet
   nstlist                        = 10
   pbc                            = xyz
   periodic-molecules             = false
   verlet-buffer-tolerance        = 0.005
   rlist                          = 1
   coulombtype                    = PME
   coulomb-modifier               = Potential-shift
   rcoulomb-switch                = 0
   rcoulomb                       = 1
   epsilon-r                      = 1
   epsilon-rf                     = inf
   vdw-type                       = Cut-off
   vdw-modifier                   = Potential-shift
   rvdw-switch                    = 0
   rvdw                           = 1
   DispCorr                       = EnerPres
   table-extension                = 1
   fourierspacing                 = 0.16
   fourier-nx                     = 144
   fourier-ny                     = 144
   fourier-nz                     = 144
   pme-order                      = 4
   ewald-rtol                     = 1e-05
   ewald-rtol-lj                  = 0.001
   lj-pme-comb-rule               = Geometric
   ewald-geometry                 = 0
   epsilon-surface                = 0
   tcoupl                         = V-rescale
   nsttcouple                     = 10
   nh-chain-length                = 0
   print-nose-hoover-chain-variables = false
   pcoupl                         = No
   pcoupltype                     = Isotropic
   nstpcouple                     = -1
   tau-p                          = 1
   compressibility (3x3):
      compressibility[    0]={ 0.00000e+00,  0.00000e+00,  0.00000e+00}
      compressibility[    1]={ 0.00000e+00,  0.00000e+00,  0.00000e+00}
      compressibility[    2]={ 0.00000e+00,  0.00000e+00,  0.00000e+00}
   ref-p (3x3):
      ref-p[    0]={ 0.00000e+00,  0.00000e+00,  0.00000e+00}
      ref-p[    1]={ 0.00000e+00,  0.00000e+00,  0.00000e+00}
      ref-p[    2]={ 0.00000e+00,  0.00000e+00,  0.00000e+00}
   refcoord-scaling               = No
   posres-com (3):
      posres-com[0]= 0.00000e+00
      posres-com[1]= 0.00000e+00
      posres-com[2]= 0.00000e+00
   posres-comB (3):
      posres-comB[0]= 0.00000e+00
      posres-comB[1]= 0.00000e+00
      posres-comB[2]= 0.00000e+00
   QMMM                           = false
qm-opts:
   ngQM                           = 0
   constraint-algorithm           = Lincs
   continuation                   = false
   Shake-SOR                      = false
   shake-tol                      = 0.0001
   lincs-order                    = 4
   lincs-iter                     = 1
   lincs-warnangle                = 30
   nwall                          = 0
   wall-type                      = 9-3
   wall-r-linpot                  = -1
   wall-atomtype[0]               = -1
   wall-atomtype[1]               = -1
   wall-density[0]                = 0
   wall-density[1]                = 0
   wall-ewald-zfac                = 3
   pull                           = false
   awh                            = false
   rotation                       = false
   interactiveMD                  = false
   disre                          = No
   disre-weighting                = Conservative
   disre-mixed                    = false
   dr-fc                          = 1000
   dr-tau                         = 0
   nstdisreout                    = 100
   orire-fc                       = 0
   orire-tau                      = 0
   nstorireout                    = 100
   free-energy                    = no
   cos-acceleration               = 0
   deform (3x3):
      deform[    0]={ 0.00000e+00,  0.00000e+00,  0.00000e+00}
      deform[    1]={ 0.00000e+00,  0.00000e+00,  0.00000e+00}
      deform[    2]={ 0.00000e+00,  0.00000e+00,  0.00000e+00}
   simulated-tempering            = false
   swapcoords                     = no
   userint1                       = 0
   userint2                       = 0
   userint3                       = 0
   userint4                       = 0
   userreal1                      = 0
   userreal2                      = 0
   userreal3                      = 0
   userreal4                      = 0
   applied-forces:
     electric-field:
       x:
         E0                       = 0
         omega                    = 0
         t0                       = 0
         sigma                    = 0
       y:
         E0                       = 0
         omega                    = 0
         t0                       = 0
         sigma                    = 0
       z:
         E0                       = 0
         omega                    = 0
         t0                       = 0
         sigma                    = 0
     density-guided-simulation:
       active                     = false
       group                      = protein
       similarity-measure         = inner-product
       atom-spreading-weight      = unity
       force-constant             = 1e+09
       gaussian-transform-spreading-width = 0.2
       gaussian-transform-spreading-range-in-multiples-of-width = 4
       reference-density-filename = reference.mrc
       nst                        = 1
       normalize-densities        = true
       adaptive-force-scaling     = false
       adaptive-force-scaling-time-constant = 4
       shift-vector               = 
       transformation-matrix      = 
grpopts:
   nrdf:      301903
   ref-t:         300
   tau-t:         0.1
annealing:          No
annealing-npoints:           0
   acc:	           0           0           0
   nfreeze:           N           N           N
   energygrp-flags[  0]: 0

Changing nstlist from 10 to 100, rlist from 1 to 1.057


Initializing Domain Decomposition on 32 ranks
Dynamic load balancing: auto
Minimum cell size due to atom displacement: 0.285 nm
Initial maximum distances in bonded interactions:
    two-body bonded interactions: 1.014 nm, Exclusion, atoms 32 37
  multi-body bonded interactions: 0.887 nm, Improper Dih., atoms 249 256
Minimum cell size due to bonded interactions: 0.975 nm
Maximum distance for 5 constraints, at 120 deg. angles, all-trans: 1.036 nm
Estimated maximum distance required for P-LINCS: 1.036 nm
This distance will limit the DD cell size, you can override this with -rcon
Scaling the initial minimum size with 1/0.8 (option -dds) = 1.25
Guess for relative PME load: 0.78
Using 0 separate PME ranks, as guessed by mdrun
Optimizing the DD grid for 32 cells with a minimum initial size of 1.295 nm
The maximum allowed number of cells is: X 17 Y 17 Z 17
Domain decomposition grid 16 x 2 x 1, separate PME ranks 0
PME domain decomposition: 16 x 2 x 1
Domain decomposition rank 0, coordinates 0 0 0

The initial number of communication pulses is: X 1 Y 1
The initial domain decomposition cell size is: X 1.43 nm Y 11.45 nm

The maximum allowed distance for atoms involved in interactions is:
                 non-bonded interactions           1.057 nm
            two-body bonded interactions  (-rdd)   1.057 nm
          multi-body bonded interactions  (-rdd)   1.057 nm
  atoms separated by up to 5 constraints  (-rcon)  1.432 nm

When dynamic load balancing gets turned on, these settings will change to:
The maximum number of communication pulses is: X 1 Y 1
The minimum size for domain decomposition cells is 1.057 nm
The requested allowed shrink of DD cells (option -dds) is: 0.80
The allowed shrink of domain decomposition cells is: X 0.74 Y 0.09
The maximum allowed distance for atoms involved in interactions is:
                 non-bonded interactions           1.057 nm
            two-body bonded interactions  (-rdd)   1.057 nm
          multi-body bonded interactions  (-rdd)   1.057 nm
  atoms separated by up to 5 constraints  (-rcon)  1.057 nm

Using 32 MPI threads
Using 1 OpenMP thread per tMPI thread

Pinning threads with an auto-selected logical core stride of 1
System total charge: 130.000
Will do PME sum in reciprocal space for electrostatic interactions.

++++ PLEASE READ AND CITE THE FOLLOWING REFERENCE ++++
U. Essmann, L. Perera, M. L. Berkowitz, T. Darden, H. Lee and L. G. Pedersen 
A smooth particle mesh Ewald method
J. Chem. Phys. 103 (1995) pp. 8577-8592
-------- -------- --- Thank You --- -------- --------

Using a Gaussian width (1/beta) of 0.320163 nm for Ewald
Potential shift: LJ r^-12: -1.000e+00 r^-6: -1.000e+00, Ewald -1.000e-05
Initialized non-bonded Ewald tables, spacing: 9.33e-04 size: 1073

Long Range LJ corr.: <C6> 2.1531e-01


Using SIMD 4x4 nonbonded short-range kernels

Using a dual 4x4 pair-list setup updated with dynamic pruning:
  outer list: updated every 100 steps, buffer 0.057 nm, rlist 1.057 nm
  inner list: updated every  17 steps, buffer 0.001 nm, rlist 1.001 nm
At tolerance 0.005 kJ/mol/ps per atom, equivalent classical 1x1 list would be:
  outer list: updated every 100 steps, buffer 0.098 nm, rlist 1.098 nm
  inner list: updated every  17 steps, buffer 0.009 nm, rlist 1.009 nm

Using full Lennard-Jones parameter combination matrix
Removing pbc first time

Initializing Parallel LINear Constraint Solver

++++ PLEASE READ AND CITE THE FOLLOWING REFERENCE ++++
B. Hess
P-LINCS: A Parallel Linear Constraint Solver for molecular simulation
J. Chem. Theory Comput. 4 (2008) pp. 116-122
-------- -------- --- Thank You --- -------- --------

The number of constraints is 251
There are constraints between atoms in different decomposition domains,
will communicate selected coordinates each lincs iteration
99 constraints are involved in constraint triangles,
will apply an additional matrix expansion of order 4 for couplings
between constraints inside triangles

Linking all bonded interactions to atoms


Intra-simulation communication will occur every 10 steps.

++++ PLEASE READ AND CITE THE FOLLOWING REFERENCE ++++
G. Bussi, D. Donadio and M. Parrinello
Canonical sampling through velocity rescaling
J. Chem. Phys. 126 (2007) pp. 014101
-------- -------- --- Thank You --- -------- --------

There are: 100719 Atoms
Atom distribution over 32 domains: av 3147 stddev 63 min 3086 max 3236

Constraining the starting coordinates (step 0)

Constraining the coordinates at t0-dt (step 0)
Center of mass motion removal mode is Linear
We have the following groups for center of mass motion removal:
  0:  rest
RMS relative constraint deviation after constraining: 0.00e+00
Initial temperature: 300.022 K

Started mdrun on rank 0 Wed Jun 26 18:44:23 2024

           Step           Time
              0        0.00000

   Energies (kJ/mol)
           Bond          Angle       G96Angle    Proper Dih.  Improper Dih.
    5.04242e+02    4.90198e+02    1.52140e+03    3.56908e+02    1.26189e+03
        LJ (SR)  Disper. corr.   Coulomb (SR)   Coul. recip.      Potential
   -2.76985e+06   -7.50026e+05   -7.99875e+04    1.14969e+05   -3.48076e+06
    Kinetic En.   Total Energy  Conserved En.    Temperature Pres. DC (bar)
    3.76552e+05   -3.10421e+06   -3.10421e+06    3.00022e+02   -1.05075e+03
 Pressure (bar)   Constr. rmsd
   -2.53962e+03    4.64220e-06


DD  step 99 load imb.: force 23.6%

step 200 Turning on dynamic load balancing, because the performance loss due to load imbalance is 3.1 %.

DD  step 499  vol min/aver 0.909  load imb.: force  9.9%
           Step           Time
            500        1.00000

   Energies (kJ/mol)
           Bond          Angle       G96Angle    Proper Dih.  Improper Dih.
    8.66403e+02    6.40935e+02    2.01159e+03    3.67408e+02    1.21227e+03
        LJ (SR)  Disper. corr.   Coulomb (SR)   Coul. recip.      Potential
   -2.48951e+06   -7.50026e+05   -8.00073e+04    1.08041e+05   -3.20640e+06
    Kinetic En.   Total Energy  Conserved En.    Temperature Pres. DC (bar)
    3.79036e+05   -2.82736e+06   -3.10531e+06    3.02001e+02   -1.05075e+03
 Pressure (bar)   Constr. rmsd
   -4.75778e+02    3.95243e-06


DD  step 999  vol min/aver 0.843  load imb.: force 11.9%
           Step           Time
           1000        2.00000

   Energies (kJ/mol)
           Bond          Angle       G96Angle    Proper Dih.  Improper Dih.
    8.09673e+02    6.14191e+02    2.01653e+03    3.49632e+02    1.06910e+03
        LJ (SR)  Disper. corr.   Coulomb (SR)   Coul. recip.      Potential
   -2.50352e+06   -7.50026e+05   -8.00460e+04    1.00518e+05   -3.22822e+06
    Kinetic En.   Total Energy  Conserved En.    Temperature Pres. DC (bar)
    3.78321e+05   -2.84989e+06   -3.10616e+06    3.01431e+02   -1.05075e+03
 Pressure (bar)   Constr. rmsd
   -6.56121e+02    4.02462e-06


DD  step 1499  vol min/aver 0.860  load imb.: force 16.0%
           Step           Time
           1500        3.00000

   Energies (kJ/mol)
           Bond          Angle       G96Angle    Proper Dih.  Improper Dih.
    1.01615e+03    5.97572e+02    1.82526e+03    3.49871e+02    1.13477e+03
        LJ (SR)  Disper. corr.   Coulomb (SR)   Coul. recip.      Potential
   -2.50968e+06   -7.50026e+05   -8.00830e+04    9.43666e+04   -3.24050e+06
    Kinetic En.   Total Energy  Conserved En.    Temperature Pres. DC (bar)
    3.79283e+05   -2.86122e+06   -3.10700e+06    3.02198e+02   -1.05075e+03
 Pressure (bar)   Constr. rmsd
   -7.25756e+02    3.83911e-06


DD  step 1999  vol min/aver 0.748  load imb.: force 59.9%
           Step           Time
           2000        4.00000

   Energies (kJ/mol)
           Bond          Angle       G96Angle    Proper Dih.  Improper Dih.
    9.24379e+02    5.90105e+02    1.97971e+03    3.58227e+02    1.09323e+03
        LJ (SR)  Disper. corr.   Coulomb (SR)   Coul. recip.      Potential
   -2.51475e+06   -7.50026e+05   -8.01801e+04    9.01512e+04   -3.24986e+06
    Kinetic En.   Total Energy  Conserved En.    Temperature Pres. DC (bar)
    3.80580e+05   -2.86928e+06   -3.10783e+06    3.03232e+02   -1.05075e+03
 Pressure (bar)   Constr. rmsd
   -7.72469e+02    3.93693e-06


DD  load balancing is limited by minimum cell size in dimension X
DD  step 2499  vol min/aver 0.553! load imb.: force 24.0%
           Step           Time
           2500        5.00000

   Energies (kJ/mol)
           Bond          Angle       G96Angle    Proper Dih.  Improper Dih.
    8.67302e+02    5.88006e+02    1.78008e+03    3.45933e+02    1.12005e+03
        LJ (SR)  Disper. corr.   Coulomb (SR)   Coul. recip.      Potential
   -2.51599e+06   -7.50026e+05   -8.02114e+04    8.67599e+04   -3.25477e+06
    Kinetic En.   Total Energy  Conserved En.    Temperature Pres. DC (bar)
    3.75662e+05   -2.87911e+06   -3.10865e+06    2.99313e+02   -1.05075e+03
 Pressure (bar)   Constr. rmsd
   -7.92974e+02    4.07963e-06


DD  step 2999  vol min/aver 0.514  load imb.: force 11.1%
           Step           Time
           3000        6.00000

   Energies (kJ/mol)
           Bond          Angle       G96Angle    Proper Dih.  Improper Dih.
    8.46101e+02    6.39488e+02    1.82092e+03    3.62955e+02    1.06727e+03
        LJ (SR)  Disper. corr.   Coulomb (SR)   Coul. recip.      Potential
   -2.51817e+06   -7.50026e+05   -8.03138e+04    8.27407e+04   -3.26103e+06
    Kinetic En.   Total Energy  Conserved En.    Temperature Pres. DC (bar)
    3.75017e+05   -2.88601e+06   -3.10948e+06    2.98799e+02   -1.05075e+03
 Pressure (bar)   Constr. rmsd
   -8.10770e+02    3.98911e-06


DD  step 3499  vol min/aver 0.441  load imb.: force 11.7%
           Step           Time
           3500        7.00000

   Energies (kJ/mol)
           Bond          Angle       G96Angle    Proper Dih.  Improper Dih.
    1.01452e+03    5.99295e+02    1.80889e+03    3.49139e+02    9.69694e+02
        LJ (SR)  Disper. corr.   Coulomb (SR)   Coul. recip.      Potential
   -2.51743e+06   -7.50026e+05   -8.03449e+04    7.94408e+04   -3.26362e+06
    Kinetic En.   Total Energy  Conserved En.    Temperature Pres. DC (bar)
    3.75740e+05   -2.88788e+06   -3.11030e+06    2.99375e+02   -1.05075e+03
 Pressure (bar)   Constr. rmsd
   -8.10405e+02    4.32480e-06


DD  step 3999  vol min/aver 0.607  load imb.: force 25.0%
           Step           Time
           4000        8.00000

   Energies (kJ/mol)
           Bond          Angle       G96Angle    Proper Dih.  Improper Dih.
    9.52797e+02    5.97071e+02    1.94545e+03    3.15084e+02    9.93027e+02
        LJ (SR)  Disper. corr.   Coulomb (SR)   Coul. recip.      Potential
   -2.51756e+06   -7.50026e+05   -8.04846e+04    7.66110e+04   -3.26666e+06
    Kinetic En.   Total Energy  Conserved En.    Temperature Pres. DC (bar)
    3.77365e+05   -2.88930e+06   -3.11113e+06    3.00670e+02   -1.05075e+03
 Pressure (bar)   Constr. rmsd
   -8.08566e+02    4.05583e-06


DD  step 4499  vol min/aver 0.749  load imb.: force 11.0%
           Step           Time
           4500        9.00000

   Energies (kJ/mol)
           Bond          Angle       G96Angle    Proper Dih.  Improper Dih.
    1.01234e+03    5.78649e+02    1.81547e+03    3.20668e+02    1.03043e+03
        LJ (SR)  Disper. corr.   Coulomb (SR)   Coul. recip.      Potential
   -2.51873e+06   -7.50026e+05   -8.05702e+04    7.40261e+04   -3.27055e+06
    Kinetic En.   Total Energy  Conserved En.    Temperature Pres. DC (bar)
    3.76851e+05   -2.89370e+06   -3.11198e+06    3.00260e+02   -1.05075e+03
 Pressure (bar)   Constr. rmsd
   -8.14591e+02    4.52907e-06


DD  step 4999  vol min/aver 0.713  load imb.: force 25.6%
           Step           Time
           5000       10.00000

Writing checkpoint, step 5000 at Wed Jun 26 18:44:50 2024


   Energies (kJ/mol)
           Bond          Angle       G96Angle    Proper Dih.  Improper Dih.
    9.37217e+02    5.81467e+02    1.69834e+03    3.31673e+02    9.78514e+02
        LJ (SR)  Disper. corr.   Coulomb (SR)   Coul. recip.      Potential
   -2.51705e+06   -7.50026e+05   -8.06724e+04    7.21521e+04   -3.27107e+06
    Kinetic En.   Total Energy  Conserved En.    Temperature Pres. DC (bar)
    3.76773e+05   -2.89429e+06   -3.11283e+06    3.00198e+02   -1.05075e+03
 Pressure (bar)   Constr. rmsd
   -8.06042e+02    4.11133e-06


Energy conservation over simulation part #1 of length 10 ns, time 0 to 10 ns
  Conserved energy drift: -8.56e-03 kJ/mol/ps per atom


	<======  ###############  ==>
	<====  A V E R A G E S  ====>
	<==  ###############  ======>

	Statistics over 5001 steps using 51 frames

   Energies (kJ/mol)
           Bond          Angle       G96Angle    Proper Dih.  Improper Dih.
    9.09348e+02    5.83940e+02    1.88271e+03    3.46372e+02    1.08702e+03
        LJ (SR)  Disper. corr.   Coulomb (SR)   Coul. recip.      Potential
   -2.51639e+06   -7.50026e+05   -8.02504e+04    8.87405e+04   -3.25312e+06
    Kinetic En.   Total Energy  Conserved En.    Temperature Pres. DC (bar)
    3.75047e+05   -2.87807e+06   -3.10864e+06    2.98823e+02   -1.05075e+03
 Pressure (bar)   Constr. rmsd
   -7.64558e+02    0.00000e+00

   Total Virial (kJ/mol)
    4.02181e+05   -2.13515e+03    2.99193e+03
   -2.13515e+03    3.98913e+05    5.81778e+02
    2.99193e+03    5.81749e+02    4.04398e+05

   Pressure (bar)
   -7.65629e+02    5.52806e+00   -8.42819e+00
    5.52806e+00   -7.56559e+02   -1.61135e+00
   -8.42818e+00   -1.61127e+00   -7.71487e+02


	M E G A - F L O P S   A C C O U N T I N G

 NB=Group-cutoff nonbonded kernels    NxN=N-by-N cluster Verlet kernels
 RF=Reaction-Field  VdW=Van der Waals  QSTab=quadratic-spline table
 W3=SPC/TIP3p  W4=TIP4p (single or pairs)
 V&F=Potential and force  V=Potential only  F=Force only

 Computing:                               M-Number         M-Flops  % Flops
-----------------------------------------------------------------------------
 Pair Search distance check             577.171106        5194.540     0.1
 NxN QSTab Elec. + LJ [F]               467.600760       19171.631     0.3
 NxN QSTab Elec. + LJ [V&F]               4.814200         284.038     0.0
 NxN LJ [F]                           37181.759472     1226998.063    18.2
 NxN LJ [V&F]                           383.048880       16471.102     0.2
 NxN QSTab Elec. [F]                      0.273240           9.290     0.0
 NxN QSTab Elec. [V&F]                    0.002760           0.113     0.0
 Calc Weights                          1511.087157       54399.138     0.8
 Spread Q Bspline                     32236.526016       64473.052     1.0
 Gather F Bspline                     32236.526016      193419.156     2.9
 3D-FFT                              642406.875684     5139255.005    76.3
 Solve PME                              207.401472       13273.694     0.2
 Reset In Box                             5.136669          15.410     0.0
 CG-CoM                                   5.237388          15.712     0.0
 Bonds                                    1.600320          94.419     0.0
 Angles                                   3.720744         625.085     0.0
 Propers                                  1.050210         240.498     0.0
 Impropers                                1.405281         292.298     0.0
 Virial                                   5.210109          93.782     0.0
 Stop-CM                                  5.237388          52.374     0.0
 Calc-Ekin                              100.920438        2724.852     0.0
 Lincs                                    1.482925          88.975     0.0
 Lincs-Mat                               22.441956          89.768     0.0
 Constraint-V                             2.965224          26.687     0.0
 Constraint-Vir                           0.015119           0.363     0.0
-----------------------------------------------------------------------------
 Total                                                 6737309.046   100.0
-----------------------------------------------------------------------------


    D O M A I N   D E C O M P O S I T I O N   S T A T I S T I C S

 av. #atoms communicated per step for force:  2 x 90858.5
 av. #atoms communicated per step for LINCS:  2 x 46.2


Dynamic load balancing report:
 DLB was turned on during the run due to measured imbalance.
 Average load imbalance: 21.3%.
 The balanceable part of the MD step is 14%, load imbalance is computed from this.
 Part of the total run time spent waiting due to load imbalance: 3.1%.
 Steps where the load balancing was limited by -rdd, -rcon and/or -dds: X 0 % Y 0 %


     R E A L   C Y C L E   A N D   T I M E   A C C O U N T I N G

On 32 MPI ranks

 Computing:          Num   Num      Call    Wall time         Giga-Cycles
                     Ranks Threads  Count      (s)         total sum    %
-----------------------------------------------------------------------------
 Domain decomp.        32    1         51       0.165         12.745   0.6
 DD comm. load         32    1         50       0.006          0.439   0.0
 DD comm. bounds       32    1         49       0.027          2.054   0.1
 Neighbor search       32    1         51       0.098          7.593   0.3
 Comm. coord.          32    1       4950       0.840         65.042   3.0
 Force                 32    1       5001       2.525        195.465   9.0
 Wait + Comm. F        32    1       5001       0.744         57.611   2.6
 PME mesh              32    1       5001      21.604       1672.270  76.8
 NB X/F buffer ops.    32    1      14901       0.244         18.909   0.9
 Write traj.           32    1         11       0.066          5.089   0.2
 Update                32    1       5001       0.208         16.074   0.7
 Constraints           32    1       5003       0.252         19.535   0.9
 Comm. energies        32    1        501       1.272         98.428   4.5
 Rest                                           0.062          4.833   0.2
-----------------------------------------------------------------------------
 Total                                         28.113       2176.086 100.0
-----------------------------------------------------------------------------
 Breakdown of PME mesh computation
-----------------------------------------------------------------------------
 PME redist. X/F       32    1      10002       4.804        371.824  17.1
 PME spread            32    1       5001       2.812        217.655  10.0
 PME gather            32    1       5001       1.255         97.168   4.5
 PME 3D-FFT            32    1      10002       4.963        384.153  17.7
 PME 3D-FFT Comm.      32    1      20004       7.043        545.171  25.1
 PME solve Elec        32    1       5001       0.716         55.383   2.5
-----------------------------------------------------------------------------

               Core t (s)   Wall t (s)        (%)
       Time:      899.500       28.113     3199.6
                 (ns/day)    (hour/ns)
Performance:       30.739        0.781
Finished mdrun on rank 0 Wed Jun 26 18:44:51 2024

