              :-) GROMACS - gmx mdrun, 2021.4-Ubuntu-2021.4-2 (-:

                            GROMACS is written by:
     Andrey Alekseenko              Emile Apol              Rossen Apostolov     
         Paul Bauer           Herman J.C. Berendsen           Par Bjelkmar       
       Christian Blau           Viacheslav Bolnykh             Kevin Boyd        
     Aldert van Buuren           Rudi van Drunen             Anton Feenstra      
    Gilles Gouaillardet             Alan Gray               Gerrit Groenhof      
       Anca Hamuraru            Vincent Hindriksen          M. Eric Irrgang      
      Aleksei Iupinov           Christoph Junghans             Joe Jordan        
    Dimitrios Karkoulis            Peter Kasson                Jiri Kraus        
      Carsten Kutzner              Per Larsson              Justin A. Lemkul     
       Viveca Lindahl            Magnus Lundborg             Erik Marklund       
        Pascal Merz             Pieter Meulenhoff            Teemu Murtola       
        Szilard Pall               Sander Pronk              Roland Schulz       
       Michael Shirts            Alexey Shvetsov             Alfons Sijbers      
       Peter Tieleman              Jon Vincent              Teemu Virolainen     
     Christian Wennberg            Maarten Wolf              Artem Zhmurov       
                           and the project leaders:
        Mark Abraham, Berk Hess, Erik Lindahl, and David van der Spoel

Copyright (c) 1991-2000, University of Groningen, The Netherlands.
Copyright (c) 2001-2019, The GROMACS development team at
Uppsala University, Stockholm University and
the Royal Institute of Technology, Sweden.
check out http://www.gromacs.org for more information.

GROMACS is free software; you can redistribute it and/or modify it
under the terms of the GNU Lesser General Public License
as published by the Free Software Foundation; either version 2.1
of the License, or (at your option) any later version.

GROMACS:      gmx mdrun, version 2021.4-Ubuntu-2021.4-2
Executable:   /usr/bin/gmx
Data prefix:  /usr
Working dir:  /home/1-polyply-gromacs/data/3/gromacs
Process ID:   231693
Command line:
  gmx mdrun -v -deffnm 03-mdrun

GROMACS version:    2021.4-Ubuntu-2021.4-2
Precision:          mixed
Memory model:       64 bit
MPI library:        thread_mpi
OpenMP support:     enabled (GMX_OPENMP_MAX_THREADS = 64)
GPU support:        disabled
SIMD instructions:  SSE4.1
FFT library:        fftw-3.3.8-sse2-avx
RDTSCP usage:       enabled
TNG support:        enabled
Hwloc support:      hwloc-2.5.0
Tracing support:    disabled
C compiler:         /usr/bin/cc GNU 11.2.0
C compiler flags:   -msse4.1 -Wno-missing-field-initializers -fexcess-precision=fast -funroll-all-loops -O3 -DNDEBUG
C++ compiler:       /usr/bin/c++ GNU 11.2.0
C++ compiler flags: -msse4.1 -Wno-missing-field-initializers -fexcess-precision=fast -funroll-all-loops -fopenmp -O3 -DNDEBUG


Running on 1 node with total 16 cores, 32 logical cores
Hardware detected:
  CPU info:
    Vendor: Intel
    Brand:  Intel(R) Core(TM) i9-14900HX
    Family: 6   Model: 183   Stepping: 1
    Features: aes apic avx avx2 clfsh cmov cx8 cx16 f16c fma htt intel lahf mmx msr nonstop_tsc pcid pclmuldq pdpe1gb popcnt pse rdrnd rdtscp sha sse2 sse3 sse4.1 sse4.2 ssse3 tdt x2apic
  Hardware topology: Full, with devices
    Sockets, cores, and logical processors:
      Socket  0: [   0   1] [   2   3] [   4   5] [   6   7] [   8   9] [  10  11] [  12  13] [  14  15] [  16  17] [  18  19] [  20  21] [  22  23] [  24  25] [  26  27] [  28  29] [  30  31]
    Numa nodes:
      Node  0 (16657502208 bytes mem):   0   1   2   3   4   5   6   7   8   9  10  11  12  13  14  15  16  17  18  19  20  21  22  23  24  25  26  27  28  29  30  31
      Latency:
               0
         0  1.00
    Caches:
      L1: 49152 bytes, linesize 64 bytes, assoc. 12, shared 2 ways
      L2: 2097152 bytes, linesize 64 bytes, assoc. 16, shared 2 ways
      L3: 37748736 bytes, linesize 64 bytes, assoc. 12, shared 32 ways
    PCI devices:
      005f:00:00.0  Id: 1af4:1043  Class: 0x0100  Numa: 0
      b174:00:00.0  Id: 1414:008e  Class: 0x0302  Numa: 0

Highest SIMD level supported by all nodes in run: AVX2_256
SIMD instructions selected at compile time:       SSE4.1
This program was compiled for different hardware than you are running on,
which could influence performance.

++++ PLEASE READ AND CITE THE FOLLOWING REFERENCE ++++
M. J. Abraham, T. Murtola, R. Schulz, S. Páll, J. C. Smith, B. Hess, E.
Lindahl
GROMACS: High performance molecular simulations through multi-level
parallelism from laptops to supercomputers
SoftwareX 1 (2015) pp. 19-25
-------- -------- --- Thank You --- -------- --------


++++ PLEASE READ AND CITE THE FOLLOWING REFERENCE ++++
S. Páll, M. J. Abraham, C. Kutzner, B. Hess, E. Lindahl
Tackling Exascale Software Challenges in Molecular Dynamics Simulations with
GROMACS
In S. Markidis & E. Laure (Eds.), Solving Software Challenges for Exascale 8759 (2015) pp. 3-27
-------- -------- --- Thank You --- -------- --------


++++ PLEASE READ AND CITE THE FOLLOWING REFERENCE ++++
S. Pronk, S. Páll, R. Schulz, P. Larsson, P. Bjelkmar, R. Apostolov, M. R.
Shirts, J. C. Smith, P. M. Kasson, D. van der Spoel, B. Hess, and E. Lindahl
GROMACS 4.5: a high-throughput and highly parallel open source molecular
simulation toolkit
Bioinformatics 29 (2013) pp. 845-54
-------- -------- --- Thank You --- -------- --------


++++ PLEASE READ AND CITE THE FOLLOWING REFERENCE ++++
B. Hess and C. Kutzner and D. van der Spoel and E. Lindahl
GROMACS 4: Algorithms for highly efficient, load-balanced, and scalable
molecular simulation
J. Chem. Theory Comput. 4 (2008) pp. 435-447
-------- -------- --- Thank You --- -------- --------


++++ PLEASE READ AND CITE THE FOLLOWING REFERENCE ++++
D. van der Spoel, E. Lindahl, B. Hess, G. Groenhof, A. E. Mark and H. J. C.
Berendsen
GROMACS: Fast, Flexible and Free
J. Comp. Chem. 26 (2005) pp. 1701-1719
-------- -------- --- Thank You --- -------- --------


++++ PLEASE READ AND CITE THE FOLLOWING REFERENCE ++++
E. Lindahl and B. Hess and D. van der Spoel
GROMACS 3.0: A package for molecular simulation and trajectory analysis
J. Mol. Mod. 7 (2001) pp. 306-317
-------- -------- --- Thank You --- -------- --------


++++ PLEASE READ AND CITE THE FOLLOWING REFERENCE ++++
H. J. C. Berendsen, D. van der Spoel and R. van Drunen
GROMACS: A message-passing parallel molecular dynamics implementation
Comp. Phys. Comm. 91 (1995) pp. 43-56
-------- -------- --- Thank You --- -------- --------

Input Parameters:
   integrator                     = md
   tinit                          = 0
   dt                             = 0.002
   nsteps                         = 5000
   init-step                      = 0
   simulation-part                = 1
   mts                            = false
   comm-mode                      = Linear
   nstcomm                        = 100
   bd-fric                        = 0
   ld-seed                        = -672276753
   emtol                          = 10
   emstep                         = 0.01
   niter                          = 20
   fcstep                         = 0
   nstcgsteep                     = 1000
   nbfgscorr                      = 10
   rtpi                           = 0.05
   nstxout                        = 500
   nstvout                        = 500
   nstfout                        = 0
   nstlog                         = 500
   nstcalcenergy                  = 100
   nstenergy                      = 500
   nstxout-compressed             = 0
   compressed-x-precision         = 1000
   cutoff-scheme                  = Verlet
   nstlist                        = 10
   pbc                            = xyz
   periodic-molecules             = false
   verlet-buffer-tolerance        = 0.005
   rlist                          = 1
   coulombtype                    = PME
   coulomb-modifier               = Potential-shift
   rcoulomb-switch                = 0
   rcoulomb                       = 1
   epsilon-r                      = 1
   epsilon-rf                     = inf
   vdw-type                       = Cut-off
   vdw-modifier                   = Potential-shift
   rvdw-switch                    = 0
   rvdw                           = 1
   DispCorr                       = EnerPres
   table-extension                = 1
   fourierspacing                 = 0.16
   fourier-nx                     = 144
   fourier-ny                     = 144
   fourier-nz                     = 144
   pme-order                      = 4
   ewald-rtol                     = 1e-05
   ewald-rtol-lj                  = 0.001
   lj-pme-comb-rule               = Geometric
   ewald-geometry                 = 0
   epsilon-surface                = 0
   tcoupl                         = V-rescale
   nsttcouple                     = 10
   nh-chain-length                = 0
   print-nose-hoover-chain-variables = false
   pcoupl                         = Parrinello-Rahman
   pcoupltype                     = Isotropic
   nstpcouple                     = 10
   tau-p                          = 2
   compressibility (3x3):
      compressibility[    0]={ 4.50000e-05,  0.00000e+00,  0.00000e+00}
      compressibility[    1]={ 0.00000e+00,  4.50000e-05,  0.00000e+00}
      compressibility[    2]={ 0.00000e+00,  0.00000e+00,  4.50000e-05}
   ref-p (3x3):
      ref-p[    0]={ 1.00000e+00,  0.00000e+00,  0.00000e+00}
      ref-p[    1]={ 0.00000e+00,  1.00000e+00,  0.00000e+00}
      ref-p[    2]={ 0.00000e+00,  0.00000e+00,  1.00000e+00}
   refcoord-scaling               = COM
   posres-com (3):
      posres-com[0]= 0.00000e+00
      posres-com[1]= 0.00000e+00
      posres-com[2]= 0.00000e+00
   posres-comB (3):
      posres-comB[0]= 0.00000e+00
      posres-comB[1]= 0.00000e+00
      posres-comB[2]= 0.00000e+00
   QMMM                           = false
qm-opts:
   ngQM                           = 0
   constraint-algorithm           = Lincs
   continuation                   = true
   Shake-SOR                      = false
   shake-tol                      = 0.0001
   lincs-order                    = 4
   lincs-iter                     = 1
   lincs-warnangle                = 30
   nwall                          = 0
   wall-type                      = 9-3
   wall-r-linpot                  = -1
   wall-atomtype[0]               = -1
   wall-atomtype[1]               = -1
   wall-density[0]                = 0
   wall-density[1]                = 0
   wall-ewald-zfac                = 3
   pull                           = false
   awh                            = false
   rotation                       = false
   interactiveMD                  = false
   disre                          = No
   disre-weighting                = Conservative
   disre-mixed                    = false
   dr-fc                          = 1000
   dr-tau                         = 0
   nstdisreout                    = 100
   orire-fc                       = 0
   orire-tau                      = 0
   nstorireout                    = 100
   free-energy                    = no
   cos-acceleration               = 0
   deform (3x3):
      deform[    0]={ 0.00000e+00,  0.00000e+00,  0.00000e+00}
      deform[    1]={ 0.00000e+00,  0.00000e+00,  0.00000e+00}
      deform[    2]={ 0.00000e+00,  0.00000e+00,  0.00000e+00}
   simulated-tempering            = false
   swapcoords                     = no
   userint1                       = 0
   userint2                       = 0
   userint3                       = 0
   userint4                       = 0
   userreal1                      = 0
   userreal2                      = 0
   userreal3                      = 0
   userreal4                      = 0
   applied-forces:
     electric-field:
       x:
         E0                       = 0
         omega                    = 0
         t0                       = 0
         sigma                    = 0
       y:
         E0                       = 0
         omega                    = 0
         t0                       = 0
         sigma                    = 0
       z:
         E0                       = 0
         omega                    = 0
         t0                       = 0
         sigma                    = 0
     density-guided-simulation:
       active                     = false
       group                      = protein
       similarity-measure         = inner-product
       atom-spreading-weight      = unity
       force-constant             = 1e+09
       gaussian-transform-spreading-width = 0.2
       gaussian-transform-spreading-range-in-multiples-of-width = 4
       reference-density-filename = reference.mrc
       nst                        = 1
       normalize-densities        = true
       adaptive-force-scaling     = false
       adaptive-force-scaling-time-constant = 4
       shift-vector               = 
       transformation-matrix      = 
grpopts:
   nrdf:      301903
   ref-t:         300
   tau-t:         0.1
annealing:          No
annealing-npoints:           0
   acc:	           0           0           0
   nfreeze:           N           N           N
   energygrp-flags[  0]: 0

Changing nstlist from 10 to 100, rlist from 1 to 1.057


Initializing Domain Decomposition on 32 ranks
Dynamic load balancing: auto
Minimum cell size due to atom displacement: 0.285 nm
Initial maximum distances in bonded interactions:
    two-body bonded interactions: 0.996 nm, Exclusion, atoms 78 83
  multi-body bonded interactions: 0.916 nm, Improper Dih., atoms 177 184
Minimum cell size due to bonded interactions: 1.008 nm
Maximum distance for 5 constraints, at 120 deg. angles, all-trans: 1.036 nm
Estimated maximum distance required for P-LINCS: 1.036 nm
This distance will limit the DD cell size, you can override this with -rcon
Scaling the initial minimum size with 1/0.8 (option -dds) = 1.25
Guess for relative PME load: 0.78
Using 0 separate PME ranks, as guessed by mdrun
Optimizing the DD grid for 32 cells with a minimum initial size of 1.295 nm
The maximum allowed number of cells is: X 17 Y 17 Z 17
Domain decomposition grid 16 x 2 x 1, separate PME ranks 0
PME domain decomposition: 16 x 2 x 1
Domain decomposition rank 0, coordinates 0 0 0

The initial number of communication pulses is: X 1 Y 1
The initial domain decomposition cell size is: X 1.43 nm Y 11.45 nm

The maximum allowed distance for atoms involved in interactions is:
                 non-bonded interactions           1.057 nm
(the following are initial values, they could change due to box deformation)
            two-body bonded interactions  (-rdd)   1.057 nm
          multi-body bonded interactions  (-rdd)   1.057 nm
  atoms separated by up to 5 constraints  (-rcon)  1.432 nm

When dynamic load balancing gets turned on, these settings will change to:
The maximum number of communication pulses is: X 1 Y 1
The minimum size for domain decomposition cells is 1.057 nm
The requested allowed shrink of DD cells (option -dds) is: 0.80
The allowed shrink of domain decomposition cells is: X 0.74 Y 0.09
The maximum allowed distance for atoms involved in interactions is:
                 non-bonded interactions           1.057 nm
            two-body bonded interactions  (-rdd)   1.057 nm
          multi-body bonded interactions  (-rdd)   1.057 nm
  atoms separated by up to 5 constraints  (-rcon)  1.057 nm

Using 32 MPI threads
Using 1 OpenMP thread per tMPI thread

Pinning threads with an auto-selected logical core stride of 1
System total charge: 130.000
Will do PME sum in reciprocal space for electrostatic interactions.

++++ PLEASE READ AND CITE THE FOLLOWING REFERENCE ++++
U. Essmann, L. Perera, M. L. Berkowitz, T. Darden, H. Lee and L. G. Pedersen 
A smooth particle mesh Ewald method
J. Chem. Phys. 103 (1995) pp. 8577-8592
-------- -------- --- Thank You --- -------- --------

Using a Gaussian width (1/beta) of 0.320163 nm for Ewald
Potential shift: LJ r^-12: -1.000e+00 r^-6: -1.000e+00, Ewald -1.000e-05
Initialized non-bonded Ewald tables, spacing: 9.33e-04 size: 1073

Long Range LJ corr.: <C6> 2.1531e-01


Using SIMD 4x4 nonbonded short-range kernels

Using a dual 4x4 pair-list setup updated with dynamic pruning:
  outer list: updated every 100 steps, buffer 0.057 nm, rlist 1.057 nm
  inner list: updated every  17 steps, buffer 0.001 nm, rlist 1.001 nm
At tolerance 0.005 kJ/mol/ps per atom, equivalent classical 1x1 list would be:
  outer list: updated every 100 steps, buffer 0.098 nm, rlist 1.098 nm
  inner list: updated every  17 steps, buffer 0.009 nm, rlist 1.009 nm

Using full Lennard-Jones parameter combination matrix

Initializing Parallel LINear Constraint Solver

++++ PLEASE READ AND CITE THE FOLLOWING REFERENCE ++++
B. Hess
P-LINCS: A Parallel Linear Constraint Solver for molecular simulation
J. Chem. Theory Comput. 4 (2008) pp. 116-122
-------- -------- --- Thank You --- -------- --------

The number of constraints is 251
There are constraints between atoms in different decomposition domains,
will communicate selected coordinates each lincs iteration
99 constraints are involved in constraint triangles,
will apply an additional matrix expansion of order 4 for couplings
between constraints inside triangles

Linking all bonded interactions to atoms


Intra-simulation communication will occur every 10 steps.

++++ PLEASE READ AND CITE THE FOLLOWING REFERENCE ++++
G. Bussi, D. Donadio and M. Parrinello
Canonical sampling through velocity rescaling
J. Chem. Phys. 126 (2007) pp. 014101
-------- -------- --- Thank You --- -------- --------

There are: 100719 Atoms
Atom distribution over 32 domains: av 3147 stddev 62 min 3087 max 3200
Center of mass motion removal mode is Linear
We have the following groups for center of mass motion removal:
  0:  rest

Started mdrun on rank 0 Wed Jun 26 18:45:32 2024

           Step           Time
              0        0.00000

   Energies (kJ/mol)
           Bond          Angle       G96Angle    Proper Dih.  Improper Dih.
    9.37217e+02    5.81467e+02    1.69834e+03    3.31673e+02    9.78514e+02
        LJ (SR)  Disper. corr.   Coulomb (SR)   Coul. recip.      Potential
   -2.51705e+06   -7.50026e+05   -8.06724e+04    7.21521e+04   -3.27107e+06
    Kinetic En.   Total Energy  Conserved En.    Temperature Pres. DC (bar)
    3.76773e+05   -2.89429e+06   -2.89357e+06    3.00198e+02   -1.05075e+03
 Pressure (bar)   Constr. rmsd
   -8.06042e+02    4.11133e-06


DD  step 99 load imb.: force 26.3%

step 300 Turning on dynamic load balancing, because the performance loss due to load imbalance is 3.4 %.

DD  step 499  vol min/aver 0.850  load imb.: force 15.8%
           Step           Time
            500        1.00000

   Energies (kJ/mol)
           Bond          Angle       G96Angle    Proper Dih.  Improper Dih.
    8.13519e+02    5.78697e+02    1.60020e+03    3.27316e+02    9.26711e+02
        LJ (SR)  Disper. corr.   Coulomb (SR)   Coul. recip.      Potential
   -2.60573e+06   -8.05920e+05   -8.06812e+04    7.06855e+04   -3.41740e+06
    Kinetic En.   Total Energy  Conserved En.    Temperature Pres. DC (bar)
    3.92773e+05   -3.02463e+06   -2.89442e+06    3.12946e+02   -1.21080e+03
 Pressure (bar)   Constr. rmsd
    6.43052e+02    4.02803e-06


DD  step 999  vol min/aver 0.792  load imb.: force 20.4%
           Step           Time
           1000        2.00000

   Energies (kJ/mol)
           Bond          Angle       G96Angle    Proper Dih.  Improper Dih.
    8.06031e+02    5.66437e+02    1.68562e+03    3.59431e+02    8.81807e+02
        LJ (SR)  Disper. corr.   Coulomb (SR)   Coul. recip.      Potential
   -2.59193e+06   -7.80460e+05   -8.06876e+04    6.92373e+04   -3.37954e+06
    Kinetic En.   Total Energy  Conserved En.    Temperature Pres. DC (bar)
    3.75378e+05   -3.00416e+06   -2.89518e+06    2.99087e+02   -1.13649e+03
 Pressure (bar)   Constr. rmsd
   -2.95156e+02    4.32865e-06


DD  step 1499  vol min/aver 0.737  load imb.: force  6.4%
           Step           Time
           1500        3.00000

   Energies (kJ/mol)
           Bond          Angle       G96Angle    Proper Dih.  Improper Dih.
    7.28368e+02    5.35487e+02    1.65270e+03    3.66237e+02    8.79046e+02
        LJ (SR)  Disper. corr.   Coulomb (SR)   Coul. recip.      Potential
   -2.62201e+06   -7.98043e+05   -8.07999e+04    6.81493e+04   -3.42854e+06
    Kinetic En.   Total Energy  Conserved En.    Temperature Pres. DC (bar)
    3.79918e+05   -3.04862e+06   -2.89603e+06    3.02704e+02   -1.18756e+03
 Pressure (bar)   Constr. rmsd
    1.49884e+02    3.81680e-06


DD  step 1999  vol min/aver 0.702  load imb.: force 10.6%
           Step           Time
           2000        4.00000

   Energies (kJ/mol)
           Bond          Angle       G96Angle    Proper Dih.  Improper Dih.
    7.50054e+02    5.59944e+02    1.69382e+03    3.23225e+02    8.36916e+02
        LJ (SR)  Disper. corr.   Coulomb (SR)   Coul. recip.      Potential
   -2.61349e+06   -7.91473e+05   -8.08173e+04    6.69564e+04   -3.41466e+06
    Kinetic En.   Total Energy  Conserved En.    Temperature Pres. DC (bar)
    3.75743e+05   -3.03892e+06   -2.89684e+06    2.99378e+02   -1.16835e+03
 Pressure (bar)   Constr. rmsd
   -5.00660e+01    4.13245e-06


DD  step 2499  vol min/aver 0.690  load imb.: force  5.5%
           Step           Time
           2500        5.00000

   Energies (kJ/mol)
           Bond          Angle       G96Angle    Proper Dih.  Improper Dih.
    7.59498e+02    5.49910e+02    1.71762e+03    3.60247e+02    8.11903e+02
        LJ (SR)  Disper. corr.   Coulomb (SR)   Coul. recip.      Potential
   -2.62385e+06   -7.95342e+05   -8.09033e+04    6.59803e+04   -3.42992e+06
    Kinetic En.   Total Energy  Conserved En.    Temperature Pres. DC (bar)
    3.75702e+05   -3.05422e+06   -2.89768e+06    2.99345e+02   -1.17964e+03
 Pressure (bar)   Constr. rmsd
    9.64946e+00    4.36400e-06


DD  step 2999  vol min/aver 0.662  load imb.: force  7.6%
           Step           Time
           3000        6.00000

   Energies (kJ/mol)
           Bond          Angle       G96Angle    Proper Dih.  Improper Dih.
    7.02930e+02    5.86442e+02    1.75466e+03    3.64726e+02    7.76788e+02
        LJ (SR)  Disper. corr.   Coulomb (SR)   Coul. recip.      Potential
   -2.62406e+06   -7.95158e+05   -8.09330e+04    6.51484e+04   -3.43082e+06
    Kinetic En.   Total Energy  Conserved En.    Temperature Pres. DC (bar)
    3.76324e+05   -3.05449e+06   -2.89851e+06    2.99840e+02   -1.17910e+03
 Pressure (bar)   Constr. rmsd
   -1.80607e+00    3.86978e-06


DD  step 3499  vol min/aver 0.692  load imb.: force  7.9%
           Step           Time
           3500        7.00000

   Energies (kJ/mol)
           Bond          Angle       G96Angle    Proper Dih.  Improper Dih.
    7.18057e+02    4.35400e+02    1.72509e+03    3.55676e+02    8.01459e+02
        LJ (SR)  Disper. corr.   Coulomb (SR)   Coul. recip.      Potential
   -2.62773e+06   -7.95785e+05   -8.09388e+04    6.46864e+04   -3.43573e+06
    Kinetic En.   Total Energy  Conserved En.    Temperature Pres. DC (bar)
    3.77337e+05   -3.05840e+06   -2.89936e+06    3.00648e+02   -1.18094e+03
 Pressure (bar)   Constr. rmsd
   -1.38925e+01    4.15532e-06


DD  step 3999  vol min/aver 0.651  load imb.: force 15.3%
           Step           Time
           4000        8.00000

   Energies (kJ/mol)
           Bond          Angle       G96Angle    Proper Dih.  Improper Dih.
    7.35583e+02    5.17587e+02    1.61580e+03    3.58505e+02    7.81137e+02
        LJ (SR)  Disper. corr.   Coulomb (SR)   Coul. recip.      Potential
   -2.62896e+06   -7.96603e+05   -8.09431e+04    6.41185e+04   -3.43838e+06
    Kinetic En.   Total Energy  Conserved En.    Temperature Pres. DC (bar)
    3.76898e+05   -3.06148e+06   -2.90019e+06    3.00298e+02   -1.18334e+03
 Pressure (bar)   Constr. rmsd
    7.74775e+00    4.23837e-06


DD  step 4499  vol min/aver 0.649  load imb.: force 13.4%
           Step           Time
           4500        9.00000

   Energies (kJ/mol)
           Bond          Angle       G96Angle    Proper Dih.  Improper Dih.
    7.13339e+02    5.13077e+02    1.65439e+03    3.80085e+02    8.14635e+02
        LJ (SR)  Disper. corr.   Coulomb (SR)   Coul. recip.      Potential
   -2.63221e+06   -7.97074e+05   -8.09817e+04    6.35944e+04   -3.44260e+06
    Kinetic En.   Total Energy  Conserved En.    Temperature Pres. DC (bar)
    3.77060e+05   -3.06554e+06   -2.90102e+06    3.00427e+02   -1.18472e+03
 Pressure (bar)   Constr. rmsd
   -3.21623e+00    4.90025e-06


DD  step 4999  vol min/aver 0.636  load imb.: force  9.0%
           Step           Time
           5000       10.00000

Writing checkpoint, step 5000 at Wed Jun 26 18:45:55 2024


   Energies (kJ/mol)
           Bond          Angle       G96Angle    Proper Dih.  Improper Dih.
    6.68110e+02    5.21238e+02    1.72830e+03    3.71444e+02    8.04570e+02
        LJ (SR)  Disper. corr.   Coulomb (SR)   Coul. recip.      Potential
   -2.63230e+06   -7.97117e+05   -8.09242e+04    6.31814e+04   -3.44307e+06
    Kinetic En.   Total Energy  Conserved En.    Temperature Pres. DC (bar)
    3.77745e+05   -3.06532e+06   -2.90186e+06    3.00973e+02   -1.18484e+03
 Pressure (bar)   Constr. rmsd
    2.64442e+00    4.37517e-06


Energy conservation over simulation part #1 of length 10 ns, time 0 to 10 ns
  Conserved energy drift: -8.23e-03 kJ/mol/ps per atom


	<======  ###############  ==>
	<====  A V E R A G E S  ====>
	<==  ###############  ======>

	Statistics over 5001 steps using 51 frames

   Energies (kJ/mol)
           Bond          Angle       G96Angle    Proper Dih.  Improper Dih.
    7.69129e+02    5.40538e+02    1.70047e+03    3.54960e+02    8.43209e+02
        LJ (SR)  Disper. corr.   Coulomb (SR)   Coul. recip.      Potential
   -2.61357e+06   -7.92492e+05   -8.08552e+04    6.66123e+04   -3.41609e+06
    Kinetic En.   Total Energy  Conserved En.    Temperature Pres. DC (bar)
    3.78206e+05   -3.03789e+06   -2.89769e+06    3.01340e+02   -1.17149e+03
 Pressure (bar)   Constr. rmsd
   -7.10471e+00    0.00000e+00

          Box-X          Box-Y          Box-Z
    2.24995e+01    2.24995e+01    2.24995e+01

   Total Virial (kJ/mol)
    1.28133e+05   -2.46815e+02    2.94401e+03
   -2.46770e+02    1.27406e+05    1.87103e+03
    2.94401e+03    1.87104e+03    1.32426e+05

   Pressure (bar)
   -3.78989e+00    9.15367e-01   -8.22681e+00
    9.15234e-01   -1.52574e+00   -5.30514e+00
   -8.22682e+00   -5.30517e+00   -1.59985e+01


	M E G A - F L O P S   A C C O U N T I N G

 NB=Group-cutoff nonbonded kernels    NxN=N-by-N cluster Verlet kernels
 RF=Reaction-Field  VdW=Van der Waals  QSTab=quadratic-spline table
 W3=SPC/TIP3p  W4=TIP4p (single or pairs)
 V&F=Potential and force  V=Potential only  F=Force only

 Computing:                               M-Number         M-Flops  % Flops
-----------------------------------------------------------------------------
 Pair Search distance check             618.143082        5563.288     0.1
 NxN QSTab Elec. + LJ [F]               488.458080       20026.781     0.3
 NxN QSTab Elec. + LJ [V&F]               5.032664         296.927     0.0
 NxN LJ [F]                           39154.807296     1292108.641    19.0
 NxN LJ [V&F]                           403.465328       17349.009     0.3
 NxN QSTab Elec. [F]                      0.457776          15.564     0.0
 NxN QSTab Elec. [V&F]                    0.004968           0.204     0.0
 Calc Weights                          1511.087157       54399.138     0.8
 Spread Q Bspline                     32236.526016       64473.052     0.9
 Gather F Bspline                     32236.526016      193419.156     2.8
 3D-FFT                              642406.875684     5139255.005    75.5
 Solve PME                              207.401472       13273.694     0.2
 Reset In Box                             5.035950          15.108     0.0
 CG-CoM                                   5.136669          15.410     0.0
 Bonds                                    1.600320          94.419     0.0
 Angles                                   3.720744         625.085     0.0
 Propers                                  1.050210         240.498     0.0
 Impropers                                1.405281         292.298     0.0
 Virial                                  51.181659         921.270     0.0
 Stop-CM                                  5.136669          51.367     0.0
 Calc-Ekin                              100.920438        2724.852     0.0
 Lincs                                    1.486094          89.166     0.0
 Lincs-Mat                               22.312440          89.250     0.0
 Constraint-V                             2.972188          26.750     0.0
 Constraint-Vir                           0.148874           3.573     0.0
-----------------------------------------------------------------------------
 Total                                                 6805369.504   100.0
-----------------------------------------------------------------------------


    D O M A I N   D E C O M P O S I T I O N   S T A T I S T I C S

 av. #atoms communicated per step for force:  2 x 93029.9
 av. #atoms communicated per step for LINCS:  2 x 46.1


Dynamic load balancing report:
 DLB was turned on during the run due to measured imbalance.
 Average load imbalance: 13.2%.
 The balanceable part of the MD step is 16%, load imbalance is computed from this.
 Part of the total run time spent waiting due to load imbalance: 2.1%.
 Steps where the load balancing was limited by -rdd, -rcon and/or -dds: X 0 % Y 0 %


     R E A L   C Y C L E   A N D   T I M E   A C C O U N T I N G

On 32 MPI ranks

 Computing:          Num   Num      Call    Wall time         Giga-Cycles
                     Ranks Threads  Count      (s)         total sum    %
-----------------------------------------------------------------------------
 Domain decomp.        32    1         50       0.096          7.465   0.4
 DD comm. load         32    1         50       0.005          0.404   0.0
 DD comm. bounds       32    1         48       0.019          1.509   0.1
 Neighbor search       32    1         51       0.109          8.431   0.5
 Comm. coord.          32    1       4950       0.521         40.368   2.2
 Force                 32    1       5001       2.690        208.234  11.5
 Wait + Comm. F        32    1       5001       0.475         36.754   2.0
 PME mesh              32    1       5001      17.596       1362.168  75.2
 NB X/F buffer ops.    32    1      14901       0.260         20.125   1.1
 Write traj.           32    1         11       0.072          5.604   0.3
 Update                32    1       5001       0.223         17.232   1.0
 Constraints           32    1       5001       0.160         12.406   0.7
 Comm. energies        32    1        501       1.071         82.934   4.6
 Rest                                           0.090          6.970   0.4
-----------------------------------------------------------------------------
 Total                                         23.389       1810.603 100.0
-----------------------------------------------------------------------------
 Breakdown of PME mesh computation
-----------------------------------------------------------------------------
 PME redist. X/F       32    1      10002       3.084        238.770  13.2
 PME spread            32    1       5001       2.425        187.752  10.4
 PME gather            32    1       5001       1.160         89.814   5.0
 PME 3D-FFT            32    1      10002       5.009        387.758  21.4
 PME 3D-FFT Comm.      32    1      20004       5.023        388.811  21.5
 PME solve Elec        32    1       5001       0.883         68.333   3.8
-----------------------------------------------------------------------------

               Core t (s)   Wall t (s)        (%)
       Time:      748.429       23.389     3200.0
                 (ns/day)    (hour/ns)
Performance:       36.948        0.650
Finished mdrun on rank 0 Wed Jun 26 18:45:55 2024

