              :-) GROMACS - gmx mdrun, 2021.4-Ubuntu-2021.4-2 (-:

                            GROMACS is written by:
     Andrey Alekseenko              Emile Apol              Rossen Apostolov     
         Paul Bauer           Herman J.C. Berendsen           Par Bjelkmar       
       Christian Blau           Viacheslav Bolnykh             Kevin Boyd        
     Aldert van Buuren           Rudi van Drunen             Anton Feenstra      
    Gilles Gouaillardet             Alan Gray               Gerrit Groenhof      
       Anca Hamuraru            Vincent Hindriksen          M. Eric Irrgang      
      Aleksei Iupinov           Christoph Junghans             Joe Jordan        
    Dimitrios Karkoulis            Peter Kasson                Jiri Kraus        
      Carsten Kutzner              Per Larsson              Justin A. Lemkul     
       Viveca Lindahl            Magnus Lundborg             Erik Marklund       
        Pascal Merz             Pieter Meulenhoff            Teemu Murtola       
        Szilard Pall               Sander Pronk              Roland Schulz       
       Michael Shirts            Alexey Shvetsov             Alfons Sijbers      
       Peter Tieleman              Jon Vincent              Teemu Virolainen     
     Christian Wennberg            Maarten Wolf              Artem Zhmurov       
                           and the project leaders:
        Mark Abraham, Berk Hess, Erik Lindahl, and David van der Spoel

Copyright (c) 1991-2000, University of Groningen, The Netherlands.
Copyright (c) 2001-2019, The GROMACS development team at
Uppsala University, Stockholm University and
the Royal Institute of Technology, Sweden.
check out http://www.gromacs.org for more information.

GROMACS is free software; you can redistribute it and/or modify it
under the terms of the GNU Lesser General Public License
as published by the Free Software Foundation; either version 2.1
of the License, or (at your option) any later version.

GROMACS:      gmx mdrun, version 2021.4-Ubuntu-2021.4-2
Executable:   /usr/bin/gmx
Data prefix:  /usr
Working dir:  /home/1-polyply-gromacs/data/3/gromacs
Process ID:   233205
Command line:
  gmx mdrun -v -deffnm 04-md

GROMACS version:    2021.4-Ubuntu-2021.4-2
Precision:          mixed
Memory model:       64 bit
MPI library:        thread_mpi
OpenMP support:     enabled (GMX_OPENMP_MAX_THREADS = 64)
GPU support:        disabled
SIMD instructions:  SSE4.1
FFT library:        fftw-3.3.8-sse2-avx
RDTSCP usage:       enabled
TNG support:        enabled
Hwloc support:      hwloc-2.5.0
Tracing support:    disabled
C compiler:         /usr/bin/cc GNU 11.2.0
C compiler flags:   -msse4.1 -Wno-missing-field-initializers -fexcess-precision=fast -funroll-all-loops -O3 -DNDEBUG
C++ compiler:       /usr/bin/c++ GNU 11.2.0
C++ compiler flags: -msse4.1 -Wno-missing-field-initializers -fexcess-precision=fast -funroll-all-loops -fopenmp -O3 -DNDEBUG


Running on 1 node with total 16 cores, 32 logical cores
Hardware detected:
  CPU info:
    Vendor: Intel
    Brand:  Intel(R) Core(TM) i9-14900HX
    Family: 6   Model: 183   Stepping: 1
    Features: aes apic avx avx2 clfsh cmov cx8 cx16 f16c fma htt intel lahf mmx msr nonstop_tsc pcid pclmuldq pdpe1gb popcnt pse rdrnd rdtscp sha sse2 sse3 sse4.1 sse4.2 ssse3 tdt x2apic
  Hardware topology: Full, with devices
    Sockets, cores, and logical processors:
      Socket  0: [   0   1] [   2   3] [   4   5] [   6   7] [   8   9] [  10  11] [  12  13] [  14  15] [  16  17] [  18  19] [  20  21] [  22  23] [  24  25] [  26  27] [  28  29] [  30  31]
    Numa nodes:
      Node  0 (16657502208 bytes mem):   0   1   2   3   4   5   6   7   8   9  10  11  12  13  14  15  16  17  18  19  20  21  22  23  24  25  26  27  28  29  30  31
      Latency:
               0
         0  1.00
    Caches:
      L1: 49152 bytes, linesize 64 bytes, assoc. 12, shared 2 ways
      L2: 2097152 bytes, linesize 64 bytes, assoc. 16, shared 2 ways
      L3: 37748736 bytes, linesize 64 bytes, assoc. 12, shared 32 ways
    PCI devices:
      005f:00:00.0  Id: 1af4:1043  Class: 0x0100  Numa: 0
      b174:00:00.0  Id: 1414:008e  Class: 0x0302  Numa: 0

Highest SIMD level supported by all nodes in run: AVX2_256
SIMD instructions selected at compile time:       SSE4.1
This program was compiled for different hardware than you are running on,
which could influence performance.

++++ PLEASE READ AND CITE THE FOLLOWING REFERENCE ++++
M. J. Abraham, T. Murtola, R. Schulz, S. Páll, J. C. Smith, B. Hess, E.
Lindahl
GROMACS: High performance molecular simulations through multi-level
parallelism from laptops to supercomputers
SoftwareX 1 (2015) pp. 19-25
-------- -------- --- Thank You --- -------- --------


++++ PLEASE READ AND CITE THE FOLLOWING REFERENCE ++++
S. Páll, M. J. Abraham, C. Kutzner, B. Hess, E. Lindahl
Tackling Exascale Software Challenges in Molecular Dynamics Simulations with
GROMACS
In S. Markidis & E. Laure (Eds.), Solving Software Challenges for Exascale 8759 (2015) pp. 3-27
-------- -------- --- Thank You --- -------- --------


++++ PLEASE READ AND CITE THE FOLLOWING REFERENCE ++++
S. Pronk, S. Páll, R. Schulz, P. Larsson, P. Bjelkmar, R. Apostolov, M. R.
Shirts, J. C. Smith, P. M. Kasson, D. van der Spoel, B. Hess, and E. Lindahl
GROMACS 4.5: a high-throughput and highly parallel open source molecular
simulation toolkit
Bioinformatics 29 (2013) pp. 845-54
-------- -------- --- Thank You --- -------- --------


++++ PLEASE READ AND CITE THE FOLLOWING REFERENCE ++++
B. Hess and C. Kutzner and D. van der Spoel and E. Lindahl
GROMACS 4: Algorithms for highly efficient, load-balanced, and scalable
molecular simulation
J. Chem. Theory Comput. 4 (2008) pp. 435-447
-------- -------- --- Thank You --- -------- --------


++++ PLEASE READ AND CITE THE FOLLOWING REFERENCE ++++
D. van der Spoel, E. Lindahl, B. Hess, G. Groenhof, A. E. Mark and H. J. C.
Berendsen
GROMACS: Fast, Flexible and Free
J. Comp. Chem. 26 (2005) pp. 1701-1719
-------- -------- --- Thank You --- -------- --------


++++ PLEASE READ AND CITE THE FOLLOWING REFERENCE ++++
E. Lindahl and B. Hess and D. van der Spoel
GROMACS 3.0: A package for molecular simulation and trajectory analysis
J. Mol. Mod. 7 (2001) pp. 306-317
-------- -------- --- Thank You --- -------- --------


++++ PLEASE READ AND CITE THE FOLLOWING REFERENCE ++++
H. J. C. Berendsen, D. van der Spoel and R. van Drunen
GROMACS: A message-passing parallel molecular dynamics implementation
Comp. Phys. Comm. 91 (1995) pp. 43-56
-------- -------- --- Thank You --- -------- --------

Input Parameters:
   integrator                     = md
   tinit                          = 0
   dt                             = 0.002
   nsteps                         = 50000
   init-step                      = 0
   simulation-part                = 1
   mts                            = false
   comm-mode                      = Linear
   nstcomm                        = 100
   bd-fric                        = 0
   ld-seed                        = -34078758
   emtol                          = 10
   emstep                         = 0.01
   niter                          = 20
   fcstep                         = 0
   nstcgsteep                     = 1000
   nbfgscorr                      = 10
   rtpi                           = 0.05
   nstxout                        = 5000
   nstvout                        = 5000
   nstfout                        = 0
   nstlog                         = 5000
   nstcalcenergy                  = 100
   nstenergy                      = 5000
   nstxout-compressed             = 0
   compressed-x-precision         = 1000
   cutoff-scheme                  = Verlet
   nstlist                        = 10
   pbc                            = xyz
   periodic-molecules             = false
   verlet-buffer-tolerance        = 0.005
   rlist                          = 1
   coulombtype                    = PME
   coulomb-modifier               = Potential-shift
   rcoulomb-switch                = 0
   rcoulomb                       = 1
   epsilon-r                      = 1
   epsilon-rf                     = inf
   vdw-type                       = Cut-off
   vdw-modifier                   = Potential-shift
   rvdw-switch                    = 0
   rvdw                           = 1
   DispCorr                       = EnerPres
   table-extension                = 1
   fourierspacing                 = 0.16
   fourier-nx                     = 144
   fourier-ny                     = 144
   fourier-nz                     = 144
   pme-order                      = 4
   ewald-rtol                     = 1e-05
   ewald-rtol-lj                  = 0.001
   lj-pme-comb-rule               = Geometric
   ewald-geometry                 = 0
   epsilon-surface                = 0
   tcoupl                         = V-rescale
   nsttcouple                     = 10
   nh-chain-length                = 0
   print-nose-hoover-chain-variables = false
   pcoupl                         = Parrinello-Rahman
   pcoupltype                     = Isotropic
   nstpcouple                     = 10
   tau-p                          = 2
   compressibility (3x3):
      compressibility[    0]={ 4.50000e-05,  0.00000e+00,  0.00000e+00}
      compressibility[    1]={ 0.00000e+00,  4.50000e-05,  0.00000e+00}
      compressibility[    2]={ 0.00000e+00,  0.00000e+00,  4.50000e-05}
   ref-p (3x3):
      ref-p[    0]={ 1.00000e+00,  0.00000e+00,  0.00000e+00}
      ref-p[    1]={ 0.00000e+00,  1.00000e+00,  0.00000e+00}
      ref-p[    2]={ 0.00000e+00,  0.00000e+00,  1.00000e+00}
   refcoord-scaling               = No
   posres-com (3):
      posres-com[0]= 0.00000e+00
      posres-com[1]= 0.00000e+00
      posres-com[2]= 0.00000e+00
   posres-comB (3):
      posres-comB[0]= 0.00000e+00
      posres-comB[1]= 0.00000e+00
      posres-comB[2]= 0.00000e+00
   QMMM                           = false
qm-opts:
   ngQM                           = 0
   constraint-algorithm           = Lincs
   continuation                   = true
   Shake-SOR                      = false
   shake-tol                      = 0.0001
   lincs-order                    = 4
   lincs-iter                     = 1
   lincs-warnangle                = 30
   nwall                          = 0
   wall-type                      = 9-3
   wall-r-linpot                  = -1
   wall-atomtype[0]               = -1
   wall-atomtype[1]               = -1
   wall-density[0]                = 0
   wall-density[1]                = 0
   wall-ewald-zfac                = 3
   pull                           = false
   awh                            = false
   rotation                       = false
   interactiveMD                  = false
   disre                          = No
   disre-weighting                = Conservative
   disre-mixed                    = false
   dr-fc                          = 1000
   dr-tau                         = 0
   nstdisreout                    = 100
   orire-fc                       = 0
   orire-tau                      = 0
   nstorireout                    = 100
   free-energy                    = no
   cos-acceleration               = 0
   deform (3x3):
      deform[    0]={ 0.00000e+00,  0.00000e+00,  0.00000e+00}
      deform[    1]={ 0.00000e+00,  0.00000e+00,  0.00000e+00}
      deform[    2]={ 0.00000e+00,  0.00000e+00,  0.00000e+00}
   simulated-tempering            = false
   swapcoords                     = no
   userint1                       = 0
   userint2                       = 0
   userint3                       = 0
   userint4                       = 0
   userreal1                      = 0
   userreal2                      = 0
   userreal3                      = 0
   userreal4                      = 0
   applied-forces:
     electric-field:
       x:
         E0                       = 0
         omega                    = 0
         t0                       = 0
         sigma                    = 0
       y:
         E0                       = 0
         omega                    = 0
         t0                       = 0
         sigma                    = 0
       z:
         E0                       = 0
         omega                    = 0
         t0                       = 0
         sigma                    = 0
     density-guided-simulation:
       active                     = false
       group                      = protein
       similarity-measure         = inner-product
       atom-spreading-weight      = unity
       force-constant             = 1e+09
       gaussian-transform-spreading-width = 0.2
       gaussian-transform-spreading-range-in-multiples-of-width = 4
       reference-density-filename = reference.mrc
       nst                        = 1
       normalize-densities        = true
       adaptive-force-scaling     = false
       adaptive-force-scaling-time-constant = 4
       shift-vector               = 
       transformation-matrix      = 
grpopts:
   nrdf:      301903
   ref-t:         300
   tau-t:         0.1
annealing:          No
annealing-npoints:           0
   acc:	           0           0           0
   nfreeze:           N           N           N
   energygrp-flags[  0]: 0

Changing nstlist from 10 to 100, rlist from 1 to 1.058


Initializing Domain Decomposition on 32 ranks
Dynamic load balancing: auto
Minimum cell size due to atom displacement: 0.285 nm
Initial maximum distances in bonded interactions:
    two-body bonded interactions: 0.952 nm, Exclusion, atoms 78 83
  multi-body bonded interactions: 0.892 nm, Proper Dih., atoms 303 310
Minimum cell size due to bonded interactions: 0.982 nm
Maximum distance for 5 constraints, at 120 deg. angles, all-trans: 1.036 nm
Estimated maximum distance required for P-LINCS: 1.036 nm
This distance will limit the DD cell size, you can override this with -rcon
Scaling the initial minimum size with 1/0.8 (option -dds) = 1.25
Guess for relative PME load: 0.78
Using 0 separate PME ranks, as guessed by mdrun
Optimizing the DD grid for 32 cells with a minimum initial size of 1.295 nm
The maximum allowed number of cells is: X 17 Y 17 Z 17
Domain decomposition grid 16 x 2 x 1, separate PME ranks 0
PME domain decomposition: 16 x 2 x 1
Domain decomposition rank 0, coordinates 0 0 0

The initial number of communication pulses is: X 1 Y 1
The initial domain decomposition cell size is: X 1.40 nm Y 11.23 nm

The maximum allowed distance for atoms involved in interactions is:
                 non-bonded interactions           1.058 nm
(the following are initial values, they could change due to box deformation)
            two-body bonded interactions  (-rdd)   1.058 nm
          multi-body bonded interactions  (-rdd)   1.058 nm
  atoms separated by up to 5 constraints  (-rcon)  1.403 nm

When dynamic load balancing gets turned on, these settings will change to:
The maximum number of communication pulses is: X 1 Y 1
The minimum size for domain decomposition cells is 1.058 nm
The requested allowed shrink of DD cells (option -dds) is: 0.80
The allowed shrink of domain decomposition cells is: X 0.75 Y 0.09
The maximum allowed distance for atoms involved in interactions is:
                 non-bonded interactions           1.058 nm
            two-body bonded interactions  (-rdd)   1.058 nm
          multi-body bonded interactions  (-rdd)   1.058 nm
  atoms separated by up to 5 constraints  (-rcon)  1.058 nm

Using 32 MPI threads
Using 1 OpenMP thread per tMPI thread

Pinning threads with an auto-selected logical core stride of 1
System total charge: 130.000
Will do PME sum in reciprocal space for electrostatic interactions.

++++ PLEASE READ AND CITE THE FOLLOWING REFERENCE ++++
U. Essmann, L. Perera, M. L. Berkowitz, T. Darden, H. Lee and L. G. Pedersen 
A smooth particle mesh Ewald method
J. Chem. Phys. 103 (1995) pp. 8577-8592
-------- -------- --- Thank You --- -------- --------

Using a Gaussian width (1/beta) of 0.320163 nm for Ewald
Potential shift: LJ r^-12: -1.000e+00 r^-6: -1.000e+00, Ewald -1.000e-05
Initialized non-bonded Ewald tables, spacing: 9.33e-04 size: 1073

Long Range LJ corr.: <C6> 2.1531e-01


Using SIMD 4x4 nonbonded short-range kernels

Using a dual 4x4 pair-list setup updated with dynamic pruning:
  outer list: updated every 100 steps, buffer 0.058 nm, rlist 1.058 nm
  inner list: updated every  16 steps, buffer 0.001 nm, rlist 1.001 nm
At tolerance 0.005 kJ/mol/ps per atom, equivalent classical 1x1 list would be:
  outer list: updated every 100 steps, buffer 0.099 nm, rlist 1.099 nm
  inner list: updated every  16 steps, buffer 0.009 nm, rlist 1.009 nm

Using full Lennard-Jones parameter combination matrix

Initializing Parallel LINear Constraint Solver

++++ PLEASE READ AND CITE THE FOLLOWING REFERENCE ++++
B. Hess
P-LINCS: A Parallel Linear Constraint Solver for molecular simulation
J. Chem. Theory Comput. 4 (2008) pp. 116-122
-------- -------- --- Thank You --- -------- --------

The number of constraints is 251
There are constraints between atoms in different decomposition domains,
will communicate selected coordinates each lincs iteration
99 constraints are involved in constraint triangles,
will apply an additional matrix expansion of order 4 for couplings
between constraints inside triangles

Linking all bonded interactions to atoms


Intra-simulation communication will occur every 10 steps.

++++ PLEASE READ AND CITE THE FOLLOWING REFERENCE ++++
G. Bussi, D. Donadio and M. Parrinello
Canonical sampling through velocity rescaling
J. Chem. Phys. 126 (2007) pp. 014101
-------- -------- --- Thank You --- -------- --------

There are: 100719 Atoms
Atom distribution over 32 domains: av 3147 stddev 58 min 3109 max 3187
Center of mass motion removal mode is Linear
We have the following groups for center of mass motion removal:
  0:  rest

Started mdrun on rank 0 Wed Jun 26 18:49:05 2024

           Step           Time
              0        0.00000

   Energies (kJ/mol)
           Bond          Angle       G96Angle    Proper Dih.  Improper Dih.
    6.68110e+02    5.21238e+02    1.72830e+03    3.71444e+02    8.04570e+02
        LJ (SR)  Disper. corr.   Coulomb (SR)   Coul. recip.      Potential
   -2.63230e+06   -7.97117e+05   -8.09242e+04    6.31814e+04   -3.44307e+06
    Kinetic En.   Total Energy  Conserved En.    Temperature Pres. DC (bar)
    3.77745e+05   -3.06532e+06   -3.06464e+06    3.00973e+02   -1.18484e+03
 Pressure (bar)   Constr. rmsd
    2.64421e+00    4.37517e-06


DD  step 99 load imb.: force 22.0%

step 300 Turning on dynamic load balancing, because the performance loss due to load imbalance is 2.4 %.

DD  step 4999  vol min/aver 0.677  load imb.: force  7.9%
           Step           Time
           5000       10.00000

   Energies (kJ/mol)
           Bond          Angle       G96Angle    Proper Dih.  Improper Dih.
    6.57254e+02    4.30348e+02    1.57176e+03    3.84862e+02    6.36020e+02
        LJ (SR)  Disper. corr.   Coulomb (SR)   Coul. recip.      Potential
   -2.63466e+06   -7.98177e+05   -8.11450e+04    5.84239e+04   -3.45188e+06
    Kinetic En.   Total Energy  Conserved En.    Temperature Pres. DC (bar)
    3.76506e+05   -3.07537e+06   -3.07244e+06    2.99985e+02   -1.18795e+03
 Pressure (bar)   Constr. rmsd
    2.03503e+01    4.01226e-06


step 6000 Turning off dynamic load balancing, because it is degrading performance.
Atom distribution over 32 domains: av 3147 stddev 57 min 3103 max 3183

DD  step 9999 load imb.: force 14.8%

step 10000 Turning on dynamic load balancing, because the performance loss due to load imbalance is 2.5 %.
           Step           Time
          10000       20.00000

   Energies (kJ/mol)
           Bond          Angle       G96Angle    Proper Dih.  Improper Dih.
    5.55631e+02    5.27693e+02    1.33083e+03    3.64923e+02    7.19452e+02
        LJ (SR)  Disper. corr.   Coulomb (SR)   Coul. recip.      Potential
   -2.63891e+06   -7.98224e+05   -8.12377e+04    5.56662e+04   -3.45921e+06
    Kinetic En.   Total Energy  Conserved En.    Temperature Pres. DC (bar)
    3.75911e+05   -3.08330e+06   -3.08020e+06    2.99511e+02   -1.18809e+03
 Pressure (bar)   Constr. rmsd
   -1.48556e+01    3.81348e-06

step 12000 Turning off dynamic load balancing, because it is degrading performance.
Atom distribution over 32 domains: av 3147 stddev 57 min 3111 max 3187

DD  step 14999 load imb.: force 21.3%
           Step           Time
          15000       30.00000

   Energies (kJ/mol)
           Bond          Angle       G96Angle    Proper Dih.  Improper Dih.
    6.12243e+02    4.67350e+02    1.44131e+03    3.82707e+02    6.64960e+02
        LJ (SR)  Disper. corr.   Coulomb (SR)   Coul. recip.      Potential
   -2.63921e+06   -7.98698e+05   -8.12749e+04    5.39054e+04   -3.46171e+06
    Kinetic En.   Total Energy  Conserved En.    Temperature Pres. DC (bar)
    3.75821e+05   -3.08588e+06   -3.08795e+06    2.99440e+02   -1.18949e+03
 Pressure (bar)   Constr. rmsd
   -2.85714e+00    4.11839e-06


DD  step 19999 load imb.: force 30.6%

step 20000 Turning on dynamic load balancing, because the performance loss due to load imbalance is 2.8 %.
           Step           Time
          20000       40.00000

   Energies (kJ/mol)
           Bond          Angle       G96Angle    Proper Dih.  Improper Dih.
    5.80731e+02    3.90352e+02    1.47161e+03    3.60668e+02    6.14536e+02
        LJ (SR)  Disper. corr.   Coulomb (SR)   Coul. recip.      Potential
   -2.63782e+06   -7.98224e+05   -8.14785e+04    5.11726e+04   -3.46294e+06
    Kinetic En.   Total Energy  Conserved En.    Temperature Pres. DC (bar)
    3.75844e+05   -3.08709e+06   -3.09568e+06    2.99458e+02   -1.18809e+03
 Pressure (bar)   Constr. rmsd
   -1.14572e+01    4.07252e-06


DD  step 24999  vol min/aver 0.781  load imb.: force  9.1%
           Step           Time
          25000       50.00000

   Energies (kJ/mol)
           Bond          Angle       G96Angle    Proper Dih.  Improper Dih.
    4.95199e+02    4.47567e+02    1.42668e+03    3.74423e+02    7.40171e+02
        LJ (SR)  Disper. corr.   Coulomb (SR)   Coul. recip.      Potential
   -2.63706e+06   -7.98240e+05   -8.15335e+04    5.01424e+04   -3.46320e+06
    Kinetic En.   Total Energy  Conserved En.    Temperature Pres. DC (bar)
    3.74567e+05   -3.08864e+06   -3.10341e+06    2.98440e+02   -1.18814e+03
 Pressure (bar)   Constr. rmsd
   -6.04096e+00    4.01142e-06


DD  step 29999  vol min/aver 0.633  load imb.: force 10.6%
           Step           Time
          30000       60.00000

   Energies (kJ/mol)
           Bond          Angle       G96Angle    Proper Dih.  Improper Dih.
    4.84892e+02    4.24098e+02    1.43314e+03    3.77977e+02    6.07830e+02
        LJ (SR)  Disper. corr.   Coulomb (SR)   Coul. recip.      Potential
   -2.64206e+06   -7.98955e+05   -8.15685e+04    4.88086e+04   -3.47045e+06
    Kinetic En.   Total Energy  Conserved En.    Temperature Pres. DC (bar)
    3.77535e+05   -3.09292e+06   -3.11114e+06    3.00805e+02   -1.19024e+03
 Pressure (bar)   Constr. rmsd
   -1.77011e+01    4.11622e-06


DD  step 34999  vol min/aver 0.714  load imb.: force 33.9%
           Step           Time
          35000       70.00000

   Energies (kJ/mol)
           Bond          Angle       G96Angle    Proper Dih.  Improper Dih.
    4.80638e+02    4.38624e+02    1.46286e+03    3.96721e+02    5.96635e+02
        LJ (SR)  Disper. corr.   Coulomb (SR)   Coul. recip.      Potential
   -2.64019e+06   -7.99318e+05   -8.16529e+04    4.73557e+04   -3.47043e+06
    Kinetic En.   Total Energy  Conserved En.    Temperature Pres. DC (bar)
    3.79209e+05   -3.09122e+06   -3.11891e+06    3.02139e+02   -1.19131e+03
 Pressure (bar)   Constr. rmsd
    1.35525e+01    3.88982e-06


DD  step 39999  vol min/aver 0.779  load imb.: force 10.6%
           Step           Time
          40000       80.00000

   Energies (kJ/mol)
           Bond          Angle       G96Angle    Proper Dih.  Improper Dih.
    4.39026e+02    4.42317e+02    1.43056e+03    3.68897e+02    5.34705e+02
        LJ (SR)  Disper. corr.   Coulomb (SR)   Coul. recip.      Potential
   -2.64209e+06   -7.99067e+05   -8.17425e+04    4.59465e+04   -3.47374e+06
    Kinetic En.   Total Energy  Conserved En.    Temperature Pres. DC (bar)
    3.78187e+05   -3.09555e+06   -3.12666e+06    3.01325e+02   -1.19057e+03
 Pressure (bar)   Constr. rmsd
   -1.01734e+01    4.17178e-06


DD  step 44999  vol min/aver 0.591  load imb.: force 12.3%
           Step           Time
          45000       90.00000

   Energies (kJ/mol)
           Bond          Angle       G96Angle    Proper Dih.  Improper Dih.
    4.47761e+02    4.18082e+02    1.48400e+03    3.83440e+02    5.78221e+02
        LJ (SR)  Disper. corr.   Coulomb (SR)   Coul. recip.      Potential
   -2.64237e+06   -7.99418e+05   -8.17595e+04    4.53266e+04   -3.47491e+06
    Kinetic En.   Total Energy  Conserved En.    Temperature Pres. DC (bar)
    3.73944e+05   -3.10096e+06   -3.13435e+06    2.97944e+02   -1.19160e+03
 Pressure (bar)   Constr. rmsd
   -7.53393e+00    4.25427e-06


DD  step 49999  vol min/aver 0.835  load imb.: force 24.4%
           Step           Time
          50000      100.00000

Writing checkpoint, step 50000 at Wed Jun 26 18:53:38 2024


   Energies (kJ/mol)
           Bond          Angle       G96Angle    Proper Dih.  Improper Dih.
    4.66229e+02    3.95014e+02    1.46005e+03    3.63766e+02    5.59224e+02
        LJ (SR)  Disper. corr.   Coulomb (SR)   Coul. recip.      Potential
   -2.64047e+06   -7.99163e+05   -8.18330e+04    4.46505e+04   -3.47357e+06
    Kinetic En.   Total Energy  Conserved En.    Temperature Pres. DC (bar)
    3.75215e+05   -3.09836e+06   -3.14211e+06    2.98957e+02   -1.19085e+03
 Pressure (bar)   Constr. rmsd
   -9.14496e-01    3.91348e-06


Energy conservation over simulation part #1 of length 100 ns, time 0 to 100 ns
  Conserved energy drift: -7.69e-03 kJ/mol/ps per atom


	<======  ###############  ==>
	<====  A V E R A G E S  ====>
	<==  ###############  ======>

	Statistics over 50001 steps using 501 frames

   Energies (kJ/mol)
           Bond          Angle       G96Angle    Proper Dih.  Improper Dih.
    5.30897e+02    4.49314e+02    1.47456e+03    3.73331e+02    6.32298e+02
        LJ (SR)  Disper. corr.   Coulomb (SR)   Coul. recip.      Potential
   -2.63869e+06   -7.98682e+05   -8.14887e+04    5.10161e+04   -3.46438e+06
    Kinetic En.   Total Energy  Conserved En.    Temperature Pres. DC (bar)
    3.76510e+05   -3.08787e+06   -3.10341e+06    2.99988e+02   -1.18944e+03
 Pressure (bar)   Constr. rmsd
    8.29490e-03    0.00000e+00

          Box-X          Box-Y          Box-Z
    2.24412e+01    2.24412e+01    2.24412e+01

   Total Virial (kJ/mol)
    1.24600e+05   -4.02430e+02    5.59950e+02
   -4.02433e+02    1.26180e+05    9.08335e+01
    5.59942e+02    9.08291e+01    1.25725e+05

   Pressure (bar)
    2.54007e+00    1.17604e+00   -1.57099e+00
    1.17605e+00   -1.90803e+00   -2.27409e-01
   -1.57097e+00   -2.27396e-01   -6.07156e-01


	M E G A - F L O P S   A C C O U N T I N G

 NB=Group-cutoff nonbonded kernels    NxN=N-by-N cluster Verlet kernels
 RF=Reaction-Field  VdW=Van der Waals  QSTab=quadratic-spline table
 W3=SPC/TIP3p  W4=TIP4p (single or pairs)
 V&F=Potential and force  V=Potential only  F=Force only

 Computing:                               M-Number         M-Flops  % Flops
-----------------------------------------------------------------------------
 Pair Search distance check            6019.941238       54179.471     0.1
 NxN QSTab Elec. + LJ [F]              4782.684456      196090.063     0.3
 NxN QSTab Elec. + LJ [V&F]              48.404344        2855.856     0.0
 NxN LJ [F]                          394184.012112    13008072.400    19.1
 NxN LJ [V&F]                          3989.603840      171552.965     0.3
 NxN QSTab Elec. [F]                      6.027912         204.949     0.0
 NxN QSTab Elec. [V&F]                    0.061080           2.504     0.0
 Calc Weights                         15108.152157      543893.478     0.8
 Spread Q Bspline                    322307.246016      644614.492     0.9
 Gather F Bspline                    322307.246016     1933843.476     2.8
 3D-FFT                             6422912.655684    51383301.245    75.4
 Solve PME                             2073.641472      132713.054     0.2
 Reset In Box                            50.158062         150.474     0.0
 CG-CoM                                  50.460219         151.381     0.0
 Bonds                                   16.000320         944.019     0.0
 Angles                                  37.200744        6249.725     0.0
 Propers                                 10.500210        2404.548     0.0
 Impropers                               14.050281        2922.458     0.0
 Virial                                 510.897159        9196.149     0.0
 Stop-CM                                 50.460219         504.602     0.0
 Calc-Ekin                             1007.391438       27199.569     0.0
 Lincs                                   14.810508         888.630     0.0
 Lincs-Mat                              223.867080         895.468     0.0
 Constraint-V                            29.621016         266.589     0.0
 Constraint-Vir                           1.481328          35.552     0.0
-----------------------------------------------------------------------------
 Total                                                68123133.119   100.0
-----------------------------------------------------------------------------


    D O M A I N   D E C O M P O S I T I O N   S T A T I S T I C S

 av. #atoms communicated per step for force:  2 x 92507.2
 av. #atoms communicated per step for LINCS:  2 x 45.3


Dynamic load balancing report:
 DLB was turned on during the run due to measured imbalance.
 Average load imbalance: 17.1%.
 The balanceable part of the MD step is 16%, load imbalance is computed from this.
 Part of the total run time spent waiting due to load imbalance: 2.8%.
 Steps where the load balancing was limited by -rdd, -rcon and/or -dds: X 0 % Y 0 %


     R E A L   C Y C L E   A N D   T I M E   A C C O U N T I N G

On 32 MPI ranks

 Computing:          Num   Num      Call    Wall time         Giga-Cycles
                     Ranks Threads  Count      (s)         total sum    %
-----------------------------------------------------------------------------
 Domain decomp.        32    1        500       1.046         80.998   0.4
 DD comm. load         32    1        500       0.070          5.404   0.0
 DD comm. bounds       32    1        378       0.208         16.117   0.1
 Neighbor search       32    1        501       0.950         73.546   0.3
 Comm. coord.          32    1      49500       7.356        569.452   2.7
 Force                 32    1      50001      31.248       2419.054  11.4
 Wait + Comm. F        32    1      50001       6.516        504.457   2.4
 PME mesh              32    1      50001     213.550      16531.874  78.0
 NB X/F buffer ops.    32    1     149001       2.593        200.735   0.9
 Write traj.           32    1         11       0.075          5.832   0.0
 Update                32    1      50001       2.128        164.706   0.8
 Constraints           32    1      50001       2.214        171.370   0.8
 Comm. energies        32    1       5001       4.783        370.281   1.7
 Rest                                           0.914         70.736   0.3
-----------------------------------------------------------------------------
 Total                                        273.652      21184.562 100.0
-----------------------------------------------------------------------------
 Breakdown of PME mesh computation
-----------------------------------------------------------------------------
 PME redist. X/F       32    1     100002      41.123       3183.520  15.0
 PME spread            32    1      50001      26.529       2053.708   9.7
 PME gather            32    1      50001      13.203       1022.095   4.8
 PME 3D-FFT            32    1     100002      57.482       4449.945  21.0
 PME 3D-FFT Comm.      32    1     200004      64.712       5009.638  23.6
 PME solve Elec        32    1      50001      10.368        802.644   3.8
-----------------------------------------------------------------------------

               Core t (s)   Wall t (s)        (%)
       Time:     8756.841      273.652     3200.0
                 (ns/day)    (hour/ns)
Performance:       31.574        0.760
Finished mdrun on rank 0 Wed Jun 26 18:53:38 2024

