              :-) GROMACS - gmx mdrun, 2021.4-Ubuntu-2021.4-2 (-:

                            GROMACS is written by:
     Andrey Alekseenko              Emile Apol              Rossen Apostolov     
         Paul Bauer           Herman J.C. Berendsen           Par Bjelkmar       
       Christian Blau           Viacheslav Bolnykh             Kevin Boyd        
     Aldert van Buuren           Rudi van Drunen             Anton Feenstra      
    Gilles Gouaillardet             Alan Gray               Gerrit Groenhof      
       Anca Hamuraru            Vincent Hindriksen          M. Eric Irrgang      
      Aleksei Iupinov           Christoph Junghans             Joe Jordan        
    Dimitrios Karkoulis            Peter Kasson                Jiri Kraus        
      Carsten Kutzner              Per Larsson              Justin A. Lemkul     
       Viveca Lindahl            Magnus Lundborg             Erik Marklund       
        Pascal Merz             Pieter Meulenhoff            Teemu Murtola       
        Szilard Pall               Sander Pronk              Roland Schulz       
       Michael Shirts            Alexey Shvetsov             Alfons Sijbers      
       Peter Tieleman              Jon Vincent              Teemu Virolainen     
     Christian Wennberg            Maarten Wolf              Artem Zhmurov       
                           and the project leaders:
        Mark Abraham, Berk Hess, Erik Lindahl, and David van der Spoel

Copyright (c) 1991-2000, University of Groningen, The Netherlands.
Copyright (c) 2001-2019, The GROMACS development team at
Uppsala University, Stockholm University and
the Royal Institute of Technology, Sweden.
check out http://www.gromacs.org for more information.

GROMACS is free software; you can redistribute it and/or modify it
under the terms of the GNU Lesser General Public License
as published by the Free Software Foundation; either version 2.1
of the License, or (at your option) any later version.

GROMACS:      gmx mdrun, version 2021.4-Ubuntu-2021.4-2
Executable:   /usr/bin/gmx
Data prefix:  /usr
Working dir:  /home/1-polyply-gromacs/data/9/gromacs
Process ID:   2652748
Command line:
  gmx mdrun -v -deffnm 04-md

GROMACS version:    2021.4-Ubuntu-2021.4-2
Precision:          mixed
Memory model:       64 bit
MPI library:        thread_mpi
OpenMP support:     enabled (GMX_OPENMP_MAX_THREADS = 64)
GPU support:        disabled
SIMD instructions:  SSE4.1
FFT library:        fftw-3.3.8-sse2-avx
RDTSCP usage:       enabled
TNG support:        enabled
Hwloc support:      hwloc-2.5.0
Tracing support:    disabled
C compiler:         /usr/bin/cc GNU 11.2.0
C compiler flags:   -msse4.1 -Wno-missing-field-initializers -fexcess-precision=fast -funroll-all-loops -O3 -DNDEBUG
C++ compiler:       /usr/bin/c++ GNU 11.2.0
C++ compiler flags: -msse4.1 -Wno-missing-field-initializers -fexcess-precision=fast -funroll-all-loops -fopenmp -O3 -DNDEBUG


Running on 1 node with total 16 cores, 32 logical cores
Hardware detected:
  CPU info:
    Vendor: Intel
    Brand:  Intel(R) Core(TM) i9-14900HX
    Family: 6   Model: 183   Stepping: 1
    Features: aes apic avx avx2 clfsh cmov cx8 cx16 f16c fma htt intel lahf mmx msr nonstop_tsc pcid pclmuldq pdpe1gb popcnt pse rdrnd rdtscp sha sse2 sse3 sse4.1 sse4.2 ssse3 tdt x2apic
  Hardware topology: Full, with devices
    Sockets, cores, and logical processors:
      Socket  0: [   0   1] [   2   3] [   4   5] [   6   7] [   8   9] [  10  11] [  12  13] [  14  15] [  16  17] [  18  19] [  20  21] [  22  23] [  24  25] [  26  27] [  28  29] [  30  31]
    Numa nodes:
      Node  0 (16657502208 bytes mem):   0   1   2   3   4   5   6   7   8   9  10  11  12  13  14  15  16  17  18  19  20  21  22  23  24  25  26  27  28  29  30  31
      Latency:
               0
         0  1.00
    Caches:
      L1: 49152 bytes, linesize 64 bytes, assoc. 12, shared 2 ways
      L2: 2097152 bytes, linesize 64 bytes, assoc. 16, shared 2 ways
      L3: 37748736 bytes, linesize 64 bytes, assoc. 12, shared 32 ways
    PCI devices:
      005f:00:00.0  Id: 1af4:1043  Class: 0x0100  Numa: 0
      b174:00:00.0  Id: 1414:008e  Class: 0x0302  Numa: 0

Highest SIMD level supported by all nodes in run: AVX2_256
SIMD instructions selected at compile time:       SSE4.1
This program was compiled for different hardware than you are running on,
which could influence performance.

++++ PLEASE READ AND CITE THE FOLLOWING REFERENCE ++++
M. J. Abraham, T. Murtola, R. Schulz, S. Páll, J. C. Smith, B. Hess, E.
Lindahl
GROMACS: High performance molecular simulations through multi-level
parallelism from laptops to supercomputers
SoftwareX 1 (2015) pp. 19-25
-------- -------- --- Thank You --- -------- --------


++++ PLEASE READ AND CITE THE FOLLOWING REFERENCE ++++
S. Páll, M. J. Abraham, C. Kutzner, B. Hess, E. Lindahl
Tackling Exascale Software Challenges in Molecular Dynamics Simulations with
GROMACS
In S. Markidis & E. Laure (Eds.), Solving Software Challenges for Exascale 8759 (2015) pp. 3-27
-------- -------- --- Thank You --- -------- --------


++++ PLEASE READ AND CITE THE FOLLOWING REFERENCE ++++
S. Pronk, S. Páll, R. Schulz, P. Larsson, P. Bjelkmar, R. Apostolov, M. R.
Shirts, J. C. Smith, P. M. Kasson, D. van der Spoel, B. Hess, and E. Lindahl
GROMACS 4.5: a high-throughput and highly parallel open source molecular
simulation toolkit
Bioinformatics 29 (2013) pp. 845-54
-------- -------- --- Thank You --- -------- --------


++++ PLEASE READ AND CITE THE FOLLOWING REFERENCE ++++
B. Hess and C. Kutzner and D. van der Spoel and E. Lindahl
GROMACS 4: Algorithms for highly efficient, load-balanced, and scalable
molecular simulation
J. Chem. Theory Comput. 4 (2008) pp. 435-447
-------- -------- --- Thank You --- -------- --------


++++ PLEASE READ AND CITE THE FOLLOWING REFERENCE ++++
D. van der Spoel, E. Lindahl, B. Hess, G. Groenhof, A. E. Mark and H. J. C.
Berendsen
GROMACS: Fast, Flexible and Free
J. Comp. Chem. 26 (2005) pp. 1701-1719
-------- -------- --- Thank You --- -------- --------


++++ PLEASE READ AND CITE THE FOLLOWING REFERENCE ++++
E. Lindahl and B. Hess and D. van der Spoel
GROMACS 3.0: A package for molecular simulation and trajectory analysis
J. Mol. Mod. 7 (2001) pp. 306-317
-------- -------- --- Thank You --- -------- --------


++++ PLEASE READ AND CITE THE FOLLOWING REFERENCE ++++
H. J. C. Berendsen, D. van der Spoel and R. van Drunen
GROMACS: A message-passing parallel molecular dynamics implementation
Comp. Phys. Comm. 91 (1995) pp. 43-56
-------- -------- --- Thank You --- -------- --------

Input Parameters:
   integrator                     = md
   tinit                          = 0
   dt                             = 0.002
   nsteps                         = 50000
   init-step                      = 0
   simulation-part                = 1
   mts                            = false
   comm-mode                      = Linear
   nstcomm                        = 100
   bd-fric                        = 0
   ld-seed                        = -94521481
   emtol                          = 10
   emstep                         = 0.01
   niter                          = 20
   fcstep                         = 0
   nstcgsteep                     = 1000
   nbfgscorr                      = 10
   rtpi                           = 0.05
   nstxout                        = 5000
   nstvout                        = 5000
   nstfout                        = 0
   nstlog                         = 5000
   nstcalcenergy                  = 100
   nstenergy                      = 5000
   nstxout-compressed             = 0
   compressed-x-precision         = 1000
   cutoff-scheme                  = Verlet
   nstlist                        = 10
   pbc                            = xyz
   periodic-molecules             = false
   verlet-buffer-tolerance        = 0.005
   rlist                          = 1
   coulombtype                    = PME
   coulomb-modifier               = Potential-shift
   rcoulomb-switch                = 0
   rcoulomb                       = 1
   epsilon-r                      = 1
   epsilon-rf                     = inf
   vdw-type                       = Cut-off
   vdw-modifier                   = Potential-shift
   rvdw-switch                    = 0
   rvdw                           = 1
   DispCorr                       = EnerPres
   table-extension                = 1
   fourierspacing                 = 0.16
   fourier-nx                     = 192
   fourier-ny                     = 192
   fourier-nz                     = 192
   pme-order                      = 4
   ewald-rtol                     = 1e-05
   ewald-rtol-lj                  = 0.001
   lj-pme-comb-rule               = Geometric
   ewald-geometry                 = 0
   epsilon-surface                = 0
   tcoupl                         = V-rescale
   nsttcouple                     = 10
   nh-chain-length                = 0
   print-nose-hoover-chain-variables = false
   pcoupl                         = Parrinello-Rahman
   pcoupltype                     = Isotropic
   nstpcouple                     = 10
   tau-p                          = 2
   compressibility (3x3):
      compressibility[    0]={ 4.50000e-05,  0.00000e+00,  0.00000e+00}
      compressibility[    1]={ 0.00000e+00,  4.50000e-05,  0.00000e+00}
      compressibility[    2]={ 0.00000e+00,  0.00000e+00,  4.50000e-05}
   ref-p (3x3):
      ref-p[    0]={ 1.00000e+00,  0.00000e+00,  0.00000e+00}
      ref-p[    1]={ 0.00000e+00,  1.00000e+00,  0.00000e+00}
      ref-p[    2]={ 0.00000e+00,  0.00000e+00,  1.00000e+00}
   refcoord-scaling               = No
   posres-com (3):
      posres-com[0]= 0.00000e+00
      posres-com[1]= 0.00000e+00
      posres-com[2]= 0.00000e+00
   posres-comB (3):
      posres-comB[0]= 0.00000e+00
      posres-comB[1]= 0.00000e+00
      posres-comB[2]= 0.00000e+00
   QMMM                           = false
qm-opts:
   ngQM                           = 0
   constraint-algorithm           = Lincs
   continuation                   = true
   Shake-SOR                      = false
   shake-tol                      = 0.0001
   lincs-order                    = 4
   lincs-iter                     = 1
   lincs-warnangle                = 30
   nwall                          = 0
   wall-type                      = 9-3
   wall-r-linpot                  = -1
   wall-atomtype[0]               = -1
   wall-atomtype[1]               = -1
   wall-density[0]                = 0
   wall-density[1]                = 0
   wall-ewald-zfac                = 3
   pull                           = false
   awh                            = false
   rotation                       = false
   interactiveMD                  = false
   disre                          = No
   disre-weighting                = Conservative
   disre-mixed                    = false
   dr-fc                          = 1000
   dr-tau                         = 0
   nstdisreout                    = 100
   orire-fc                       = 0
   orire-tau                      = 0
   nstorireout                    = 100
   free-energy                    = no
   cos-acceleration               = 0
   deform (3x3):
      deform[    0]={ 0.00000e+00,  0.00000e+00,  0.00000e+00}
      deform[    1]={ 0.00000e+00,  0.00000e+00,  0.00000e+00}
      deform[    2]={ 0.00000e+00,  0.00000e+00,  0.00000e+00}
   simulated-tempering            = false
   swapcoords                     = no
   userint1                       = 0
   userint2                       = 0
   userint3                       = 0
   userint4                       = 0
   userreal1                      = 0
   userreal2                      = 0
   userreal3                      = 0
   userreal4                      = 0
   applied-forces:
     electric-field:
       x:
         E0                       = 0
         omega                    = 0
         t0                       = 0
         sigma                    = 0
       y:
         E0                       = 0
         omega                    = 0
         t0                       = 0
         sigma                    = 0
       z:
         E0                       = 0
         omega                    = 0
         t0                       = 0
         sigma                    = 0
     density-guided-simulation:
       active                     = false
       group                      = protein
       similarity-measure         = inner-product
       atom-spreading-weight      = unity
       force-constant             = 1e+09
       gaussian-transform-spreading-width = 0.2
       gaussian-transform-spreading-range-in-multiples-of-width = 4
       reference-density-filename = reference.mrc
       nst                        = 1
       normalize-densities        = true
       adaptive-force-scaling     = false
       adaptive-force-scaling-time-constant = 4
       shift-vector               = 
       transformation-matrix      = 
grpopts:
   nrdf:      753053
   ref-t:         300
   tau-t:         0.1
annealing:          No
annealing-npoints:           0
   acc:	           0           0           0
   nfreeze:           N           N           N
   energygrp-flags[  0]: 0

Changing nstlist from 10 to 100, rlist from 1 to 1.058


Initializing Domain Decomposition on 32 ranks
Dynamic load balancing: auto
Minimum cell size due to atom displacement: 0.285 nm
Initial maximum distances in bonded interactions:
    two-body bonded interactions: 0.994 nm, Exclusion, atoms 179 184
  multi-body bonded interactions: 0.927 nm, Proper Dih., atoms 48 54
Minimum cell size due to bonded interactions: 1.020 nm
Maximum distance for 5 constraints, at 120 deg. angles, all-trans: 1.036 nm
Estimated maximum distance required for P-LINCS: 1.036 nm
This distance will limit the DD cell size, you can override this with -rcon
Scaling the initial minimum size with 1/0.8 (option -dds) = 1.25
Guess for relative PME load: 0.78
Using 0 separate PME ranks, as guessed by mdrun
Optimizing the DD grid for 32 cells with a minimum initial size of 1.295 nm
The maximum allowed number of cells is: X 23 Y 23 Z 23
Domain decomposition grid 16 x 2 x 1, separate PME ranks 0
PME domain decomposition: 16 x 2 x 1
Domain decomposition rank 0, coordinates 0 0 0

The initial number of communication pulses is: X 1 Y 1
The initial domain decomposition cell size is: X 1.90 nm Y 15.23 nm

The maximum allowed distance for atoms involved in interactions is:
                 non-bonded interactions           1.058 nm
(the following are initial values, they could change due to box deformation)
            two-body bonded interactions  (-rdd)   1.058 nm
          multi-body bonded interactions  (-rdd)   1.058 nm
  atoms separated by up to 5 constraints  (-rcon)  1.904 nm

When dynamic load balancing gets turned on, these settings will change to:
The maximum number of communication pulses is: X 1 Y 1
The minimum size for domain decomposition cells is 1.058 nm
The requested allowed shrink of DD cells (option -dds) is: 0.80
The allowed shrink of domain decomposition cells is: X 0.56 Y 0.07
The maximum allowed distance for atoms involved in interactions is:
                 non-bonded interactions           1.058 nm
            two-body bonded interactions  (-rdd)   1.058 nm
          multi-body bonded interactions  (-rdd)   1.058 nm
  atoms separated by up to 5 constraints  (-rcon)  1.058 nm

Using 32 MPI threads
Using 1 OpenMP thread per tMPI thread

Pinning threads with an auto-selected logical core stride of 1
System total charge: 430.000
Will do PME sum in reciprocal space for electrostatic interactions.

++++ PLEASE READ AND CITE THE FOLLOWING REFERENCE ++++
U. Essmann, L. Perera, M. L. Berkowitz, T. Darden, H. Lee and L. G. Pedersen 
A smooth particle mesh Ewald method
J. Chem. Phys. 103 (1995) pp. 8577-8592
-------- -------- --- Thank You --- -------- --------

Using a Gaussian width (1/beta) of 0.320163 nm for Ewald
Potential shift: LJ r^-12: -1.000e+00 r^-6: -1.000e+00, Ewald -1.000e-05
Initialized non-bonded Ewald tables, spacing: 9.33e-04 size: 1073

Long Range LJ corr.: <C6> 2.1555e-01


Using SIMD 4x4 nonbonded short-range kernels

Using a dual 4x4 pair-list setup updated with dynamic pruning:
  outer list: updated every 100 steps, buffer 0.058 nm, rlist 1.058 nm
  inner list: updated every  16 steps, buffer 0.001 nm, rlist 1.001 nm
At tolerance 0.005 kJ/mol/ps per atom, equivalent classical 1x1 list would be:
  outer list: updated every 100 steps, buffer 0.099 nm, rlist 1.099 nm
  inner list: updated every  16 steps, buffer 0.009 nm, rlist 1.009 nm

Using full Lennard-Jones parameter combination matrix

Initializing Parallel LINear Constraint Solver

++++ PLEASE READ AND CITE THE FOLLOWING REFERENCE ++++
B. Hess
P-LINCS: A Parallel Linear Constraint Solver for molecular simulation
J. Chem. Theory Comput. 4 (2008) pp. 116-122
-------- -------- --- Thank You --- -------- --------

The number of constraints is 250
There are constraints between atoms in different decomposition domains,
will communicate selected coordinates each lincs iteration
102 constraints are involved in constraint triangles,
will apply an additional matrix expansion of order 4 for couplings
between constraints inside triangles

Linking all bonded interactions to atoms


Intra-simulation communication will occur every 10 steps.

++++ PLEASE READ AND CITE THE FOLLOWING REFERENCE ++++
G. Bussi, D. Donadio and M. Parrinello
Canonical sampling through velocity rescaling
J. Chem. Phys. 126 (2007) pp. 014101
-------- -------- --- Thank You --- -------- --------

There are: 251102 Atoms
Atom distribution over 32 domains: av 7846 stddev 125 min 7783 max 7904
Center of mass motion removal mode is Linear
We have the following groups for center of mass motion removal:
  0:  rest

Started mdrun on rank 0 Sun Jun 30 15:18:38 2024

           Step           Time
              0        0.00000

   Energies (kJ/mol)
           Bond          Angle       G96Angle    Proper Dih.  Improper Dih.
    7.10688e+02    5.31964e+02    1.77765e+03    3.33204e+02    8.55002e+02
        LJ (SR)  Disper. corr.   Coulomb (SR)   Coul. recip.      Potential
   -6.56650e+06   -1.98726e+06   -1.75409e+05    1.46195e+05   -8.57876e+06
    Kinetic En.   Total Energy  Conserved En.    Temperature Pres. DC (bar)
    9.36954e+05   -7.64181e+06   -7.64011e+06    2.99287e+02   -1.18350e+03
 Pressure (bar)   Constr. rmsd
    1.91795e+01    4.55210e-06


DD  step 99 load imb.: force 17.6%

DD  step 4999 load imb.: force 13.9%
           Step           Time
           5000       10.00000

   Energies (kJ/mol)
           Bond          Angle       G96Angle    Proper Dih.  Improper Dih.
    7.26128e+02    5.01067e+02    1.63551e+03    3.31335e+02    7.60977e+02
        LJ (SR)  Disper. corr.   Coulomb (SR)   Coul. recip.      Potential
   -6.58040e+06   -1.99020e+06   -1.75595e+05    1.38234e+05   -8.60401e+06
    Kinetic En.   Total Energy  Conserved En.    Temperature Pres. DC (bar)
    9.37714e+05   -7.66630e+06   -7.65696e+06    2.99530e+02   -1.18696e+03
 Pressure (bar)   Constr. rmsd
    1.44409e+01    4.43294e-06


DD  step 9999 load imb.: force 24.2%

step 10000 Turning on dynamic load balancing, because the performance loss due to load imbalance is 2.5 %.
           Step           Time
          10000       20.00000

   Energies (kJ/mol)
           Bond          Angle       G96Angle    Proper Dih.  Improper Dih.
    6.13533e+02    5.24395e+02    1.60848e+03    3.43432e+02    6.72589e+02
        LJ (SR)  Disper. corr.   Coulomb (SR)   Coul. recip.      Potential
   -6.58155e+06   -1.98944e+06   -1.75961e+05    1.30750e+05   -8.61244e+06
    Kinetic En.   Total Energy  Conserved En.    Temperature Pres. DC (bar)
    9.39928e+05   -7.67251e+06   -7.67372e+06    3.00238e+02   -1.18606e+03
 Pressure (bar)   Constr. rmsd
   -5.61888e+00    4.82174e-06

step 14000 Turning off dynamic load balancing, because it is degrading performance.
Atom distribution over 32 domains: av 7846 stddev 124 min 7798 max 7892

DD  step 14999 load imb.: force 29.8%
           Step           Time
          15000       30.00000

   Energies (kJ/mol)
           Bond          Angle       G96Angle    Proper Dih.  Improper Dih.
    5.45793e+02    4.40008e+02    1.46412e+03    3.58163e+02    7.16728e+02
        LJ (SR)  Disper. corr.   Coulomb (SR)   Coul. recip.      Potential
   -6.58532e+06   -1.98989e+06   -1.76147e+05    1.26595e+05   -8.62124e+06
    Kinetic En.   Total Energy  Conserved En.    Temperature Pres. DC (bar)
    9.42125e+05   -7.67911e+06   -7.69104e+06    3.00939e+02   -1.18659e+03
 Pressure (bar)   Constr. rmsd
   -1.17774e+01    4.61003e-06


DD  step 19999 load imb.: force  9.2%
           Step           Time
          20000       40.00000

   Energies (kJ/mol)
           Bond          Angle       G96Angle    Proper Dih.  Improper Dih.
    5.50307e+02    4.21104e+02    1.56010e+03    3.40097e+02    6.03628e+02
        LJ (SR)  Disper. corr.   Coulomb (SR)   Coul. recip.      Potential
   -6.58181e+06   -1.99025e+06   -1.76177e+05    1.23137e+05   -8.62163e+06
    Kinetic En.   Total Energy  Conserved En.    Temperature Pres. DC (bar)
    9.39614e+05   -7.68202e+06   -7.70785e+06    3.00137e+02   -1.18702e+03
 Pressure (bar)   Constr. rmsd
    5.22401e+00    4.54325e-06


DD  step 24999 load imb.: force 23.5%
           Step           Time
          25000       50.00000

   Energies (kJ/mol)
           Bond          Angle       G96Angle    Proper Dih.  Improper Dih.
    5.58736e+02    4.15273e+02    1.53326e+03    3.59288e+02    6.62277e+02
        LJ (SR)  Disper. corr.   Coulomb (SR)   Coul. recip.      Potential
   -6.58225e+06   -1.99027e+06   -1.76339e+05    1.20273e+05   -8.62506e+06
    Kinetic En.   Total Energy  Conserved En.    Temperature Pres. DC (bar)
    9.38968e+05   -7.68609e+06   -7.72462e+06    2.99931e+02   -1.18703e+03
 Pressure (bar)   Constr. rmsd
    6.46070e-01    4.61753e-06


DD  step 29999 load imb.: force 24.5%

step 30000 Turning on dynamic load balancing, because the performance loss due to load imbalance is 2.6 %.
           Step           Time
          30000       60.00000

   Energies (kJ/mol)
           Bond          Angle       G96Angle    Proper Dih.  Improper Dih.
    5.56494e+02    5.25809e+02    1.40799e+03    3.74476e+02    5.99574e+02
        LJ (SR)  Disper. corr.   Coulomb (SR)   Coul. recip.      Potential
   -6.58059e+06   -1.98982e+06   -1.76361e+05    1.17960e+05   -8.62535e+06
    Kinetic En.   Total Energy  Conserved En.    Temperature Pres. DC (bar)
    9.37373e+05   -7.68798e+06   -7.74146e+06    2.99421e+02   -1.18651e+03
 Pressure (bar)   Constr. rmsd
    1.18013e-01    4.60483e-06

step 32000 Turning off dynamic load balancing, because it is degrading performance.
Atom distribution over 32 domains: av 7846 stddev 125 min 7784 max 7906

DD  step 34999 load imb.: force 13.3%
           Step           Time
          35000       70.00000

   Energies (kJ/mol)
           Bond          Angle       G96Angle    Proper Dih.  Improper Dih.
    5.23748e+02    4.82235e+02    1.48714e+03    3.72521e+02    7.19542e+02
        LJ (SR)  Disper. corr.   Coulomb (SR)   Coul. recip.      Potential
   -6.58344e+06   -1.99063e+06   -1.76393e+05    1.15612e+05   -8.63127e+06
    Kinetic En.   Total Energy  Conserved En.    Temperature Pres. DC (bar)
    9.39406e+05   -7.69187e+06   -7.75854e+06    3.00071e+02   -1.18746e+03
 Pressure (bar)   Constr. rmsd
    4.10017e+00    4.38799e-06


DD  step 39999 load imb.: force 18.7%

step 40000 Will no longer try dynamic load balancing, as it degraded performance.
           Step           Time
          40000       80.00000

   Energies (kJ/mol)
           Bond          Angle       G96Angle    Proper Dih.  Improper Dih.
    5.26633e+02    4.73362e+02    1.49620e+03    3.72420e+02    5.84680e+02
        LJ (SR)  Disper. corr.   Coulomb (SR)   Coul. recip.      Potential
   -6.58631e+06   -1.99071e+06   -1.76539e+05    1.13696e+05   -8.63642e+06
    Kinetic En.   Total Energy  Conserved En.    Temperature Pres. DC (bar)
    9.38078e+05   -7.69834e+06   -7.77540e+06    2.99646e+02   -1.18756e+03
 Pressure (bar)   Constr. rmsd
   -8.18152e+00    4.48354e-06


DD  step 44999 load imb.: force 15.1%
           Step           Time
          45000       90.00000

   Energies (kJ/mol)
           Bond          Angle       G96Angle    Proper Dih.  Improper Dih.
    5.14983e+02    4.09042e+02    1.63099e+03    3.55770e+02    5.50480e+02
        LJ (SR)  Disper. corr.   Coulomb (SR)   Coul. recip.      Potential
   -6.58508e+06   -1.99027e+06   -1.76588e+05    1.12291e+05   -8.63618e+06
    Kinetic En.   Total Energy  Conserved En.    Temperature Pres. DC (bar)
    9.40582e+05   -7.69560e+06   -7.79224e+06    3.00447e+02   -1.18703e+03
 Pressure (bar)   Constr. rmsd
   -6.98783e+00    4.82138e-06


DD  step 49999 load imb.: force 14.1%
           Step           Time
          50000      100.00000

Writing checkpoint, step 50000 at Sun Jun 30 15:31:38 2024


   Energies (kJ/mol)
           Bond          Angle       G96Angle    Proper Dih.  Improper Dih.
    4.35730e+02    3.91309e+02    1.56257e+03    3.77627e+02    5.52351e+02
        LJ (SR)  Disper. corr.   Coulomb (SR)   Coul. recip.      Potential
   -6.58328e+06   -1.99063e+06   -1.76675e+05    1.11434e+05   -8.63584e+06
    Kinetic En.   Total Energy  Conserved En.    Temperature Pres. DC (bar)
    9.38763e+05   -7.69707e+06   -7.80907e+06    2.99865e+02   -1.18746e+03
 Pressure (bar)   Constr. rmsd
    2.99001e+00    4.86917e-06


Energy conservation over simulation part #1 of length 100 ns, time 0 to 100 ns
  Conserved energy drift: -6.73e-03 kJ/mol/ps per atom


	<======  ###############  ==>
	<====  A V E R A G E S  ====>
	<==  ###############  ======>

	Statistics over 50001 steps using 501 frames

   Energies (kJ/mol)
           Bond          Angle       G96Angle    Proper Dih.  Improper Dih.
    5.53957e+02    4.59847e+02    1.54604e+03    3.60971e+02    6.35350e+02
        LJ (SR)  Disper. corr.   Coulomb (SR)   Coul. recip.      Potential
   -6.58288e+06   -1.99017e+06   -1.76237e+05    1.22626e+05   -8.62310e+06
    Kinetic En.   Total Energy  Conserved En.    Temperature Pres. DC (bar)
    9.38936e+05   -7.68417e+06   -7.72466e+06    2.99921e+02   -1.18692e+03
 Pressure (bar)   Constr. rmsd
    1.88437e-01    0.00000e+00

          Box-X          Box-Y          Box-Z
    3.04459e+01    3.04459e+01    3.04459e+01

   Total Virial (kJ/mol)
    3.13804e+05   -1.12429e+02    2.88440e+02
   -1.12447e+02    3.13218e+05   -1.87032e+02
    2.88403e+02   -1.87052e+02    3.11437e+05

   Pressure (bar)
   -8.32222e-01    1.91428e-01   -2.82248e-01
    1.91450e-01   -3.12324e-01    2.65761e-01
   -2.82204e-01    2.65785e-01    1.70986e+00


	M E G A - F L O P S   A C C O U N T I N G

 NB=Group-cutoff nonbonded kernels    NxN=N-by-N cluster Verlet kernels
 RF=Reaction-Field  VdW=Van der Waals  QSTab=quadratic-spline table
 W3=SPC/TIP3p  W4=TIP4p (single or pairs)
 V&F=Potential and force  V=Potential only  F=Force only

 Computing:                               M-Number         M-Flops  % Flops
-----------------------------------------------------------------------------
 Pair Search distance check           13484.794906      121363.154     0.1
 NxN QSTab Elec. + LJ [F]              9931.475664      407190.502     0.2
 NxN QSTab Elec. + LJ [V&F]             100.516032        5930.446     0.0
 NxN LJ [F]                          932999.815440    30788993.910    18.3
 NxN LJ [V&F]                          9443.075040      406052.227     0.2
 NxN QSTab Elec. [F]                     22.971168         781.020     0.0
 NxN QSTab Elec. [V&F]                    0.232720           9.542     0.0
 Calc Weights                         37666.053306     1355977.919     0.8
 Spread Q Bspline                    803542.470528     1607084.941     1.0
 Gather F Bspline                    803542.470528     4821254.823     2.9
 3D-FFT                            16105976.313084   128847810.505    76.4
 Solve PME                             3686.473728      235934.319     0.1
 Reset In Box                           125.048796         375.146     0.0
 CG-CoM                                 125.802102         377.406     0.0
 Bonds                                   15.950319         941.069     0.0
 Angles                                  37.150743        6241.325     0.0
 Propers                                 10.500210        2404.548     0.0
 Impropers                               14.050281        2922.458     0.0
 Virial                                1262.962542       22733.326     0.0
 Stop-CM                                125.802102        1258.021     0.0
 Calc-Ekin                             2511.522204       67811.100     0.0
 Lincs                                   14.316290         858.977     0.0
 Lincs-Mat                              220.756440         883.026     0.0
 Constraint-V                            28.632580         257.693     0.0
 Constraint-Vir                           1.431890          34.365     0.0
-----------------------------------------------------------------------------
 Total                                               168705481.767   100.0
-----------------------------------------------------------------------------


    D O M A I N   D E C O M P O S I T I O N   S T A T I S T I C S

 av. #atoms communicated per step for force:  2 x 165129.7
 av. #atoms communicated per step for LINCS:  2 x 36.5


Dynamic load balancing report:
 DLB got disabled because it was unsuitable to use.
 Average load imbalance: 18.8%.
 The balanceable part of the MD step is 13%, load imbalance is computed from this.
 Part of the total run time spent waiting due to load imbalance: 2.4%.


     R E A L   C Y C L E   A N D   T I M E   A C C O U N T I N G

On 32 MPI ranks

 Computing:          Num   Num      Call    Wall time         Giga-Cycles
                     Ranks Threads  Count      (s)         total sum    %
-----------------------------------------------------------------------------
 Domain decomp.        32    1        500       2.385        184.672   0.3
 DD comm. load         32    1        500       0.144         11.113   0.0
 DD comm. bounds       32    1         60       0.052          4.053   0.0
 Neighbor search       32    1        501       2.340        181.130   0.3
 Comm. coord.          32    1      49500      14.261       1104.002   1.8
 Force                 32    1      50001      74.529       5769.617   9.5
 Wait + Comm. F        32    1      50001      15.086       1167.855   1.9
 PME mesh              32    1      50001     646.963      50084.259  82.8
 NB X/F buffer ops.    32    1     149001       5.998        464.306   0.8
 Write traj.           32    1         11       0.126          9.759   0.0
 Update                32    1      50001       6.117        473.528   0.8
 Constraints           32    1      50001       3.588        277.788   0.5
 Comm. energies        32    1       5001       8.046        622.845   1.0
 Rest                                           1.920        148.608   0.2
-----------------------------------------------------------------------------
 Total                                        781.554      60503.534 100.0
-----------------------------------------------------------------------------
 Breakdown of PME mesh computation
-----------------------------------------------------------------------------
 PME redist. X/F       32    1     100002     102.736       7953.221  13.1
 PME spread            32    1      50001      93.232       7217.495  11.9
 PME gather            32    1      50001      52.749       4083.515   6.7
 PME 3D-FFT            32    1     100002     207.043      16028.102  26.5
 PME 3D-FFT Comm.      32    1     200004     165.642      12823.076  21.2
 PME solve Elec        32    1      50001      25.199       1950.750   3.2
-----------------------------------------------------------------------------

               Core t (s)   Wall t (s)        (%)
       Time:    25009.718      781.554     3200.0
                 (ns/day)    (hour/ns)
Performance:       11.055        2.171
Finished mdrun on rank 0 Sun Jun 30 15:31:39 2024

