              :-) GROMACS - gmx mdrun, 2021.4-Ubuntu-2021.4-2 (-:

                            GROMACS is written by:
     Andrey Alekseenko              Emile Apol              Rossen Apostolov     
         Paul Bauer           Herman J.C. Berendsen           Par Bjelkmar       
       Christian Blau           Viacheslav Bolnykh             Kevin Boyd        
     Aldert van Buuren           Rudi van Drunen             Anton Feenstra      
    Gilles Gouaillardet             Alan Gray               Gerrit Groenhof      
       Anca Hamuraru            Vincent Hindriksen          M. Eric Irrgang      
      Aleksei Iupinov           Christoph Junghans             Joe Jordan        
    Dimitrios Karkoulis            Peter Kasson                Jiri Kraus        
      Carsten Kutzner              Per Larsson              Justin A. Lemkul     
       Viveca Lindahl            Magnus Lundborg             Erik Marklund       
        Pascal Merz             Pieter Meulenhoff            Teemu Murtola       
        Szilard Pall               Sander Pronk              Roland Schulz       
       Michael Shirts            Alexey Shvetsov             Alfons Sijbers      
       Peter Tieleman              Jon Vincent              Teemu Virolainen     
     Christian Wennberg            Maarten Wolf              Artem Zhmurov       
                           and the project leaders:
        Mark Abraham, Berk Hess, Erik Lindahl, and David van der Spoel

Copyright (c) 1991-2000, University of Groningen, The Netherlands.
Copyright (c) 2001-2019, The GROMACS development team at
Uppsala University, Stockholm University and
the Royal Institute of Technology, Sweden.
check out http://www.gromacs.org for more information.

GROMACS is free software; you can redistribute it and/or modify it
under the terms of the GNU Lesser General Public License
as published by the Free Software Foundation; either version 2.1
of the License, or (at your option) any later version.

GROMACS:      gmx mdrun, version 2021.4-Ubuntu-2021.4-2
Executable:   /usr/bin/gmx
Data prefix:  /usr
Working dir:  /home/1-polyply-gromacs/data/27/gromacs
Process ID:   253799
Command line:
  gmx mdrun -v -deffnm 02-equil

GROMACS version:    2021.4-Ubuntu-2021.4-2
Precision:          mixed
Memory model:       64 bit
MPI library:        thread_mpi
OpenMP support:     enabled (GMX_OPENMP_MAX_THREADS = 64)
GPU support:        disabled
SIMD instructions:  SSE4.1
FFT library:        fftw-3.3.8-sse2-avx
RDTSCP usage:       enabled
TNG support:        enabled
Hwloc support:      hwloc-2.5.0
Tracing support:    disabled
C compiler:         /usr/bin/cc GNU 11.2.0
C compiler flags:   -msse4.1 -Wno-missing-field-initializers -fexcess-precision=fast -funroll-all-loops -O3 -DNDEBUG
C++ compiler:       /usr/bin/c++ GNU 11.2.0
C++ compiler flags: -msse4.1 -Wno-missing-field-initializers -fexcess-precision=fast -funroll-all-loops -fopenmp -O3 -DNDEBUG


Running on 1 node with total 16 cores, 32 logical cores
Hardware detected:
  CPU info:
    Vendor: Intel
    Brand:  Intel(R) Core(TM) i9-14900HX
    Family: 6   Model: 183   Stepping: 1
    Features: aes apic avx avx2 clfsh cmov cx8 cx16 f16c fma htt intel lahf mmx msr nonstop_tsc pcid pclmuldq pdpe1gb popcnt pse rdrnd rdtscp sha sse2 sse3 sse4.1 sse4.2 ssse3 tdt x2apic
  Hardware topology: Full, with devices
    Sockets, cores, and logical processors:
      Socket  0: [   0   1] [   2   3] [   4   5] [   6   7] [   8   9] [  10  11] [  12  13] [  14  15] [  16  17] [  18  19] [  20  21] [  22  23] [  24  25] [  26  27] [  28  29] [  30  31]
    Numa nodes:
      Node  0 (16657502208 bytes mem):   0   1   2   3   4   5   6   7   8   9  10  11  12  13  14  15  16  17  18  19  20  21  22  23  24  25  26  27  28  29  30  31
      Latency:
               0
         0  1.00
    Caches:
      L1: 49152 bytes, linesize 64 bytes, assoc. 12, shared 2 ways
      L2: 2097152 bytes, linesize 64 bytes, assoc. 16, shared 2 ways
      L3: 37748736 bytes, linesize 64 bytes, assoc. 12, shared 32 ways
    PCI devices:
      4bb2:00:00.0  Id: 1414:008e  Class: 0x0302  Numa: 0
      f034:00:00.0  Id: 1af4:1043  Class: 0x0100  Numa: 0

Highest SIMD level supported by all nodes in run: AVX2_256
SIMD instructions selected at compile time:       SSE4.1
This program was compiled for different hardware than you are running on,
which could influence performance.

++++ PLEASE READ AND CITE THE FOLLOWING REFERENCE ++++
M. J. Abraham, T. Murtola, R. Schulz, S. Páll, J. C. Smith, B. Hess, E.
Lindahl
GROMACS: High performance molecular simulations through multi-level
parallelism from laptops to supercomputers
SoftwareX 1 (2015) pp. 19-25
-------- -------- --- Thank You --- -------- --------


++++ PLEASE READ AND CITE THE FOLLOWING REFERENCE ++++
S. Páll, M. J. Abraham, C. Kutzner, B. Hess, E. Lindahl
Tackling Exascale Software Challenges in Molecular Dynamics Simulations with
GROMACS
In S. Markidis & E. Laure (Eds.), Solving Software Challenges for Exascale 8759 (2015) pp. 3-27
-------- -------- --- Thank You --- -------- --------


++++ PLEASE READ AND CITE THE FOLLOWING REFERENCE ++++
S. Pronk, S. Páll, R. Schulz, P. Larsson, P. Bjelkmar, R. Apostolov, M. R.
Shirts, J. C. Smith, P. M. Kasson, D. van der Spoel, B. Hess, and E. Lindahl
GROMACS 4.5: a high-throughput and highly parallel open source molecular
simulation toolkit
Bioinformatics 29 (2013) pp. 845-54
-------- -------- --- Thank You --- -------- --------


++++ PLEASE READ AND CITE THE FOLLOWING REFERENCE ++++
B. Hess and C. Kutzner and D. van der Spoel and E. Lindahl
GROMACS 4: Algorithms for highly efficient, load-balanced, and scalable
molecular simulation
J. Chem. Theory Comput. 4 (2008) pp. 435-447
-------- -------- --- Thank You --- -------- --------


++++ PLEASE READ AND CITE THE FOLLOWING REFERENCE ++++
D. van der Spoel, E. Lindahl, B. Hess, G. Groenhof, A. E. Mark and H. J. C.
Berendsen
GROMACS: Fast, Flexible and Free
J. Comp. Chem. 26 (2005) pp. 1701-1719
-------- -------- --- Thank You --- -------- --------


++++ PLEASE READ AND CITE THE FOLLOWING REFERENCE ++++
E. Lindahl and B. Hess and D. van der Spoel
GROMACS 3.0: A package for molecular simulation and trajectory analysis
J. Mol. Mod. 7 (2001) pp. 306-317
-------- -------- --- Thank You --- -------- --------


++++ PLEASE READ AND CITE THE FOLLOWING REFERENCE ++++
H. J. C. Berendsen, D. van der Spoel and R. van Drunen
GROMACS: A message-passing parallel molecular dynamics implementation
Comp. Phys. Comm. 91 (1995) pp. 43-56
-------- -------- --- Thank You --- -------- --------

Input Parameters:
   integrator                     = md
   tinit                          = 0
   dt                             = 0.002
   nsteps                         = 5000
   init-step                      = 0
   simulation-part                = 1
   mts                            = false
   comm-mode                      = Linear
   nstcomm                        = 100
   bd-fric                        = 0
   ld-seed                        = 2053037310
   emtol                          = 10
   emstep                         = 0.01
   niter                          = 20
   fcstep                         = 0
   nstcgsteep                     = 1000
   nbfgscorr                      = 10
   rtpi                           = 0.05
   nstxout                        = 500
   nstvout                        = 500
   nstfout                        = 0
   nstlog                         = 500
   nstcalcenergy                  = 100
   nstenergy                      = 500
   nstxout-compressed             = 0
   compressed-x-precision         = 1000
   cutoff-scheme                  = Verlet
   nstlist                        = 10
   pbc                            = xyz
   periodic-molecules             = false
   verlet-buffer-tolerance        = 0.005
   rlist                          = 1
   coulombtype                    = PME
   coulomb-modifier               = Potential-shift
   rcoulomb-switch                = 0
   rcoulomb                       = 1
   epsilon-r                      = 1
   epsilon-rf                     = inf
   vdw-type                       = Cut-off
   vdw-modifier                   = Potential-shift
   rvdw-switch                    = 0
   rvdw                           = 1
   DispCorr                       = EnerPres
   table-extension                = 1
   fourierspacing                 = 0.16
   fourier-nx                     = 200
   fourier-ny                     = 200
   fourier-nz                     = 200
   pme-order                      = 4
   ewald-rtol                     = 1e-05
   ewald-rtol-lj                  = 0.001
   lj-pme-comb-rule               = Geometric
   ewald-geometry                 = 0
   epsilon-surface                = 0
   tcoupl                         = V-rescale
   nsttcouple                     = 10
   nh-chain-length                = 0
   print-nose-hoover-chain-variables = false
   pcoupl                         = No
   pcoupltype                     = Isotropic
   nstpcouple                     = -1
   tau-p                          = 1
   compressibility (3x3):
      compressibility[    0]={ 0.00000e+00,  0.00000e+00,  0.00000e+00}
      compressibility[    1]={ 0.00000e+00,  0.00000e+00,  0.00000e+00}
      compressibility[    2]={ 0.00000e+00,  0.00000e+00,  0.00000e+00}
   ref-p (3x3):
      ref-p[    0]={ 0.00000e+00,  0.00000e+00,  0.00000e+00}
      ref-p[    1]={ 0.00000e+00,  0.00000e+00,  0.00000e+00}
      ref-p[    2]={ 0.00000e+00,  0.00000e+00,  0.00000e+00}
   refcoord-scaling               = No
   posres-com (3):
      posres-com[0]= 0.00000e+00
      posres-com[1]= 0.00000e+00
      posres-com[2]= 0.00000e+00
   posres-comB (3):
      posres-comB[0]= 0.00000e+00
      posres-comB[1]= 0.00000e+00
      posres-comB[2]= 0.00000e+00
   QMMM                           = false
qm-opts:
   ngQM                           = 0
   constraint-algorithm           = Lincs
   continuation                   = false
   Shake-SOR                      = false
   shake-tol                      = 0.0001
   lincs-order                    = 4
   lincs-iter                     = 1
   lincs-warnangle                = 30
   nwall                          = 0
   wall-type                      = 9-3
   wall-r-linpot                  = -1
   wall-atomtype[0]               = -1
   wall-atomtype[1]               = -1
   wall-density[0]                = 0
   wall-density[1]                = 0
   wall-ewald-zfac                = 3
   pull                           = false
   awh                            = false
   rotation                       = false
   interactiveMD                  = false
   disre                          = No
   disre-weighting                = Conservative
   disre-mixed                    = false
   dr-fc                          = 1000
   dr-tau                         = 0
   nstdisreout                    = 100
   orire-fc                       = 0
   orire-tau                      = 0
   nstorireout                    = 100
   free-energy                    = no
   cos-acceleration               = 0
   deform (3x3):
      deform[    0]={ 0.00000e+00,  0.00000e+00,  0.00000e+00}
      deform[    1]={ 0.00000e+00,  0.00000e+00,  0.00000e+00}
      deform[    2]={ 0.00000e+00,  0.00000e+00,  0.00000e+00}
   simulated-tempering            = false
   swapcoords                     = no
   userint1                       = 0
   userint2                       = 0
   userint3                       = 0
   userint4                       = 0
   userreal1                      = 0
   userreal2                      = 0
   userreal3                      = 0
   userreal4                      = 0
   applied-forces:
     electric-field:
       x:
         E0                       = 0
         omega                    = 0
         t0                       = 0
         sigma                    = 0
       y:
         E0                       = 0
         omega                    = 0
         t0                       = 0
         sigma                    = 0
       z:
         E0                       = 0
         omega                    = 0
         t0                       = 0
         sigma                    = 0
     density-guided-simulation:
       active                     = false
       group                      = protein
       similarity-measure         = inner-product
       atom-spreading-weight      = unity
       force-constant             = 1e+09
       gaussian-transform-spreading-width = 0.2
       gaussian-transform-spreading-range-in-multiples-of-width = 4
       reference-density-filename = reference.mrc
       nst                        = 1
       normalize-densities        = true
       adaptive-force-scaling     = false
       adaptive-force-scaling-time-constant = 4
       shift-vector               = 
       transformation-matrix      = 
grpopts:
   nrdf:      753057
   ref-t:         300
   tau-t:         0.1
annealing:          No
annealing-npoints:           0
   acc:	           0           0           0
   nfreeze:           N           N           N
   energygrp-flags[  0]: 0

Changing nstlist from 10 to 100, rlist from 1 to 1.057


Initializing Domain Decomposition on 32 ranks
Dynamic load balancing: auto
Minimum cell size due to atom displacement: 0.285 nm
Initial maximum distances in bonded interactions:
    two-body bonded interactions: 1.026 nm, Exclusion, atoms 394 399
  multi-body bonded interactions: 0.887 nm, Proper Dih., atoms 67 74
Minimum cell size due to bonded interactions: 0.975 nm
Maximum distance for 5 constraints, at 120 deg. angles, all-trans: 1.036 nm
Estimated maximum distance required for P-LINCS: 1.036 nm
This distance will limit the DD cell size, you can override this with -rcon
Scaling the initial minimum size with 1/0.8 (option -dds) = 1.25
Guess for relative PME load: 0.80
Using 0 separate PME ranks, as guessed by mdrun
Optimizing the DD grid for 32 cells with a minimum initial size of 1.295 nm
The maximum allowed number of cells is: X 23 Y 23 Z 23
Domain decomposition grid 8 x 4 x 1, separate PME ranks 0
PME domain decomposition: 8 x 4 x 1
Domain decomposition rank 0, coordinates 0 0 0

The initial number of communication pulses is: X 1 Y 1
The initial domain decomposition cell size is: X 3.88 nm Y 7.77 nm

The maximum allowed distance for atoms involved in interactions is:
                 non-bonded interactions           1.057 nm
            two-body bonded interactions  (-rdd)   1.057 nm
          multi-body bonded interactions  (-rdd)   1.057 nm
  atoms separated by up to 5 constraints  (-rcon)  3.884 nm

When dynamic load balancing gets turned on, these settings will change to:
The maximum number of communication pulses is: X 1 Y 1
The minimum size for domain decomposition cells is 1.057 nm
The requested allowed shrink of DD cells (option -dds) is: 0.80
The allowed shrink of domain decomposition cells is: X 0.27 Y 0.14
The maximum allowed distance for atoms involved in interactions is:
                 non-bonded interactions           1.057 nm
            two-body bonded interactions  (-rdd)   1.057 nm
          multi-body bonded interactions  (-rdd)   1.057 nm
  atoms separated by up to 5 constraints  (-rcon)  1.057 nm

Using 32 MPI threads
Using 1 OpenMP thread per tMPI thread

Pinning threads with an auto-selected logical core stride of 1
System total charge: 430.000
Will do PME sum in reciprocal space for electrostatic interactions.

++++ PLEASE READ AND CITE THE FOLLOWING REFERENCE ++++
U. Essmann, L. Perera, M. L. Berkowitz, T. Darden, H. Lee and L. G. Pedersen 
A smooth particle mesh Ewald method
J. Chem. Phys. 103 (1995) pp. 8577-8592
-------- -------- --- Thank You --- -------- --------

Using a Gaussian width (1/beta) of 0.320163 nm for Ewald
Potential shift: LJ r^-12: -1.000e+00 r^-6: -1.000e+00, Ewald -1.000e-05
Initialized non-bonded Ewald tables, spacing: 9.33e-04 size: 1073

Long Range LJ corr.: <C6> 2.1555e-01


Using SIMD 4x4 nonbonded short-range kernels

Using a dual 4x4 pair-list setup updated with dynamic pruning:
  outer list: updated every 100 steps, buffer 0.057 nm, rlist 1.057 nm
  inner list: updated every  17 steps, buffer 0.001 nm, rlist 1.001 nm
At tolerance 0.005 kJ/mol/ps per atom, equivalent classical 1x1 list would be:
  outer list: updated every 100 steps, buffer 0.098 nm, rlist 1.098 nm
  inner list: updated every  17 steps, buffer 0.009 nm, rlist 1.009 nm

Using full Lennard-Jones parameter combination matrix
Removing pbc first time

Initializing Parallel LINear Constraint Solver

++++ PLEASE READ AND CITE THE FOLLOWING REFERENCE ++++
B. Hess
P-LINCS: A Parallel Linear Constraint Solver for molecular simulation
J. Chem. Theory Comput. 4 (2008) pp. 116-122
-------- -------- --- Thank You --- -------- --------

The number of constraints is 252
There are constraints between atoms in different decomposition domains,
will communicate selected coordinates each lincs iteration
96 constraints are involved in constraint triangles,
will apply an additional matrix expansion of order 4 for couplings
between constraints inside triangles

Linking all bonded interactions to atoms


Intra-simulation communication will occur every 10 steps.

++++ PLEASE READ AND CITE THE FOLLOWING REFERENCE ++++
G. Bussi, D. Donadio and M. Parrinello
Canonical sampling through velocity rescaling
J. Chem. Phys. 126 (2007) pp. 014101
-------- -------- --- Thank You --- -------- --------

There are: 251104 Atoms
Atom distribution over 32 domains: av 7847 stddev 73 min 7676 max 8001

Constraining the starting coordinates (step 0)

Constraining the coordinates at t0-dt (step 0)
Center of mass motion removal mode is Linear
We have the following groups for center of mass motion removal:
  0:  rest
RMS relative constraint deviation after constraining: 0.00e+00
Initial temperature: 300.087 K

Started mdrun on rank 0 Mon Jul  1 02:08:28 2024

           Step           Time
              0        0.00000

   Energies (kJ/mol)
           Bond          Angle       G96Angle    Proper Dih.  Improper Dih.
    6.45596e+02    5.77689e+02    1.82387e+03    2.85272e+02    1.10769e+03
        LJ (SR)  Disper. corr.   Coulomb (SR)   Coul. recip.      Potential
   -6.97353e+06   -1.87037e+06   -1.74169e+05    2.23981e+05   -8.78964e+06
    Kinetic En.   Total Energy  Conserved En.    Temperature Pres. DC (bar)
    9.39460e+05   -7.85018e+06   -7.85018e+06    3.00086e+02   -1.05011e+03
 Pressure (bar)   Constr. rmsd
   -2.74815e+03    3.32290e-06


DD  step 99 load imb.: force 19.5%

step 200 Turning on dynamic load balancing, because the performance loss due to load imbalance is 2.7 %.

DD  step 499  vol min/aver 0.799  load imb.: force 10.9%
           Step           Time
            500        1.00000

   Energies (kJ/mol)
           Bond          Angle       G96Angle    Proper Dih.  Improper Dih.
    9.26079e+02    6.47499e+02    2.07772e+03    3.04400e+02    1.23853e+03
        LJ (SR)  Disper. corr.   Coulomb (SR)   Coul. recip.      Potential
   -6.22264e+06   -1.87037e+06   -1.74164e+05    2.14463e+05   -8.04751e+06
    Kinetic En.   Total Energy  Conserved En.    Temperature Pres. DC (bar)
    9.43786e+05   -7.10372e+06   -7.85276e+06    3.01468e+02   -1.05011e+03
 Pressure (bar)   Constr. rmsd
   -5.00237e+02    3.19388e-06


DD  step 999  vol min/aver 0.847  load imb.: force  9.2%
           Step           Time
           1000        2.00000

   Energies (kJ/mol)
           Bond          Angle       G96Angle    Proper Dih.  Improper Dih.
    9.94895e+02    6.37129e+02    2.17459e+03    3.00867e+02    1.11270e+03
        LJ (SR)  Disper. corr.   Coulomb (SR)   Coul. recip.      Potential
   -6.25480e+06   -1.87037e+06   -1.74276e+05    2.02618e+05   -8.09160e+06
    Kinetic En.   Total Energy  Conserved En.    Temperature Pres. DC (bar)
    9.44683e+05   -7.14692e+06   -7.85467e+06    3.01755e+02   -1.05011e+03
 Pressure (bar)   Constr. rmsd
   -6.63678e+02    3.33604e-06


DD  step 1499  vol min/aver 0.803  load imb.: force  6.4%
           Step           Time
           1500        3.00000

   Energies (kJ/mol)
           Bond          Angle       G96Angle    Proper Dih.  Improper Dih.
    9.59550e+02    6.85861e+02    2.13952e+03    3.03041e+02    1.09804e+03
        LJ (SR)  Disper. corr.   Coulomb (SR)   Coul. recip.      Potential
   -6.26663e+06   -1.87037e+06   -1.74358e+05    1.92807e+05   -8.11336e+06
    Kinetic En.   Total Energy  Conserved En.    Temperature Pres. DC (bar)
    9.40669e+05   -7.17269e+06   -7.85659e+06    3.00472e+02   -1.05011e+03
 Pressure (bar)   Constr. rmsd
   -7.24436e+02    3.33669e-06


DD  step 1999  vol min/aver 0.878  load imb.: force  7.2%
           Step           Time
           2000        4.00000

   Energies (kJ/mol)
           Bond          Angle       G96Angle    Proper Dih.  Improper Dih.
    1.22472e+03    7.95093e+02    2.17446e+03    3.44186e+02    9.75313e+02
        LJ (SR)  Disper. corr.   Coulomb (SR)   Coul. recip.      Potential
   -6.27652e+06   -1.87037e+06   -1.74463e+05    1.85534e+05   -8.13030e+06
    Kinetic En.   Total Energy  Conserved En.    Temperature Pres. DC (bar)
    9.39325e+05   -7.19097e+06   -7.85850e+06    3.00043e+02   -1.05011e+03
 Pressure (bar)   Constr. rmsd
   -7.66185e+02    3.64518e-06


DD  step 2499  vol min/aver 0.883  load imb.: force 12.7%
           Step           Time
           2500        5.00000

   Energies (kJ/mol)
           Bond          Angle       G96Angle    Proper Dih.  Improper Dih.
    9.67131e+02    6.68493e+02    1.96743e+03    3.01810e+02    9.98242e+02
        LJ (SR)  Disper. corr.   Coulomb (SR)   Coul. recip.      Potential
   -6.28210e+06   -1.87037e+06   -1.74553e+05    1.79822e+05   -8.14230e+06
    Kinetic En.   Total Energy  Conserved En.    Temperature Pres. DC (bar)
    9.41492e+05   -7.20080e+06   -7.86038e+06    3.00735e+02   -1.05011e+03
 Pressure (bar)   Constr. rmsd
   -7.87223e+02    3.24346e-06


DD  step 2999  vol min/aver 0.915  load imb.: force  8.3%
           Step           Time
           3000        6.00000

   Energies (kJ/mol)
           Bond          Angle       G96Angle    Proper Dih.  Improper Dih.
    1.07739e+03    6.04799e+02    1.99614e+03    3.04349e+02    8.54487e+02
        LJ (SR)  Disper. corr.   Coulomb (SR)   Coul. recip.      Potential
   -6.28544e+06   -1.87037e+06   -1.74691e+05    1.74381e+05   -8.15128e+06
    Kinetic En.   Total Energy  Conserved En.    Temperature Pres. DC (bar)
    9.39499e+05   -7.21178e+06   -7.86227e+06    3.00099e+02   -1.05011e+03
 Pressure (bar)   Constr. rmsd
   -8.02796e+02    4.01793e-06


DD  step 3499  vol min/aver 0.881  load imb.: force  6.0%
           Step           Time
           3500        7.00000

   Energies (kJ/mol)
           Bond          Angle       G96Angle    Proper Dih.  Improper Dih.
    1.00149e+03    5.94227e+02    2.08269e+03    3.17095e+02    9.56589e+02
        LJ (SR)  Disper. corr.   Coulomb (SR)   Coul. recip.      Potential
   -6.28518e+06   -1.87037e+06   -1.74740e+05    1.70959e+05   -8.15438e+06
    Kinetic En.   Total Energy  Conserved En.    Temperature Pres. DC (bar)
    9.38058e+05   -7.21632e+06   -7.86416e+06    2.99638e+02   -1.05011e+03
 Pressure (bar)   Constr. rmsd
   -8.03946e+02    3.47862e-06


DD  step 3999  vol min/aver 0.939  load imb.: force 10.2%
           Step           Time
           4000        8.00000

   Energies (kJ/mol)
           Bond          Angle       G96Angle    Proper Dih.  Improper Dih.
    1.01386e+03    5.89926e+02    1.84812e+03    3.26950e+02    9.88234e+02
        LJ (SR)  Disper. corr.   Coulomb (SR)   Coul. recip.      Potential
   -6.28857e+06   -1.87037e+06   -1.74850e+05    1.68034e+05   -8.16099e+06
    Kinetic En.   Total Energy  Conserved En.    Temperature Pres. DC (bar)
    9.39332e+05   -7.22166e+06   -7.86606e+06    3.00045e+02   -1.05011e+03
 Pressure (bar)   Constr. rmsd
   -8.12600e+02    3.51656e-06


DD  step 4499  vol min/aver 0.843  load imb.: force 12.6%
           Step           Time
           4500        9.00000

   Energies (kJ/mol)
           Bond          Angle       G96Angle    Proper Dih.  Improper Dih.
    8.91390e+02    5.75578e+02    1.83065e+03    3.27246e+02    7.87636e+02
        LJ (SR)  Disper. corr.   Coulomb (SR)   Coul. recip.      Potential
   -6.28992e+06   -1.87037e+06   -1.74898e+05    1.64772e+05   -8.16600e+06
    Kinetic En.   Total Energy  Conserved En.    Temperature Pres. DC (bar)
    9.38255e+05   -7.22775e+06   -7.86798e+06    2.99702e+02   -1.05011e+03
 Pressure (bar)   Constr. rmsd
   -8.21037e+02    3.61424e-06


DD  step 4999  vol min/aver 0.814  load imb.: force  9.1%
           Step           Time
           5000       10.00000

Writing checkpoint, step 5000 at Mon Jul  1 02:09:52 2024


   Energies (kJ/mol)
           Bond          Angle       G96Angle    Proper Dih.  Improper Dih.
    8.33382e+02    5.56002e+02    1.81680e+03    3.30163e+02    8.25355e+02
        LJ (SR)  Disper. corr.   Coulomb (SR)   Coul. recip.      Potential
   -6.28802e+06   -1.87037e+06   -1.74923e+05    1.61816e+05   -8.16713e+06
    Kinetic En.   Total Energy  Conserved En.    Temperature Pres. DC (bar)
    9.40423e+05   -7.22670e+06   -7.86991e+06    3.00394e+02   -1.05011e+03
 Pressure (bar)   Constr. rmsd
   -8.13523e+02    3.69391e-06


Energy conservation over simulation part #1 of length 10 ns, time 0 to 10 ns
  Conserved energy drift: -7.85e-03 kJ/mol/ps per atom


	<======  ###############  ==>
	<====  A V E R A G E S  ====>
	<==  ###############  ======>

	Statistics over 5001 steps using 51 frames

   Energies (kJ/mol)
           Bond          Angle       G96Angle    Proper Dih.  Improper Dih.
    9.81111e+02    6.51067e+02    2.00901e+03    3.18519e+02    1.00928e+03
        LJ (SR)  Disper. corr.   Coulomb (SR)   Coul. recip.      Potential
   -6.28796e+06   -1.87037e+06   -1.74552e+05    1.84850e+05   -8.14306e+06
    Kinetic En.   Total Energy  Conserved En.    Temperature Pres. DC (bar)
    9.34023e+05   -7.20904e+06   -7.86036e+06    2.98350e+02   -1.05011e+03
 Pressure (bar)   Constr. rmsd
   -7.80190e+02    0.00000e+00

   Total Virial (kJ/mol)
    1.01086e+06   -3.25798e+03   -1.16981e+03
   -3.25800e+03    1.01915e+06    3.22814e+02
   -1.16983e+03    3.22830e+02    1.01859e+06

   Pressure (bar)
   -7.74179e+02    3.40088e+00    1.18880e+00
    3.40090e+00   -7.83449e+02   -1.42706e-01
    1.18882e+00   -1.42724e-01   -7.82941e+02


	M E G A - F L O P S   A C C O U N T I N G

 NB=Group-cutoff nonbonded kernels    NxN=N-by-N cluster Verlet kernels
 RF=Reaction-Field  VdW=Van der Waals  QSTab=quadratic-spline table
 W3=SPC/TIP3p  W4=TIP4p (single or pairs)
 V&F=Potential and force  V=Potential only  F=Force only

 Computing:                               M-Number         M-Flops  % Flops
-----------------------------------------------------------------------------
 Pair Search distance check            1220.052894       10980.476     0.1
 NxN QSTab Elec. + LJ [F]               961.957656       39440.264     0.2
 NxN QSTab Elec. + LJ [V&F]               9.908232         584.586     0.0
 NxN LJ [F]                           87732.266688     2895164.801    15.6
 NxN LJ [V&F]                           903.905328       38867.929     0.2
 NxN QSTab Elec. [F]                      1.518264          51.621     0.0
 NxN QSTab Elec. [V&F]                    0.015608           0.640     0.0
 Calc Weights                          3767.313312      135623.279     0.7
 Spread Q Bspline                     80369.350656      160738.701     0.9
 Gather F Bspline                     80369.350656      482216.104     2.6
 3D-FFT                             1834892.375094    14679139.001    79.3
 Solve PME                              800.160000       51210.240     0.3
 Reset In Box                            12.806304          38.419     0.0
 CG-CoM                                  13.057408          39.172     0.0
 Bonds                                    1.605321          94.714     0.0
 Angles                                   3.725745         625.925     0.0
 Propers                                  1.050210         240.498     0.0
 Impropers                                1.405281         292.298     0.0
 Virial                                  12.879744         231.835     0.0
 Stop-CM                                 13.057408         130.574     0.0
 Calc-Ekin                              251.606208        6793.368     0.0
 Lincs                                    1.368339          82.100     0.0
 Lincs-Mat                               20.504988          82.020     0.0
 Constraint-V                             2.736102          24.625     0.0
 Constraint-Vir                           0.013938           0.335     0.0
-----------------------------------------------------------------------------
 Total                                                18502693.525   100.0
-----------------------------------------------------------------------------


    D O M A I N   D E C O M P O S I T I O N   S T A T I S T I C S

 av. #atoms communicated per step for force:  2 x 114919.5
 av. #atoms communicated per step for LINCS:  2 x 22.7


Dynamic load balancing report:
 DLB was turned on during the run due to measured imbalance.
 Average load imbalance: 10.4%.
 The balanceable part of the MD step is 11%, load imbalance is computed from this.
 Part of the total run time spent waiting due to load imbalance: 1.1%.
 Steps where the load balancing was limited by -rdd, -rcon and/or -dds: X 0 % Y 0 %


     R E A L   C Y C L E   A N D   T I M E   A C C O U N T I N G

On 32 MPI ranks

 Computing:          Num   Num      Call    Wall time         Giga-Cycles
                     Ranks Threads  Count      (s)         total sum    %
-----------------------------------------------------------------------------
 Domain decomp.        32    1         51       0.231         17.916   0.3
 DD comm. load         32    1         50       0.007          0.526   0.0
 DD comm. bounds       32    1         49       0.033          2.541   0.0
 Neighbor search       32    1         51       0.225         17.429   0.3
 Comm. coord.          32    1       4950       1.567        121.316   1.8
 Force                 32    1       5001       6.255        484.243   7.4
 Wait + Comm. F        32    1       5001       1.892        146.489   2.2
 PME mesh              32    1       5001      70.288       5441.250  82.9
 NB X/F buffer ops.    32    1      14901       0.563         43.610   0.7
 Write traj.           32    1         11       0.096          7.462   0.1
 Update                32    1       5001       0.801         62.040   0.9
 Constraints           32    1       5003       0.186         14.394   0.2
 Comm. energies        32    1        501       2.515        194.690   3.0
 Rest                                           0.140         10.802   0.2
-----------------------------------------------------------------------------
 Total                                         84.800       6564.707 100.0
-----------------------------------------------------------------------------
 Breakdown of PME mesh computation
-----------------------------------------------------------------------------
 PME redist. X/F       32    1      10002       9.278        718.232  10.9
 PME spread            32    1       5001      10.582        819.176  12.5
 PME gather            32    1       5001       6.868        531.671   8.1
 PME 3D-FFT            32    1      10002      25.196       1950.546  29.7
 PME 3D-FFT Comm.      32    1      20004      16.146       1249.955  19.0
 PME solve Elec        32    1       5001       2.170        167.986   2.6
-----------------------------------------------------------------------------

               Core t (s)   Wall t (s)        (%)
       Time:     2713.578       84.800     3200.0
                 (ns/day)    (hour/ns)
Performance:       10.191        2.355
Finished mdrun on rank 0 Mon Jul  1 02:09:53 2024

