              :-) GROMACS - gmx mdrun, 2021.4-Ubuntu-2021.4-2 (-:

                            GROMACS is written by:
     Andrey Alekseenko              Emile Apol              Rossen Apostolov     
         Paul Bauer           Herman J.C. Berendsen           Par Bjelkmar       
       Christian Blau           Viacheslav Bolnykh             Kevin Boyd        
     Aldert van Buuren           Rudi van Drunen             Anton Feenstra      
    Gilles Gouaillardet             Alan Gray               Gerrit Groenhof      
       Anca Hamuraru            Vincent Hindriksen          M. Eric Irrgang      
      Aleksei Iupinov           Christoph Junghans             Joe Jordan        
    Dimitrios Karkoulis            Peter Kasson                Jiri Kraus        
      Carsten Kutzner              Per Larsson              Justin A. Lemkul     
       Viveca Lindahl            Magnus Lundborg             Erik Marklund       
        Pascal Merz             Pieter Meulenhoff            Teemu Murtola       
        Szilard Pall               Sander Pronk              Roland Schulz       
       Michael Shirts            Alexey Shvetsov             Alfons Sijbers      
       Peter Tieleman              Jon Vincent              Teemu Virolainen     
     Christian Wennberg            Maarten Wolf              Artem Zhmurov       
                           and the project leaders:
        Mark Abraham, Berk Hess, Erik Lindahl, and David van der Spoel

Copyright (c) 1991-2000, University of Groningen, The Netherlands.
Copyright (c) 2001-2019, The GROMACS development team at
Uppsala University, Stockholm University and
the Royal Institute of Technology, Sweden.
check out http://www.gromacs.org for more information.

GROMACS is free software; you can redistribute it and/or modify it
under the terms of the GNU Lesser General Public License
as published by the Free Software Foundation; either version 2.1
of the License, or (at your option) any later version.

GROMACS:      gmx mdrun, version 2021.4-Ubuntu-2021.4-2
Executable:   /usr/bin/gmx
Data prefix:  /usr
Working dir:  /home/1-polyply-gromacs/data/11/gromacs
Process ID:   12748
Command line:
  gmx mdrun -v -deffnm 03-mdrun

GROMACS version:    2021.4-Ubuntu-2021.4-2
Precision:          mixed
Memory model:       64 bit
MPI library:        thread_mpi
OpenMP support:     enabled (GMX_OPENMP_MAX_THREADS = 64)
GPU support:        disabled
SIMD instructions:  SSE4.1
FFT library:        fftw-3.3.8-sse2-avx
RDTSCP usage:       enabled
TNG support:        enabled
Hwloc support:      hwloc-2.5.0
Tracing support:    disabled
C compiler:         /usr/bin/cc GNU 11.2.0
C compiler flags:   -msse4.1 -Wno-missing-field-initializers -fexcess-precision=fast -funroll-all-loops -O3 -DNDEBUG
C++ compiler:       /usr/bin/c++ GNU 11.2.0
C++ compiler flags: -msse4.1 -Wno-missing-field-initializers -fexcess-precision=fast -funroll-all-loops -fopenmp -O3 -DNDEBUG


Running on 1 node with total 16 cores, 32 logical cores
Hardware detected:
  CPU info:
    Vendor: Intel
    Brand:  Intel(R) Core(TM) i9-14900HX
    Family: 6   Model: 183   Stepping: 1
    Features: aes apic avx avx2 clfsh cmov cx8 cx16 f16c fma htt intel lahf mmx msr nonstop_tsc pcid pclmuldq pdpe1gb popcnt pse rdrnd rdtscp sha sse2 sse3 sse4.1 sse4.2 ssse3 tdt x2apic
  Hardware topology: Full, with devices
    Sockets, cores, and logical processors:
      Socket  0: [   0   1] [   2   3] [   4   5] [   6   7] [   8   9] [  10  11] [  12  13] [  14  15] [  16  17] [  18  19] [  20  21] [  22  23] [  24  25] [  26  27] [  28  29] [  30  31]
    Numa nodes:
      Node  0 (16657502208 bytes mem):   0   1   2   3   4   5   6   7   8   9  10  11  12  13  14  15  16  17  18  19  20  21  22  23  24  25  26  27  28  29  30  31
      Latency:
               0
         0  1.00
    Caches:
      L1: 49152 bytes, linesize 64 bytes, assoc. 12, shared 2 ways
      L2: 2097152 bytes, linesize 64 bytes, assoc. 16, shared 2 ways
      L3: 37748736 bytes, linesize 64 bytes, assoc. 12, shared 32 ways
    PCI devices:
      b947:00:00.0  Id: 1414:008e  Class: 0x0302  Numa: 0
      ffdd:00:00.0  Id: 1af4:1043  Class: 0x0100  Numa: 0

Highest SIMD level supported by all nodes in run: AVX2_256
SIMD instructions selected at compile time:       SSE4.1
This program was compiled for different hardware than you are running on,
which could influence performance.

++++ PLEASE READ AND CITE THE FOLLOWING REFERENCE ++++
M. J. Abraham, T. Murtola, R. Schulz, S. Páll, J. C. Smith, B. Hess, E.
Lindahl
GROMACS: High performance molecular simulations through multi-level
parallelism from laptops to supercomputers
SoftwareX 1 (2015) pp. 19-25
-------- -------- --- Thank You --- -------- --------


++++ PLEASE READ AND CITE THE FOLLOWING REFERENCE ++++
S. Páll, M. J. Abraham, C. Kutzner, B. Hess, E. Lindahl
Tackling Exascale Software Challenges in Molecular Dynamics Simulations with
GROMACS
In S. Markidis & E. Laure (Eds.), Solving Software Challenges for Exascale 8759 (2015) pp. 3-27
-------- -------- --- Thank You --- -------- --------


++++ PLEASE READ AND CITE THE FOLLOWING REFERENCE ++++
S. Pronk, S. Páll, R. Schulz, P. Larsson, P. Bjelkmar, R. Apostolov, M. R.
Shirts, J. C. Smith, P. M. Kasson, D. van der Spoel, B. Hess, and E. Lindahl
GROMACS 4.5: a high-throughput and highly parallel open source molecular
simulation toolkit
Bioinformatics 29 (2013) pp. 845-54
-------- -------- --- Thank You --- -------- --------


++++ PLEASE READ AND CITE THE FOLLOWING REFERENCE ++++
B. Hess and C. Kutzner and D. van der Spoel and E. Lindahl
GROMACS 4: Algorithms for highly efficient, load-balanced, and scalable
molecular simulation
J. Chem. Theory Comput. 4 (2008) pp. 435-447
-------- -------- --- Thank You --- -------- --------


++++ PLEASE READ AND CITE THE FOLLOWING REFERENCE ++++
D. van der Spoel, E. Lindahl, B. Hess, G. Groenhof, A. E. Mark and H. J. C.
Berendsen
GROMACS: Fast, Flexible and Free
J. Comp. Chem. 26 (2005) pp. 1701-1719
-------- -------- --- Thank You --- -------- --------


++++ PLEASE READ AND CITE THE FOLLOWING REFERENCE ++++
E. Lindahl and B. Hess and D. van der Spoel
GROMACS 3.0: A package for molecular simulation and trajectory analysis
J. Mol. Mod. 7 (2001) pp. 306-317
-------- -------- --- Thank You --- -------- --------


++++ PLEASE READ AND CITE THE FOLLOWING REFERENCE ++++
H. J. C. Berendsen, D. van der Spoel and R. van Drunen
GROMACS: A message-passing parallel molecular dynamics implementation
Comp. Phys. Comm. 91 (1995) pp. 43-56
-------- -------- --- Thank You --- -------- --------

Input Parameters:
   integrator                     = md
   tinit                          = 0
   dt                             = 0.002
   nsteps                         = 5000
   init-step                      = 0
   simulation-part                = 1
   mts                            = false
   comm-mode                      = Linear
   nstcomm                        = 100
   bd-fric                        = 0
   ld-seed                        = -1075937663
   emtol                          = 10
   emstep                         = 0.01
   niter                          = 20
   fcstep                         = 0
   nstcgsteep                     = 1000
   nbfgscorr                      = 10
   rtpi                           = 0.05
   nstxout                        = 500
   nstvout                        = 500
   nstfout                        = 0
   nstlog                         = 500
   nstcalcenergy                  = 100
   nstenergy                      = 500
   nstxout-compressed             = 0
   compressed-x-precision         = 1000
   cutoff-scheme                  = Verlet
   nstlist                        = 10
   pbc                            = xyz
   periodic-molecules             = false
   verlet-buffer-tolerance        = 0.005
   rlist                          = 1
   coulombtype                    = PME
   coulomb-modifier               = Potential-shift
   rcoulomb-switch                = 0
   rcoulomb                       = 1
   epsilon-r                      = 1
   epsilon-rf                     = inf
   vdw-type                       = Cut-off
   vdw-modifier                   = Potential-shift
   rvdw-switch                    = 0
   rvdw                           = 1
   DispCorr                       = EnerPres
   table-extension                = 1
   fourierspacing                 = 0.16
   fourier-nx                     = 200
   fourier-ny                     = 200
   fourier-nz                     = 200
   pme-order                      = 4
   ewald-rtol                     = 1e-05
   ewald-rtol-lj                  = 0.001
   lj-pme-comb-rule               = Geometric
   ewald-geometry                 = 0
   epsilon-surface                = 0
   tcoupl                         = V-rescale
   nsttcouple                     = 10
   nh-chain-length                = 0
   print-nose-hoover-chain-variables = false
   pcoupl                         = Parrinello-Rahman
   pcoupltype                     = Isotropic
   nstpcouple                     = 10
   tau-p                          = 2
   compressibility (3x3):
      compressibility[    0]={ 4.50000e-05,  0.00000e+00,  0.00000e+00}
      compressibility[    1]={ 0.00000e+00,  4.50000e-05,  0.00000e+00}
      compressibility[    2]={ 0.00000e+00,  0.00000e+00,  4.50000e-05}
   ref-p (3x3):
      ref-p[    0]={ 1.00000e+00,  0.00000e+00,  0.00000e+00}
      ref-p[    1]={ 0.00000e+00,  1.00000e+00,  0.00000e+00}
      ref-p[    2]={ 0.00000e+00,  0.00000e+00,  1.00000e+00}
   refcoord-scaling               = COM
   posres-com (3):
      posres-com[0]= 0.00000e+00
      posres-com[1]= 0.00000e+00
      posres-com[2]= 0.00000e+00
   posres-comB (3):
      posres-comB[0]= 0.00000e+00
      posres-comB[1]= 0.00000e+00
      posres-comB[2]= 0.00000e+00
   QMMM                           = false
qm-opts:
   ngQM                           = 0
   constraint-algorithm           = Lincs
   continuation                   = true
   Shake-SOR                      = false
   shake-tol                      = 0.0001
   lincs-order                    = 4
   lincs-iter                     = 1
   lincs-warnangle                = 30
   nwall                          = 0
   wall-type                      = 9-3
   wall-r-linpot                  = -1
   wall-atomtype[0]               = -1
   wall-atomtype[1]               = -1
   wall-density[0]                = 0
   wall-density[1]                = 0
   wall-ewald-zfac                = 3
   pull                           = false
   awh                            = false
   rotation                       = false
   interactiveMD                  = false
   disre                          = No
   disre-weighting                = Conservative
   disre-mixed                    = false
   dr-fc                          = 1000
   dr-tau                         = 0
   nstdisreout                    = 100
   orire-fc                       = 0
   orire-tau                      = 0
   nstorireout                    = 100
   free-energy                    = no
   cos-acceleration               = 0
   deform (3x3):
      deform[    0]={ 0.00000e+00,  0.00000e+00,  0.00000e+00}
      deform[    1]={ 0.00000e+00,  0.00000e+00,  0.00000e+00}
      deform[    2]={ 0.00000e+00,  0.00000e+00,  0.00000e+00}
   simulated-tempering            = false
   swapcoords                     = no
   userint1                       = 0
   userint2                       = 0
   userint3                       = 0
   userint4                       = 0
   userreal1                      = 0
   userreal2                      = 0
   userreal3                      = 0
   userreal4                      = 0
   applied-forces:
     electric-field:
       x:
         E0                       = 0
         omega                    = 0
         t0                       = 0
         sigma                    = 0
       y:
         E0                       = 0
         omega                    = 0
         t0                       = 0
         sigma                    = 0
       z:
         E0                       = 0
         omega                    = 0
         t0                       = 0
         sigma                    = 0
     density-guided-simulation:
       active                     = false
       group                      = protein
       similarity-measure         = inner-product
       atom-spreading-weight      = unity
       force-constant             = 1e+09
       gaussian-transform-spreading-width = 0.2
       gaussian-transform-spreading-range-in-multiples-of-width = 4
       reference-density-filename = reference.mrc
       nst                        = 1
       normalize-densities        = true
       adaptive-force-scaling     = false
       adaptive-force-scaling-time-constant = 4
       shift-vector               = 
       transformation-matrix      = 
grpopts:
   nrdf:      753053
   ref-t:         300
   tau-t:         0.1
annealing:          No
annealing-npoints:           0
   acc:	           0           0           0
   nfreeze:           N           N           N
   energygrp-flags[  0]: 0

Changing nstlist from 10 to 100, rlist from 1 to 1.057


Initializing Domain Decomposition on 32 ranks
Dynamic load balancing: auto
Minimum cell size due to atom displacement: 0.285 nm
Initial maximum distances in bonded interactions:
    two-body bonded interactions: 1.027 nm, Exclusion, atoms 164 169
  multi-body bonded interactions: 0.900 nm, Proper Dih., atoms 225 232
Minimum cell size due to bonded interactions: 0.990 nm
Maximum distance for 5 constraints, at 120 deg. angles, all-trans: 1.036 nm
Estimated maximum distance required for P-LINCS: 1.036 nm
This distance will limit the DD cell size, you can override this with -rcon
Scaling the initial minimum size with 1/0.8 (option -dds) = 1.25
Guess for relative PME load: 0.80
Using 0 separate PME ranks, as guessed by mdrun
Optimizing the DD grid for 32 cells with a minimum initial size of 1.295 nm
The maximum allowed number of cells is: X 23 Y 23 Z 23
Domain decomposition grid 8 x 4 x 1, separate PME ranks 0
PME domain decomposition: 8 x 4 x 1
Domain decomposition rank 0, coordinates 0 0 0

The initial number of communication pulses is: X 1 Y 1
The initial domain decomposition cell size is: X 3.88 nm Y 7.77 nm

The maximum allowed distance for atoms involved in interactions is:
                 non-bonded interactions           1.057 nm
(the following are initial values, they could change due to box deformation)
            two-body bonded interactions  (-rdd)   1.057 nm
          multi-body bonded interactions  (-rdd)   1.057 nm
  atoms separated by up to 5 constraints  (-rcon)  3.884 nm

When dynamic load balancing gets turned on, these settings will change to:
The maximum number of communication pulses is: X 1 Y 1
The minimum size for domain decomposition cells is 1.057 nm
The requested allowed shrink of DD cells (option -dds) is: 0.80
The allowed shrink of domain decomposition cells is: X 0.27 Y 0.14
The maximum allowed distance for atoms involved in interactions is:
                 non-bonded interactions           1.057 nm
            two-body bonded interactions  (-rdd)   1.057 nm
          multi-body bonded interactions  (-rdd)   1.057 nm
  atoms separated by up to 5 constraints  (-rcon)  1.057 nm

Using 32 MPI threads
Using 1 OpenMP thread per tMPI thread

Pinning threads with an auto-selected logical core stride of 1
System total charge: 430.000
Will do PME sum in reciprocal space for electrostatic interactions.

++++ PLEASE READ AND CITE THE FOLLOWING REFERENCE ++++
U. Essmann, L. Perera, M. L. Berkowitz, T. Darden, H. Lee and L. G. Pedersen 
A smooth particle mesh Ewald method
J. Chem. Phys. 103 (1995) pp. 8577-8592
-------- -------- --- Thank You --- -------- --------

Using a Gaussian width (1/beta) of 0.320163 nm for Ewald
Potential shift: LJ r^-12: -1.000e+00 r^-6: -1.000e+00, Ewald -1.000e-05
Initialized non-bonded Ewald tables, spacing: 9.33e-04 size: 1073

Long Range LJ corr.: <C6> 2.1555e-01


Using SIMD 4x4 nonbonded short-range kernels

Using a dual 4x4 pair-list setup updated with dynamic pruning:
  outer list: updated every 100 steps, buffer 0.057 nm, rlist 1.057 nm
  inner list: updated every  17 steps, buffer 0.001 nm, rlist 1.001 nm
At tolerance 0.005 kJ/mol/ps per atom, equivalent classical 1x1 list would be:
  outer list: updated every 100 steps, buffer 0.098 nm, rlist 1.098 nm
  inner list: updated every  17 steps, buffer 0.009 nm, rlist 1.009 nm

Using full Lennard-Jones parameter combination matrix

Initializing Parallel LINear Constraint Solver

++++ PLEASE READ AND CITE THE FOLLOWING REFERENCE ++++
B. Hess
P-LINCS: A Parallel Linear Constraint Solver for molecular simulation
J. Chem. Theory Comput. 4 (2008) pp. 116-122
-------- -------- --- Thank You --- -------- --------

The number of constraints is 250
There are constraints between atoms in different decomposition domains,
will communicate selected coordinates each lincs iteration
102 constraints are involved in constraint triangles,
will apply an additional matrix expansion of order 4 for couplings
between constraints inside triangles

Linking all bonded interactions to atoms


Intra-simulation communication will occur every 10 steps.

++++ PLEASE READ AND CITE THE FOLLOWING REFERENCE ++++
G. Bussi, D. Donadio and M. Parrinello
Canonical sampling through velocity rescaling
J. Chem. Phys. 126 (2007) pp. 014101
-------- -------- --- Thank You --- -------- --------

There are: 251102 Atoms
Atom distribution over 32 domains: av 7846 stddev 130 min 7752 max 7930
Center of mass motion removal mode is Linear
We have the following groups for center of mass motion removal:
  0:  rest

Started mdrun on rank 0 Tue Jun 25 14:28:10 2024

           Step           Time
              0        0.00000

   Energies (kJ/mol)
           Bond          Angle       G96Angle    Proper Dih.  Improper Dih.
    8.77997e+02    5.46799e+02    1.70060e+03    3.61211e+02    9.78724e+02
        LJ (SR)  Disper. corr.   Coulomb (SR)   Coul. recip.      Potential
   -6.28932e+06   -1.87035e+06   -1.74934e+05    1.54316e+05   -8.17582e+06
    Kinetic En.   Total Energy  Conserved En.    Temperature Pres. DC (bar)
    9.39097e+05   -7.23672e+06   -7.23492e+06    2.99972e+02   -1.05011e+03
 Pressure (bar)   Constr. rmsd
   -8.23185e+02    3.74721e-06


DD  step 99 load imb.: force  7.8%

DD  step 499 load imb.: force  6.4%
           Step           Time
            500        1.00000

   Energies (kJ/mol)
           Bond          Angle       G96Angle    Proper Dih.  Improper Dih.
    7.21827e+02    5.52909e+02    1.65254e+03    3.52718e+02    9.75319e+02
        LJ (SR)  Disper. corr.   Coulomb (SR)   Coul. recip.      Potential
   -6.50190e+06   -2.01088e+06   -1.75089e+05    1.50960e+05   -8.53266e+06
    Kinetic En.   Total Energy  Conserved En.    Temperature Pres. DC (bar)
    9.73960e+05   -7.55870e+06   -7.23663e+06    3.11108e+02   -1.21142e+03
 Pressure (bar)   Constr. rmsd
    6.71353e+02    3.08321e-06


DD  step 999 load imb.: force 14.9%
           Step           Time
           1000        2.00000

   Energies (kJ/mol)
           Bond          Angle       G96Angle    Proper Dih.  Improper Dih.
    8.02190e+02    5.50358e+02    1.74507e+03    3.72583e+02    9.18059e+02
        LJ (SR)  Disper. corr.   Coulomb (SR)   Coul. recip.      Potential
   -6.46609e+06   -1.94589e+06   -1.75187e+05    1.48754e+05   -8.43402e+06
    Kinetic En.   Total Energy  Conserved En.    Temperature Pres. DC (bar)
    9.33169e+05   -7.50085e+06   -7.23817e+06    2.98078e+02   -1.13538e+03
 Pressure (bar)   Constr. rmsd
   -2.84542e+02    3.72272e-06


DD  step 1499 load imb.: force  5.2%
           Step           Time
           1500        3.00000

   Energies (kJ/mol)
           Bond          Angle       G96Angle    Proper Dih.  Improper Dih.
    8.03890e+02    5.12943e+02    1.73958e+03    3.67057e+02    9.30174e+02
        LJ (SR)  Disper. corr.   Coulomb (SR)   Coul. recip.      Potential
   -6.54260e+06   -1.98845e+06   -1.75270e+05    1.46916e+05   -8.55505e+06
    Kinetic En.   Total Energy  Conserved En.    Temperature Pres. DC (bar)
    9.45668e+05   -7.60938e+06   -7.23990e+06    3.02071e+02   -1.18489e+03
 Pressure (bar)   Constr. rmsd
    1.33185e+02    3.53096e-06


DD  step 1999 load imb.: force 12.0%
           Step           Time
           2000        4.00000

   Energies (kJ/mol)
           Bond          Angle       G96Angle    Proper Dih.  Improper Dih.
    7.82996e+02    5.64175e+02    1.72660e+03    3.63808e+02    9.35915e+02
        LJ (SR)  Disper. corr.   Coulomb (SR)   Coul. recip.      Potential
   -6.51867e+06   -1.97256e+06   -1.75330e+05    1.45443e+05   -8.51675e+06
    Kinetic En.   Total Energy  Conserved En.    Temperature Pres. DC (bar)
    9.42174e+05   -7.57458e+06   -7.24149e+06    3.00955e+02   -1.16629e+03
 Pressure (bar)   Constr. rmsd
   -4.47972e+01    3.54397e-06


DD  step 2499 load imb.: force 12.4%
           Step           Time
           2500        5.00000

   Energies (kJ/mol)
           Bond          Angle       G96Angle    Proper Dih.  Improper Dih.
    6.90892e+02    5.13159e+02    1.61736e+03    3.69768e+02    9.75387e+02
        LJ (SR)  Disper. corr.   Coulomb (SR)   Coul. recip.      Potential
   -6.55068e+06   -1.98322e+06   -1.75351e+05    1.44288e+05   -8.56079e+06
    Kinetic En.   Total Energy  Conserved En.    Temperature Pres. DC (bar)
    9.37367e+05   -7.62342e+06   -7.24324e+06    2.99419e+02   -1.17875e+03
 Pressure (bar)   Constr. rmsd
    9.14347e+00    3.30962e-06


DD  step 2999 load imb.: force  9.7%
           Step           Time
           3000        6.00000

   Energies (kJ/mol)
           Bond          Angle       G96Angle    Proper Dih.  Improper Dih.
    7.99369e+02    5.78291e+02    1.69031e+03    3.31410e+02    8.25969e+02
        LJ (SR)  Disper. corr.   Coulomb (SR)   Coul. recip.      Potential
   -6.54648e+06   -1.98175e+06   -1.75459e+05    1.42801e+05   -8.55666e+06
    Kinetic En.   Total Energy  Conserved En.    Temperature Pres. DC (bar)
    9.41307e+05   -7.61536e+06   -7.24495e+06    3.00678e+02   -1.17703e+03
 Pressure (bar)   Constr. rmsd
    2.55122e+00    3.51758e-06


DD  step 3499 load imb.: force 11.0%
           Step           Time
           3500        7.00000

   Energies (kJ/mol)
           Bond          Angle       G96Angle    Proper Dih.  Improper Dih.
    7.17040e+02    5.44620e+02    1.57562e+03    3.54454e+02    9.14737e+02
        LJ (SR)  Disper. corr.   Coulomb (SR)   Coul. recip.      Potential
   -6.55763e+06   -1.98337e+06   -1.75421e+05    1.42161e+05   -8.57015e+06
    Kinetic En.   Total Energy  Conserved En.    Temperature Pres. DC (bar)
    9.38010e+05   -7.63214e+06   -7.24669e+06    2.99625e+02   -1.17893e+03
 Pressure (bar)   Constr. rmsd
   -1.21599e+01    3.33547e-06


DD  step 3999 load imb.: force  8.7%
           Step           Time
           4000        8.00000

   Energies (kJ/mol)
           Bond          Angle       G96Angle    Proper Dih.  Improper Dih.
    7.37203e+02    5.33471e+02    1.64815e+03    3.51385e+02    9.36506e+02
        LJ (SR)  Disper. corr.   Coulomb (SR)   Coul. recip.      Potential
   -6.55779e+06   -1.98538e+06   -1.75488e+05    1.41137e+05   -8.57331e+06
    Kinetic En.   Total Energy  Conserved En.    Temperature Pres. DC (bar)
    9.40981e+05   -7.63233e+06   -7.24843e+06    3.00574e+02   -1.18129e+03
 Pressure (bar)   Constr. rmsd
    1.96314e+01    3.39096e-06


DD  step 4499 load imb.: force 13.7%
           Step           Time
           4500        9.00000

   Energies (kJ/mol)
           Bond          Angle       G96Angle    Proper Dih.  Improper Dih.
    7.61310e+02    5.20506e+02    1.66534e+03    3.44525e+02    8.98657e+02
        LJ (SR)  Disper. corr.   Coulomb (SR)   Coul. recip.      Potential
   -6.56402e+06   -1.98477e+06   -1.75410e+05    1.40524e+05   -8.57948e+06
    Kinetic En.   Total Energy  Conserved En.    Temperature Pres. DC (bar)
    9.41730e+05   -7.63775e+06   -7.25017e+06    3.00813e+02   -1.18057e+03
 Pressure (bar)   Constr. rmsd
   -1.16507e+01    3.16799e-06


DD  step 4999 load imb.: force  9.2%
           Step           Time
           5000       10.00000

Writing checkpoint, step 5000 at Tue Jun 25 14:29:36 2024


   Energies (kJ/mol)
           Bond          Angle       G96Angle    Proper Dih.  Improper Dih.
    7.74023e+02    5.41786e+02    1.65437e+03    3.43532e+02    8.84978e+02
        LJ (SR)  Disper. corr.   Coulomb (SR)   Coul. recip.      Potential
   -6.56573e+06   -1.98640e+06   -1.75499e+05    1.39320e+05   -8.58412e+06
    Kinetic En.   Total Energy  Conserved En.    Temperature Pres. DC (bar)
    9.40495e+05   -7.64362e+06   -7.25190e+06    3.00419e+02   -1.18249e+03
 Pressure (bar)   Constr. rmsd
    5.92505e+00    3.76502e-06


Energy conservation over simulation part #1 of length 10 ns, time 0 to 10 ns
  Conserved energy drift: -6.76e-03 kJ/mol/ps per atom


	<======  ###############  ==>
	<====  A V E R A G E S  ====>
	<==  ###############  ======>

	Statistics over 5001 steps using 51 frames

   Energies (kJ/mol)
           Bond          Angle       G96Angle    Proper Dih.  Improper Dih.
    7.67558e+02    5.48249e+02    1.67148e+03    3.51742e+02    9.22819e+02
        LJ (SR)  Disper. corr.   Coulomb (SR)   Coul. recip.      Potential
   -6.52195e+06   -1.97538e+06   -1.75325e+05    1.45014e+05   -8.52338e+06
    Kinetic En.   Total Energy  Conserved En.    Temperature Pres. DC (bar)
    9.43543e+05   -7.57983e+06   -7.24329e+06    3.01392e+02   -1.16975e+03
 Pressure (bar)   Constr. rmsd
   -6.42035e+00    0.00000e+00

          Box-X          Box-Y          Box-Z
    3.05217e+01    3.05217e+01    3.05217e+01

   Total Virial (kJ/mol)
    3.21375e+05   -4.24230e+02   -8.21362e+02
   -4.24224e+02    3.21152e+05   -1.15548e+03
   -8.21305e+02   -1.15547e+03    3.23727e+05

   Pressure (bar)
   -5.63181e+00    4.50649e-01    8.61941e-01
    4.50640e-01   -5.18065e+00    1.40046e+00
    8.61875e-01    1.40045e+00   -8.44858e+00


	M E G A - F L O P S   A C C O U N T I N G

 NB=Group-cutoff nonbonded kernels    NxN=N-by-N cluster Verlet kernels
 RF=Reaction-Field  VdW=Van der Waals  QSTab=quadratic-spline table
 W3=SPC/TIP3p  W4=TIP4p (single or pairs)
 V&F=Potential and force  V=Potential only  F=Force only

 Computing:                               M-Number         M-Flops  % Flops
-----------------------------------------------------------------------------
 Pair Search distance check            1366.297936       12296.681     0.1
 NxN QSTab Elec. + LJ [F]              1001.750904       41071.787     0.2
 NxN QSTab Elec. + LJ [V&F]              10.321312         608.957     0.0
 NxN LJ [F]                           92188.014336     3042204.473    16.3
 NxN LJ [V&F]                           949.889024       40845.228     0.2
 NxN QSTab Elec. [F]                      0.902088          30.671     0.0
 NxN QSTab Elec. [V&F]                    0.009296           0.381     0.0
 Calc Weights                          3767.283306      135622.199     0.7
 Spread Q Bspline                     80368.710528      160737.421     0.9
 Gather F Bspline                     80368.710528      482212.263     2.6
 3D-FFT                             1834892.375094    14679139.001    78.7
 Solve PME                              800.160000       51210.240     0.3
 Reset In Box                            12.555100          37.665     0.0
 CG-CoM                                  12.806202          38.419     0.0
 Bonds                                    1.595319          94.124     0.0
 Angles                                   3.715743         624.245     0.0
 Propers                                  1.050210         240.498     0.0
 Impropers                                1.405281         292.298     0.0
 Virial                                 126.523542        2277.424     0.0
 Stop-CM                                 12.806202         128.062     0.0
 Calc-Ekin                              251.604204        6793.314     0.0
 Lincs                                    1.371773          82.306     0.0
 Lincs-Mat                               21.120612          84.482     0.0
 Constraint-V                             2.743546          24.692     0.0
 Constraint-Vir                           0.137423           3.298     0.0
-----------------------------------------------------------------------------
 Total                                                18656700.130   100.0
-----------------------------------------------------------------------------


    D O M A I N   D E C O M P O S I T I O N   S T A T I S T I C S

 av. #atoms communicated per step for force:  2 x 111788.8
 av. #atoms communicated per step for LINCS:  2 x 24.3


Dynamic load balancing report:
 DLB was off during the run due to low measured imbalance.
 Average load imbalance: 10.3%.
 The balanceable part of the MD step is 11%, load imbalance is computed from this.
 Part of the total run time spent waiting due to load imbalance: 1.1%.


     R E A L   C Y C L E   A N D   T I M E   A C C O U N T I N G

On 32 MPI ranks

 Computing:          Num   Num      Call    Wall time         Giga-Cycles
                     Ranks Threads  Count      (s)         total sum    %
-----------------------------------------------------------------------------
 Domain decomp.        32    1         50       0.216         16.745   0.2
 DD comm. load         32    1         50       0.010          0.757   0.0
 Neighbor search       32    1         51       0.253         19.570   0.3
 Comm. coord.          32    1       4950       1.519        117.594   1.7
 Force                 32    1       5001       6.988        540.983   8.0
 Wait + Comm. F        32    1       5001       1.589        122.999   1.8
 PME mesh              32    1       5001      72.242       5592.462  82.5
 NB X/F buffer ops.    32    1      14901       0.578         44.710   0.7
 Write traj.           32    1         11       0.111          8.597   0.1
 Update                32    1       5001       0.855         66.214   1.0
 Constraints           32    1       5001       0.231         17.914   0.3
 Comm. energies        32    1        501       2.712        209.955   3.1
 Rest                                           0.220         16.996   0.3
-----------------------------------------------------------------------------
 Total                                         87.525       6775.495 100.0
-----------------------------------------------------------------------------
 Breakdown of PME mesh computation
-----------------------------------------------------------------------------
 PME redist. X/F       32    1      10002      10.020        775.704  11.4
 PME spread            32    1       5001      10.612        821.537  12.1
 PME gather            32    1       5001       6.768        523.918   7.7
 PME 3D-FFT            32    1      10002      25.552       1978.071  29.2
 PME 3D-FFT Comm.      32    1      20004      16.460       1274.235  18.8
 PME solve Elec        32    1       5001       2.783        215.449   3.2
-----------------------------------------------------------------------------

               Core t (s)   Wall t (s)        (%)
       Time:     2800.713       87.525     3199.9
                 (ns/day)    (hour/ns)
Performance:        9.873        2.431
Finished mdrun on rank 0 Tue Jun 25 14:29:37 2024

