              :-) GROMACS - gmx mdrun, 2021.4-Ubuntu-2021.4-2 (-:

                            GROMACS is written by:
     Andrey Alekseenko              Emile Apol              Rossen Apostolov     
         Paul Bauer           Herman J.C. Berendsen           Par Bjelkmar       
       Christian Blau           Viacheslav Bolnykh             Kevin Boyd        
     Aldert van Buuren           Rudi van Drunen             Anton Feenstra      
    Gilles Gouaillardet             Alan Gray               Gerrit Groenhof      
       Anca Hamuraru            Vincent Hindriksen          M. Eric Irrgang      
      Aleksei Iupinov           Christoph Junghans             Joe Jordan        
    Dimitrios Karkoulis            Peter Kasson                Jiri Kraus        
      Carsten Kutzner              Per Larsson              Justin A. Lemkul     
       Viveca Lindahl            Magnus Lundborg             Erik Marklund       
        Pascal Merz             Pieter Meulenhoff            Teemu Murtola       
        Szilard Pall               Sander Pronk              Roland Schulz       
       Michael Shirts            Alexey Shvetsov             Alfons Sijbers      
       Peter Tieleman              Jon Vincent              Teemu Virolainen     
     Christian Wennberg            Maarten Wolf              Artem Zhmurov       
                           and the project leaders:
        Mark Abraham, Berk Hess, Erik Lindahl, and David van der Spoel

Copyright (c) 1991-2000, University of Groningen, The Netherlands.
Copyright (c) 2001-2019, The GROMACS development team at
Uppsala University, Stockholm University and
the Royal Institute of Technology, Sweden.
check out http://www.gromacs.org for more information.

GROMACS is free software; you can redistribute it and/or modify it
under the terms of the GNU Lesser General Public License
as published by the Free Software Foundation; either version 2.1
of the License, or (at your option) any later version.

GROMACS:      gmx mdrun, version 2021.4-Ubuntu-2021.4-2
Executable:   /usr/bin/gmx
Data prefix:  /usr
Working dir:  /home/1-polyply-gromacs/data/7/gromacs
Process ID:   271827
Command line:
  gmx mdrun -v -deffnm 04-md

GROMACS version:    2021.4-Ubuntu-2021.4-2
Precision:          mixed
Memory model:       64 bit
MPI library:        thread_mpi
OpenMP support:     enabled (GMX_OPENMP_MAX_THREADS = 64)
GPU support:        disabled
SIMD instructions:  SSE4.1
FFT library:        fftw-3.3.8-sse2-avx
RDTSCP usage:       enabled
TNG support:        enabled
Hwloc support:      hwloc-2.5.0
Tracing support:    disabled
C compiler:         /usr/bin/cc GNU 11.2.0
C compiler flags:   -msse4.1 -Wno-missing-field-initializers -fexcess-precision=fast -funroll-all-loops -O3 -DNDEBUG
C++ compiler:       /usr/bin/c++ GNU 11.2.0
C++ compiler flags: -msse4.1 -Wno-missing-field-initializers -fexcess-precision=fast -funroll-all-loops -fopenmp -O3 -DNDEBUG


Running on 1 node with total 16 cores, 32 logical cores
Hardware detected:
  CPU info:
    Vendor: Intel
    Brand:  Intel(R) Core(TM) i9-14900HX
    Family: 6   Model: 183   Stepping: 1
    Features: aes apic avx avx2 clfsh cmov cx8 cx16 f16c fma htt intel lahf mmx msr nonstop_tsc pcid pclmuldq pdpe1gb popcnt pse rdrnd rdtscp sha sse2 sse3 sse4.1 sse4.2 ssse3 tdt x2apic
  Hardware topology: Full, with devices
    Sockets, cores, and logical processors:
      Socket  0: [   0   1] [   2   3] [   4   5] [   6   7] [   8   9] [  10  11] [  12  13] [  14  15] [  16  17] [  18  19] [  20  21] [  22  23] [  24  25] [  26  27] [  28  29] [  30  31]
    Numa nodes:
      Node  0 (16657502208 bytes mem):   0   1   2   3   4   5   6   7   8   9  10  11  12  13  14  15  16  17  18  19  20  21  22  23  24  25  26  27  28  29  30  31
      Latency:
               0
         0  1.00
    Caches:
      L1: 49152 bytes, linesize 64 bytes, assoc. 12, shared 2 ways
      L2: 2097152 bytes, linesize 64 bytes, assoc. 16, shared 2 ways
      L3: 37748736 bytes, linesize 64 bytes, assoc. 12, shared 32 ways
    PCI devices:
      005f:00:00.0  Id: 1af4:1043  Class: 0x0100  Numa: 0
      b174:00:00.0  Id: 1414:008e  Class: 0x0302  Numa: 0

Highest SIMD level supported by all nodes in run: AVX2_256
SIMD instructions selected at compile time:       SSE4.1
This program was compiled for different hardware than you are running on,
which could influence performance.

++++ PLEASE READ AND CITE THE FOLLOWING REFERENCE ++++
M. J. Abraham, T. Murtola, R. Schulz, S. Páll, J. C. Smith, B. Hess, E.
Lindahl
GROMACS: High performance molecular simulations through multi-level
parallelism from laptops to supercomputers
SoftwareX 1 (2015) pp. 19-25
-------- -------- --- Thank You --- -------- --------


++++ PLEASE READ AND CITE THE FOLLOWING REFERENCE ++++
S. Páll, M. J. Abraham, C. Kutzner, B. Hess, E. Lindahl
Tackling Exascale Software Challenges in Molecular Dynamics Simulations with
GROMACS
In S. Markidis & E. Laure (Eds.), Solving Software Challenges for Exascale 8759 (2015) pp. 3-27
-------- -------- --- Thank You --- -------- --------


++++ PLEASE READ AND CITE THE FOLLOWING REFERENCE ++++
S. Pronk, S. Páll, R. Schulz, P. Larsson, P. Bjelkmar, R. Apostolov, M. R.
Shirts, J. C. Smith, P. M. Kasson, D. van der Spoel, B. Hess, and E. Lindahl
GROMACS 4.5: a high-throughput and highly parallel open source molecular
simulation toolkit
Bioinformatics 29 (2013) pp. 845-54
-------- -------- --- Thank You --- -------- --------


++++ PLEASE READ AND CITE THE FOLLOWING REFERENCE ++++
B. Hess and C. Kutzner and D. van der Spoel and E. Lindahl
GROMACS 4: Algorithms for highly efficient, load-balanced, and scalable
molecular simulation
J. Chem. Theory Comput. 4 (2008) pp. 435-447
-------- -------- --- Thank You --- -------- --------


++++ PLEASE READ AND CITE THE FOLLOWING REFERENCE ++++
D. van der Spoel, E. Lindahl, B. Hess, G. Groenhof, A. E. Mark and H. J. C.
Berendsen
GROMACS: Fast, Flexible and Free
J. Comp. Chem. 26 (2005) pp. 1701-1719
-------- -------- --- Thank You --- -------- --------


++++ PLEASE READ AND CITE THE FOLLOWING REFERENCE ++++
E. Lindahl and B. Hess and D. van der Spoel
GROMACS 3.0: A package for molecular simulation and trajectory analysis
J. Mol. Mod. 7 (2001) pp. 306-317
-------- -------- --- Thank You --- -------- --------


++++ PLEASE READ AND CITE THE FOLLOWING REFERENCE ++++
H. J. C. Berendsen, D. van der Spoel and R. van Drunen
GROMACS: A message-passing parallel molecular dynamics implementation
Comp. Phys. Comm. 91 (1995) pp. 43-56
-------- -------- --- Thank You --- -------- --------

Input Parameters:
   integrator                     = md
   tinit                          = 0
   dt                             = 0.002
   nsteps                         = 50000
   init-step                      = 0
   simulation-part                = 1
   mts                            = false
   comm-mode                      = Linear
   nstcomm                        = 100
   bd-fric                        = 0
   ld-seed                        = -5443713
   emtol                          = 10
   emstep                         = 0.01
   niter                          = 20
   fcstep                         = 0
   nstcgsteep                     = 1000
   nbfgscorr                      = 10
   rtpi                           = 0.05
   nstxout                        = 5000
   nstvout                        = 5000
   nstfout                        = 0
   nstlog                         = 5000
   nstcalcenergy                  = 100
   nstenergy                      = 5000
   nstxout-compressed             = 0
   compressed-x-precision         = 1000
   cutoff-scheme                  = Verlet
   nstlist                        = 10
   pbc                            = xyz
   periodic-molecules             = false
   verlet-buffer-tolerance        = 0.005
   rlist                          = 1
   coulombtype                    = PME
   coulomb-modifier               = Potential-shift
   rcoulomb-switch                = 0
   rcoulomb                       = 1
   epsilon-r                      = 1
   epsilon-rf                     = inf
   vdw-type                       = Cut-off
   vdw-modifier                   = Potential-shift
   rvdw-switch                    = 0
   rvdw                           = 1
   DispCorr                       = EnerPres
   table-extension                = 1
   fourierspacing                 = 0.16
   fourier-nx                     = 192
   fourier-ny                     = 192
   fourier-nz                     = 192
   pme-order                      = 4
   ewald-rtol                     = 1e-05
   ewald-rtol-lj                  = 0.001
   lj-pme-comb-rule               = Geometric
   ewald-geometry                 = 0
   epsilon-surface                = 0
   tcoupl                         = V-rescale
   nsttcouple                     = 10
   nh-chain-length                = 0
   print-nose-hoover-chain-variables = false
   pcoupl                         = Parrinello-Rahman
   pcoupltype                     = Isotropic
   nstpcouple                     = 10
   tau-p                          = 2
   compressibility (3x3):
      compressibility[    0]={ 4.50000e-05,  0.00000e+00,  0.00000e+00}
      compressibility[    1]={ 0.00000e+00,  4.50000e-05,  0.00000e+00}
      compressibility[    2]={ 0.00000e+00,  0.00000e+00,  4.50000e-05}
   ref-p (3x3):
      ref-p[    0]={ 1.00000e+00,  0.00000e+00,  0.00000e+00}
      ref-p[    1]={ 0.00000e+00,  1.00000e+00,  0.00000e+00}
      ref-p[    2]={ 0.00000e+00,  0.00000e+00,  1.00000e+00}
   refcoord-scaling               = No
   posres-com (3):
      posres-com[0]= 0.00000e+00
      posres-com[1]= 0.00000e+00
      posres-com[2]= 0.00000e+00
   posres-comB (3):
      posres-comB[0]= 0.00000e+00
      posres-comB[1]= 0.00000e+00
      posres-comB[2]= 0.00000e+00
   QMMM                           = false
qm-opts:
   ngQM                           = 0
   constraint-algorithm           = Lincs
   continuation                   = true
   Shake-SOR                      = false
   shake-tol                      = 0.0001
   lincs-order                    = 4
   lincs-iter                     = 1
   lincs-warnangle                = 30
   nwall                          = 0
   wall-type                      = 9-3
   wall-r-linpot                  = -1
   wall-atomtype[0]               = -1
   wall-atomtype[1]               = -1
   wall-density[0]                = 0
   wall-density[1]                = 0
   wall-ewald-zfac                = 3
   pull                           = false
   awh                            = false
   rotation                       = false
   interactiveMD                  = false
   disre                          = No
   disre-weighting                = Conservative
   disre-mixed                    = false
   dr-fc                          = 1000
   dr-tau                         = 0
   nstdisreout                    = 100
   orire-fc                       = 0
   orire-tau                      = 0
   nstorireout                    = 100
   free-energy                    = no
   cos-acceleration               = 0
   deform (3x3):
      deform[    0]={ 0.00000e+00,  0.00000e+00,  0.00000e+00}
      deform[    1]={ 0.00000e+00,  0.00000e+00,  0.00000e+00}
      deform[    2]={ 0.00000e+00,  0.00000e+00,  0.00000e+00}
   simulated-tempering            = false
   swapcoords                     = no
   userint1                       = 0
   userint2                       = 0
   userint3                       = 0
   userint4                       = 0
   userreal1                      = 0
   userreal2                      = 0
   userreal3                      = 0
   userreal4                      = 0
   applied-forces:
     electric-field:
       x:
         E0                       = 0
         omega                    = 0
         t0                       = 0
         sigma                    = 0
       y:
         E0                       = 0
         omega                    = 0
         t0                       = 0
         sigma                    = 0
       z:
         E0                       = 0
         omega                    = 0
         t0                       = 0
         sigma                    = 0
     density-guided-simulation:
       active                     = false
       group                      = protein
       similarity-measure         = inner-product
       atom-spreading-weight      = unity
       force-constant             = 1e+09
       gaussian-transform-spreading-width = 0.2
       gaussian-transform-spreading-range-in-multiples-of-width = 4
       reference-density-filename = reference.mrc
       nst                        = 1
       normalize-densities        = true
       adaptive-force-scaling     = false
       adaptive-force-scaling-time-constant = 4
       shift-vector               = 
       transformation-matrix      = 
grpopts:
   nrdf:      753049
   ref-t:         300
   tau-t:         0.1
annealing:          No
annealing-npoints:           0
   acc:	           0           0           0
   nfreeze:           N           N           N
   energygrp-flags[  0]: 0

Changing nstlist from 10 to 100, rlist from 1 to 1.058


Initializing Domain Decomposition on 32 ranks
Dynamic load balancing: auto
Minimum cell size due to atom displacement: 0.285 nm
Initial maximum distances in bonded interactions:
    two-body bonded interactions: 0.971 nm, Exclusion, atoms 397 402
  multi-body bonded interactions: 0.924 nm, Proper Dih., atoms 270 276
Minimum cell size due to bonded interactions: 1.016 nm
Maximum distance for 5 constraints, at 120 deg. angles, all-trans: 1.036 nm
Estimated maximum distance required for P-LINCS: 1.036 nm
This distance will limit the DD cell size, you can override this with -rcon
Scaling the initial minimum size with 1/0.8 (option -dds) = 1.25
Guess for relative PME load: 0.78
Using 0 separate PME ranks, as guessed by mdrun
Optimizing the DD grid for 32 cells with a minimum initial size of 1.295 nm
The maximum allowed number of cells is: X 23 Y 23 Z 23
Domain decomposition grid 16 x 2 x 1, separate PME ranks 0
PME domain decomposition: 16 x 2 x 1
Domain decomposition rank 0, coordinates 0 0 0

The initial number of communication pulses is: X 1 Y 1
The initial domain decomposition cell size is: X 1.90 nm Y 15.23 nm

The maximum allowed distance for atoms involved in interactions is:
                 non-bonded interactions           1.058 nm
(the following are initial values, they could change due to box deformation)
            two-body bonded interactions  (-rdd)   1.058 nm
          multi-body bonded interactions  (-rdd)   1.058 nm
  atoms separated by up to 5 constraints  (-rcon)  1.904 nm

When dynamic load balancing gets turned on, these settings will change to:
The maximum number of communication pulses is: X 1 Y 1
The minimum size for domain decomposition cells is 1.058 nm
The requested allowed shrink of DD cells (option -dds) is: 0.80
The allowed shrink of domain decomposition cells is: X 0.56 Y 0.07
The maximum allowed distance for atoms involved in interactions is:
                 non-bonded interactions           1.058 nm
            two-body bonded interactions  (-rdd)   1.058 nm
          multi-body bonded interactions  (-rdd)   1.058 nm
  atoms separated by up to 5 constraints  (-rcon)  1.058 nm

Using 32 MPI threads
Using 1 OpenMP thread per tMPI thread

Pinning threads with an auto-selected logical core stride of 1
System total charge: 430.000
Will do PME sum in reciprocal space for electrostatic interactions.

++++ PLEASE READ AND CITE THE FOLLOWING REFERENCE ++++
U. Essmann, L. Perera, M. L. Berkowitz, T. Darden, H. Lee and L. G. Pedersen 
A smooth particle mesh Ewald method
J. Chem. Phys. 103 (1995) pp. 8577-8592
-------- -------- --- Thank You --- -------- --------

Using a Gaussian width (1/beta) of 0.320163 nm for Ewald
Potential shift: LJ r^-12: -1.000e+00 r^-6: -1.000e+00, Ewald -1.000e-05
Initialized non-bonded Ewald tables, spacing: 9.33e-04 size: 1073

Long Range LJ corr.: <C6> 2.1555e-01


Using SIMD 4x4 nonbonded short-range kernels

Using a dual 4x4 pair-list setup updated with dynamic pruning:
  outer list: updated every 100 steps, buffer 0.058 nm, rlist 1.058 nm
  inner list: updated every  16 steps, buffer 0.001 nm, rlist 1.001 nm
At tolerance 0.005 kJ/mol/ps per atom, equivalent classical 1x1 list would be:
  outer list: updated every 100 steps, buffer 0.099 nm, rlist 1.099 nm
  inner list: updated every  16 steps, buffer 0.009 nm, rlist 1.009 nm

Using full Lennard-Jones parameter combination matrix

Initializing Parallel LINear Constraint Solver

++++ PLEASE READ AND CITE THE FOLLOWING REFERENCE ++++
B. Hess
P-LINCS: A Parallel Linear Constraint Solver for molecular simulation
J. Chem. Theory Comput. 4 (2008) pp. 116-122
-------- -------- --- Thank You --- -------- --------

The number of constraints is 248
There are constraints between atoms in different decomposition domains,
will communicate selected coordinates each lincs iteration
108 constraints are involved in constraint triangles,
will apply an additional matrix expansion of order 4 for couplings
between constraints inside triangles

Linking all bonded interactions to atoms


Intra-simulation communication will occur every 10 steps.

++++ PLEASE READ AND CITE THE FOLLOWING REFERENCE ++++
G. Bussi, D. Donadio and M. Parrinello
Canonical sampling through velocity rescaling
J. Chem. Phys. 126 (2007) pp. 014101
-------- -------- --- Thank You --- -------- --------

There are: 251100 Atoms
Atom distribution over 32 domains: av 7846 stddev 120 min 7787 max 7892
Center of mass motion removal mode is Linear
We have the following groups for center of mass motion removal:
  0:  rest

Started mdrun on rank 0 Wed Jun 26 20:05:49 2024

           Step           Time
              0        0.00000

   Energies (kJ/mol)
           Bond          Angle       G96Angle    Proper Dih.  Improper Dih.
    8.64305e+02    4.81588e+02    1.63973e+03    3.46491e+02    8.28409e+02
        LJ (SR)  Disper. corr.   Coulomb (SR)   Coul. recip.      Potential
   -6.56501e+06   -1.98579e+06   -1.75490e+05    1.42561e+05   -8.57957e+06
    Kinetic En.   Total Energy  Conserved En.    Temperature Pres. DC (bar)
    9.37468e+05   -7.64210e+06   -7.64040e+06    2.99453e+02   -1.18178e+03
 Pressure (bar)   Constr. rmsd
   -3.42170e+00    2.24769e-06


DD  step 99 load imb.: force 14.1%

DD  step 4999 load imb.: force 15.6%
           Step           Time
           5000       10.00000

   Energies (kJ/mol)
           Bond          Angle       G96Angle    Proper Dih.  Improper Dih.
    6.95120e+02    4.68238e+02    1.59014e+03    3.28406e+02    7.85487e+02
        LJ (SR)  Disper. corr.   Coulomb (SR)   Coul. recip.      Potential
   -6.57860e+06   -1.98871e+06   -1.75809e+05    1.34536e+05   -8.60471e+06
    Kinetic En.   Total Energy  Conserved En.    Temperature Pres. DC (bar)
    9.38072e+05   -7.66664e+06   -7.65725e+06    2.99646e+02   -1.18521e+03
 Pressure (bar)   Constr. rmsd
   -5.75366e+00    2.49300e-06


DD  step 9999 load imb.: force  8.9%
           Step           Time
          10000       20.00000

   Energies (kJ/mol)
           Bond          Angle       G96Angle    Proper Dih.  Improper Dih.
    6.11010e+02    4.99928e+02    1.54251e+03    3.41834e+02    6.53609e+02
        LJ (SR)  Disper. corr.   Coulomb (SR)   Coul. recip.      Potential
   -6.58272e+06   -1.98941e+06   -1.75867e+05    1.29885e+05   -8.61446e+06
    Kinetic En.   Total Energy  Conserved En.    Temperature Pres. DC (bar)
    9.36666e+05   -7.67779e+06   -7.67406e+06    2.99197e+02   -1.18603e+03
 Pressure (bar)   Constr. rmsd
   -1.16119e+01    2.74839e-06


DD  step 14999 load imb.: force 12.5%
           Step           Time
          15000       30.00000

   Energies (kJ/mol)
           Bond          Angle       G96Angle    Proper Dih.  Improper Dih.
    4.91386e+02    5.00341e+02    1.47756e+03    3.37418e+02    7.24518e+02
        LJ (SR)  Disper. corr.   Coulomb (SR)   Coul. recip.      Potential
   -6.58749e+06   -1.99155e+06   -1.75974e+05    1.25519e+05   -8.62597e+06
    Kinetic En.   Total Energy  Conserved En.    Temperature Pres. DC (bar)
    9.37471e+05   -7.68850e+06   -7.69088e+06    2.99454e+02   -1.18856e+03
 Pressure (bar)   Constr. rmsd
    6.49074e+00    2.37692e-06


DD  step 19999 load imb.: force  4.6%
           Step           Time
          20000       40.00000

   Energies (kJ/mol)
           Bond          Angle       G96Angle    Proper Dih.  Improper Dih.
    5.70966e+02    4.48889e+02    1.48205e+03    3.58062e+02    7.19878e+02
        LJ (SR)  Disper. corr.   Coulomb (SR)   Coul. recip.      Potential
   -6.58255e+06   -1.99024e+06   -1.76154e+05    1.21254e+05   -8.62411e+06
    Kinetic En.   Total Energy  Conserved En.    Temperature Pres. DC (bar)
    9.38084e+05   -7.68603e+06   -7.70768e+06    2.99650e+02   -1.18702e+03
 Pressure (bar)   Constr. rmsd
    1.69555e+00    2.40561e-06


DD  step 24999 load imb.: force  7.6%
           Step           Time
          25000       50.00000

   Energies (kJ/mol)
           Bond          Angle       G96Angle    Proper Dih.  Improper Dih.
    5.81635e+02    4.63419e+02    1.44157e+03    3.50590e+02    6.63905e+02
        LJ (SR)  Disper. corr.   Coulomb (SR)   Coul. recip.      Potential
   -6.58190e+06   -1.98931e+06   -1.76270e+05    1.18859e+05   -8.62512e+06
    Kinetic En.   Total Energy  Conserved En.    Temperature Pres. DC (bar)
    9.37887e+05   -7.68723e+06   -7.72446e+06    2.99587e+02   -1.18592e+03
 Pressure (bar)   Constr. rmsd
   -1.12429e+01    2.46821e-06


DD  step 29999 load imb.: force 10.7%
           Step           Time
          30000       60.00000

   Energies (kJ/mol)
           Bond          Angle       G96Angle    Proper Dih.  Improper Dih.
    4.65192e+02    4.82802e+02    1.43688e+03    3.96791e+02    5.89351e+02
        LJ (SR)  Disper. corr.   Coulomb (SR)   Coul. recip.      Potential
   -6.57964e+06   -1.98969e+06   -1.76342e+05    1.16445e+05   -8.62585e+06
    Kinetic En.   Total Energy  Conserved En.    Temperature Pres. DC (bar)
    9.37266e+05   -7.68858e+06   -7.74130e+06    2.99389e+02   -1.18636e+03
 Pressure (bar)   Constr. rmsd
    2.06452e+00    2.52041e-06


DD  step 34999 load imb.: force  7.3%
           Step           Time
          35000       70.00000

   Energies (kJ/mol)
           Bond          Angle       G96Angle    Proper Dih.  Improper Dih.
    4.82270e+02    4.37682e+02    1.62115e+03    3.67152e+02    6.46793e+02
        LJ (SR)  Disper. corr.   Coulomb (SR)   Coul. recip.      Potential
   -6.58145e+06   -1.99022e+06   -1.76592e+05    1.13784e+05   -8.63092e+06
    Kinetic En.   Total Energy  Conserved En.    Temperature Pres. DC (bar)
    9.40309e+05   -7.69061e+06   -7.75812e+06    3.00361e+02   -1.18699e+03
 Pressure (bar)   Constr. rmsd
    4.64426e+00    2.48850e-06


DD  step 39999 load imb.: force 12.1%
           Step           Time
          40000       80.00000

   Energies (kJ/mol)
           Bond          Angle       G96Angle    Proper Dih.  Improper Dih.
    5.17109e+02    4.47135e+02    1.42165e+03    3.32779e+02    6.45622e+02
        LJ (SR)  Disper. corr.   Coulomb (SR)   Coul. recip.      Potential
   -6.58896e+06   -1.99225e+06   -1.76636e+05    1.12309e+05   -8.64217e+06
    Kinetic En.   Total Energy  Conserved En.    Temperature Pres. DC (bar)
    9.38856e+05   -7.70332e+06   -7.77496e+06    2.99897e+02   -1.18938e+03
 Pressure (bar)   Constr. rmsd
    1.10005e+01    2.58511e-06


DD  step 44999 load imb.: force 40.6%
           Step           Time
          45000       90.00000

   Energies (kJ/mol)
           Bond          Angle       G96Angle    Proper Dih.  Improper Dih.
    4.60213e+02    4.08473e+02    1.53903e+03    3.68042e+02    5.43472e+02
        LJ (SR)  Disper. corr.   Coulomb (SR)   Coul. recip.      Potential
   -6.58702e+06   -1.99057e+06   -1.76749e+05    1.10841e+05   -8.64018e+06
    Kinetic En.   Total Energy  Conserved En.    Temperature Pres. DC (bar)
    9.39149e+05   -7.70103e+06   -7.79185e+06    2.99990e+02   -1.18741e+03
 Pressure (bar)   Constr. rmsd
   -9.47368e+00    2.33725e-06


DD  step 49999 load imb.: force 13.6%
           Step           Time
          50000      100.00000

Writing checkpoint, step 50000 at Wed Jun 26 20:18:30 2024


   Energies (kJ/mol)
           Bond          Angle       G96Angle    Proper Dih.  Improper Dih.
    4.85700e+02    4.83955e+02    1.43580e+03    3.82524e+02    6.34980e+02
        LJ (SR)  Disper. corr.   Coulomb (SR)   Coul. recip.      Potential
   -6.58568e+06   -1.99097e+06   -1.76802e+05    1.09779e+05   -8.64026e+06
    Kinetic En.   Total Energy  Conserved En.    Temperature Pres. DC (bar)
    9.38573e+05   -7.70168e+06   -7.80867e+06    2.99806e+02   -1.18788e+03
 Pressure (bar)   Constr. rmsd
    3.56869e+00    2.50571e-06


Energy conservation over simulation part #1 of length 100 ns, time 0 to 100 ns
  Conserved energy drift: -6.70e-03 kJ/mol/ps per atom


	<======  ###############  ==>
	<====  A V E R A G E S  ====>
	<==  ###############  ======>

	Statistics over 50001 steps using 501 frames

   Energies (kJ/mol)
           Bond          Angle       G96Angle    Proper Dih.  Improper Dih.
    5.46051e+02    4.62817e+02    1.51536e+03    3.52344e+02    6.56500e+02
        LJ (SR)  Disper. corr.   Coulomb (SR)   Coul. recip.      Potential
   -6.58184e+06   -1.98996e+06   -1.76283e+05    1.20839e+05   -8.62371e+06
    Kinetic En.   Total Energy  Conserved En.    Temperature Pres. DC (bar)
    9.39019e+05   -7.68469e+06   -7.72451e+06    2.99949e+02   -1.18668e+03
 Pressure (bar)   Constr. rmsd
    1.16314e-01    0.00000e+00

          Box-X          Box-Y          Box-Z
    3.04468e+01    3.04468e+01    3.04468e+01

   Total Virial (kJ/mol)
    3.12374e+05   -1.05765e+03   -3.46302e+02
   -1.05766e+03    3.12673e+05    5.94325e+02
   -3.46310e+02    5.94333e+02    3.13679e+05

   Pressure (bar)
    7.75716e-01    1.30449e+00    4.40561e-01
    1.30449e+00    4.11928e-01   -7.06547e-01
    4.40570e-01   -7.06556e-01   -8.38703e-01


	M E G A - F L O P S   A C C O U N T I N G

 NB=Group-cutoff nonbonded kernels    NxN=N-by-N cluster Verlet kernels
 RF=Reaction-Field  VdW=Van der Waals  QSTab=quadratic-spline table
 W3=SPC/TIP3p  W4=TIP4p (single or pairs)
 V&F=Potential and force  V=Potential only  F=Force only

 Computing:                               M-Number         M-Flops  % Flops
-----------------------------------------------------------------------------
 Pair Search distance check           13439.706114      120957.355     0.1
 NxN QSTab Elec. + LJ [F]              9917.459640      406615.845     0.2
 NxN QSTab Elec. + LJ [V&F]             100.375464        5922.152     0.0
 NxN LJ [F]                          931715.078976    30746597.606    18.2
 NxN LJ [V&F]                          9430.091408      405493.931     0.2
 NxN QSTab Elec. [F]                     14.261544         484.892     0.0
 NxN QSTab Elec. [V&F]                    0.144056           5.906     0.0
 Calc Weights                         37665.753300     1355967.119     0.8
 Spread Q Bspline                    803536.070400     1607072.141     1.0
 Gather F Bspline                    803536.070400     4821216.422     2.9
 3D-FFT                            16105976.313084   128847810.505    76.4
 Solve PME                             3686.473728      235934.319     0.1
 Reset In Box                           125.550000         376.650     0.0
 CG-CoM                                 125.801100         377.403     0.0
 Bonds                                   15.850317         935.169     0.0
 Angles                                  37.050741        6224.524     0.0
 Propers                                 10.500210        2404.548     0.0
 Impropers                               14.050281        2922.458     0.0
 Virial                                1262.952540       22733.146     0.0
 Stop-CM                                125.801100        1258.011     0.0
 Calc-Ekin                             2511.502200       67810.559     0.0
 Lincs                                   13.971584         838.295     0.0
 Lincs-Mat                              215.196768         860.787     0.0
 Constraint-V                            27.943168         251.489     0.0
 Constraint-Vir                           1.397414          33.538     0.0
-----------------------------------------------------------------------------
 Total                                               168661104.771   100.0
-----------------------------------------------------------------------------


    D O M A I N   D E C O M P O S I T I O N   S T A T I S T I C S

 av. #atoms communicated per step for force:  2 x 164673.3
 av. #atoms communicated per step for LINCS:  2 x 31.6


Dynamic load balancing report:
 DLB was off during the run due to low measured imbalance.
 Average load imbalance: 12.2%.
 The balanceable part of the MD step is 13%, load imbalance is computed from this.
 Part of the total run time spent waiting due to load imbalance: 1.6%.


     R E A L   C Y C L E   A N D   T I M E   A C C O U N T I N G

On 32 MPI ranks

 Computing:          Num   Num      Call    Wall time         Giga-Cycles
                     Ranks Threads  Count      (s)         total sum    %
-----------------------------------------------------------------------------
 Domain decomp.        32    1        500       2.167        167.719   0.3
 DD comm. load         32    1        500       0.124          9.635   0.0
 Neighbor search       32    1        501       2.314        179.156   0.3
 Comm. coord.          32    1      49500      13.825       1070.239   1.8
 Force                 32    1      50001      74.563       5772.270   9.8
 Wait + Comm. F        32    1      50001      13.930       1078.378   1.8
 PME mesh              32    1      50001     629.004      48693.932  82.6
 NB X/F buffer ops.    32    1     149001       6.131        474.592   0.8
 Write traj.           32    1         11       0.117          9.052   0.0
 Update                32    1      50001       6.519        504.690   0.9
 Constraints           32    1      50001       3.233        250.287   0.4
 Comm. energies        32    1       5001       7.358        569.617   1.0
 Rest                                           1.975        152.889   0.3
-----------------------------------------------------------------------------
 Total                                        761.260      58932.456 100.0
-----------------------------------------------------------------------------
 Breakdown of PME mesh computation
-----------------------------------------------------------------------------
 PME redist. X/F       32    1     100002      95.603       7401.033  12.6
 PME spread            32    1      50001      93.446       7234.031  12.3
 PME gather            32    1      50001      50.407       3902.226   6.6
 PME 3D-FFT            32    1     100002     211.285      16356.504  27.8
 PME 3D-FFT Comm.      32    1     200004     152.725      11823.105  20.1
 PME solve Elec        32    1      50001      25.166       1948.179   3.3
-----------------------------------------------------------------------------

               Core t (s)   Wall t (s)        (%)
       Time:    24360.299      761.260     3200.0
                 (ns/day)    (hour/ns)
Performance:       11.350        2.115
Finished mdrun on rank 0 Wed Jun 26 20:18:30 2024

