              :-) GROMACS - gmx mdrun, 2021.4-Ubuntu-2021.4-2 (-:

                            GROMACS is written by:
     Andrey Alekseenko              Emile Apol              Rossen Apostolov     
         Paul Bauer           Herman J.C. Berendsen           Par Bjelkmar       
       Christian Blau           Viacheslav Bolnykh             Kevin Boyd        
     Aldert van Buuren           Rudi van Drunen             Anton Feenstra      
    Gilles Gouaillardet             Alan Gray               Gerrit Groenhof      
       Anca Hamuraru            Vincent Hindriksen          M. Eric Irrgang      
      Aleksei Iupinov           Christoph Junghans             Joe Jordan        
    Dimitrios Karkoulis            Peter Kasson                Jiri Kraus        
      Carsten Kutzner              Per Larsson              Justin A. Lemkul     
       Viveca Lindahl            Magnus Lundborg             Erik Marklund       
        Pascal Merz             Pieter Meulenhoff            Teemu Murtola       
        Szilard Pall               Sander Pronk              Roland Schulz       
       Michael Shirts            Alexey Shvetsov             Alfons Sijbers      
       Peter Tieleman              Jon Vincent              Teemu Virolainen     
     Christian Wennberg            Maarten Wolf              Artem Zhmurov       
                           and the project leaders:
        Mark Abraham, Berk Hess, Erik Lindahl, and David van der Spoel

Copyright (c) 1991-2000, University of Groningen, The Netherlands.
Copyright (c) 2001-2019, The GROMACS development team at
Uppsala University, Stockholm University and
the Royal Institute of Technology, Sweden.
check out http://www.gromacs.org for more information.

GROMACS is free software; you can redistribute it and/or modify it
under the terms of the GNU Lesser General Public License
as published by the Free Software Foundation; either version 2.1
of the License, or (at your option) any later version.

GROMACS:      gmx mdrun, version 2021.4-Ubuntu-2021.4-2
Executable:   /usr/bin/gmx
Data prefix:  /usr
Working dir:  /home/1-polyply-gromacs/data/13/gromacs
Process ID:   51261
Command line:
  gmx mdrun -v -deffnm 01-minim

GROMACS version:    2021.4-Ubuntu-2021.4-2
Precision:          mixed
Memory model:       64 bit
MPI library:        thread_mpi
OpenMP support:     enabled (GMX_OPENMP_MAX_THREADS = 64)
GPU support:        disabled
SIMD instructions:  SSE4.1
FFT library:        fftw-3.3.8-sse2-avx
RDTSCP usage:       enabled
TNG support:        enabled
Hwloc support:      hwloc-2.5.0
Tracing support:    disabled
C compiler:         /usr/bin/cc GNU 11.2.0
C compiler flags:   -msse4.1 -Wno-missing-field-initializers -fexcess-precision=fast -funroll-all-loops -O3 -DNDEBUG
C++ compiler:       /usr/bin/c++ GNU 11.2.0
C++ compiler flags: -msse4.1 -Wno-missing-field-initializers -fexcess-precision=fast -funroll-all-loops -fopenmp -O3 -DNDEBUG


Running on 1 node with total 16 cores, 32 logical cores
Hardware detected:
  CPU info:
    Vendor: Intel
    Brand:  Intel(R) Core(TM) i9-14900HX
    Family: 6   Model: 183   Stepping: 1
    Features: aes apic avx avx2 clfsh cmov cx8 cx16 f16c fma htt intel lahf mmx msr nonstop_tsc pcid pclmuldq pdpe1gb popcnt pse rdrnd rdtscp sha sse2 sse3 sse4.1 sse4.2 ssse3 tdt x2apic
  Hardware topology: Full, with devices
    Sockets, cores, and logical processors:
      Socket  0: [   0   1] [   2   3] [   4   5] [   6   7] [   8   9] [  10  11] [  12  13] [  14  15] [  16  17] [  18  19] [  20  21] [  22  23] [  24  25] [  26  27] [  28  29] [  30  31]
    Numa nodes:
      Node  0 (16657502208 bytes mem):   0   1   2   3   4   5   6   7   8   9  10  11  12  13  14  15  16  17  18  19  20  21  22  23  24  25  26  27  28  29  30  31
      Latency:
               0
         0  1.00
    Caches:
      L1: 49152 bytes, linesize 64 bytes, assoc. 12, shared 2 ways
      L2: 2097152 bytes, linesize 64 bytes, assoc. 16, shared 2 ways
      L3: 37748736 bytes, linesize 64 bytes, assoc. 12, shared 32 ways
    PCI devices:
      4bb2:00:00.0  Id: 1414:008e  Class: 0x0302  Numa: 0
      f034:00:00.0  Id: 1af4:1043  Class: 0x0100  Numa: 0

Highest SIMD level supported by all nodes in run: AVX2_256
SIMD instructions selected at compile time:       SSE4.1
This program was compiled for different hardware than you are running on,
which could influence performance.

++++ PLEASE READ AND CITE THE FOLLOWING REFERENCE ++++
M. J. Abraham, T. Murtola, R. Schulz, S. Páll, J. C. Smith, B. Hess, E.
Lindahl
GROMACS: High performance molecular simulations through multi-level
parallelism from laptops to supercomputers
SoftwareX 1 (2015) pp. 19-25
-------- -------- --- Thank You --- -------- --------


++++ PLEASE READ AND CITE THE FOLLOWING REFERENCE ++++
S. Páll, M. J. Abraham, C. Kutzner, B. Hess, E. Lindahl
Tackling Exascale Software Challenges in Molecular Dynamics Simulations with
GROMACS
In S. Markidis & E. Laure (Eds.), Solving Software Challenges for Exascale 8759 (2015) pp. 3-27
-------- -------- --- Thank You --- -------- --------


++++ PLEASE READ AND CITE THE FOLLOWING REFERENCE ++++
S. Pronk, S. Páll, R. Schulz, P. Larsson, P. Bjelkmar, R. Apostolov, M. R.
Shirts, J. C. Smith, P. M. Kasson, D. van der Spoel, B. Hess, and E. Lindahl
GROMACS 4.5: a high-throughput and highly parallel open source molecular
simulation toolkit
Bioinformatics 29 (2013) pp. 845-54
-------- -------- --- Thank You --- -------- --------


++++ PLEASE READ AND CITE THE FOLLOWING REFERENCE ++++
B. Hess and C. Kutzner and D. van der Spoel and E. Lindahl
GROMACS 4: Algorithms for highly efficient, load-balanced, and scalable
molecular simulation
J. Chem. Theory Comput. 4 (2008) pp. 435-447
-------- -------- --- Thank You --- -------- --------


++++ PLEASE READ AND CITE THE FOLLOWING REFERENCE ++++
D. van der Spoel, E. Lindahl, B. Hess, G. Groenhof, A. E. Mark and H. J. C.
Berendsen
GROMACS: Fast, Flexible and Free
J. Comp. Chem. 26 (2005) pp. 1701-1719
-------- -------- --- Thank You --- -------- --------


++++ PLEASE READ AND CITE THE FOLLOWING REFERENCE ++++
E. Lindahl and B. Hess and D. van der Spoel
GROMACS 3.0: A package for molecular simulation and trajectory analysis
J. Mol. Mod. 7 (2001) pp. 306-317
-------- -------- --- Thank You --- -------- --------


++++ PLEASE READ AND CITE THE FOLLOWING REFERENCE ++++
H. J. C. Berendsen, D. van der Spoel and R. van Drunen
GROMACS: A message-passing parallel molecular dynamics implementation
Comp. Phys. Comm. 91 (1995) pp. 43-56
-------- -------- --- Thank You --- -------- --------

Input Parameters:
   integrator                     = steep
   tinit                          = 0
   dt                             = 0.001
   nsteps                         = 5000
   init-step                      = 0
   simulation-part                = 1
   mts                            = false
   comm-mode                      = Linear
   nstcomm                        = 100
   bd-fric                        = 0
   ld-seed                        = -84979713
   emtol                          = 1000
   emstep                         = 0.01
   niter                          = 20
   fcstep                         = 0
   nstcgsteep                     = 1000
   nbfgscorr                      = 10
   rtpi                           = 0.05
   nstxout                        = 0
   nstvout                        = 0
   nstfout                        = 0
   nstlog                         = 1000
   nstcalcenergy                  = 100
   nstenergy                      = 1000
   nstxout-compressed             = 0
   compressed-x-precision         = 1000
   cutoff-scheme                  = Verlet
   nstlist                        = 1
   pbc                            = xyz
   periodic-molecules             = false
   verlet-buffer-tolerance        = 0.005
   rlist                          = 1.2
   coulombtype                    = PME
   coulomb-modifier               = Potential-shift
   rcoulomb-switch                = 0
   rcoulomb                       = 1.2
   epsilon-r                      = 1
   epsilon-rf                     = inf
   vdw-type                       = Cut-off
   vdw-modifier                   = Force-switch
   rvdw-switch                    = 1
   rvdw                           = 1.2
   DispCorr                       = No
   table-extension                = 1
   fourierspacing                 = 0.12
   fourier-nx                     = 280
   fourier-ny                     = 280
   fourier-nz                     = 280
   pme-order                      = 4
   ewald-rtol                     = 1e-05
   ewald-rtol-lj                  = 0.001
   lj-pme-comb-rule               = Geometric
   ewald-geometry                 = 0
   epsilon-surface                = 0
   tcoupl                         = No
   nsttcouple                     = -1
   nh-chain-length                = 0
   print-nose-hoover-chain-variables = false
   pcoupl                         = No
   pcoupltype                     = Isotropic
   nstpcouple                     = -1
   tau-p                          = 1
   compressibility (3x3):
      compressibility[    0]={ 0.00000e+00,  0.00000e+00,  0.00000e+00}
      compressibility[    1]={ 0.00000e+00,  0.00000e+00,  0.00000e+00}
      compressibility[    2]={ 0.00000e+00,  0.00000e+00,  0.00000e+00}
   ref-p (3x3):
      ref-p[    0]={ 0.00000e+00,  0.00000e+00,  0.00000e+00}
      ref-p[    1]={ 0.00000e+00,  0.00000e+00,  0.00000e+00}
      ref-p[    2]={ 0.00000e+00,  0.00000e+00,  0.00000e+00}
   refcoord-scaling               = No
   posres-com (3):
      posres-com[0]= 0.00000e+00
      posres-com[1]= 0.00000e+00
      posres-com[2]= 0.00000e+00
   posres-comB (3):
      posres-comB[0]= 0.00000e+00
      posres-comB[1]= 0.00000e+00
      posres-comB[2]= 0.00000e+00
   QMMM                           = false
qm-opts:
   ngQM                           = 0
   constraint-algorithm           = Lincs
   continuation                   = false
   Shake-SOR                      = false
   shake-tol                      = 0.0001
   lincs-order                    = 4
   lincs-iter                     = 1
   lincs-warnangle                = 30
   nwall                          = 0
   wall-type                      = 9-3
   wall-r-linpot                  = -1
   wall-atomtype[0]               = -1
   wall-atomtype[1]               = -1
   wall-density[0]                = 0
   wall-density[1]                = 0
   wall-ewald-zfac                = 3
   pull                           = false
   awh                            = false
   rotation                       = false
   interactiveMD                  = false
   disre                          = No
   disre-weighting                = Conservative
   disre-mixed                    = false
   dr-fc                          = 1000
   dr-tau                         = 0
   nstdisreout                    = 100
   orire-fc                       = 0
   orire-tau                      = 0
   nstorireout                    = 100
   free-energy                    = no
   cos-acceleration               = 0
   deform (3x3):
      deform[    0]={ 0.00000e+00,  0.00000e+00,  0.00000e+00}
      deform[    1]={ 0.00000e+00,  0.00000e+00,  0.00000e+00}
      deform[    2]={ 0.00000e+00,  0.00000e+00,  0.00000e+00}
   simulated-tempering            = false
   swapcoords                     = no
   userint1                       = 0
   userint2                       = 0
   userint3                       = 0
   userint4                       = 0
   userreal1                      = 0
   userreal2                      = 0
   userreal3                      = 0
   userreal4                      = 0
   applied-forces:
     electric-field:
       x:
         E0                       = 0
         omega                    = 0
         t0                       = 0
         sigma                    = 0
       y:
         E0                       = 0
         omega                    = 0
         t0                       = 0
         sigma                    = 0
       z:
         E0                       = 0
         omega                    = 0
         t0                       = 0
         sigma                    = 0
     density-guided-simulation:
       active                     = false
       group                      = protein
       similarity-measure         = inner-product
       atom-spreading-weight      = unity
       force-constant             = 1e+09
       gaussian-transform-spreading-width = 0.2
       gaussian-transform-spreading-range-in-multiples-of-width = 4
       reference-density-filename = reference.mrc
       nst                        = 1
       normalize-densities        = true
       adaptive-force-scaling     = false
       adaptive-force-scaling-time-constant = 4
       shift-vector               = 
       transformation-matrix      = 
grpopts:
   nrdf:      753049
   ref-t:           0
   tau-t:           0
annealing:          No
annealing-npoints:           0
   acc:	           0           0           0
   nfreeze:           N           N           N
   energygrp-flags[  0]: 0


Initializing Domain Decomposition on 32 ranks
NOTE: disabling dynamic load balancing as it is only supported with dynamics, not with integrator 'steep'.
Dynamic load balancing: off
Minimum cell size due to atom displacement: 0.000 nm
Initial maximum distances in bonded interactions:
    two-body bonded interactions: 0.696 nm, Exclusion, atoms 60 66
  multi-body bonded interactions: 0.748 nm, Proper Dih., atoms 60 67
Minimum cell size due to bonded interactions: 0.822 nm
Maximum distance for 5 constraints, at 120 deg. angles, all-trans: 1.036 nm
Estimated maximum distance required for P-LINCS: 1.036 nm
This distance will limit the DD cell size, you can override this with -rcon
Guess for relative PME load: 0.90
Using 0 separate PME ranks, as guessed by mdrun
Optimizing the DD grid for 32 cells with a minimum initial size of 1.036 nm
The maximum allowed number of cells is: X 29 Y 29 Z 29
Domain decomposition grid 16 x 2 x 1, separate PME ranks 0
PME domain decomposition: 16 x 2 x 1
Domain decomposition rank 0, coordinates 0 0 0

The initial number of communication pulses is: X 1 Y 1
The initial domain decomposition cell size is: X 1.94 nm Y 15.54 nm

The maximum allowed distance for atoms involved in interactions is:
                 non-bonded interactions           1.200 nm
            two-body bonded interactions  (-rdd)   1.200 nm
          multi-body bonded interactions  (-rdd)   1.200 nm
  atoms separated by up to 5 constraints  (-rcon)  1.942 nm

Using 32 MPI threads
Using 1 OpenMP thread per tMPI thread

Pinning threads with an auto-selected logical core stride of 1
System total charge: 430.000
Will do PME sum in reciprocal space for electrostatic interactions.

++++ PLEASE READ AND CITE THE FOLLOWING REFERENCE ++++
U. Essmann, L. Perera, M. L. Berkowitz, T. Darden, H. Lee and L. G. Pedersen 
A smooth particle mesh Ewald method
J. Chem. Phys. 103 (1995) pp. 8577-8592
-------- -------- --- Thank You --- -------- --------

Using a Gaussian width (1/beta) of 0.384195 nm for Ewald
Potential shift: LJ r^-12: -2.648e-01 r^-6: -5.349e-01, Ewald -8.333e-06
Initialized non-bonded Ewald tables, spacing: 1.02e-03 size: 1176



Using SIMD 4x4 nonbonded short-range kernels

Using a 4x4 pair-list setup:
  updated every 1 steps, buffer 0.000 nm, rlist 1.200 nm
Removing pbc first time

Initializing Parallel LINear Constraint Solver

++++ PLEASE READ AND CITE THE FOLLOWING REFERENCE ++++
B. Hess
P-LINCS: A Parallel Linear Constraint Solver for molecular simulation
J. Chem. Theory Comput. 4 (2008) pp. 116-122
-------- -------- --- Thank You --- -------- --------

The number of constraints is 248
There are constraints between atoms in different decomposition domains,
will communicate selected coordinates each lincs iteration
108 constraints are involved in constraint triangles,
will apply an additional matrix expansion of order 4 for couplings
between constraints inside triangles

Linking all bonded interactions to atoms


Note that activating steepest-descent energy minimization via the integrator .mdp option and the command gmx mdrun may be available in a different form in a future version of GROMACS, e.g. gmx minimize and an .mdp option.
Initiating Steepest Descents

Atom distribution over 32 domains: av 7846 stddev 359 min 7189 max 8160
Started Steepest Descents on rank 0 Sun Jun 30 22:52:27 2024


Steepest Descents:
   Tolerance (Fmax)   =  1.00000e+03
   Number of steps    =         5000
           Step           Time
              0        0.00000

   Energies (kJ/mol)
           Bond          Angle       G96Angle    Proper Dih.  Improper Dih.
    1.34368e+05    1.21051e+03    6.43942e+03    4.59287e+02    2.62218e+03
        LJ (SR)   Coulomb (SR)   Coul. recip.      Potential Pressure (bar)
    3.89561e+09   -1.42437e+05    2.29170e+05    3.89584e+09    8.68373e+06
   Constr. rmsd
    0.00000e+00


DD  step 0 load imb.: force 25.9%
           Step           Time
              1        1.00000

   Energies (kJ/mol)
           Bond          Angle       G96Angle    Proper Dih.  Improper Dih.
    1.34382e+05    1.21201e+03    6.44038e+03    4.59279e+02    2.62601e+03
        LJ (SR)   Coulomb (SR)   Coul. recip.      Potential Pressure (bar)
    3.80887e+09   -1.42437e+05    2.29169e+05    3.80910e+09    8.49162e+06
   Constr. rmsd
    0.00000e+00

           Step           Time
              2        2.00000

   Energies (kJ/mol)
           Bond          Angle       G96Angle    Proper Dih.  Improper Dih.
    1.34424e+05    1.21270e+03    6.44019e+03    4.59246e+02    2.62724e+03
        LJ (SR)   Coulomb (SR)   Coul. recip.      Potential Pressure (bar)
    3.70013e+09   -1.42437e+05    2.29169e+05    3.70037e+09    8.25067e+06
   Constr. rmsd
    0.00000e+00

           Step           Time
              3        3.00000

   Energies (kJ/mol)
           Bond          Angle       G96Angle    Proper Dih.  Improper Dih.
    1.34528e+05    1.21935e+03    6.45508e+03    4.59129e+02    2.63575e+03
        LJ (SR)   Coulomb (SR)   Coul. recip.      Potential Pressure (bar)
    3.37930e+09   -1.42438e+05    2.29169e+05    3.37953e+09    7.53935e+06
   Constr. rmsd
    0.00000e+00

           Step           Time
              4        4.00000

   Energies (kJ/mol)
           Bond          Angle       G96Angle    Proper Dih.  Improper Dih.
    1.34793e+05    1.24647e+03    6.52838e+03    4.58786e+02    2.66819e+03
        LJ (SR)   Coulomb (SR)   Coul. recip.      Potential Pressure (bar)
    2.25270e+09   -1.42442e+05    2.29159e+05    2.25294e+09    5.04095e+06
   Constr. rmsd
    0.00000e+00

           Step           Time
              5        5.00000

   Energies (kJ/mol)
           Bond          Angle       G96Angle    Proper Dih.  Improper Dih.
    1.35227e+05    1.30606e+03    6.73041e+03    4.58010e+02    2.72869e+03
        LJ (SR)   Coulomb (SR)   Coul. recip.      Potential Pressure (bar)
    8.82509e+08   -1.42458e+05    2.29132e+05    8.82742e+08    2.00017e+06
   Constr. rmsd
    0.00000e+00

           Step           Time
              6        6.00000

   Energies (kJ/mol)
           Bond          Angle       G96Angle    Proper Dih.  Improper Dih.
    1.35611e+05    1.36625e+03    6.94729e+03    4.57682e+02    2.78746e+03
        LJ (SR)   Coulomb (SR)   Coul. recip.      Potential Pressure (bar)
    5.46751e+08   -1.42476e+05    2.29104e+05    5.46984e+08    1.25399e+06
   Constr. rmsd
    0.00000e+00

           Step           Time
              7        7.00000

   Energies (kJ/mol)
           Bond          Angle       G96Angle    Proper Dih.  Improper Dih.
    1.36098e+05    1.45886e+03    7.27641e+03    4.56264e+02    2.87140e+03
        LJ (SR)   Coulomb (SR)   Coul. recip.      Potential Pressure (bar)
    3.58036e+08   -1.42503e+05    2.29065e+05    3.58271e+08    8.33922e+05
   Constr. rmsd
    0.00000e+00

           Step           Time
              8        8.00000

   Energies (kJ/mol)
           Bond          Angle       G96Angle    Proper Dih.  Improper Dih.
    1.36369e+05    1.51954e+03    7.48745e+03    4.52111e+02    2.92324e+03
        LJ (SR)   Coulomb (SR)   Coul. recip.      Potential Pressure (bar)
    2.99262e+08   -1.42519e+05    2.29041e+05    2.99497e+08    7.02836e+05
   Constr. rmsd
    0.00000e+00

           Step           Time
              9        9.00000

   Energies (kJ/mol)
           Bond          Angle       G96Angle    Proper Dih.  Improper Dih.
    1.36576e+05    1.57232e+03    7.66772e+03    4.54403e+02    2.96741e+03
        LJ (SR)   Coulomb (SR)   Coul. recip.      Potential Pressure (bar)
    2.60780e+08   -1.42534e+05    2.29020e+05    2.61015e+08    6.16934e+05
   Constr. rmsd
    0.00000e+00

           Step           Time
             10       10.00000

   Energies (kJ/mol)
           Bond          Angle       G96Angle    Proper Dih.  Improper Dih.
    1.37172e+05    1.78526e+03    8.35799e+03    4.51500e+02    3.17926e+03
        LJ (SR)   Coulomb (SR)   Coul. recip.      Potential Pressure (bar)
    1.81550e+08   -1.42585e+05    2.28941e+05    1.81788e+08    4.39540e+05
   Constr. rmsd
    0.00000e+00

           Step           Time
             11       11.00000

   Energies (kJ/mol)
           Bond          Angle       G96Angle    Proper Dih.  Improper Dih.
    1.37221e+05    1.82249e+03    8.47711e+03    4.50942e+02    3.20885e+03
        LJ (SR)   Coulomb (SR)   Coul. recip.      Potential Pressure (bar)
    1.70682e+08   -1.42595e+05    2.28924e+05    1.70919e+08    4.15140e+05
   Constr. rmsd
    0.00000e+00

           Step           Time
             12       12.00000

   Energies (kJ/mol)
           Bond          Angle       G96Angle    Proper Dih.  Improper Dih.
    1.37245e+05    1.84870e+03    8.55990e+03    4.50533e+02    3.22914e+03
        LJ (SR)   Coulomb (SR)   Coul. recip.      Potential Pressure (bar)
    1.63478e+08   -1.42602e+05    2.28912e+05    1.63716e+08    3.98961e+05
   Constr. rmsd
    0.00000e+00

           Step           Time
             13       13.00000

   Energies (kJ/mol)
           Bond          Angle       G96Angle    Proper Dih.  Improper Dih.
    1.37277e+05    1.91264e+03    8.75746e+03    4.49500e+02    3.27715e+03
        LJ (SR)   Coulomb (SR)   Coul. recip.      Potential Pressure (bar)
    1.49507e+08   -1.42619e+05    2.28883e+05    1.49745e+08    3.67510e+05
   Constr. rmsd
    0.00000e+00

           Step           Time
             14       14.00000

   Energies (kJ/mol)
           Bond          Angle       G96Angle    Proper Dih.  Improper Dih.
    1.37133e+05    2.19377e+03    9.54229e+03    4.44680e+02    3.47164e+03
        LJ (SR)   Coulomb (SR)   Coul. recip.      Potential Pressure (bar)
    1.12657e+08   -1.42683e+05    2.28764e+05    1.12896e+08    2.84110e+05
   Constr. rmsd
    0.00000e+00

           Step           Time
             15       15.00000

   Energies (kJ/mol)
           Bond          Angle       G96Angle    Proper Dih.  Improper Dih.
    1.37129e+05    2.19485e+03    9.54530e+03    4.44657e+02    3.47235e+03
        LJ (SR)   Coulomb (SR)   Coul. recip.      Potential Pressure (bar)
    1.09068e+08   -1.42683e+05    2.28763e+05    1.09307e+08    2.76150e+05
   Constr. rmsd
    0.00000e+00

           Step           Time
             16       16.00000

   Energies (kJ/mol)
           Bond          Angle       G96Angle    Proper Dih.  Improper Dih.
    1.37012e+05    2.22234e+03    9.62156e+03    4.44104e+02    3.49085e+03
        LJ (SR)   Coulomb (SR)   Coul. recip.      Potential Pressure (bar)
    1.05255e+08   -1.42691e+05    2.28748e+05    1.05494e+08    2.67501e+05
   Constr. rmsd
    0.00000e+00

           Step           Time
             17       17.00000

           Step           Time
             18       18.00000

   Energies (kJ/mol)
           Bond          Angle       G96Angle    Proper Dih.  Improper Dih.
    1.35041e+05    2.64999e+03    1.06518e+04    4.38244e+02    3.74625e+03
        LJ (SR)   Coulomb (SR)   Coul. recip.      Potential Pressure (bar)
    6.93873e+07   -1.42789e+05    2.28532e+05    6.96256e+07    1.85676e+05
   Constr. rmsd
    0.00000e+00

           Step           Time
             19       19.00000

   Energies (kJ/mol)
           Bond          Angle       G96Angle    Proper Dih.  Improper Dih.
    1.34813e+05    2.66130e+03    1.06893e+04    4.38106e+02    3.75233e+03
        LJ (SR)   Coulomb (SR)   Coul. recip.      Potential Pressure (bar)
    6.80805e+07   -1.42794e+05    2.28521e+05    6.83185e+07    1.82675e+05
   Constr. rmsd
    0.00000e+00

           Step           Time
             20       20.00000

   Energies (kJ/mol)
           Bond          Angle       G96Angle    Proper Dih.  Improper Dih.
    1.34374e+05    2.68195e+03    1.07592e+04    4.37878e+02    3.76322e+03
        LJ (SR)   Coulomb (SR)   Coul. recip.      Potential Pressure (bar)
    6.57323e+07   -1.42803e+05    2.28500e+05    6.59700e+07    1.77278e+05
   Constr. rmsd
    0.00000e+00

           Step           Time
             21       21.00000

   Energies (kJ/mol)
           Bond          Angle       G96Angle    Proper Dih.  Improper Dih.
    1.14431e+05    3.85801e+03    1.36547e+04    4.49198e+02    4.84949e+03
        LJ (SR)   Coulomb (SR)   Coul. recip.      Potential Pressure (bar)
    2.33882e+07   -1.43104e+05    2.27623e+05    2.36099e+07    7.83599e+04
   Constr. rmsd
    0.00000e+00

           Step           Time
             22       22.00000

   Energies (kJ/mol)
           Bond          Angle       G96Angle    Proper Dih.  Improper Dih.
    1.14352e+05    3.85347e+03    1.36562e+04    4.49221e+02    4.84729e+03
        LJ (SR)   Coulomb (SR)   Coul. recip.      Potential Pressure (bar)
    2.27330e+07   -1.43104e+05    2.27621e+05    2.29546e+07    7.69000e+04
   Constr. rmsd
    0.00000e+00

           Step           Time
             23       23.00000

           Step           Time
             24       24.00000

   Energies (kJ/mol)
           Bond          Angle       G96Angle    Proper Dih.  Improper Dih.
    1.13750e+05    3.81889e+03    1.36736e+04    4.49394e+02    4.82734e+03
        LJ (SR)   Coulomb (SR)   Coul. recip.      Potential Pressure (bar)
    2.21683e+07   -1.43107e+05    2.27611e+05    2.23893e+07    7.55986e+04
   Constr. rmsd
    0.00000e+00

           Step           Time
             25       25.00000

   Energies (kJ/mol)
           Bond          Angle       G96Angle    Proper Dih.  Improper Dih.
    1.11245e+05    3.68245e+03    1.37461e+04    4.50076e+02    4.74871e+03
        LJ (SR)   Coulomb (SR)   Coul. recip.      Potential Pressure (bar)
    2.08744e+07   -1.43117e+05    2.27566e+05    2.10928e+07    7.25571e+04
   Constr. rmsd
    0.00000e+00

           Step           Time
             26       26.00000

   Energies (kJ/mol)
           Bond          Angle       G96Angle    Proper Dih.  Improper Dih.
    1.10279e+05    3.63479e+03    1.37726e+04    4.50268e+02    4.72087e+03
        LJ (SR)   Coulomb (SR)   Coul. recip.      Potential Pressure (bar)
    2.04782e+07   -1.43121e+05    2.27550e+05    2.06955e+07    7.16209e+04
   Constr. rmsd
    0.00000e+00

           Step           Time
             27       27.00000

   Energies (kJ/mol)
           Bond          Angle       G96Angle    Proper Dih.  Improper Dih.
    1.07299e+05    3.49607e+03    1.38572e+04    4.50851e+02    4.64139e+03
        LJ (SR)   Coulomb (SR)   Coul. recip.      Potential Pressure (bar)
    1.94561e+07   -1.43133e+05    2.27499e+05    1.96703e+07    6.91850e+04
   Constr. rmsd
    0.00000e+00

           Step           Time
             28       28.00000

   Energies (kJ/mol)
           Bond          Angle       G96Angle    Proper Dih.  Improper Dih.
    1.03236e+05    3.32868e+03    1.39793e+04    4.51572e+02    4.55105e+03
        LJ (SR)   Coulomb (SR)   Coul. recip.      Potential Pressure (bar)
    1.82884e+07   -1.43150e+05    2.27431e+05    1.84983e+07    6.63815e+04
   Constr. rmsd
    0.00000e+00

           Step           Time
             29       29.00000

   Energies (kJ/mol)
           Bond          Angle       G96Angle    Proper Dih.  Improper Dih.
    1.00913e+05    3.24498e+03    1.40533e+04    4.51959e+02    4.50900e+03
        LJ (SR)   Coulomb (SR)   Coul. recip.      Potential Pressure (bar)
    1.76514e+07   -1.43159e+05    2.27392e+05    1.78588e+07    6.48525e+04
   Constr. rmsd
    0.00000e+00

           Step           Time
             30       30.00000

           Step           Time
             31       31.00000

           Step           Time
             32       32.00000

   Energies (kJ/mol)
           Bond          Angle       G96Angle    Proper Dih.  Improper Dih.
    5.60457e+04    2.54041e+03    1.58706e+04    4.61041e+02    4.47067e+03
        LJ (SR)   Coulomb (SR)   Coul. recip.      Potential Pressure (bar)
    8.86950e+06   -1.43362e+05    2.26431e+05    9.03196e+06    4.32607e+04
   Constr. rmsd
    0.00000e+00

           Step           Time
             33       33.00000

   Energies (kJ/mol)
           Bond          Angle       G96Angle    Proper Dih.  Improper Dih.
    5.53636e+04    2.52688e+03    1.58889e+04    4.61137e+02    4.45174e+03
        LJ (SR)   Coulomb (SR)   Coul. recip.      Potential Pressure (bar)
    8.66622e+06   -1.43368e+05    2.26401e+05    8.82795e+06    4.27633e+04
   Constr. rmsd
    0.00000e+00

           Step           Time
             34       34.00000

   Energies (kJ/mol)
           Bond          Angle       G96Angle    Proper Dih.  Improper Dih.
    5.37826e+04    2.50261e+03    1.59336e+04    4.61375e+02    4.43081e+03
        LJ (SR)   Coulomb (SR)   Coul. recip.      Potential Pressure (bar)
    8.27308e+06   -1.43381e+05    2.26329e+05    8.43314e+06    4.17873e+04
   Constr. rmsd
    0.00000e+00

           Step           Time
             35       35.00000

   Energies (kJ/mol)
           Bond          Angle       G96Angle    Proper Dih.  Improper Dih.
    5.21518e+04    2.48414e+03    1.59755e+04    4.61651e+02    4.42495e+03
        LJ (SR)   Coulomb (SR)   Coul. recip.      Potential Pressure (bar)
    7.90945e+06   -1.43395e+05    2.26252e+05    8.06781e+06    4.08767e+04
   Constr. rmsd
    0.00000e+00

           Step           Time
             36       36.00000

   Energies (kJ/mol)
           Bond          Angle       G96Angle    Proper Dih.  Improper Dih.
    5.10023e+04    2.47216e+03    1.60018e+04    4.61867e+02    4.42460e+03
        LJ (SR)   Coulomb (SR)   Coul. recip.      Potential Pressure (bar)
    7.71930e+06   -1.43405e+05    2.26195e+05    7.87646e+06    4.03827e+04
   Constr. rmsd
    0.00000e+00

           Step           Time
             37       37.00000

   Energies (kJ/mol)
           Bond          Angle       G96Angle    Proper Dih.  Improper Dih.
    5.07972e+04    2.47002e+03    1.60060e+04    4.61908e+02    4.42479e+03
        LJ (SR)   Coulomb (SR)   Coul. recip.      Potential Pressure (bar)
    7.61390e+06   -1.43406e+05    2.26185e+05    7.77084e+06    4.01353e+04
   Constr. rmsd
    0.00000e+00

           Step           Time
             38       38.00000

           Step           Time
             39       39.00000

   Energies (kJ/mol)
           Bond          Angle       G96Angle    Proper Dih.  Improper Dih.
    4.94698e+04    2.45659e+03    1.60336e+04    4.62177e+02    4.42683e+03
        LJ (SR)   Coulomb (SR)   Coul. recip.      Potential Pressure (bar)
    7.33232e+06   -1.43418e+05    2.26118e+05    7.48787e+06    3.94267e+04
   Constr. rmsd
    0.00000e+00

           Step           Time
             40       40.00000

   Energies (kJ/mol)
           Bond          Angle       G96Angle    Proper Dih.  Improper Dih.
    4.40837e+04    2.40810e+03    1.61470e+04    4.63343e+02    4.45514e+03
        LJ (SR)   Coulomb (SR)   Coul. recip.      Potential Pressure (bar)
    6.25218e+06   -1.43466e+05    2.25827e+05    6.40210e+06    3.66871e+04
   Constr. rmsd
    0.00000e+00

           Step           Time
             41       41.00000

   Energies (kJ/mol)
           Bond          Angle       G96Angle    Proper Dih.  Improper Dih.
    2.13843e+04    2.98636e+03    1.67654e+04    4.66000e+02    5.30174e+03
        LJ (SR)   Coulomb (SR)   Coul. recip.      Potential Pressure (bar)
    1.74482e+06   -1.43730e+05    2.23915e+05    1.87191e+06    2.49500e+04
   Constr. rmsd
    0.00000e+00

           Step           Time
             42       42.00000

   Energies (kJ/mol)
           Bond          Angle       G96Angle    Proper Dih.  Improper Dih.
    2.00741e+04    2.50089e+03    1.48367e+04    4.62074e+02    5.56466e+03
        LJ (SR)   Coulomb (SR)   Coul. recip.      Potential Pressure (bar)
    3.60225e+05   -1.43863e+05    2.22856e+05    4.82656e+05    2.12111e+04
   Constr. rmsd
    0.00000e+00

           Step           Time
             43       43.00000

           Step           Time
             44       44.00000

   Energies (kJ/mol)
           Bond          Angle       G96Angle    Proper Dih.  Improper Dih.
    1.99086e+04    2.50635e+03    1.47959e+04    4.61941e+02    5.45951e+03
        LJ (SR)   Coulomb (SR)   Coul. recip.      Potential Pressure (bar)
    2.93833e+05   -1.43864e+05    2.22850e+05    4.15951e+05    2.10604e+04
   Constr. rmsd
    0.00000e+00

           Step           Time
             45       45.00000

   Energies (kJ/mol)
           Bond          Angle       G96Angle    Proper Dih.  Improper Dih.
    1.91534e+04    2.39731e+03    1.47794e+04    4.61573e+02    5.39864e+03
        LJ (SR)   Coulomb (SR)   Coul. recip.      Potential Pressure (bar)
    2.22181e+05   -1.43870e+05    2.22795e+05    3.43297e+05    2.08718e+04
   Constr. rmsd
    0.00000e+00

           Step           Time
             46       46.00000

   Energies (kJ/mol)
           Bond          Angle       G96Angle    Proper Dih.  Improper Dih.
    1.36017e+04    2.01679e+03    1.46518e+04    4.52429e+02    5.69011e+03
        LJ (SR)   Coulomb (SR)   Coul. recip.      Potential Pressure (bar)
   -7.88202e+05   -1.43988e+05    2.21709e+05   -6.74067e+05    1.80988e+04
   Constr. rmsd
    0.00000e+00

           Step           Time
             47       47.00000

   Energies (kJ/mol)
           Bond          Angle       G96Angle    Proper Dih.  Improper Dih.
    1.24577e+04    1.85426e+03    1.44754e+04    4.52501e+02    5.42006e+03
        LJ (SR)   Coulomb (SR)   Coul. recip.      Potential Pressure (bar)
   -8.58937e+05   -1.44000e+05    2.21602e+05   -7.46675e+05    1.78900e+04
   Constr. rmsd
    0.00000e+00

           Step           Time
             48       48.00000

   Energies (kJ/mol)
           Bond          Angle       G96Angle    Proper Dih.  Improper Dih.
    1.23595e+04    1.84799e+03    1.44623e+04    4.52680e+02    5.40761e+03
        LJ (SR)   Coulomb (SR)   Coul. recip.      Potential Pressure (bar)
   -8.69307e+05   -1.44002e+05    2.21583e+05   -7.57196e+05    1.78605e+04
   Constr. rmsd
    0.00000e+00

           Step           Time
             49       49.00000

           Step           Time
             50       50.00000

   Energies (kJ/mol)
           Bond          Angle       G96Angle    Proper Dih.  Improper Dih.
    1.23150e+04    1.84522e+03    1.44541e+04    4.52753e+02    5.40141e+03
        LJ (SR)   Coulomb (SR)   Coul. recip.      Potential Pressure (bar)
   -9.26019e+05   -1.44003e+05    2.21575e+05   -8.13978e+05    1.77306e+04
   Constr. rmsd
    0.00000e+00

           Step           Time
             51       51.00000

   Energies (kJ/mol)
           Bond          Angle       G96Angle    Proper Dih.  Improper Dih.
    1.15501e+04    1.84185e+03    1.42647e+04    4.53730e+02    5.29877e+03
        LJ (SR)   Coulomb (SR)   Coul. recip.      Potential Pressure (bar)
   -1.04174e+06   -1.44018e+05    2.21410e+05   -9.30942e+05    1.74068e+04
   Constr. rmsd
    0.00000e+00

           Step           Time
             52       52.00000

   Energies (kJ/mol)
           Bond          Angle       G96Angle    Proper Dih.  Improper Dih.
    1.14340e+04    1.83961e+03    1.42373e+04    4.53660e+02    5.28007e+03
        LJ (SR)   Coulomb (SR)   Coul. recip.      Potential Pressure (bar)
   -1.08242e+06   -1.44021e+05    2.21389e+05   -9.71811e+05    1.73050e+04
   Constr. rmsd
    0.00000e+00

           Step           Time
             53       53.00000

   Energies (kJ/mol)
           Bond          Angle       G96Angle    Proper Dih.  Improper Dih.
    1.03870e+04    1.86361e+03    1.39851e+04    4.52656e+02    5.07510e+03
        LJ (SR)   Coulomb (SR)   Coul. recip.      Potential Pressure (bar)
   -1.32938e+06   -1.44051e+05    2.21107e+05   -1.22056e+06    1.66220e+04
   Constr. rmsd
    0.00000e+00

           Step           Time
             54       54.00000

           Step           Time
             55       55.00000

   Energies (kJ/mol)
           Bond          Angle       G96Angle    Proper Dih.  Improper Dih.
    1.00254e+04    1.79421e+03    1.39477e+04    4.51965e+02    5.01540e+03
        LJ (SR)   Coulomb (SR)   Coul. recip.      Potential Pressure (bar)
   -1.41412e+06   -1.44063e+05    2.20991e+05   -1.30596e+06    1.63860e+04
   Constr. rmsd
    0.00000e+00

           Step           Time
             56       56.00000

   Energies (kJ/mol)
           Bond          Angle       G96Angle    Proper Dih.  Improper Dih.
    9.78560e+03    1.76392e+03    1.38403e+04    4.51415e+02    4.96723e+03
        LJ (SR)   Coulomb (SR)   Coul. recip.      Potential Pressure (bar)
   -1.46996e+06   -1.44072e+05    2.20894e+05   -1.36233e+06    1.62217e+04
   Constr. rmsd
    0.00000e+00

           Step           Time
             57       57.00000

   Energies (kJ/mol)
           Bond          Angle       G96Angle    Proper Dih.  Improper Dih.
    9.73858e+03    1.75774e+03    1.38215e+04    4.51297e+02    4.95798e+03
        LJ (SR)   Coulomb (SR)   Coul. recip.      Potential Pressure (bar)
   -1.50722e+06   -1.44074e+05    2.20874e+05   -1.39969e+06    1.61306e+04
   Constr. rmsd
    0.00000e+00

           Step           Time
             58       58.00000

           Step           Time
             59       59.00000

   Energies (kJ/mol)
           Bond          Angle       G96Angle    Proper Dih.  Improper Dih.
    8.24746e+03    1.54932e+03    1.32202e+04    4.47033e+02    4.78075e+03
        LJ (SR)   Coulomb (SR)   Coul. recip.      Potential Pressure (bar)
   -1.95859e+06   -1.44134e+05    2.20216e+05   -1.85426e+06    1.48675e+04
   Constr. rmsd
    0.00000e+00

           Step           Time
             60       60.00000

   Energies (kJ/mol)
           Bond          Angle       G96Angle    Proper Dih.  Improper Dih.
    8.10707e+03    1.54976e+03    1.31618e+04    4.47319e+02    4.69975e+03
        LJ (SR)   Coulomb (SR)   Coul. recip.      Potential Pressure (bar)
   -2.00797e+06   -1.44140e+05    2.20149e+05   -1.90399e+06    1.47320e+04
   Constr. rmsd
    0.00000e+00

           Step           Time
             61       61.00000

   Energies (kJ/mol)
           Bond          Angle       G96Angle    Proper Dih.  Improper Dih.
    5.55219e+03    1.96840e+03    1.18857e+04    4.39348e+02    4.88090e+03
        LJ (SR)   Coulomb (SR)   Coul. recip.      Potential Pressure (bar)
   -2.95721e+06   -1.44274e+05    2.18471e+05   -2.85829e+06    1.20322e+04
   Constr. rmsd
    0.00000e+00

           Step           Time
             62       62.00000

   Energies (kJ/mol)
           Bond          Angle       G96Angle    Proper Dih.  Improper Dih.
    5.48741e+03    1.93654e+03    1.18492e+04    4.39663e+02    4.78429e+03
        LJ (SR)   Coulomb (SR)   Coul. recip.      Potential Pressure (bar)
   -2.99156e+06   -1.44277e+05    2.18432e+05   -2.89290e+06    1.19420e+04
   Constr. rmsd
    0.00000e+00

           Step           Time
             63       63.00000

   Energies (kJ/mol)
           Bond          Angle       G96Angle    Proper Dih.  Improper Dih.
    4.84635e+03    1.27217e+03    1.12735e+04    4.36700e+02    4.35038e+03
        LJ (SR)   Coulomb (SR)   Coul. recip.      Potential Pressure (bar)
   -3.31336e+06   -1.44330e+05    2.17738e+05   -3.21777e+06    1.09933e+04
   Constr. rmsd
    0.00000e+00

           Step           Time
             64       64.00000

           Step           Time
             65       65.00000

   Energies (kJ/mol)
           Bond          Angle       G96Angle    Proper Dih.  Improper Dih.
    4.82155e+03    1.26371e+03    1.12668e+04    4.36534e+02    4.34307e+03
        LJ (SR)   Coulomb (SR)   Coul. recip.      Potential Pressure (bar)
   -3.35001e+06   -1.44331e+05    2.17729e+05   -3.25448e+06    1.09079e+04
   Constr. rmsd
    0.00000e+00

           Step           Time
             66       66.00000

   Energies (kJ/mol)
           Bond          Angle       G96Angle    Proper Dih.  Improper Dih.
    4.56500e+03    1.20088e+03    1.11850e+04    4.34571e+02    4.31901e+03
        LJ (SR)   Coulomb (SR)   Coul. recip.      Potential Pressure (bar)
   -3.36568e+06   -1.44339e+05    2.17614e+05   -3.27071e+06    1.08339e+04
   Constr. rmsd
    0.00000e+00

           Step           Time
             67       67.00000

           Step           Time
             68       68.00000

   Energies (kJ/mol)
           Bond          Angle       G96Angle    Proper Dih.  Improper Dih.
    4.56229e+03    1.19702e+03    1.11827e+04    4.34550e+02    4.31152e+03
        LJ (SR)   Coulomb (SR)   Coul. recip.      Potential Pressure (bar)
   -3.40818e+06   -1.44339e+05    2.17612e+05   -3.31321e+06    1.07380e+04
   Constr. rmsd
    0.00000e+00

           Step           Time
             69       69.00000

   Energies (kJ/mol)
           Bond          Angle       G96Angle    Proper Dih.  Improper Dih.
    4.51604e+03    1.20328e+03    1.11453e+04    4.34234e+02    4.28211e+03
        LJ (SR)   Coulomb (SR)   Coul. recip.      Potential Pressure (bar)
   -3.42927e+06   -1.44343e+05    2.17566e+05   -3.33447e+06    1.06757e+04
   Constr. rmsd
    0.00000e+00

           Step           Time
             70       70.00000

   Energies (kJ/mol)
           Bond          Angle       G96Angle    Proper Dih.  Improper Dih.
    4.46557e+03    1.17634e+03    1.11209e+04    4.34157e+02    4.26868e+03
        LJ (SR)   Coulomb (SR)   Coul. recip.      Potential Pressure (bar)
   -3.44970e+06   -1.44345e+05    2.17537e+05   -3.35504e+06    1.06202e+04
   Constr. rmsd
    0.00000e+00

           Step           Time
             71       71.00000

   Energies (kJ/mol)
           Bond          Angle       G96Angle    Proper Dih.  Improper Dih.
    4.25377e+03    1.25425e+03    1.09549e+04    4.33117e+02    4.24638e+03
        LJ (SR)   Coulomb (SR)   Coul. recip.      Potential Pressure (bar)
   -3.54540e+06   -1.44359e+05    2.17329e+05   -3.45129e+06    1.03390e+04
   Constr. rmsd
    0.00000e+00

           Step           Time
             72       72.00000

           Step           Time
             73       73.00000

   Energies (kJ/mol)
           Bond          Angle       G96Angle    Proper Dih.  Improper Dih.
    4.17421e+03    1.13243e+03    1.09097e+04    4.33278e+02    4.19708e+03
        LJ (SR)   Coulomb (SR)   Coul. recip.      Potential Pressure (bar)
   -3.57452e+06   -1.44363e+05    2.17273e+05   -3.48077e+06    1.02560e+04
   Constr. rmsd
    0.00000e+00

           Step           Time
             74       74.00000

   Energies (kJ/mol)
           Bond          Angle       G96Angle    Proper Dih.  Improper Dih.
    4.15479e+03    1.11790e+03    1.09047e+04    4.32689e+02    4.18012e+03
        LJ (SR)   Coulomb (SR)   Coul. recip.      Potential Pressure (bar)
   -3.60262e+06   -1.44363e+05    2.17362e+05   -3.50884e+06    1.01761e+04
   Constr. rmsd
    0.00000e+00

           Step           Time
             75       75.00000

   Energies (kJ/mol)
           Bond          Angle       G96Angle    Proper Dih.  Improper Dih.
    3.97647e+03    1.08365e+03    1.02864e+04    4.32364e+02    4.08160e+03
        LJ (SR)   Coulomb (SR)   Coul. recip.      Potential Pressure (bar)
   -3.93620e+06   -1.44418e+05    2.16515e+05   -3.84424e+06    9.19951e+03
   Constr. rmsd
    0.00000e+00

           Step           Time
             76       76.00000

   Energies (kJ/mol)
           Bond          Angle       G96Angle    Proper Dih.  Improper Dih.
    4.59899e+03    1.48421e+03    9.88229e+03    4.28697e+02    3.98823e+03
        LJ (SR)   Coulomb (SR)   Coul. recip.      Potential Pressure (bar)
   -4.12137e+06   -1.44447e+05    2.16037e+05   -4.02940e+06    8.65142e+03
   Constr. rmsd
    0.00000e+00

           Step           Time
             77       77.00000

   Energies (kJ/mol)
           Bond          Angle       G96Angle    Proper Dih.  Improper Dih.
    5.87227e+03    2.56682e+03    9.72765e+03    4.31157e+02    4.52029e+03
        LJ (SR)   Coulomb (SR)   Coul. recip.      Potential Pressure (bar)
   -4.20576e+06   -1.44457e+05    2.15843e+05   -4.11126e+06    8.40071e+03
   Constr. rmsd
    0.00000e+00

           Step           Time
             78       78.00000

           Step           Time
             79       79.00000

   Energies (kJ/mol)
           Bond          Angle       G96Angle    Proper Dih.  Improper Dih.
    4.76300e+03    2.33516e+03    9.77774e+03    4.32612e+02    4.30074e+03
        LJ (SR)   Coulomb (SR)   Coul. recip.      Potential Pressure (bar)
   -4.24008e+06   -1.44470e+05    2.15556e+05   -4.14739e+06    8.29759e+03
   Constr. rmsd
    0.00000e+00

           Step           Time
             80       80.00000

   Energies (kJ/mol)
           Bond          Angle       G96Angle    Proper Dih.  Improper Dih.
    4.15056e+03    2.25339e+03    9.69750e+03    4.32035e+02    4.19710e+03
        LJ (SR)   Coulomb (SR)   Coul. recip.      Potential Pressure (bar)
   -4.25947e+06   -1.44468e+05    2.15642e+05   -4.16756e+06    8.24125e+03
   Constr. rmsd
    0.00000e+00

           Step           Time
             81       81.00000

           Step           Time
             82       82.00000

   Energies (kJ/mol)
           Bond          Angle       G96Angle    Proper Dih.  Improper Dih.
    3.84358e+03    2.16019e+03    9.64280e+03    4.32460e+02    4.10795e+03
        LJ (SR)   Coulomb (SR)   Coul. recip.      Potential Pressure (bar)
   -4.28153e+06   -1.44471e+05    2.15580e+05   -4.19024e+06    8.17675e+03
   Constr. rmsd
    0.00000e+00

           Step           Time
             83       83.00000

   Energies (kJ/mol)
           Bond          Angle       G96Angle    Proper Dih.  Improper Dih.
    3.29048e+03    1.94063e+03    9.47812e+03    4.31759e+02    3.95664e+03
        LJ (SR)   Coulomb (SR)   Coul. recip.      Potential Pressure (bar)
   -4.34447e+06   -1.44482e+05    2.15394e+05   -4.25446e+06    7.98977e+03
   Constr. rmsd
    0.00000e+00

           Step           Time
             84       84.00000

   Energies (kJ/mol)
           Bond          Angle       G96Angle    Proper Dih.  Improper Dih.
    2.64982e+03    1.48197e+03    8.91602e+03    4.32840e+02    3.66670e+03
        LJ (SR)   Coulomb (SR)   Coul. recip.      Potential Pressure (bar)
   -4.59213e+06   -1.44522e+05    2.14658e+05   -4.50485e+06    7.24695e+03
   Constr. rmsd
    0.00000e+00

           Step           Time
             85       85.00000

   Energies (kJ/mol)
           Bond          Angle       G96Angle    Proper Dih.  Improper Dih.
    3.52320e+03    1.53149e+03    8.70622e+03    4.34626e+02    3.69370e+03
        LJ (SR)   Coulomb (SR)   Coul. recip.      Potential Pressure (bar)
   -4.65628e+06   -1.44535e+05    2.14439e+05   -4.56848e+06    7.04169e+03
   Constr. rmsd
    0.00000e+00

           Step           Time
             86       86.00000

   Energies (kJ/mol)
           Bond          Angle       G96Angle    Proper Dih.  Improper Dih.
    3.05553e+03    1.51288e+03    8.72577e+03    4.31462e+02    3.71651e+03
        LJ (SR)   Coulomb (SR)   Coul. recip.      Potential Pressure (bar)
   -4.67418e+06   -1.44535e+05    2.14429e+05   -4.58684e+06    6.99827e+03
   Constr. rmsd
    0.00000e+00

           Step           Time
             87       87.00000

   Energies (kJ/mol)
           Bond          Angle       G96Angle    Proper Dih.  Improper Dih.
    3.14381e+03    1.57713e+03    8.52534e+03    4.33630e+02    3.49485e+03
        LJ (SR)   Coulomb (SR)   Coul. recip.      Potential Pressure (bar)
   -4.78409e+06   -1.44555e+05    2.14067e+05   -4.69740e+06    6.66590e+03
   Constr. rmsd
    0.00000e+00

           Step           Time
             88       88.00000

   Energies (kJ/mol)
           Bond          Angle       G96Angle    Proper Dih.  Improper Dih.
    1.64894e+04    1.16279e+03    7.90517e+03    4.36861e+02    3.34923e+03
        LJ (SR)   Coulomb (SR)   Coul. recip.      Potential Pressure (bar)
   -5.02053e+06   -1.44590e+05    2.13154e+05   -4.92262e+06    5.86899e+03
   Constr. rmsd
    0.00000e+00

           Step           Time
             89       89.00000

           Step           Time
             90       90.00000

   Energies (kJ/mol)
           Bond          Angle       G96Angle    Proper Dih.  Improper Dih.
    1.59096e+04    1.16087e+03    7.89849e+03    4.36297e+02    3.33883e+03
        LJ (SR)   Coulomb (SR)   Coul. recip.      Potential Pressure (bar)
   -5.08906e+06   -1.44590e+05    2.13149e+05   -4.99176e+06    5.71612e+03
   Constr. rmsd
    0.00000e+00

           Step           Time
             91       91.00000

   Energies (kJ/mol)
           Bond          Angle       G96Angle    Proper Dih.  Improper Dih.
    9.07246e+03    1.13996e+03    7.83105e+03    4.32121e+02    3.26629e+03
        LJ (SR)   Coulomb (SR)   Coul. recip.      Potential Pressure (bar)
   -5.08762e+06   -1.44596e+05    2.13086e+05   -4.99739e+06    5.71612e+03
   Constr. rmsd
    0.00000e+00

           Step           Time
             92       92.00000

   Energies (kJ/mol)
           Bond          Angle       G96Angle    Proper Dih.  Improper Dih.
    8.12880e+03    1.13681e+03    7.80725e+03    4.31969e+02    3.26313e+03
        LJ (SR)   Coulomb (SR)   Coul. recip.      Potential Pressure (bar)
   -5.09452e+06   -1.44597e+05    2.13077e+05   -5.00527e+06    5.69835e+03
   Constr. rmsd
    0.00000e+00

           Step           Time
             93       93.00000

           Step           Time
             94       94.00000

   Energies (kJ/mol)
           Bond          Angle       G96Angle    Proper Dih.  Improper Dih.
    7.64920e+03    1.13516e+03    7.79920e+03    4.31890e+02    3.26161e+03
        LJ (SR)   Coulomb (SR)   Coul. recip.      Potential Pressure (bar)
   -5.11197e+06   -1.44597e+05    2.13072e+05   -5.02322e+06    5.65823e+03
   Constr. rmsd
    0.00000e+00

           Step           Time
             95       95.00000

   Energies (kJ/mol)
           Bond          Angle       G96Angle    Proper Dih.  Improper Dih.
    2.86271e+03    1.10235e+03    7.59839e+03    4.31093e+02    3.23632e+03
        LJ (SR)   Coulomb (SR)   Coul. recip.      Potential Pressure (bar)
   -5.15760e+06   -1.44605e+05    2.12922e+05   -5.07405e+06    5.52080e+03
   Constr. rmsd
    0.00000e+00

           Step           Time
             96       96.00000

   Energies (kJ/mol)
           Bond          Angle       G96Angle    Proper Dih.  Improper Dih.
    2.04710e+03    1.07111e+03    7.45774e+03    4.30896e+02    3.20327e+03
        LJ (SR)   Coulomb (SR)   Coul. recip.      Potential Pressure (bar)
   -5.20223e+06   -1.44613e+05    2.12766e+05   -5.11987e+06    5.38279e+03
   Constr. rmsd
    0.00000e+00

           Step           Time
             97       97.00000

           Step           Time
             98       98.00000

   Energies (kJ/mol)
           Bond          Angle       G96Angle    Proper Dih.  Improper Dih.
    1.84545e+03    1.05719e+03    7.36063e+03    4.30997e+02    3.17706e+03
        LJ (SR)   Coulomb (SR)   Coul. recip.      Potential Pressure (bar)
   -5.23579e+06   -1.44619e+05    2.12643e+05   -5.15390e+06    5.27893e+03
   Constr. rmsd
    0.00000e+00

           Step           Time
             99       99.00000

   Energies (kJ/mol)
           Bond          Angle       G96Angle    Proper Dih.  Improper Dih.
    1.72154e+03    1.04574e+03    7.23931e+03    4.30826e+02    3.13910e+03
        LJ (SR)   Coulomb (SR)   Coul. recip.      Potential Pressure (bar)
   -5.27855e+06   -1.44626e+05    2.12483e+05   -5.19711e+06    5.14643e+03
   Constr. rmsd
    0.00000e+00

           Step           Time
            100      100.00000

   Energies (kJ/mol)
           Bond          Angle       G96Angle    Proper Dih.  Improper Dih.
    1.41053e+03    1.03342e+03    6.74273e+03    4.30828e+02    2.99919e+03
        LJ (SR)   Coulomb (SR)   Coul. recip.      Potential Pressure (bar)
   -5.44847e+06   -1.44655e+05    2.11763e+05   -5.36875e+06    4.60662e+03
   Constr. rmsd
    0.00000e+00

           Step           Time
            101      101.00000

           Step           Time
            102      102.00000

   Energies (kJ/mol)
           Bond          Angle       G96Angle    Proper Dih.  Improper Dih.
    1.40664e+03    1.03297e+03    6.73894e+03    4.30666e+02    2.99842e+03
        LJ (SR)   Coulomb (SR)   Coul. recip.      Potential Pressure (bar)
   -5.45902e+06   -1.44655e+05    2.11757e+05   -5.37931e+06    4.58163e+03
   Constr. rmsd
    0.00000e+00

           Step           Time
            103      103.00000

   Energies (kJ/mol)
           Bond          Angle       G96Angle    Proper Dih.  Improper Dih.
    1.36368e+03    1.02681e+03    6.66683e+03    4.28029e+02    2.98545e+03
        LJ (SR)   Coulomb (SR)   Coul. recip.      Potential Pressure (bar)
   -5.48483e+06   -1.44658e+05    2.11655e+05   -5.40537e+06    4.50062e+03
   Constr. rmsd
    0.00000e+00

           Step           Time
            104      104.00000

   Energies (kJ/mol)
           Bond          Angle       G96Angle    Proper Dih.  Improper Dih.
    1.29678e+03    1.01600e+03    6.48189e+03    4.30789e+02    2.93081e+03
        LJ (SR)   Coulomb (SR)   Coul. recip.      Potential Pressure (bar)
   -5.56070e+06   -1.44669e+05    2.11333e+05   -5.48188e+06    4.26056e+03
   Constr. rmsd
    0.00000e+00

           Step           Time
            105      105.00000

   Energies (kJ/mol)
           Bond          Angle       G96Angle    Proper Dih.  Improper Dih.
    1.25506e+03    1.01159e+03    6.32375e+03    4.26635e+02    2.91674e+03
        LJ (SR)   Coulomb (SR)   Coul. recip.      Potential Pressure (bar)
   -5.60180e+06   -1.44677e+05    2.11093e+05   -5.52345e+06    4.11856e+03
   Constr. rmsd
    0.00000e+00

           Step           Time
            106      106.00000

           Step           Time
            107      107.00000

   Energies (kJ/mol)
           Bond          Angle       G96Angle    Proper Dih.  Improper Dih.
    1.24974e+03    1.01089e+03    6.31945e+03    4.26542e+02    2.91465e+03
        LJ (SR)   Coulomb (SR)   Coul. recip.      Potential Pressure (bar)
   -5.61661e+06   -1.44677e+05    2.11084e+05   -5.53828e+06    4.08298e+03
   Constr. rmsd
    0.00000e+00

           Step           Time
            108      108.00000

   Energies (kJ/mol)
           Bond          Angle       G96Angle    Proper Dih.  Improper Dih.
    1.21973e+03    1.00657e+03    6.28361e+03    4.26203e+02    2.89935e+03
        LJ (SR)   Coulomb (SR)   Coul. recip.      Potential Pressure (bar)
   -5.63369e+06   -1.44679e+05    2.11011e+05   -5.55552e+06    4.02901e+03
   Constr. rmsd
    0.00000e+00

           Step           Time
            109      109.00000

   Energies (kJ/mol)
           Bond          Angle       G96Angle    Proper Dih.  Improper Dih.
    1.20446e+03    1.00473e+03    6.24725e+03    4.26244e+02    2.89004e+03
        LJ (SR)   Coulomb (SR)   Coul. recip.      Potential Pressure (bar)
   -5.64969e+06   -1.44682e+05    2.10941e+05   -5.57166e+06    3.97854e+03
   Constr. rmsd
    0.00000e+00

           Step           Time
            110      110.00000

   Energies (kJ/mol)
           Bond          Angle       G96Angle    Proper Dih.  Improper Dih.
    1.17320e+03    1.00083e+03    6.16612e+03    4.26338e+02    2.87167e+03
        LJ (SR)   Coulomb (SR)   Coul. recip.      Potential Pressure (bar)
   -5.68380e+06   -1.44686e+05    2.10786e+05   -5.60606e+06    3.87018e+03
   Constr. rmsd
    0.00000e+00

           Step           Time
            111      111.00000

   Energies (kJ/mol)
           Bond          Angle       G96Angle    Proper Dih.  Improper Dih.
    1.12794e+03    9.94565e+02    6.03251e+03    4.25081e+02    2.84585e+03
        LJ (SR)   Coulomb (SR)   Coul. recip.      Potential Pressure (bar)
   -5.70293e+06   -1.44694e+05    2.10531e+05   -5.62567e+06    3.77591e+03
   Constr. rmsd
    0.00000e+00

           Step           Time
            112      112.00000

           Step           Time
            113      113.00000

   Energies (kJ/mol)
           Bond          Angle       G96Angle    Proper Dih.  Improper Dih.
    1.12770e+03    9.94525e+02    6.03172e+03    4.25078e+02    2.84568e+03
        LJ (SR)   Coulomb (SR)   Coul. recip.      Potential Pressure (bar)
   -5.71953e+06   -1.44694e+05    2.10530e+05   -5.64227e+06    3.73869e+03
   Constr. rmsd
    0.00000e+00

           Step           Time
            114      114.00000

   Energies (kJ/mol)
           Bond          Angle       G96Angle    Proper Dih.  Improper Dih.
    1.12703e+03    9.94412e+02    6.02961e+03    4.25072e+02    2.84523e+03
        LJ (SR)   Coulomb (SR)   Coul. recip.      Potential Pressure (bar)
   -5.73605e+06   -1.44694e+05    2.10526e+05   -5.65880e+06    3.70075e+03
   Constr. rmsd
    0.00000e+00

           Step           Time
            115      115.00000

           Step           Time
            116      116.00000

   Energies (kJ/mol)
           Bond          Angle       G96Angle    Proper Dih.  Improper Dih.
    1.12469e+03    9.94002e+02    6.02218e+03    4.25049e+02    2.84366e+03
        LJ (SR)   Coulomb (SR)   Coul. recip.      Potential Pressure (bar)
   -5.74156e+06   -1.44694e+05    2.10511e+05   -5.66434e+06    3.68547e+03
   Constr. rmsd
    0.00000e+00

           Step           Time
            117      117.00000

   Energies (kJ/mol)
           Bond          Angle       G96Angle    Proper Dih.  Improper Dih.
    1.10544e+03    9.90732e+02    5.96026e+03    4.24826e+02    2.83075e+03
        LJ (SR)   Coulomb (SR)   Coul. recip.      Potential Pressure (bar)
   -5.76706e+06   -1.44698e+05    2.10389e+05   -5.69006e+06    3.60409e+03
   Constr. rmsd
    0.00000e+00

           Step           Time
            118      118.00000

   Energies (kJ/mol)
           Bond          Angle       G96Angle    Proper Dih.  Improper Dih.
    1.07172e+03    9.84657e+02    5.84573e+03    4.23486e+02    2.80845e+03
        LJ (SR)   Coulomb (SR)   Coul. recip.      Potential Pressure (bar)
   -5.81317e+06   -1.44704e+05    2.10161e+05   -5.73658e+06    3.45638e+03
   Constr. rmsd
    0.00000e+00

           Step           Time
            119      119.00000

   Energies (kJ/mol)
           Bond          Angle       G96Angle    Proper Dih.  Improper Dih.
    1.03900e+03    9.77265e+02    5.72001e+03    4.22864e+02    2.78156e+03
        LJ (SR)   Coulomb (SR)   Coul. recip.      Potential Pressure (bar)
   -5.85633e+06   -1.44711e+05    2.09904e+05   -5.78020e+06    3.31060e+03
   Constr. rmsd
    0.00000e+00

           Step           Time
            120      120.00000

   Energies (kJ/mol)
           Bond          Angle       G96Angle    Proper Dih.  Improper Dih.
    1.03745e+03    9.76831e+02    5.71396e+03    4.22642e+02    2.78046e+03
        LJ (SR)   Coulomb (SR)   Coul. recip.      Potential Pressure (bar)
   -5.86577e+06   -1.44711e+05    2.09890e+05   -5.78966e+06    3.28695e+03
   Constr. rmsd
    0.00000e+00

           Step           Time
            121      121.00000

   Energies (kJ/mol)
           Bond          Angle       G96Angle    Proper Dih.  Improper Dih.
    1.01069e+03    9.69398e+02    5.60736e+03    4.19786e+02    2.76223e+03
        LJ (SR)   Coulomb (SR)   Coul. recip.      Potential Pressure (bar)
   -5.90718e+06   -1.44716e+05    2.09670e+05   -5.83146e+06    3.15334e+03
   Constr. rmsd
    0.00000e+00

           Step           Time
            122      122.00000

   Energies (kJ/mol)
           Bond          Angle       G96Angle    Proper Dih.  Improper Dih.
    9.70942e+02    9.52840e+02    5.35317e+03    4.18309e+02    2.70485e+03
        LJ (SR)   Coulomb (SR)   Coul. recip.      Potential Pressure (bar)
   -5.98948e+06   -1.44730e+05    2.09099e+05   -5.91471e+06    2.86818e+03
   Constr. rmsd
    0.00000e+00

           Step           Time
            123      123.00000

           Step           Time
            124      124.00000

   Energies (kJ/mol)
           Bond          Angle       G96Angle    Proper Dih.  Improper Dih.
    9.68989e+02    9.52550e+02    5.35161e+03    4.18329e+02    2.70439e+03
        LJ (SR)   Coulomb (SR)   Coul. recip.      Potential Pressure (bar)
   -6.00434e+06   -1.44730e+05    2.09095e+05   -5.92958e+06    2.83406e+03
   Constr. rmsd
    0.00000e+00

           Step           Time
            125      125.00000

   Energies (kJ/mol)
           Bond          Angle       G96Angle    Proper Dih.  Improper Dih.
    9.58698e+02    9.50746e+02    5.34114e+03    4.18426e+02    2.70144e+03
        LJ (SR)   Coulomb (SR)   Coul. recip.      Potential Pressure (bar)
   -6.01216e+06   -1.44730e+05    2.09069e+05   -5.93745e+06    2.81202e+03
   Constr. rmsd
    0.00000e+00

           Step           Time
            126      126.00000

           Step           Time
            127      127.00000

   Energies (kJ/mol)
           Bond          Angle       G96Angle    Proper Dih.  Improper Dih.
    9.47804e+02    9.47305e+02    5.31654e+03    4.18110e+02    2.69541e+03
        LJ (SR)   Coulomb (SR)   Coul. recip.      Potential Pressure (bar)
   -6.02224e+06   -1.44731e+05    2.09013e+05   -5.94764e+06    2.77950e+03
   Constr. rmsd
    0.00000e+00

           Step           Time
            128      128.00000

   Energies (kJ/mol)
           Bond          Angle       G96Angle    Proper Dih.  Improper Dih.
    9.27958e+02    9.37362e+02    5.23278e+03    4.14686e+02    2.67827e+03
        LJ (SR)   Coulomb (SR)   Coul. recip.      Potential Pressure (bar)
   -6.05319e+06   -1.44735e+05    2.08821e+05   -5.97891e+06    2.67790e+03
   Constr. rmsd
    0.00000e+00

           Step           Time
            129      129.00000

   Energies (kJ/mol)
           Bond          Angle       G96Angle    Proper Dih.  Improper Dih.
    9.20159e+02    9.32066e+02    5.18855e+03    4.13615e+02    2.66887e+03
        LJ (SR)   Coulomb (SR)   Coul. recip.      Potential Pressure (bar)
   -6.07067e+06   -1.44737e+05    2.08716e+05   -5.99657e+06    2.62159e+03
   Constr. rmsd
    0.00000e+00

           Step           Time
            130      130.00000

   Energies (kJ/mol)
           Bond          Angle       G96Angle    Proper Dih.  Improper Dih.
    8.42348e+02    8.86109e+02    4.82267e+03    4.05741e+02    2.65056e+03
        LJ (SR)   Coulomb (SR)   Coul. recip.      Potential Pressure (bar)
   -6.19830e+06   -1.44755e+05    2.07721e+05   -6.12573e+06    2.18647e+03
   Constr. rmsd
    0.00000e+00

           Step           Time
            131      131.00000

   Energies (kJ/mol)
           Bond          Angle       G96Angle    Proper Dih.  Improper Dih.
    8.42643e+02    8.84703e+02    4.81814e+03    4.09003e+02    2.60611e+03
        LJ (SR)   Coulomb (SR)   Coul. recip.      Potential Pressure (bar)
   -6.21196e+06   -1.44756e+05    2.07714e+05   -6.13944e+06    2.15368e+03
   Constr. rmsd
    0.00000e+00

           Step           Time
            132      132.00000

           Step           Time
            133      133.00000

   Energies (kJ/mol)
           Bond          Angle       G96Angle    Proper Dih.  Improper Dih.
    8.38650e+02    8.83723e+02    4.79298e+03    4.06685e+02    2.58846e+03
        LJ (SR)   Coulomb (SR)   Coul. recip.      Potential Pressure (bar)
   -6.22113e+06   -1.44756e+05    2.07672e+05   -6.14871e+06    2.12548e+03
   Constr. rmsd
    0.00000e+00

           Step           Time
            134      134.00000

   Energies (kJ/mol)
           Bond          Angle       G96Angle    Proper Dih.  Improper Dih.
    8.30630e+02    8.78422e+02    4.75546e+03    4.07821e+02    2.57390e+03
        LJ (SR)   Coulomb (SR)   Coul. recip.      Potential Pressure (bar)
   -6.22978e+06   -1.44758e+05    2.07560e+05   -6.15753e+06    2.08942e+03
   Constr. rmsd
    0.00000e+00

           Step           Time
            135      135.00000

           Step           Time
            136      136.00000

   Energies (kJ/mol)
           Bond          Angle       G96Angle    Proper Dih.  Improper Dih.
    8.30157e+02    8.78169e+02    4.75410e+03    4.07778e+02    2.57340e+03
        LJ (SR)   Coulomb (SR)   Coul. recip.      Potential Pressure (bar)
   -6.23774e+06   -1.44758e+05    2.07556e+05   -6.16549e+06    2.07076e+03
   Constr. rmsd
    0.00000e+00

           Step           Time
            137      137.00000

   Energies (kJ/mol)
           Bond          Angle       G96Angle    Proper Dih.  Improper Dih.
    8.20389e+02    8.72661e+02    4.72403e+03    4.07339e+02    2.56297e+03
        LJ (SR)   Coulomb (SR)   Coul. recip.      Potential Pressure (bar)
   -6.25087e+06   -1.44760e+05    2.07454e+05   -6.17879e+06    2.02677e+03
   Constr. rmsd
    0.00000e+00

           Step           Time
            138      138.00000

   Energies (kJ/mol)
           Bond          Angle       G96Angle    Proper Dih.  Improper Dih.
    8.12481e+02    8.67398e+02    4.67634e+03    4.11214e+02    2.55483e+03
        LJ (SR)   Coulomb (SR)   Coul. recip.      Potential Pressure (bar)
   -6.26683e+06   -1.44762e+05    2.07312e+05   -6.19496e+06    1.97149e+03
   Constr. rmsd
    0.00000e+00

           Step           Time
            139      139.00000

   Energies (kJ/mol)
           Bond          Angle       G96Angle    Proper Dih.  Improper Dih.
    8.08385e+02    8.63245e+02    4.65841e+03    4.07794e+02    2.54360e+03
        LJ (SR)   Coulomb (SR)   Coul. recip.      Potential Pressure (bar)
   -6.27396e+06   -1.44763e+05    2.07251e+05   -6.20220e+06    1.94707e+03
   Constr. rmsd
    0.00000e+00

           Step           Time
            140      140.00000

           Step           Time
            141      141.00000

   Energies (kJ/mol)
           Bond          Angle       G96Angle    Proper Dih.  Improper Dih.
    8.07036e+02    8.62235e+02    4.65211e+03    4.07839e+02    2.54151e+03
        LJ (SR)   Coulomb (SR)   Coul. recip.      Potential Pressure (bar)
   -6.27900e+06   -1.44764e+05    2.07231e+05   -6.20726e+06    1.93288e+03
   Constr. rmsd
    0.00000e+00

           Step           Time
            142      142.00000

   Energies (kJ/mol)
           Bond          Angle       G96Angle    Proper Dih.  Improper Dih.
    8.02249e+02    8.58540e+02    4.62928e+03    4.07967e+02    2.53398e+03
        LJ (SR)   Coulomb (SR)   Coul. recip.      Potential Pressure (bar)
   -6.28692e+06   -1.44765e+05    2.07157e+05   -6.21530e+06    1.90518e+03
   Constr. rmsd
    0.00000e+00

           Step           Time
            143      143.00000

   Energies (kJ/mol)
           Bond          Angle       G96Angle    Proper Dih.  Improper Dih.
    8.00334e+02    8.56880e+02    4.61913e+03    4.07945e+02    2.53068e+03
        LJ (SR)   Coulomb (SR)   Coul. recip.      Potential Pressure (bar)
   -6.29126e+06   -1.44765e+05    2.07124e+05   -6.21968e+06    1.89116e+03
   Constr. rmsd
    0.00000e+00

           Step           Time
            144      144.00000

           Step           Time
            145      145.00000

   Energies (kJ/mol)
           Bond          Angle       G96Angle    Proper Dih.  Improper Dih.
    7.98477e+02    8.55335e+02    4.60952e+03    4.07958e+02    2.52756e+03
        LJ (SR)   Coulomb (SR)   Coul. recip.      Potential Pressure (bar)
   -6.29617e+06   -1.44766e+05    2.07092e+05   -6.22464e+06    1.87583e+03
   Constr. rmsd
    0.00000e+00

           Step           Time
            146      146.00000

   Energies (kJ/mol)
           Bond          Angle       G96Angle    Proper Dih.  Improper Dih.
    7.92827e+02    8.50699e+02    4.58033e+03    4.07981e+02    2.51811e+03
        LJ (SR)   Coulomb (SR)   Coul. recip.      Potential Pressure (bar)
   -6.30774e+06   -1.44767e+05    2.06996e+05   -6.23636e+06    1.83727e+03
   Constr. rmsd
    0.00000e+00

           Step           Time
            147      147.00000

   Energies (kJ/mol)
           Bond          Angle       G96Angle    Proper Dih.  Improper Dih.
    7.86720e+02    8.45562e+02    4.54757e+03    4.07972e+02    2.50760e+03
        LJ (SR)   Coulomb (SR)   Coul. recip.      Potential Pressure (bar)
   -6.32041e+06   -1.44769e+05    2.06886e+05   -6.24920e+06    1.79484e+03
   Constr. rmsd
    0.00000e+00

           Step           Time
            148      148.00000

   Energies (kJ/mol)
           Bond          Angle       G96Angle    Proper Dih.  Improper Dih.
    7.80085e+02    8.39939e+02    4.51146e+03    4.07780e+02    2.49622e+03
        LJ (SR)   Coulomb (SR)   Coul. recip.      Potential Pressure (bar)
   -6.32196e+06   -1.44771e+05    2.06767e+05   -6.25093e+06    1.77614e+03
   Constr. rmsd
    0.00000e+00

           Step           Time
            149      149.00000

   Energies (kJ/mol)
           Bond          Angle       G96Angle    Proper Dih.  Improper Dih.
    7.79758e+02    8.39755e+02    4.50996e+03    4.07865e+02    2.49562e+03
        LJ (SR)   Coulomb (SR)   Coul. recip.      Potential Pressure (bar)
   -6.32278e+06   -1.44771e+05    2.06761e+05   -6.25175e+06    1.77384e+03
   Constr. rmsd
    0.00000e+00

           Step           Time
            150      150.00000

           Step           Time
            151      151.00000

   Energies (kJ/mol)
           Bond          Angle       G96Angle    Proper Dih.  Improper Dih.
    7.79587e+02    8.39596e+02    4.50898e+03    4.07852e+02    2.49531e+03
        LJ (SR)   Coulomb (SR)   Coul. recip.      Potential Pressure (bar)
   -6.33446e+06   -1.44771e+05    2.06758e+05   -6.26344e+06    1.74713e+03
   Constr. rmsd
    0.00000e+00

           Step           Time
            152      152.00000

   Energies (kJ/mol)
           Bond          Angle       G96Angle    Proper Dih.  Improper Dih.
    7.73581e+02    8.34410e+02    4.47524e+03    4.07557e+02    2.48489e+03
        LJ (SR)   Coulomb (SR)   Coul. recip.      Potential Pressure (bar)
   -6.34767e+06   -1.44772e+05    2.06643e+05   -6.27682e+06    1.70328e+03
   Constr. rmsd
    0.00000e+00

           Step           Time
            153      153.00000

   Energies (kJ/mol)
           Bond          Angle       G96Angle    Proper Dih.  Improper Dih.
    7.69522e+02    8.33101e+02    4.43524e+03    4.08743e+02    2.49899e+03
        LJ (SR)   Coulomb (SR)   Coul. recip.      Potential Pressure (bar)
   -6.36015e+06   -1.44774e+05    2.06499e+05   -6.28948e+06    1.65805e+03
   Constr. rmsd
    0.00000e+00

           Step           Time
            154      154.00000

           Step           Time
            155      155.00000

   Energies (kJ/mol)
           Bond          Angle       G96Angle    Proper Dih.  Improper Dih.
    7.68448e+02    8.32595e+02    4.43229e+03    4.08938e+02    2.49695e+03
        LJ (SR)   Coulomb (SR)   Coul. recip.      Potential Pressure (bar)
   -6.36452e+06   -1.44774e+05    2.06491e+05   -6.29386e+06    1.64701e+03
   Constr. rmsd
    0.00000e+00

           Step           Time
            156      156.00000

   Energies (kJ/mol)
           Bond          Angle       G96Angle    Proper Dih.  Improper Dih.
    7.63911e+02    8.26812e+02    4.39899e+03    4.10675e+02    2.47201e+03
        LJ (SR)   Coulomb (SR)   Coul. recip.      Potential Pressure (bar)
   -6.37634e+06   -1.44776e+05    2.06381e+05   -6.30587e+06    1.60739e+03
   Constr. rmsd
    0.00000e+00

           Step           Time
            157      157.00000

   Energies (kJ/mol)
           Bond          Angle       G96Angle    Proper Dih.  Improper Dih.
    7.57345e+02    8.19277e+02    4.36828e+03    4.07490e+02    2.45526e+03
        LJ (SR)   Coulomb (SR)   Coul. recip.      Potential Pressure (bar)
   -6.38930e+06   -1.44778e+05    2.06265e+05   -6.31901e+06    1.56431e+03
   Constr. rmsd
    0.00000e+00


Steepest Descents converged to Fmax < 1000 in 158 steps
Potential Energy  = -6.3190085e+06
Maximum force     =  6.0900281e+02 on atom 71714
Norm of force     =  6.4400221e+01

    D O M A I N   D E C O M P O S I T I O N   S T A T I S T I C S

 av. #atoms communicated per step for force:  2 x 182626.6
 av. #atoms communicated per step for LINCS:  2 x 24.1

Finished mdrun on rank 0 Sun Jun 30 22:52:42 2024

