              :-) GROMACS - gmx mdrun, 2021.4-Ubuntu-2021.4-2 (-:

                            GROMACS is written by:
     Andrey Alekseenko              Emile Apol              Rossen Apostolov     
         Paul Bauer           Herman J.C. Berendsen           Par Bjelkmar       
       Christian Blau           Viacheslav Bolnykh             Kevin Boyd        
     Aldert van Buuren           Rudi van Drunen             Anton Feenstra      
    Gilles Gouaillardet             Alan Gray               Gerrit Groenhof      
       Anca Hamuraru            Vincent Hindriksen          M. Eric Irrgang      
      Aleksei Iupinov           Christoph Junghans             Joe Jordan        
    Dimitrios Karkoulis            Peter Kasson                Jiri Kraus        
      Carsten Kutzner              Per Larsson              Justin A. Lemkul     
       Viveca Lindahl            Magnus Lundborg             Erik Marklund       
        Pascal Merz             Pieter Meulenhoff            Teemu Murtola       
        Szilard Pall               Sander Pronk              Roland Schulz       
       Michael Shirts            Alexey Shvetsov             Alfons Sijbers      
       Peter Tieleman              Jon Vincent              Teemu Virolainen     
     Christian Wennberg            Maarten Wolf              Artem Zhmurov       
                           and the project leaders:
        Mark Abraham, Berk Hess, Erik Lindahl, and David van der Spoel

Copyright (c) 1991-2000, University of Groningen, The Netherlands.
Copyright (c) 2001-2019, The GROMACS development team at
Uppsala University, Stockholm University and
the Royal Institute of Technology, Sweden.
check out http://www.gromacs.org for more information.

GROMACS is free software; you can redistribute it and/or modify it
under the terms of the GNU Lesser General Public License
as published by the Free Software Foundation; either version 2.1
of the License, or (at your option) any later version.

GROMACS:      gmx mdrun, version 2021.4-Ubuntu-2021.4-2
Executable:   /usr/bin/gmx
Data prefix:  /usr
Working dir:  /home/1-polyply-gromacs/data/13/gromacs
Process ID:   54902
Command line:
  gmx mdrun -v -deffnm 04-md

GROMACS version:    2021.4-Ubuntu-2021.4-2
Precision:          mixed
Memory model:       64 bit
MPI library:        thread_mpi
OpenMP support:     enabled (GMX_OPENMP_MAX_THREADS = 64)
GPU support:        disabled
SIMD instructions:  SSE4.1
FFT library:        fftw-3.3.8-sse2-avx
RDTSCP usage:       enabled
TNG support:        enabled
Hwloc support:      hwloc-2.5.0
Tracing support:    disabled
C compiler:         /usr/bin/cc GNU 11.2.0
C compiler flags:   -msse4.1 -Wno-missing-field-initializers -fexcess-precision=fast -funroll-all-loops -O3 -DNDEBUG
C++ compiler:       /usr/bin/c++ GNU 11.2.0
C++ compiler flags: -msse4.1 -Wno-missing-field-initializers -fexcess-precision=fast -funroll-all-loops -fopenmp -O3 -DNDEBUG


Running on 1 node with total 16 cores, 32 logical cores
Hardware detected:
  CPU info:
    Vendor: Intel
    Brand:  Intel(R) Core(TM) i9-14900HX
    Family: 6   Model: 183   Stepping: 1
    Features: aes apic avx avx2 clfsh cmov cx8 cx16 f16c fma htt intel lahf mmx msr nonstop_tsc pcid pclmuldq pdpe1gb popcnt pse rdrnd rdtscp sha sse2 sse3 sse4.1 sse4.2 ssse3 tdt x2apic
  Hardware topology: Full, with devices
    Sockets, cores, and logical processors:
      Socket  0: [   0   1] [   2   3] [   4   5] [   6   7] [   8   9] [  10  11] [  12  13] [  14  15] [  16  17] [  18  19] [  20  21] [  22  23] [  24  25] [  26  27] [  28  29] [  30  31]
    Numa nodes:
      Node  0 (16657502208 bytes mem):   0   1   2   3   4   5   6   7   8   9  10  11  12  13  14  15  16  17  18  19  20  21  22  23  24  25  26  27  28  29  30  31
      Latency:
               0
         0  1.00
    Caches:
      L1: 49152 bytes, linesize 64 bytes, assoc. 12, shared 2 ways
      L2: 2097152 bytes, linesize 64 bytes, assoc. 16, shared 2 ways
      L3: 37748736 bytes, linesize 64 bytes, assoc. 12, shared 32 ways
    PCI devices:
      4bb2:00:00.0  Id: 1414:008e  Class: 0x0302  Numa: 0
      f034:00:00.0  Id: 1af4:1043  Class: 0x0100  Numa: 0

Highest SIMD level supported by all nodes in run: AVX2_256
SIMD instructions selected at compile time:       SSE4.1
This program was compiled for different hardware than you are running on,
which could influence performance.

++++ PLEASE READ AND CITE THE FOLLOWING REFERENCE ++++
M. J. Abraham, T. Murtola, R. Schulz, S. Páll, J. C. Smith, B. Hess, E.
Lindahl
GROMACS: High performance molecular simulations through multi-level
parallelism from laptops to supercomputers
SoftwareX 1 (2015) pp. 19-25
-------- -------- --- Thank You --- -------- --------


++++ PLEASE READ AND CITE THE FOLLOWING REFERENCE ++++
S. Páll, M. J. Abraham, C. Kutzner, B. Hess, E. Lindahl
Tackling Exascale Software Challenges in Molecular Dynamics Simulations with
GROMACS
In S. Markidis & E. Laure (Eds.), Solving Software Challenges for Exascale 8759 (2015) pp. 3-27
-------- -------- --- Thank You --- -------- --------


++++ PLEASE READ AND CITE THE FOLLOWING REFERENCE ++++
S. Pronk, S. Páll, R. Schulz, P. Larsson, P. Bjelkmar, R. Apostolov, M. R.
Shirts, J. C. Smith, P. M. Kasson, D. van der Spoel, B. Hess, and E. Lindahl
GROMACS 4.5: a high-throughput and highly parallel open source molecular
simulation toolkit
Bioinformatics 29 (2013) pp. 845-54
-------- -------- --- Thank You --- -------- --------


++++ PLEASE READ AND CITE THE FOLLOWING REFERENCE ++++
B. Hess and C. Kutzner and D. van der Spoel and E. Lindahl
GROMACS 4: Algorithms for highly efficient, load-balanced, and scalable
molecular simulation
J. Chem. Theory Comput. 4 (2008) pp. 435-447
-------- -------- --- Thank You --- -------- --------


++++ PLEASE READ AND CITE THE FOLLOWING REFERENCE ++++
D. van der Spoel, E. Lindahl, B. Hess, G. Groenhof, A. E. Mark and H. J. C.
Berendsen
GROMACS: Fast, Flexible and Free
J. Comp. Chem. 26 (2005) pp. 1701-1719
-------- -------- --- Thank You --- -------- --------


++++ PLEASE READ AND CITE THE FOLLOWING REFERENCE ++++
E. Lindahl and B. Hess and D. van der Spoel
GROMACS 3.0: A package for molecular simulation and trajectory analysis
J. Mol. Mod. 7 (2001) pp. 306-317
-------- -------- --- Thank You --- -------- --------


++++ PLEASE READ AND CITE THE FOLLOWING REFERENCE ++++
H. J. C. Berendsen, D. van der Spoel and R. van Drunen
GROMACS: A message-passing parallel molecular dynamics implementation
Comp. Phys. Comm. 91 (1995) pp. 43-56
-------- -------- --- Thank You --- -------- --------

Input Parameters:
   integrator                     = md
   tinit                          = 0
   dt                             = 0.002
   nsteps                         = 50000
   init-step                      = 0
   simulation-part                = 1
   mts                            = false
   comm-mode                      = Linear
   nstcomm                        = 100
   bd-fric                        = 0
   ld-seed                        = -536895625
   emtol                          = 10
   emstep                         = 0.01
   niter                          = 20
   fcstep                         = 0
   nstcgsteep                     = 1000
   nbfgscorr                      = 10
   rtpi                           = 0.05
   nstxout                        = 5000
   nstvout                        = 5000
   nstfout                        = 0
   nstlog                         = 5000
   nstcalcenergy                  = 100
   nstenergy                      = 5000
   nstxout-compressed             = 0
   compressed-x-precision         = 1000
   cutoff-scheme                  = Verlet
   nstlist                        = 10
   pbc                            = xyz
   periodic-molecules             = false
   verlet-buffer-tolerance        = 0.005
   rlist                          = 1
   coulombtype                    = PME
   coulomb-modifier               = Potential-shift
   rcoulomb-switch                = 0
   rcoulomb                       = 1
   epsilon-r                      = 1
   epsilon-rf                     = inf
   vdw-type                       = Cut-off
   vdw-modifier                   = Potential-shift
   rvdw-switch                    = 0
   rvdw                           = 1
   DispCorr                       = EnerPres
   table-extension                = 1
   fourierspacing                 = 0.16
   fourier-nx                     = 192
   fourier-ny                     = 192
   fourier-nz                     = 192
   pme-order                      = 4
   ewald-rtol                     = 1e-05
   ewald-rtol-lj                  = 0.001
   lj-pme-comb-rule               = Geometric
   ewald-geometry                 = 0
   epsilon-surface                = 0
   tcoupl                         = V-rescale
   nsttcouple                     = 10
   nh-chain-length                = 0
   print-nose-hoover-chain-variables = false
   pcoupl                         = Parrinello-Rahman
   pcoupltype                     = Isotropic
   nstpcouple                     = 10
   tau-p                          = 2
   compressibility (3x3):
      compressibility[    0]={ 4.50000e-05,  0.00000e+00,  0.00000e+00}
      compressibility[    1]={ 0.00000e+00,  4.50000e-05,  0.00000e+00}
      compressibility[    2]={ 0.00000e+00,  0.00000e+00,  4.50000e-05}
   ref-p (3x3):
      ref-p[    0]={ 1.00000e+00,  0.00000e+00,  0.00000e+00}
      ref-p[    1]={ 0.00000e+00,  1.00000e+00,  0.00000e+00}
      ref-p[    2]={ 0.00000e+00,  0.00000e+00,  1.00000e+00}
   refcoord-scaling               = No
   posres-com (3):
      posres-com[0]= 0.00000e+00
      posres-com[1]= 0.00000e+00
      posres-com[2]= 0.00000e+00
   posres-comB (3):
      posres-comB[0]= 0.00000e+00
      posres-comB[1]= 0.00000e+00
      posres-comB[2]= 0.00000e+00
   QMMM                           = false
qm-opts:
   ngQM                           = 0
   constraint-algorithm           = Lincs
   continuation                   = true
   Shake-SOR                      = false
   shake-tol                      = 0.0001
   lincs-order                    = 4
   lincs-iter                     = 1
   lincs-warnangle                = 30
   nwall                          = 0
   wall-type                      = 9-3
   wall-r-linpot                  = -1
   wall-atomtype[0]               = -1
   wall-atomtype[1]               = -1
   wall-density[0]                = 0
   wall-density[1]                = 0
   wall-ewald-zfac                = 3
   pull                           = false
   awh                            = false
   rotation                       = false
   interactiveMD                  = false
   disre                          = No
   disre-weighting                = Conservative
   disre-mixed                    = false
   dr-fc                          = 1000
   dr-tau                         = 0
   nstdisreout                    = 100
   orire-fc                       = 0
   orire-tau                      = 0
   nstorireout                    = 100
   free-energy                    = no
   cos-acceleration               = 0
   deform (3x3):
      deform[    0]={ 0.00000e+00,  0.00000e+00,  0.00000e+00}
      deform[    1]={ 0.00000e+00,  0.00000e+00,  0.00000e+00}
      deform[    2]={ 0.00000e+00,  0.00000e+00,  0.00000e+00}
   simulated-tempering            = false
   swapcoords                     = no
   userint1                       = 0
   userint2                       = 0
   userint3                       = 0
   userint4                       = 0
   userreal1                      = 0
   userreal2                      = 0
   userreal3                      = 0
   userreal4                      = 0
   applied-forces:
     electric-field:
       x:
         E0                       = 0
         omega                    = 0
         t0                       = 0
         sigma                    = 0
       y:
         E0                       = 0
         omega                    = 0
         t0                       = 0
         sigma                    = 0
       z:
         E0                       = 0
         omega                    = 0
         t0                       = 0
         sigma                    = 0
     density-guided-simulation:
       active                     = false
       group                      = protein
       similarity-measure         = inner-product
       atom-spreading-weight      = unity
       force-constant             = 1e+09
       gaussian-transform-spreading-width = 0.2
       gaussian-transform-spreading-range-in-multiples-of-width = 4
       reference-density-filename = reference.mrc
       nst                        = 1
       normalize-densities        = true
       adaptive-force-scaling     = false
       adaptive-force-scaling-time-constant = 4
       shift-vector               = 
       transformation-matrix      = 
grpopts:
   nrdf:      753049
   ref-t:         300
   tau-t:         0.1
annealing:          No
annealing-npoints:           0
   acc:	           0           0           0
   nfreeze:           N           N           N
   energygrp-flags[  0]: 0

Changing nstlist from 10 to 100, rlist from 1 to 1.058


Initializing Domain Decomposition on 32 ranks
Dynamic load balancing: auto
Minimum cell size due to atom displacement: 0.285 nm
Initial maximum distances in bonded interactions:
    two-body bonded interactions: 1.003 nm, Exclusion, atoms 183 188
  multi-body bonded interactions: 0.896 nm, Proper Dih., atoms 99 106
Minimum cell size due to bonded interactions: 0.986 nm
Maximum distance for 5 constraints, at 120 deg. angles, all-trans: 1.036 nm
Estimated maximum distance required for P-LINCS: 1.036 nm
This distance will limit the DD cell size, you can override this with -rcon
Scaling the initial minimum size with 1/0.8 (option -dds) = 1.25
Guess for relative PME load: 0.78
Using 0 separate PME ranks, as guessed by mdrun
Optimizing the DD grid for 32 cells with a minimum initial size of 1.295 nm
The maximum allowed number of cells is: X 23 Y 23 Z 23
Domain decomposition grid 16 x 2 x 1, separate PME ranks 0
PME domain decomposition: 16 x 2 x 1
Domain decomposition rank 0, coordinates 0 0 0

The initial number of communication pulses is: X 1 Y 1
The initial domain decomposition cell size is: X 1.90 nm Y 15.23 nm

The maximum allowed distance for atoms involved in interactions is:
                 non-bonded interactions           1.058 nm
(the following are initial values, they could change due to box deformation)
            two-body bonded interactions  (-rdd)   1.058 nm
          multi-body bonded interactions  (-rdd)   1.058 nm
  atoms separated by up to 5 constraints  (-rcon)  1.904 nm

When dynamic load balancing gets turned on, these settings will change to:
The maximum number of communication pulses is: X 1 Y 1
The minimum size for domain decomposition cells is 1.058 nm
The requested allowed shrink of DD cells (option -dds) is: 0.80
The allowed shrink of domain decomposition cells is: X 0.56 Y 0.07
The maximum allowed distance for atoms involved in interactions is:
                 non-bonded interactions           1.058 nm
            two-body bonded interactions  (-rdd)   1.058 nm
          multi-body bonded interactions  (-rdd)   1.058 nm
  atoms separated by up to 5 constraints  (-rcon)  1.058 nm

Using 32 MPI threads
Using 1 OpenMP thread per tMPI thread

Pinning threads with an auto-selected logical core stride of 1
System total charge: 430.000
Will do PME sum in reciprocal space for electrostatic interactions.

++++ PLEASE READ AND CITE THE FOLLOWING REFERENCE ++++
U. Essmann, L. Perera, M. L. Berkowitz, T. Darden, H. Lee and L. G. Pedersen 
A smooth particle mesh Ewald method
J. Chem. Phys. 103 (1995) pp. 8577-8592
-------- -------- --- Thank You --- -------- --------

Using a Gaussian width (1/beta) of 0.320163 nm for Ewald
Potential shift: LJ r^-12: -1.000e+00 r^-6: -1.000e+00, Ewald -1.000e-05
Initialized non-bonded Ewald tables, spacing: 9.33e-04 size: 1073

Long Range LJ corr.: <C6> 2.1555e-01


Using SIMD 4x4 nonbonded short-range kernels

Using a dual 4x4 pair-list setup updated with dynamic pruning:
  outer list: updated every 100 steps, buffer 0.058 nm, rlist 1.058 nm
  inner list: updated every  16 steps, buffer 0.001 nm, rlist 1.001 nm
At tolerance 0.005 kJ/mol/ps per atom, equivalent classical 1x1 list would be:
  outer list: updated every 100 steps, buffer 0.099 nm, rlist 1.099 nm
  inner list: updated every  16 steps, buffer 0.009 nm, rlist 1.009 nm

Using full Lennard-Jones parameter combination matrix

Initializing Parallel LINear Constraint Solver

++++ PLEASE READ AND CITE THE FOLLOWING REFERENCE ++++
B. Hess
P-LINCS: A Parallel Linear Constraint Solver for molecular simulation
J. Chem. Theory Comput. 4 (2008) pp. 116-122
-------- -------- --- Thank You --- -------- --------

The number of constraints is 248
There are constraints between atoms in different decomposition domains,
will communicate selected coordinates each lincs iteration
108 constraints are involved in constraint triangles,
will apply an additional matrix expansion of order 4 for couplings
between constraints inside triangles

Linking all bonded interactions to atoms


Intra-simulation communication will occur every 10 steps.

++++ PLEASE READ AND CITE THE FOLLOWING REFERENCE ++++
G. Bussi, D. Donadio and M. Parrinello
Canonical sampling through velocity rescaling
J. Chem. Phys. 126 (2007) pp. 014101
-------- -------- --- Thank You --- -------- --------

There are: 251100 Atoms
Atom distribution over 32 domains: av 7846 stddev 122 min 7773 max 7920
Center of mass motion removal mode is Linear
We have the following groups for center of mass motion removal:
  0:  rest

Started mdrun on rank 0 Sun Jun 30 22:57:24 2024

           Step           Time
              0        0.00000

   Energies (kJ/mol)
           Bond          Angle       G96Angle    Proper Dih.  Improper Dih.
    6.88156e+02    5.33147e+02    1.67882e+03    3.35766e+02    8.85529e+02
        LJ (SR)  Disper. corr.   Coulomb (SR)   Coul. recip.      Potential
   -6.56638e+06   -1.98670e+06   -1.75336e+05    1.40786e+05   -8.58352e+06
    Kinetic En.   Total Energy  Conserved En.    Temperature Pres. DC (bar)
    9.37660e+05   -7.64586e+06   -7.64415e+06    2.99515e+02   -1.18285e+03
 Pressure (bar)   Constr. rmsd
    8.43808e+00    4.77497e-06


DD  step 99 load imb.: force 11.1%

DD  step 4999 load imb.: force  8.2%
           Step           Time
           5000       10.00000

   Energies (kJ/mol)
           Bond          Angle       G96Angle    Proper Dih.  Improper Dih.
    6.77997e+02    4.74410e+02    1.58804e+03    3.17112e+02    8.06048e+02
        LJ (SR)  Disper. corr.   Coulomb (SR)   Coul. recip.      Potential
   -6.57727e+06   -1.98894e+06   -1.75638e+05    1.31771e+05   -8.60622e+06
    Kinetic En.   Total Energy  Conserved En.    Temperature Pres. DC (bar)
    9.39554e+05   -7.66666e+06   -7.66098e+06    3.00120e+02   -1.18548e+03
 Pressure (bar)   Constr. rmsd
    5.88162e+00    5.03799e-06


DD  step 9999 load imb.: force 31.9%
           Step           Time
          10000       20.00000

   Energies (kJ/mol)
           Bond          Angle       G96Angle    Proper Dih.  Improper Dih.
    6.20181e+02    4.94366e+02    1.48649e+03    3.93978e+02    7.10749e+02
        LJ (SR)  Disper. corr.   Coulomb (SR)   Coul. recip.      Potential
   -6.58246e+06   -1.98992e+06   -1.75916e+05    1.25943e+05   -8.61864e+06
    Kinetic En.   Total Energy  Conserved En.    Temperature Pres. DC (bar)
    9.36246e+05   -7.68240e+06   -7.67782e+06    2.99063e+02   -1.18663e+03
 Pressure (bar)   Constr. rmsd
   -2.38089e+00    5.27703e-06


DD  step 14999 load imb.: force 26.7%
           Step           Time
          15000       30.00000

   Energies (kJ/mol)
           Bond          Angle       G96Angle    Proper Dih.  Improper Dih.
    4.83167e+02    4.38884e+02    1.48028e+03    4.07320e+02    6.36780e+02
        LJ (SR)  Disper. corr.   Coulomb (SR)   Coul. recip.      Potential
   -6.58447e+06   -1.98990e+06   -1.76069e+05    1.22485e+05   -8.62451e+06
    Kinetic En.   Total Energy  Conserved En.    Temperature Pres. DC (bar)
    9.39053e+05   -7.68546e+06   -7.69467e+06    2.99960e+02   -1.18661e+03
 Pressure (bar)   Constr. rmsd
   -6.66975e+00    4.92181e-06


DD  step 19999 load imb.: force 13.5%

step 20000 Turning on dynamic load balancing, because the performance loss due to load imbalance is 2.1 %.
           Step           Time
          20000       40.00000

   Energies (kJ/mol)
           Bond          Angle       G96Angle    Proper Dih.  Improper Dih.
    5.49556e+02    4.66005e+02    1.56956e+03    3.85560e+02    5.95846e+02
        LJ (SR)  Disper. corr.   Coulomb (SR)   Coul. recip.      Potential
   -6.58492e+06   -1.98925e+06   -1.76240e+05    1.18503e+05   -8.62834e+06
    Kinetic En.   Total Energy  Conserved En.    Temperature Pres. DC (bar)
    9.41141e+05   -7.68720e+06   -7.71149e+06    3.00626e+02   -1.18585e+03
 Pressure (bar)   Constr. rmsd
   -2.25260e+01    4.70324e-06

step 24000 Turning off dynamic load balancing, because it is degrading performance.
Atom distribution over 32 domains: av 7846 stddev 123 min 7761 max 7923

DD  step 24999 load imb.: force 17.0%
           Step           Time
          25000       50.00000

   Energies (kJ/mol)
           Bond          Angle       G96Angle    Proper Dih.  Improper Dih.
    5.78837e+02    3.94653e+02    1.57462e+03    3.46962e+02    5.89307e+02
        LJ (SR)  Disper. corr.   Coulomb (SR)   Coul. recip.      Potential
   -6.58376e+06   -1.99037e+06   -1.76415e+05    1.15949e+05   -8.63112e+06
    Kinetic En.   Total Energy  Conserved En.    Temperature Pres. DC (bar)
    9.38364e+05   -7.69275e+06   -7.72890e+06    2.99739e+02   -1.18717e+03
 Pressure (bar)   Constr. rmsd
    1.17801e-01    4.69557e-06


DD  step 29999 load imb.: force 15.9%
           Step           Time
          30000       60.00000

   Energies (kJ/mol)
           Bond          Angle       G96Angle    Proper Dih.  Improper Dih.
    4.88628e+02    4.15021e+02    1.52753e+03    3.90297e+02    5.97847e+02
        LJ (SR)  Disper. corr.   Coulomb (SR)   Coul. recip.      Potential
   -6.58468e+06   -1.99046e+06   -1.76498e+05    1.14042e+05   -8.63418e+06
    Kinetic En.   Total Energy  Conserved En.    Temperature Pres. DC (bar)
    9.38861e+05   -7.69532e+06   -7.74570e+06    2.99898e+02   -1.18727e+03
 Pressure (bar)   Constr. rmsd
   -1.43409e+00    4.95343e-06


DD  step 34999 load imb.: force 39.8%
           Step           Time
          35000       70.00000

   Energies (kJ/mol)
           Bond          Angle       G96Angle    Proper Dih.  Improper Dih.
    4.59280e+02    3.92401e+02    1.51509e+03    3.85946e+02    6.27728e+02
        LJ (SR)  Disper. corr.   Coulomb (SR)   Coul. recip.      Potential
   -6.58181e+06   -1.98992e+06   -1.76597e+05    1.12168e+05   -8.63278e+06
    Kinetic En.   Total Energy  Conserved En.    Temperature Pres. DC (bar)
    9.38965e+05   -7.69381e+06   -7.76252e+06    2.99931e+02   -1.18664e+03
 Pressure (bar)   Constr. rmsd
    6.58235e-01    4.95594e-06


DD  step 39999 load imb.: force 15.7%

step 40000 Turning on dynamic load balancing, because the performance loss due to load imbalance is 2.2 %.
           Step           Time
          40000       80.00000

   Energies (kJ/mol)
           Bond          Angle       G96Angle    Proper Dih.  Improper Dih.
    4.53237e+02    3.96200e+02    1.45394e+03    4.08326e+02    6.27369e+02
        LJ (SR)  Disper. corr.   Coulomb (SR)   Coul. recip.      Potential
   -6.58544e+06   -1.99156e+06   -1.76666e+05    1.10977e+05   -8.63935e+06
    Kinetic En.   Total Energy  Conserved En.    Temperature Pres. DC (bar)
    9.39718e+05   -7.69963e+06   -7.77934e+06    3.00172e+02   -1.18857e+03
 Pressure (bar)   Constr. rmsd
    1.39566e+01    4.77997e-06

step 42000 Turning off dynamic load balancing, because it is degrading performance.
Atom distribution over 32 domains: av 7846 stddev 121 min 7778 max 7907

DD  step 44999 load imb.: force 32.1%
           Step           Time
          45000       90.00000

   Energies (kJ/mol)
           Bond          Angle       G96Angle    Proper Dih.  Improper Dih.
    4.60926e+02    4.29465e+02    1.48206e+03    3.93740e+02    5.83735e+02
        LJ (SR)  Disper. corr.   Coulomb (SR)   Coul. recip.      Potential
   -6.58550e+06   -1.99064e+06   -1.76758e+05    1.09585e+05   -8.63996e+06
    Kinetic En.   Total Energy  Conserved En.    Temperature Pres. DC (bar)
    9.36721e+05   -7.70324e+06   -7.79640e+06    2.99215e+02   -1.18748e+03
 Pressure (bar)   Constr. rmsd
   -5.14891e+00    4.85772e-06


DD  step 49999 load imb.: force 10.3%

step 50000 Will no longer try dynamic load balancing, as it degraded performance.
           Step           Time
          50000      100.00000

Writing checkpoint, step 50000 at Sun Jun 30 23:10:33 2024


   Energies (kJ/mol)
           Bond          Angle       G96Angle    Proper Dih.  Improper Dih.
    5.33857e+02    4.57792e+02    1.39068e+03    3.78355e+02    6.31314e+02
        LJ (SR)  Disper. corr.   Coulomb (SR)   Coul. recip.      Potential
   -6.58536e+06   -1.99056e+06   -1.76890e+05    1.08001e+05   -8.64142e+06
    Kinetic En.   Total Energy  Conserved En.    Temperature Pres. DC (bar)
    9.38047e+05   -7.70337e+06   -7.81326e+06    2.99638e+02   -1.18739e+03
 Pressure (bar)   Constr. rmsd
   -5.46500e+00    4.65723e-06


Energy conservation over simulation part #1 of length 100 ns, time 0 to 100 ns
  Conserved energy drift: -6.73e-03 kJ/mol/ps per atom


	<======  ###############  ==>
	<====  A V E R A G E S  ====>
	<==  ###############  ======>

	Statistics over 50001 steps using 501 frames

   Energies (kJ/mol)
           Bond          Angle       G96Angle    Proper Dih.  Improper Dih.
    5.41091e+02    4.49018e+02    1.53328e+03    3.80055e+02    6.47153e+02
        LJ (SR)  Disper. corr.   Coulomb (SR)   Coul. recip.      Potential
   -6.58296e+06   -1.99015e+06   -1.76294e+05    1.18512e+05   -8.62735e+06
    Kinetic En.   Total Energy  Conserved En.    Temperature Pres. DC (bar)
    9.38764e+05   -7.68858e+06   -7.72867e+06    2.99867e+02   -1.18691e+03
 Pressure (bar)   Constr. rmsd
    2.22702e-01    0.00000e+00

          Box-X          Box-Y          Box-Z
    3.04458e+01    3.04458e+01    3.04458e+01

   Total Virial (kJ/mol)
    3.13799e+05    1.27990e+03   -1.67348e+02
    1.27993e+03    3.12533e+05   -2.77754e+02
   -1.67326e+02   -2.77780e+02    3.11867e+05

   Pressure (bar)
   -1.05793e+00   -1.45344e+00    2.26754e-01
   -1.45347e+00    4.81408e-01    3.10029e-01
    2.26728e-01    3.10060e-01    1.24463e+00


	M E G A - F L O P S   A C C O U N T I N G

 NB=Group-cutoff nonbonded kernels    NxN=N-by-N cluster Verlet kernels
 RF=Reaction-Field  VdW=Van der Waals  QSTab=quadratic-spline table
 W3=SPC/TIP3p  W4=TIP4p (single or pairs)
 V&F=Potential and force  V=Potential only  F=Force only

 Computing:                               M-Number         M-Flops  % Flops
-----------------------------------------------------------------------------
 Pair Search distance check           13483.946862      121355.522     0.1
 NxN QSTab Elec. + LJ [F]              9998.814672      409951.402     0.2
 NxN QSTab Elec. + LJ [V&F]             101.194848        5970.496     0.0
 NxN LJ [F]                          932784.054048    30781873.784    18.2
 NxN LJ [V&F]                          9440.899632      405958.684     0.2
 NxN QSTab Elec. [F]                     10.436976         354.857     0.0
 NxN QSTab Elec. [V&F]                    0.105552           4.328     0.0
 Calc Weights                         37665.753300     1355967.119     0.8
 Spread Q Bspline                    803536.070400     1607072.141     1.0
 Gather F Bspline                    803536.070400     4821216.422     2.9
 3D-FFT                            16105976.313084   128847810.505    76.4
 Solve PME                             3686.473728      235934.319     0.1
 Reset In Box                           125.047800         375.143     0.0
 CG-CoM                                 125.801100         377.403     0.0
 Bonds                                   15.850317         935.169     0.0
 Angles                                  37.050741        6224.524     0.0
 Propers                                 10.500210        2404.548     0.0
 Impropers                               14.050281        2922.458     0.0
 Virial                                1262.952540       22733.146     0.0
 Stop-CM                                125.801100        1258.011     0.0
 Calc-Ekin                             2511.502200       67810.559     0.0
 Lincs                                   13.815374         828.922     0.0
 Lincs-Mat                              213.331800         853.327     0.0
 Constraint-V                            27.630748         248.677     0.0
 Constraint-Vir                           1.381784          33.163     0.0
-----------------------------------------------------------------------------
 Total                                               168700474.629   100.0
-----------------------------------------------------------------------------


    D O M A I N   D E C O M P O S I T I O N   S T A T I S T I C S

 av. #atoms communicated per step for force:  2 x 165086.3
 av. #atoms communicated per step for LINCS:  2 x 28.3


Dynamic load balancing report:
 DLB got disabled because it was unsuitable to use.
 Average load imbalance: 17.5%.
 The balanceable part of the MD step is 13%, load imbalance is computed from this.
 Part of the total run time spent waiting due to load imbalance: 2.2%.


     R E A L   C Y C L E   A N D   T I M E   A C C O U N T I N G

On 32 MPI ranks

 Computing:          Num   Num      Call    Wall time         Giga-Cycles
                     Ranks Threads  Count      (s)         total sum    %
-----------------------------------------------------------------------------
 Domain decomp.        32    1        500       2.365        183.093   0.3
 DD comm. load         32    1        500       0.138         10.686   0.0
 DD comm. bounds       32    1         60       0.074          5.719   0.0
 Neighbor search       32    1        501       2.314        179.161   0.3
 Comm. coord.          32    1      49500      15.674       1213.400   2.0
 Force                 32    1      50001      74.012       5729.632   9.4
 Wait + Comm. F        32    1      50001      15.466       1197.319   2.0
 PME mesh              32    1      50001     654.770      50688.606  82.8
 NB X/F buffer ops.    32    1     149001       6.186        478.917   0.8
 Write traj.           32    1         11       0.110          8.517   0.0
 Update                32    1      50001       6.411        496.320   0.8
 Constraints           32    1      50001       2.479        191.895   0.3
 Comm. energies        32    1       5001       8.599        665.677   1.1
 Rest                                           1.920        148.639   0.2
-----------------------------------------------------------------------------
 Total                                        790.519      61197.582 100.0
-----------------------------------------------------------------------------
 Breakdown of PME mesh computation
-----------------------------------------------------------------------------
 PME redist. X/F       32    1     100002     101.846       7884.333  12.9
 PME spread            32    1      50001      96.435       7465.442  12.2
 PME gather            32    1      50001      50.953       3944.461   6.4
 PME 3D-FFT            32    1     100002     207.175      16038.331  26.2
 PME 3D-FFT Comm.      32    1     200004     172.873      13382.875  21.9
 PME solve Elec        32    1      50001      25.113       1944.111   3.2
-----------------------------------------------------------------------------

               Core t (s)   Wall t (s)        (%)
       Time:    25296.610      790.519     3200.0
                 (ns/day)    (hour/ns)
Performance:       10.930        2.196
Finished mdrun on rank 0 Sun Jun 30 23:10:34 2024

