              :-) GROMACS - gmx mdrun, 2021.4-Ubuntu-2021.4-2 (-:

                            GROMACS is written by:
     Andrey Alekseenko              Emile Apol              Rossen Apostolov     
         Paul Bauer           Herman J.C. Berendsen           Par Bjelkmar       
       Christian Blau           Viacheslav Bolnykh             Kevin Boyd        
     Aldert van Buuren           Rudi van Drunen             Anton Feenstra      
    Gilles Gouaillardet             Alan Gray               Gerrit Groenhof      
       Anca Hamuraru            Vincent Hindriksen          M. Eric Irrgang      
      Aleksei Iupinov           Christoph Junghans             Joe Jordan        
    Dimitrios Karkoulis            Peter Kasson                Jiri Kraus        
      Carsten Kutzner              Per Larsson              Justin A. Lemkul     
       Viveca Lindahl            Magnus Lundborg             Erik Marklund       
        Pascal Merz             Pieter Meulenhoff            Teemu Murtola       
        Szilard Pall               Sander Pronk              Roland Schulz       
       Michael Shirts            Alexey Shvetsov             Alfons Sijbers      
       Peter Tieleman              Jon Vincent              Teemu Virolainen     
     Christian Wennberg            Maarten Wolf              Artem Zhmurov       
                           and the project leaders:
        Mark Abraham, Berk Hess, Erik Lindahl, and David van der Spoel

Copyright (c) 1991-2000, University of Groningen, The Netherlands.
Copyright (c) 2001-2019, The GROMACS development team at
Uppsala University, Stockholm University and
the Royal Institute of Technology, Sweden.
check out http://www.gromacs.org for more information.

GROMACS is free software; you can redistribute it and/or modify it
under the terms of the GNU Lesser General Public License
as published by the Free Software Foundation; either version 2.1
of the License, or (at your option) any later version.

GROMACS:      gmx mdrun, version 2021.4-Ubuntu-2021.4-2
Executable:   /usr/bin/gmx
Data prefix:  /usr
Working dir:  /home/1-polyply-gromacs/data/6/gromacs
Process ID:   261576
Command line:
  gmx mdrun -v -deffnm 04-md

GROMACS version:    2021.4-Ubuntu-2021.4-2
Precision:          mixed
Memory model:       64 bit
MPI library:        thread_mpi
OpenMP support:     enabled (GMX_OPENMP_MAX_THREADS = 64)
GPU support:        disabled
SIMD instructions:  SSE4.1
FFT library:        fftw-3.3.8-sse2-avx
RDTSCP usage:       enabled
TNG support:        enabled
Hwloc support:      hwloc-2.5.0
Tracing support:    disabled
C compiler:         /usr/bin/cc GNU 11.2.0
C compiler flags:   -msse4.1 -Wno-missing-field-initializers -fexcess-precision=fast -funroll-all-loops -O3 -DNDEBUG
C++ compiler:       /usr/bin/c++ GNU 11.2.0
C++ compiler flags: -msse4.1 -Wno-missing-field-initializers -fexcess-precision=fast -funroll-all-loops -fopenmp -O3 -DNDEBUG


Running on 1 node with total 16 cores, 32 logical cores
Hardware detected:
  CPU info:
    Vendor: Intel
    Brand:  Intel(R) Core(TM) i9-14900HX
    Family: 6   Model: 183   Stepping: 1
    Features: aes apic avx avx2 clfsh cmov cx8 cx16 f16c fma htt intel lahf mmx msr nonstop_tsc pcid pclmuldq pdpe1gb popcnt pse rdrnd rdtscp sha sse2 sse3 sse4.1 sse4.2 ssse3 tdt x2apic
  Hardware topology: Full, with devices
    Sockets, cores, and logical processors:
      Socket  0: [   0   1] [   2   3] [   4   5] [   6   7] [   8   9] [  10  11] [  12  13] [  14  15] [  16  17] [  18  19] [  20  21] [  22  23] [  24  25] [  26  27] [  28  29] [  30  31]
    Numa nodes:
      Node  0 (16657502208 bytes mem):   0   1   2   3   4   5   6   7   8   9  10  11  12  13  14  15  16  17  18  19  20  21  22  23  24  25  26  27  28  29  30  31
      Latency:
               0
         0  1.00
    Caches:
      L1: 49152 bytes, linesize 64 bytes, assoc. 12, shared 2 ways
      L2: 2097152 bytes, linesize 64 bytes, assoc. 16, shared 2 ways
      L3: 37748736 bytes, linesize 64 bytes, assoc. 12, shared 32 ways
    PCI devices:
      005f:00:00.0  Id: 1af4:1043  Class: 0x0100  Numa: 0
      b174:00:00.0  Id: 1414:008e  Class: 0x0302  Numa: 0

Highest SIMD level supported by all nodes in run: AVX2_256
SIMD instructions selected at compile time:       SSE4.1
This program was compiled for different hardware than you are running on,
which could influence performance.

++++ PLEASE READ AND CITE THE FOLLOWING REFERENCE ++++
M. J. Abraham, T. Murtola, R. Schulz, S. Páll, J. C. Smith, B. Hess, E.
Lindahl
GROMACS: High performance molecular simulations through multi-level
parallelism from laptops to supercomputers
SoftwareX 1 (2015) pp. 19-25
-------- -------- --- Thank You --- -------- --------


++++ PLEASE READ AND CITE THE FOLLOWING REFERENCE ++++
S. Páll, M. J. Abraham, C. Kutzner, B. Hess, E. Lindahl
Tackling Exascale Software Challenges in Molecular Dynamics Simulations with
GROMACS
In S. Markidis & E. Laure (Eds.), Solving Software Challenges for Exascale 8759 (2015) pp. 3-27
-------- -------- --- Thank You --- -------- --------


++++ PLEASE READ AND CITE THE FOLLOWING REFERENCE ++++
S. Pronk, S. Páll, R. Schulz, P. Larsson, P. Bjelkmar, R. Apostolov, M. R.
Shirts, J. C. Smith, P. M. Kasson, D. van der Spoel, B. Hess, and E. Lindahl
GROMACS 4.5: a high-throughput and highly parallel open source molecular
simulation toolkit
Bioinformatics 29 (2013) pp. 845-54
-------- -------- --- Thank You --- -------- --------


++++ PLEASE READ AND CITE THE FOLLOWING REFERENCE ++++
B. Hess and C. Kutzner and D. van der Spoel and E. Lindahl
GROMACS 4: Algorithms for highly efficient, load-balanced, and scalable
molecular simulation
J. Chem. Theory Comput. 4 (2008) pp. 435-447
-------- -------- --- Thank You --- -------- --------


++++ PLEASE READ AND CITE THE FOLLOWING REFERENCE ++++
D. van der Spoel, E. Lindahl, B. Hess, G. Groenhof, A. E. Mark and H. J. C.
Berendsen
GROMACS: Fast, Flexible and Free
J. Comp. Chem. 26 (2005) pp. 1701-1719
-------- -------- --- Thank You --- -------- --------


++++ PLEASE READ AND CITE THE FOLLOWING REFERENCE ++++
E. Lindahl and B. Hess and D. van der Spoel
GROMACS 3.0: A package for molecular simulation and trajectory analysis
J. Mol. Mod. 7 (2001) pp. 306-317
-------- -------- --- Thank You --- -------- --------


++++ PLEASE READ AND CITE THE FOLLOWING REFERENCE ++++
H. J. C. Berendsen, D. van der Spoel and R. van Drunen
GROMACS: A message-passing parallel molecular dynamics implementation
Comp. Phys. Comm. 91 (1995) pp. 43-56
-------- -------- --- Thank You --- -------- --------

Input Parameters:
   integrator                     = md
   tinit                          = 0
   dt                             = 0.002
   nsteps                         = 50000
   init-step                      = 0
   simulation-part                = 1
   mts                            = false
   comm-mode                      = Linear
   nstcomm                        = 100
   bd-fric                        = 0
   ld-seed                        = 1764744563
   emtol                          = 10
   emstep                         = 0.01
   niter                          = 20
   fcstep                         = 0
   nstcgsteep                     = 1000
   nbfgscorr                      = 10
   rtpi                           = 0.05
   nstxout                        = 5000
   nstvout                        = 5000
   nstfout                        = 0
   nstlog                         = 5000
   nstcalcenergy                  = 100
   nstenergy                      = 5000
   nstxout-compressed             = 0
   compressed-x-precision         = 1000
   cutoff-scheme                  = Verlet
   nstlist                        = 10
   pbc                            = xyz
   periodic-molecules             = false
   verlet-buffer-tolerance        = 0.005
   rlist                          = 1
   coulombtype                    = PME
   coulomb-modifier               = Potential-shift
   rcoulomb-switch                = 0
   rcoulomb                       = 1
   epsilon-r                      = 1
   epsilon-rf                     = inf
   vdw-type                       = Cut-off
   vdw-modifier                   = Potential-shift
   rvdw-switch                    = 0
   rvdw                           = 1
   DispCorr                       = EnerPres
   table-extension                = 1
   fourierspacing                 = 0.16
   fourier-nx                     = 192
   fourier-ny                     = 192
   fourier-nz                     = 192
   pme-order                      = 4
   ewald-rtol                     = 1e-05
   ewald-rtol-lj                  = 0.001
   lj-pme-comb-rule               = Geometric
   ewald-geometry                 = 0
   epsilon-surface                = 0
   tcoupl                         = V-rescale
   nsttcouple                     = 10
   nh-chain-length                = 0
   print-nose-hoover-chain-variables = false
   pcoupl                         = Parrinello-Rahman
   pcoupltype                     = Isotropic
   nstpcouple                     = 10
   tau-p                          = 2
   compressibility (3x3):
      compressibility[    0]={ 4.50000e-05,  0.00000e+00,  0.00000e+00}
      compressibility[    1]={ 0.00000e+00,  4.50000e-05,  0.00000e+00}
      compressibility[    2]={ 0.00000e+00,  0.00000e+00,  4.50000e-05}
   ref-p (3x3):
      ref-p[    0]={ 1.00000e+00,  0.00000e+00,  0.00000e+00}
      ref-p[    1]={ 0.00000e+00,  1.00000e+00,  0.00000e+00}
      ref-p[    2]={ 0.00000e+00,  0.00000e+00,  1.00000e+00}
   refcoord-scaling               = No
   posres-com (3):
      posres-com[0]= 0.00000e+00
      posres-com[1]= 0.00000e+00
      posres-com[2]= 0.00000e+00
   posres-comB (3):
      posres-comB[0]= 0.00000e+00
      posres-comB[1]= 0.00000e+00
      posres-comB[2]= 0.00000e+00
   QMMM                           = false
qm-opts:
   ngQM                           = 0
   constraint-algorithm           = Lincs
   continuation                   = true
   Shake-SOR                      = false
   shake-tol                      = 0.0001
   lincs-order                    = 4
   lincs-iter                     = 1
   lincs-warnangle                = 30
   nwall                          = 0
   wall-type                      = 9-3
   wall-r-linpot                  = -1
   wall-atomtype[0]               = -1
   wall-atomtype[1]               = -1
   wall-density[0]                = 0
   wall-density[1]                = 0
   wall-ewald-zfac                = 3
   pull                           = false
   awh                            = false
   rotation                       = false
   interactiveMD                  = false
   disre                          = No
   disre-weighting                = Conservative
   disre-mixed                    = false
   dr-fc                          = 1000
   dr-tau                         = 0
   nstdisreout                    = 100
   orire-fc                       = 0
   orire-tau                      = 0
   nstorireout                    = 100
   free-energy                    = no
   cos-acceleration               = 0
   deform (3x3):
      deform[    0]={ 0.00000e+00,  0.00000e+00,  0.00000e+00}
      deform[    1]={ 0.00000e+00,  0.00000e+00,  0.00000e+00}
      deform[    2]={ 0.00000e+00,  0.00000e+00,  0.00000e+00}
   simulated-tempering            = false
   swapcoords                     = no
   userint1                       = 0
   userint2                       = 0
   userint3                       = 0
   userint4                       = 0
   userreal1                      = 0
   userreal2                      = 0
   userreal3                      = 0
   userreal4                      = 0
   applied-forces:
     electric-field:
       x:
         E0                       = 0
         omega                    = 0
         t0                       = 0
         sigma                    = 0
       y:
         E0                       = 0
         omega                    = 0
         t0                       = 0
         sigma                    = 0
       z:
         E0                       = 0
         omega                    = 0
         t0                       = 0
         sigma                    = 0
     density-guided-simulation:
       active                     = false
       group                      = protein
       similarity-measure         = inner-product
       atom-spreading-weight      = unity
       force-constant             = 1e+09
       gaussian-transform-spreading-width = 0.2
       gaussian-transform-spreading-range-in-multiples-of-width = 4
       reference-density-filename = reference.mrc
       nst                        = 1
       normalize-densities        = true
       adaptive-force-scaling     = false
       adaptive-force-scaling-time-constant = 4
       shift-vector               = 
       transformation-matrix      = 
grpopts:
   nrdf:      753061
   ref-t:         300
   tau-t:         0.1
annealing:          No
annealing-npoints:           0
   acc:	           0           0           0
   nfreeze:           N           N           N
   energygrp-flags[  0]: 0

Changing nstlist from 10 to 100, rlist from 1 to 1.058


Initializing Domain Decomposition on 32 ranks
Dynamic load balancing: auto
Minimum cell size due to atom displacement: 0.285 nm
Initial maximum distances in bonded interactions:
    two-body bonded interactions: 1.021 nm, Exclusion, atoms 65 70
  multi-body bonded interactions: 0.878 nm, Proper Dih., atoms 138 145
Minimum cell size due to bonded interactions: 0.966 nm
Maximum distance for 5 constraints, at 120 deg. angles, all-trans: 1.036 nm
Estimated maximum distance required for P-LINCS: 1.036 nm
This distance will limit the DD cell size, you can override this with -rcon
Scaling the initial minimum size with 1/0.8 (option -dds) = 1.25
Guess for relative PME load: 0.78
Using 0 separate PME ranks, as guessed by mdrun
Optimizing the DD grid for 32 cells with a minimum initial size of 1.295 nm
The maximum allowed number of cells is: X 23 Y 23 Z 23
Domain decomposition grid 16 x 2 x 1, separate PME ranks 0
PME domain decomposition: 16 x 2 x 1
Domain decomposition rank 0, coordinates 0 0 0

The initial number of communication pulses is: X 1 Y 1
The initial domain decomposition cell size is: X 1.90 nm Y 15.23 nm

The maximum allowed distance for atoms involved in interactions is:
                 non-bonded interactions           1.058 nm
(the following are initial values, they could change due to box deformation)
            two-body bonded interactions  (-rdd)   1.058 nm
          multi-body bonded interactions  (-rdd)   1.058 nm
  atoms separated by up to 5 constraints  (-rcon)  1.904 nm

When dynamic load balancing gets turned on, these settings will change to:
The maximum number of communication pulses is: X 1 Y 1
The minimum size for domain decomposition cells is 1.058 nm
The requested allowed shrink of DD cells (option -dds) is: 0.80
The allowed shrink of domain decomposition cells is: X 0.56 Y 0.07
The maximum allowed distance for atoms involved in interactions is:
                 non-bonded interactions           1.058 nm
            two-body bonded interactions  (-rdd)   1.058 nm
          multi-body bonded interactions  (-rdd)   1.058 nm
  atoms separated by up to 5 constraints  (-rcon)  1.058 nm

Using 32 MPI threads
Using 1 OpenMP thread per tMPI thread

Pinning threads with an auto-selected logical core stride of 1
System total charge: 430.000
Will do PME sum in reciprocal space for electrostatic interactions.

++++ PLEASE READ AND CITE THE FOLLOWING REFERENCE ++++
U. Essmann, L. Perera, M. L. Berkowitz, T. Darden, H. Lee and L. G. Pedersen 
A smooth particle mesh Ewald method
J. Chem. Phys. 103 (1995) pp. 8577-8592
-------- -------- --- Thank You --- -------- --------

Using a Gaussian width (1/beta) of 0.320163 nm for Ewald
Potential shift: LJ r^-12: -1.000e+00 r^-6: -1.000e+00, Ewald -1.000e-05
Initialized non-bonded Ewald tables, spacing: 9.33e-04 size: 1073

Long Range LJ corr.: <C6> 2.1555e-01


Using SIMD 4x4 nonbonded short-range kernels

Using a dual 4x4 pair-list setup updated with dynamic pruning:
  outer list: updated every 100 steps, buffer 0.058 nm, rlist 1.058 nm
  inner list: updated every  16 steps, buffer 0.001 nm, rlist 1.001 nm
At tolerance 0.005 kJ/mol/ps per atom, equivalent classical 1x1 list would be:
  outer list: updated every 100 steps, buffer 0.099 nm, rlist 1.099 nm
  inner list: updated every  16 steps, buffer 0.009 nm, rlist 1.009 nm

Using full Lennard-Jones parameter combination matrix

Initializing Parallel LINear Constraint Solver

++++ PLEASE READ AND CITE THE FOLLOWING REFERENCE ++++
B. Hess
P-LINCS: A Parallel Linear Constraint Solver for molecular simulation
J. Chem. Theory Comput. 4 (2008) pp. 116-122
-------- -------- --- Thank You --- -------- --------

The number of constraints is 254
There are constraints between atoms in different decomposition domains,
will communicate selected coordinates each lincs iteration
90 constraints are involved in constraint triangles,
will apply an additional matrix expansion of order 4 for couplings
between constraints inside triangles

Linking all bonded interactions to atoms


Intra-simulation communication will occur every 10 steps.

++++ PLEASE READ AND CITE THE FOLLOWING REFERENCE ++++
G. Bussi, D. Donadio and M. Parrinello
Canonical sampling through velocity rescaling
J. Chem. Phys. 126 (2007) pp. 014101
-------- -------- --- Thank You --- -------- --------

There are: 251106 Atoms
Atom distribution over 32 domains: av 7847 stddev 44 min 7791 max 7935
Center of mass motion removal mode is Linear
We have the following groups for center of mass motion removal:
  0:  rest

Started mdrun on rank 0 Wed Jun 26 19:45:29 2024

           Step           Time
              0        0.00000

   Energies (kJ/mol)
           Bond          Angle       G96Angle    Proper Dih.  Improper Dih.
    8.11605e+02    5.58682e+02    1.58770e+03    3.24592e+02    7.38100e+02
        LJ (SR)  Disper. corr.   Coulomb (SR)   Coul. recip.      Potential
   -6.56196e+06   -1.98609e+06   -1.75404e+05    1.46051e+05   -8.57338e+06
    Kinetic En.   Total Energy  Conserved En.    Temperature Pres. DC (bar)
    9.40673e+05   -7.63271e+06   -7.63101e+06    3.00472e+02   -1.18209e+03
 Pressure (bar)   Constr. rmsd
    1.68639e+01    3.99152e-06


DD  step 99 load imb.: force 12.3%

DD  step 4999 load imb.: force  9.4%
           Step           Time
           5000       10.00000

   Energies (kJ/mol)
           Bond          Angle       G96Angle    Proper Dih.  Improper Dih.
    7.75107e+02    5.52305e+02    1.59071e+03    3.43024e+02    7.36508e+02
        LJ (SR)  Disper. corr.   Coulomb (SR)   Coul. recip.      Potential
   -6.57588e+06   -1.98757e+06   -1.75750e+05    1.35909e+05   -8.59929e+06
    Kinetic En.   Total Energy  Conserved En.    Temperature Pres. DC (bar)
    9.38217e+05   -7.66107e+06   -7.64788e+06    2.99688e+02   -1.18382e+03
 Pressure (bar)   Constr. rmsd
   -1.36716e+01    3.62827e-06


DD  step 9999 load imb.: force 12.1%
           Step           Time
          10000       20.00000

   Energies (kJ/mol)
           Bond          Angle       G96Angle    Proper Dih.  Improper Dih.
    6.94628e+02    4.74680e+02    1.70496e+03    3.48803e+02    6.74425e+02
        LJ (SR)  Disper. corr.   Coulomb (SR)   Coul. recip.      Potential
   -6.57931e+06   -1.98939e+06   -1.75836e+05    1.30716e+05   -8.60992e+06
    Kinetic En.   Total Energy  Conserved En.    Temperature Pres. DC (bar)
    9.37121e+05   -7.67280e+06   -7.66473e+06    2.99338e+02   -1.18597e+03
 Pressure (bar)   Constr. rmsd
    3.41113e-01    3.79074e-06


DD  step 14999 load imb.: force 16.3%
           Step           Time
          15000       30.00000

   Energies (kJ/mol)
           Bond          Angle       G96Angle    Proper Dih.  Improper Dih.
    5.69831e+02    5.12097e+02    1.53856e+03    3.64148e+02    5.72995e+02
        LJ (SR)  Disper. corr.   Coulomb (SR)   Coul. recip.      Potential
   -6.58291e+06   -1.99016e+06   -1.76065e+05    1.26457e+05   -8.61912e+06
    Kinetic En.   Total Energy  Conserved En.    Temperature Pres. DC (bar)
    9.39198e+05   -7.67993e+06   -7.68156e+06    3.00001e+02   -1.18688e+03
 Pressure (bar)   Constr. rmsd
   -3.43902e-01    3.82814e-06


DD  step 19999 load imb.: force 12.0%
           Step           Time
          20000       40.00000

   Energies (kJ/mol)
           Bond          Angle       G96Angle    Proper Dih.  Improper Dih.
    5.34365e+02    4.62377e+02    1.54621e+03    3.86904e+02    5.88960e+02
        LJ (SR)  Disper. corr.   Coulomb (SR)   Coul. recip.      Potential
   -6.58130e+06   -1.98995e+06   -1.76116e+05    1.23567e+05   -8.62027e+06
    Kinetic En.   Total Energy  Conserved En.    Temperature Pres. DC (bar)
    9.38180e+05   -7.68209e+06   -7.69838e+06    2.99676e+02   -1.18662e+03
 Pressure (bar)   Constr. rmsd
    4.23690e+00    3.63570e-06


DD  step 24999 load imb.: force 20.2%
           Step           Time
          25000       50.00000

   Energies (kJ/mol)
           Bond          Angle       G96Angle    Proper Dih.  Improper Dih.
    5.27453e+02    4.61897e+02    1.53814e+03    3.80924e+02    6.17665e+02
        LJ (SR)  Disper. corr.   Coulomb (SR)   Coul. recip.      Potential
   -6.58032e+06   -1.98998e+06   -1.76291e+05    1.20533e+05   -8.62254e+06
    Kinetic En.   Total Energy  Conserved En.    Temperature Pres. DC (bar)
    9.35894e+05   -7.68664e+06   -7.71520e+06    2.98946e+02   -1.18667e+03
 Pressure (bar)   Constr. rmsd
    6.36966e+00    3.95874e-06


DD  step 29999 load imb.: force 11.4%
           Step           Time
          30000       60.00000

   Energies (kJ/mol)
           Bond          Angle       G96Angle    Proper Dih.  Improper Dih.
    6.13552e+02    4.71464e+02    1.51931e+03    3.78802e+02    5.48880e+02
        LJ (SR)  Disper. corr.   Coulomb (SR)   Coul. recip.      Potential
   -6.57973e+06   -1.99005e+06   -1.76498e+05    1.17232e+05   -8.62552e+06
    Kinetic En.   Total Energy  Conserved En.    Temperature Pres. DC (bar)
    9.40850e+05   -7.68467e+06   -7.73205e+06    3.00529e+02   -1.18675e+03
 Pressure (bar)   Constr. rmsd
    7.48886e+00    3.58616e-06


DD  step 34999 load imb.: force 12.0%
           Step           Time
          35000       70.00000

   Energies (kJ/mol)
           Bond          Angle       G96Angle    Proper Dih.  Improper Dih.
    5.45325e+02    4.62194e+02    1.53732e+03    3.76635e+02    5.71404e+02
        LJ (SR)  Disper. corr.   Coulomb (SR)   Coul. recip.      Potential
   -6.58369e+06   -1.99074e+06   -1.76490e+05    1.15538e+05   -8.63188e+06
    Kinetic En.   Total Energy  Conserved En.    Temperature Pres. DC (bar)
    9.38228e+05   -7.69366e+06   -7.74886e+06    2.99691e+02   -1.18755e+03
 Pressure (bar)   Constr. rmsd
    4.68703e+00    3.54229e-06


DD  step 39999 load imb.: force 23.3%
           Step           Time
          40000       80.00000

   Energies (kJ/mol)
           Bond          Angle       G96Angle    Proper Dih.  Improper Dih.
    4.73823e+02    4.65257e+02    1.53016e+03    3.25143e+02    5.50621e+02
        LJ (SR)  Disper. corr.   Coulomb (SR)   Coul. recip.      Potential
   -6.58409e+06   -1.99024e+06   -1.76610e+05    1.13914e+05   -8.63368e+06
    Kinetic En.   Total Energy  Conserved En.    Temperature Pres. DC (bar)
    9.37702e+05   -7.69598e+06   -7.76566e+06    2.99523e+02   -1.18696e+03
 Pressure (bar)   Constr. rmsd
   -4.50898e+00    4.14403e-06


DD  step 44999 load imb.: force 19.1%
           Step           Time
          45000       90.00000

   Energies (kJ/mol)
           Bond          Angle       G96Angle    Proper Dih.  Improper Dih.
    4.74117e+02    4.19814e+02    1.50283e+03    3.60289e+02    5.90989e+02
        LJ (SR)  Disper. corr.   Coulomb (SR)   Coul. recip.      Potential
   -6.58226e+06   -1.99134e+06   -1.76618e+05    1.12271e+05   -8.63460e+06
    Kinetic En.   Total Energy  Conserved En.    Temperature Pres. DC (bar)
    9.38567e+05   -7.69603e+06   -7.78250e+06    2.99799e+02   -1.18826e+03
 Pressure (bar)   Constr. rmsd
    1.82640e+01    3.53544e-06


DD  step 49999 load imb.: force  6.3%
           Step           Time
          50000      100.00000

Writing checkpoint, step 50000 at Wed Jun 26 19:58:15 2024


   Energies (kJ/mol)
           Bond          Angle       G96Angle    Proper Dih.  Improper Dih.
    5.57742e+02    4.79325e+02    1.47372e+03    3.46556e+02    5.33916e+02
        LJ (SR)  Disper. corr.   Coulomb (SR)   Coul. recip.      Potential
   -6.58375e+06   -1.99093e+06   -1.76714e+05    1.10824e+05   -8.63718e+06
    Kinetic En.   Total Energy  Conserved En.    Temperature Pres. DC (bar)
    9.37149e+05   -7.70003e+06   -7.79931e+06    2.99346e+02   -1.18778e+03
 Pressure (bar)   Constr. rmsd
    5.53510e+00    3.63629e-06


Energy conservation over simulation part #1 of length 100 ns, time 0 to 100 ns
  Conserved energy drift: -6.70e-03 kJ/mol/ps per atom


	<======  ###############  ==>
	<====  A V E R A G E S  ====>
	<==  ###############  ======>

	Statistics over 50001 steps using 501 frames

   Energies (kJ/mol)
           Bond          Angle       G96Angle    Proper Dih.  Improper Dih.
    5.70049e+02    4.78972e+02    1.53398e+03    3.60882e+02    6.08196e+02
        LJ (SR)  Disper. corr.   Coulomb (SR)   Coul. recip.      Potential
   -6.58164e+06   -1.98990e+06   -1.76233e+05    1.22363e+05   -8.62186e+06
    Kinetic En.   Total Energy  Conserved En.    Temperature Pres. DC (bar)
    9.39049e+05   -7.68282e+06   -7.71520e+06    2.99953e+02   -1.18657e+03
 Pressure (bar)   Constr. rmsd
    3.67251e-01    0.00000e+00

          Box-X          Box-Y          Box-Z
    3.04475e+01    3.04475e+01    3.04475e+01

   Total Virial (kJ/mol)
    3.11959e+05   -1.96563e+03    1.16776e+03
   -1.96563e+03    3.13701e+05   -4.57565e+02
    1.16771e+03   -4.57575e+02    3.12457e+05

   Pressure (bar)
    1.34067e+00    2.25071e+00   -1.43213e+00
    2.25072e+00   -8.28282e-01    5.67341e-01
   -1.43206e+00    5.67353e-01    5.89367e-01


	M E G A - F L O P S   A C C O U N T I N G

 NB=Group-cutoff nonbonded kernels    NxN=N-by-N cluster Verlet kernels
 RF=Reaction-Field  VdW=Van der Waals  QSTab=quadratic-spline table
 W3=SPC/TIP3p  W4=TIP4p (single or pairs)
 V&F=Potential and force  V=Potential only  F=Force only

 Computing:                               M-Number         M-Flops  % Flops
-----------------------------------------------------------------------------
 Pair Search distance check           13445.640478      121010.764     0.1
 NxN QSTab Elec. + LJ [F]              9924.337368      406897.832     0.2
 NxN QSTab Elec. + LJ [V&F]             100.443944        5926.193     0.0
 NxN LJ [F]                          931578.324336    30742084.703    18.2
 NxN LJ [V&F]                          9428.704944      405434.313     0.2
 NxN QSTab Elec. [F]                     16.656552         566.323     0.0
 NxN QSTab Elec. [V&F]                    0.168792           6.920     0.0
 Calc Weights                         37666.653318     1355999.519     0.8
 Spread Q Bspline                    803555.270784     1607110.542     1.0
 Gather F Bspline                    803555.270784     4821331.625     2.9
 3D-FFT                            16105976.313084   128847810.505    76.4
 Solve PME                             3686.473728      235934.319     0.1
 Reset In Box                           125.553000         376.659     0.0
 CG-CoM                                 125.804106         377.412     0.0
 Bonds                                   16.150323         952.869     0.0
 Angles                                  37.350747        6274.925     0.0
 Propers                                 10.500210        2404.548     0.0
 Impropers                               14.050281        2922.458     0.0
 Virial                                1262.982546       22733.686     0.0
 Stop-CM                                125.804106        1258.041     0.0
 Calc-Ekin                             2511.562212       67812.180     0.0
 Lincs                                   13.978274         838.696     0.0
 Lincs-Mat                              205.986408         823.946     0.0
 Constraint-V                            27.956548         251.609     0.0
 Constraint-Vir                           1.398074          33.554     0.0
-----------------------------------------------------------------------------
 Total                                               168657174.141   100.0
-----------------------------------------------------------------------------


    D O M A I N   D E C O M P O S I T I O N   S T A T I S T I C S

 av. #atoms communicated per step for force:  2 x 164680.1
 av. #atoms communicated per step for LINCS:  2 x 25.5


Dynamic load balancing report:
 DLB was off during the run due to low measured imbalance.
 Average load imbalance: 12.8%.
 The balanceable part of the MD step is 13%, load imbalance is computed from this.
 Part of the total run time spent waiting due to load imbalance: 1.7%.


     R E A L   C Y C L E   A N D   T I M E   A C C O U N T I N G

On 32 MPI ranks

 Computing:          Num   Num      Call    Wall time         Giga-Cycles
                     Ranks Threads  Count      (s)         total sum    %
-----------------------------------------------------------------------------
 Domain decomp.        32    1        500       2.267        175.478   0.3
 DD comm. load         32    1        500       0.118          9.144   0.0
 Neighbor search       32    1        501       2.327        180.133   0.3
 Comm. coord.          32    1      49500      13.866       1073.434   1.8
 Force                 32    1      50001      74.154       5740.624   9.7
 Wait + Comm. F        32    1      50001      14.527       1124.630   1.9
 PME mesh              32    1      50001     635.089      49165.008  82.9
 NB X/F buffer ops.    32    1     149001       6.076        470.332   0.8
 Write traj.           32    1         11       0.129          9.973   0.0
 Update                32    1      50001       6.216        481.201   0.8
 Constraints           32    1      50001       1.766        136.688   0.2
 Comm. energies        32    1       5001       7.966        616.682   1.0
 Rest                                           1.907        147.661   0.2
-----------------------------------------------------------------------------
 Total                                        766.408      59330.989 100.0
-----------------------------------------------------------------------------
 Breakdown of PME mesh computation
-----------------------------------------------------------------------------
 PME redist. X/F       32    1     100002      99.275       7685.348  13.0
 PME spread            32    1      50001      94.124       7286.573  12.3
 PME gather            32    1      50001      49.573       3837.681   6.5
 PME 3D-FFT            32    1     100002     209.959      16253.852  27.4
 PME 3D-FFT Comm.      32    1     200004     156.607      12123.606  20.4
 PME solve Elec        32    1      50001      25.177       1949.094   3.3
-----------------------------------------------------------------------------

               Core t (s)   Wall t (s)        (%)
       Time:    24525.033      766.408     3200.0
                 (ns/day)    (hour/ns)
Performance:       11.274        2.129
Finished mdrun on rank 0 Wed Jun 26 19:58:16 2024

