              :-) GROMACS - gmx mdrun, 2021.4-Ubuntu-2021.4-2 (-:

                            GROMACS is written by:
     Andrey Alekseenko              Emile Apol              Rossen Apostolov     
         Paul Bauer           Herman J.C. Berendsen           Par Bjelkmar       
       Christian Blau           Viacheslav Bolnykh             Kevin Boyd        
     Aldert van Buuren           Rudi van Drunen             Anton Feenstra      
    Gilles Gouaillardet             Alan Gray               Gerrit Groenhof      
       Anca Hamuraru            Vincent Hindriksen          M. Eric Irrgang      
      Aleksei Iupinov           Christoph Junghans             Joe Jordan        
    Dimitrios Karkoulis            Peter Kasson                Jiri Kraus        
      Carsten Kutzner              Per Larsson              Justin A. Lemkul     
       Viveca Lindahl            Magnus Lundborg             Erik Marklund       
        Pascal Merz             Pieter Meulenhoff            Teemu Murtola       
        Szilard Pall               Sander Pronk              Roland Schulz       
       Michael Shirts            Alexey Shvetsov             Alfons Sijbers      
       Peter Tieleman              Jon Vincent              Teemu Virolainen     
     Christian Wennberg            Maarten Wolf              Artem Zhmurov       
                           and the project leaders:
        Mark Abraham, Berk Hess, Erik Lindahl, and David van der Spoel

Copyright (c) 1991-2000, University of Groningen, The Netherlands.
Copyright (c) 2001-2019, The GROMACS development team at
Uppsala University, Stockholm University and
the Royal Institute of Technology, Sweden.
check out http://www.gromacs.org for more information.

GROMACS is free software; you can redistribute it and/or modify it
under the terms of the GNU Lesser General Public License
as published by the Free Software Foundation; either version 2.1
of the License, or (at your option) any later version.

GROMACS:      gmx mdrun, version 2021.4-Ubuntu-2021.4-2
Executable:   /usr/bin/gmx
Data prefix:  /usr
Working dir:  /home/1-polyply-gromacs/data/17/gromacs
Process ID:   1214688
Command line:
  gmx mdrun -v -deffnm 04-md

GROMACS version:    2021.4-Ubuntu-2021.4-2
Precision:          mixed
Memory model:       64 bit
MPI library:        thread_mpi
OpenMP support:     enabled (GMX_OPENMP_MAX_THREADS = 64)
GPU support:        disabled
SIMD instructions:  SSE4.1
FFT library:        fftw-3.3.8-sse2-avx
RDTSCP usage:       enabled
TNG support:        enabled
Hwloc support:      hwloc-2.5.0
Tracing support:    disabled
C compiler:         /usr/bin/cc GNU 11.2.0
C compiler flags:   -msse4.1 -Wno-missing-field-initializers -fexcess-precision=fast -funroll-all-loops -O3 -DNDEBUG
C++ compiler:       /usr/bin/c++ GNU 11.2.0
C++ compiler flags: -msse4.1 -Wno-missing-field-initializers -fexcess-precision=fast -funroll-all-loops -fopenmp -O3 -DNDEBUG


Running on 1 node with total 16 cores, 32 logical cores
Hardware detected:
  CPU info:
    Vendor: Intel
    Brand:  Intel(R) Core(TM) i9-14900HX
    Family: 6   Model: 183   Stepping: 1
    Features: aes apic avx avx2 clfsh cmov cx8 cx16 f16c fma htt intel lahf mmx msr nonstop_tsc pcid pclmuldq pdpe1gb popcnt pse rdrnd rdtscp sha sse2 sse3 sse4.1 sse4.2 ssse3 tdt x2apic
  Hardware topology: Full, with devices
    Sockets, cores, and logical processors:
      Socket  0: [   0   1] [   2   3] [   4   5] [   6   7] [   8   9] [  10  11] [  12  13] [  14  15] [  16  17] [  18  19] [  20  21] [  22  23] [  24  25] [  26  27] [  28  29] [  30  31]
    Numa nodes:
      Node  0 (16657502208 bytes mem):   0   1   2   3   4   5   6   7   8   9  10  11  12  13  14  15  16  17  18  19  20  21  22  23  24  25  26  27  28  29  30  31
      Latency:
               0
         0  1.00
    Caches:
      L1: 49152 bytes, linesize 64 bytes, assoc. 12, shared 2 ways
      L2: 2097152 bytes, linesize 64 bytes, assoc. 16, shared 2 ways
      L3: 37748736 bytes, linesize 64 bytes, assoc. 12, shared 32 ways
    PCI devices:
      4bb2:00:00.0  Id: 1414:008e  Class: 0x0302  Numa: 0
      f034:00:00.0  Id: 1af4:1043  Class: 0x0100  Numa: 0

Highest SIMD level supported by all nodes in run: AVX2_256
SIMD instructions selected at compile time:       SSE4.1
This program was compiled for different hardware than you are running on,
which could influence performance.

++++ PLEASE READ AND CITE THE FOLLOWING REFERENCE ++++
M. J. Abraham, T. Murtola, R. Schulz, S. Páll, J. C. Smith, B. Hess, E.
Lindahl
GROMACS: High performance molecular simulations through multi-level
parallelism from laptops to supercomputers
SoftwareX 1 (2015) pp. 19-25
-------- -------- --- Thank You --- -------- --------


++++ PLEASE READ AND CITE THE FOLLOWING REFERENCE ++++
S. Páll, M. J. Abraham, C. Kutzner, B. Hess, E. Lindahl
Tackling Exascale Software Challenges in Molecular Dynamics Simulations with
GROMACS
In S. Markidis & E. Laure (Eds.), Solving Software Challenges for Exascale 8759 (2015) pp. 3-27
-------- -------- --- Thank You --- -------- --------


++++ PLEASE READ AND CITE THE FOLLOWING REFERENCE ++++
S. Pronk, S. Páll, R. Schulz, P. Larsson, P. Bjelkmar, R. Apostolov, M. R.
Shirts, J. C. Smith, P. M. Kasson, D. van der Spoel, B. Hess, and E. Lindahl
GROMACS 4.5: a high-throughput and highly parallel open source molecular
simulation toolkit
Bioinformatics 29 (2013) pp. 845-54
-------- -------- --- Thank You --- -------- --------


++++ PLEASE READ AND CITE THE FOLLOWING REFERENCE ++++
B. Hess and C. Kutzner and D. van der Spoel and E. Lindahl
GROMACS 4: Algorithms for highly efficient, load-balanced, and scalable
molecular simulation
J. Chem. Theory Comput. 4 (2008) pp. 435-447
-------- -------- --- Thank You --- -------- --------


++++ PLEASE READ AND CITE THE FOLLOWING REFERENCE ++++
D. van der Spoel, E. Lindahl, B. Hess, G. Groenhof, A. E. Mark and H. J. C.
Berendsen
GROMACS: Fast, Flexible and Free
J. Comp. Chem. 26 (2005) pp. 1701-1719
-------- -------- --- Thank You --- -------- --------


++++ PLEASE READ AND CITE THE FOLLOWING REFERENCE ++++
E. Lindahl and B. Hess and D. van der Spoel
GROMACS 3.0: A package for molecular simulation and trajectory analysis
J. Mol. Mod. 7 (2001) pp. 306-317
-------- -------- --- Thank You --- -------- --------


++++ PLEASE READ AND CITE THE FOLLOWING REFERENCE ++++
H. J. C. Berendsen, D. van der Spoel and R. van Drunen
GROMACS: A message-passing parallel molecular dynamics implementation
Comp. Phys. Comm. 91 (1995) pp. 43-56
-------- -------- --- Thank You --- -------- --------

Input Parameters:
   integrator                     = md
   tinit                          = 0
   dt                             = 0.002
   nsteps                         = 50000
   init-step                      = 0
   simulation-part                = 1
   mts                            = false
   comm-mode                      = Linear
   nstcomm                        = 100
   bd-fric                        = 0
   ld-seed                        = 977108959
   emtol                          = 10
   emstep                         = 0.01
   niter                          = 20
   fcstep                         = 0
   nstcgsteep                     = 1000
   nbfgscorr                      = 10
   rtpi                           = 0.05
   nstxout                        = 5000
   nstvout                        = 5000
   nstfout                        = 0
   nstlog                         = 5000
   nstcalcenergy                  = 100
   nstenergy                      = 5000
   nstxout-compressed             = 0
   compressed-x-precision         = 1000
   cutoff-scheme                  = Verlet
   nstlist                        = 10
   pbc                            = xyz
   periodic-molecules             = false
   verlet-buffer-tolerance        = 0.005
   rlist                          = 1
   coulombtype                    = PME
   coulomb-modifier               = Potential-shift
   rcoulomb-switch                = 0
   rcoulomb                       = 1
   epsilon-r                      = 1
   epsilon-rf                     = inf
   vdw-type                       = Cut-off
   vdw-modifier                   = Potential-shift
   rvdw-switch                    = 0
   rvdw                           = 1
   DispCorr                       = EnerPres
   table-extension                = 1
   fourierspacing                 = 0.16
   fourier-nx                     = 192
   fourier-ny                     = 192
   fourier-nz                     = 192
   pme-order                      = 4
   ewald-rtol                     = 1e-05
   ewald-rtol-lj                  = 0.001
   lj-pme-comb-rule               = Geometric
   ewald-geometry                 = 0
   epsilon-surface                = 0
   tcoupl                         = V-rescale
   nsttcouple                     = 10
   nh-chain-length                = 0
   print-nose-hoover-chain-variables = false
   pcoupl                         = Parrinello-Rahman
   pcoupltype                     = Isotropic
   nstpcouple                     = 10
   tau-p                          = 2
   compressibility (3x3):
      compressibility[    0]={ 4.50000e-05,  0.00000e+00,  0.00000e+00}
      compressibility[    1]={ 0.00000e+00,  4.50000e-05,  0.00000e+00}
      compressibility[    2]={ 0.00000e+00,  0.00000e+00,  4.50000e-05}
   ref-p (3x3):
      ref-p[    0]={ 1.00000e+00,  0.00000e+00,  0.00000e+00}
      ref-p[    1]={ 0.00000e+00,  1.00000e+00,  0.00000e+00}
      ref-p[    2]={ 0.00000e+00,  0.00000e+00,  1.00000e+00}
   refcoord-scaling               = No
   posres-com (3):
      posres-com[0]= 0.00000e+00
      posres-com[1]= 0.00000e+00
      posres-com[2]= 0.00000e+00
   posres-comB (3):
      posres-comB[0]= 0.00000e+00
      posres-comB[1]= 0.00000e+00
      posres-comB[2]= 0.00000e+00
   QMMM                           = false
qm-opts:
   ngQM                           = 0
   constraint-algorithm           = Lincs
   continuation                   = true
   Shake-SOR                      = false
   shake-tol                      = 0.0001
   lincs-order                    = 4
   lincs-iter                     = 1
   lincs-warnangle                = 30
   nwall                          = 0
   wall-type                      = 9-3
   wall-r-linpot                  = -1
   wall-atomtype[0]               = -1
   wall-atomtype[1]               = -1
   wall-density[0]                = 0
   wall-density[1]                = 0
   wall-ewald-zfac                = 3
   pull                           = false
   awh                            = false
   rotation                       = false
   interactiveMD                  = false
   disre                          = No
   disre-weighting                = Conservative
   disre-mixed                    = false
   dr-fc                          = 1000
   dr-tau                         = 0
   nstdisreout                    = 100
   orire-fc                       = 0
   orire-tau                      = 0
   nstorireout                    = 100
   free-energy                    = no
   cos-acceleration               = 0
   deform (3x3):
      deform[    0]={ 0.00000e+00,  0.00000e+00,  0.00000e+00}
      deform[    1]={ 0.00000e+00,  0.00000e+00,  0.00000e+00}
      deform[    2]={ 0.00000e+00,  0.00000e+00,  0.00000e+00}
   simulated-tempering            = false
   swapcoords                     = no
   userint1                       = 0
   userint2                       = 0
   userint3                       = 0
   userint4                       = 0
   userreal1                      = 0
   userreal2                      = 0
   userreal3                      = 0
   userreal4                      = 0
   applied-forces:
     electric-field:
       x:
         E0                       = 0
         omega                    = 0
         t0                       = 0
         sigma                    = 0
       y:
         E0                       = 0
         omega                    = 0
         t0                       = 0
         sigma                    = 0
       z:
         E0                       = 0
         omega                    = 0
         t0                       = 0
         sigma                    = 0
     density-guided-simulation:
       active                     = false
       group                      = protein
       similarity-measure         = inner-product
       atom-spreading-weight      = unity
       force-constant             = 1e+09
       gaussian-transform-spreading-width = 0.2
       gaussian-transform-spreading-range-in-multiples-of-width = 4
       reference-density-filename = reference.mrc
       nst                        = 1
       normalize-densities        = true
       adaptive-force-scaling     = false
       adaptive-force-scaling-time-constant = 4
       shift-vector               = 
       transformation-matrix      = 
grpopts:
   nrdf:      753057
   ref-t:         300
   tau-t:         0.1
annealing:          No
annealing-npoints:           0
   acc:	           0           0           0
   nfreeze:           N           N           N
   energygrp-flags[  0]: 0

Changing nstlist from 10 to 100, rlist from 1 to 1.058


Initializing Domain Decomposition on 32 ranks
Dynamic load balancing: auto
Minimum cell size due to atom displacement: 0.285 nm
Initial maximum distances in bonded interactions:
    two-body bonded interactions: 1.083 nm, Exclusion, atoms 433 438
  multi-body bonded interactions: 0.914 nm, Proper Dih., atoms 34 41
Minimum cell size due to bonded interactions: 1.192 nm
Maximum distance for 5 constraints, at 120 deg. angles, all-trans: 1.036 nm
Estimated maximum distance required for P-LINCS: 1.036 nm
Scaling the initial minimum size with 1/0.8 (option -dds) = 1.25
Guess for relative PME load: 0.78
Using 0 separate PME ranks, as guessed by mdrun
Optimizing the DD grid for 32 cells with a minimum initial size of 1.490 nm
The maximum allowed number of cells is: X 20 Y 20 Z 20
Domain decomposition grid 16 x 2 x 1, separate PME ranks 0
PME domain decomposition: 16 x 2 x 1
Domain decomposition rank 0, coordinates 0 0 0

The initial number of communication pulses is: X 1 Y 1
The initial domain decomposition cell size is: X 1.90 nm Y 15.23 nm

The maximum allowed distance for atoms involved in interactions is:
                 non-bonded interactions           1.058 nm
(the following are initial values, they could change due to box deformation)
            two-body bonded interactions  (-rdd)   1.523 nm
          multi-body bonded interactions  (-rdd)   1.523 nm
  atoms separated by up to 5 constraints  (-rcon)  1.904 nm

When dynamic load balancing gets turned on, these settings will change to:
The maximum number of communication pulses is: X 1 Y 1
The minimum size for domain decomposition cells is 1.523 nm
The requested allowed shrink of DD cells (option -dds) is: 0.80
The allowed shrink of domain decomposition cells is: X 0.80 Y 0.10
The maximum allowed distance for atoms involved in interactions is:
                 non-bonded interactions           1.058 nm
            two-body bonded interactions  (-rdd)   1.523 nm
          multi-body bonded interactions  (-rdd)   1.523 nm
  atoms separated by up to 5 constraints  (-rcon)  1.523 nm

Using 32 MPI threads
Using 1 OpenMP thread per tMPI thread

Pinning threads with an auto-selected logical core stride of 1
System total charge: 430.000
Will do PME sum in reciprocal space for electrostatic interactions.

++++ PLEASE READ AND CITE THE FOLLOWING REFERENCE ++++
U. Essmann, L. Perera, M. L. Berkowitz, T. Darden, H. Lee and L. G. Pedersen 
A smooth particle mesh Ewald method
J. Chem. Phys. 103 (1995) pp. 8577-8592
-------- -------- --- Thank You --- -------- --------

Using a Gaussian width (1/beta) of 0.320163 nm for Ewald
Potential shift: LJ r^-12: -1.000e+00 r^-6: -1.000e+00, Ewald -1.000e-05
Initialized non-bonded Ewald tables, spacing: 9.33e-04 size: 1073

Long Range LJ corr.: <C6> 2.1555e-01


Using SIMD 4x4 nonbonded short-range kernels

Using a dual 4x4 pair-list setup updated with dynamic pruning:
  outer list: updated every 100 steps, buffer 0.058 nm, rlist 1.058 nm
  inner list: updated every  16 steps, buffer 0.001 nm, rlist 1.001 nm
At tolerance 0.005 kJ/mol/ps per atom, equivalent classical 1x1 list would be:
  outer list: updated every 100 steps, buffer 0.099 nm, rlist 1.099 nm
  inner list: updated every  16 steps, buffer 0.009 nm, rlist 1.009 nm

Using full Lennard-Jones parameter combination matrix

Initializing Parallel LINear Constraint Solver

++++ PLEASE READ AND CITE THE FOLLOWING REFERENCE ++++
B. Hess
P-LINCS: A Parallel Linear Constraint Solver for molecular simulation
J. Chem. Theory Comput. 4 (2008) pp. 116-122
-------- -------- --- Thank You --- -------- --------

The number of constraints is 252
There are constraints between atoms in different decomposition domains,
will communicate selected coordinates each lincs iteration
96 constraints are involved in constraint triangles,
will apply an additional matrix expansion of order 4 for couplings
between constraints inside triangles

Linking all bonded interactions to atoms


Intra-simulation communication will occur every 10 steps.

++++ PLEASE READ AND CITE THE FOLLOWING REFERENCE ++++
G. Bussi, D. Donadio and M. Parrinello
Canonical sampling through velocity rescaling
J. Chem. Phys. 126 (2007) pp. 014101
-------- -------- --- Thank You --- -------- --------

There are: 251104 Atoms
Atom distribution over 32 domains: av 7847 stddev 22 min 7799 max 7879
Center of mass motion removal mode is Linear
We have the following groups for center of mass motion removal:
  0:  rest

Started mdrun on rank 0 Tue Jul  2 02:09:09 2024

           Step           Time
              0        0.00000

   Energies (kJ/mol)
           Bond          Angle       G96Angle    Proper Dih.  Improper Dih.
    7.16152e+02    6.05955e+02    1.87116e+03    3.75827e+02    6.92150e+02
        LJ (SR)  Disper. corr.   Coulomb (SR)   Coul. recip.      Potential
   -6.56446e+06   -1.98567e+06   -1.75550e+05    1.43353e+05   -8.57807e+06
    Kinetic En.   Total Energy  Conserved En.    Temperature Pres. DC (bar)
    9.38960e+05   -7.63911e+06   -7.63740e+06    2.99927e+02   -1.18161e+03
 Pressure (bar)   Constr. rmsd
    1.13793e-01    3.40250e-06


DD  step 99 load imb.: force 43.1%

step 300 Turning on dynamic load balancing, because the performance loss due to load imbalance is 4.2 %.

DD  load balancing is limited by minimum cell size in dimension X
DD  step 4999  vol min/aver 0.555! load imb.: force 35.1%
           Step           Time
           5000       10.00000

   Energies (kJ/mol)
           Bond          Angle       G96Angle    Proper Dih.  Improper Dih.
    6.36653e+02    4.85351e+02    1.51823e+03    4.05568e+02    7.14274e+02
        LJ (SR)  Disper. corr.   Coulomb (SR)   Coul. recip.      Potential
   -6.58106e+06   -1.98912e+06   -1.75707e+05    1.36252e+05   -8.60587e+06
    Kinetic En.   Total Energy  Conserved En.    Temperature Pres. DC (bar)
    9.34477e+05   -7.67140e+06   -7.65532e+06    2.98495e+02   -1.18566e+03
 Pressure (bar)   Constr. rmsd
   -5.84784e+00    3.12060e-06


DD  load balancing is limited by minimum cell size in dimension X
DD  step 9999  vol min/aver 0.663! load imb.: force 72.5%
           Step           Time
          10000       20.00000

   Energies (kJ/mol)
           Bond          Angle       G96Angle    Proper Dih.  Improper Dih.
    6.04790e+02    4.74123e+02    1.54013e+03    4.01914e+02    7.43502e+02
        LJ (SR)  Disper. corr.   Coulomb (SR)   Coul. recip.      Potential
   -6.58458e+06   -1.99002e+06   -1.75962e+05    1.29574e+05   -8.61723e+06
    Kinetic En.   Total Energy  Conserved En.    Temperature Pres. DC (bar)
    9.39692e+05   -7.67753e+06   -7.67336e+06    3.00160e+02   -1.18673e+03
 Pressure (bar)   Constr. rmsd
   -7.74365e+00    3.13896e-06


DD  load balancing is limited by minimum cell size in dimension X
DD  step 14999  vol min/aver 0.508! load imb.: force 33.1%
           Step           Time
          15000       30.00000

   Energies (kJ/mol)
           Bond          Angle       G96Angle    Proper Dih.  Improper Dih.
    5.77843e+02    4.64810e+02    1.47650e+03    4.05010e+02    6.49156e+02
        LJ (SR)  Disper. corr.   Coulomb (SR)   Coul. recip.      Potential
   -6.58628e+06   -1.99024e+06   -1.76060e+05    1.25854e+05   -8.62315e+06
    Kinetic En.   Total Energy  Conserved En.    Temperature Pres. DC (bar)
    9.39980e+05   -7.68317e+06   -7.69127e+06    3.00252e+02   -1.18698e+03
 Pressure (bar)   Constr. rmsd
   -8.85390e+00    3.27016e-06


DD  load balancing is limited by minimum cell size in dimension X
DD  step 19999  vol min/aver 0.558! load imb.: force 56.9%
           Step           Time
          20000       40.00000

   Energies (kJ/mol)
           Bond          Angle       G96Angle    Proper Dih.  Improper Dih.
    4.96737e+02    4.38769e+02    1.46325e+03    4.02846e+02    6.95867e+02
        LJ (SR)  Disper. corr.   Coulomb (SR)   Coul. recip.      Potential
   -6.58579e+06   -1.99011e+06   -1.76218e+05    1.21834e+05   -8.62679e+06
    Kinetic En.   Total Energy  Conserved En.    Temperature Pres. DC (bar)
    9.37196e+05   -7.68959e+06   -7.70912e+06    2.99363e+02   -1.18683e+03
 Pressure (bar)   Constr. rmsd
   -1.28411e+01    3.55570e-06


DD  load balancing is limited by minimum cell size in dimension X
DD  step 24999  vol min/aver 0.381! load imb.: force 35.5%
           Step           Time
          25000       50.00000

   Energies (kJ/mol)
           Bond          Angle       G96Angle    Proper Dih.  Improper Dih.
    4.74719e+02    4.69191e+02    1.54462e+03    4.41516e+02    5.85462e+02
        LJ (SR)  Disper. corr.   Coulomb (SR)   Coul. recip.      Potential
   -6.58439e+06   -1.98985e+06   -1.76338e+05    1.19024e+05   -8.62803e+06
    Kinetic En.   Total Energy  Conserved En.    Temperature Pres. DC (bar)
    9.37342e+05   -7.69069e+06   -7.72700e+06    2.99410e+02   -1.18652e+03
 Pressure (bar)   Constr. rmsd
   -9.64836e+00    3.35390e-06


DD  load balancing is limited by minimum cell size in dimension X
DD  step 29999  vol min/aver 0.543! load imb.: force 30.3%
           Step           Time
          30000       60.00000

   Energies (kJ/mol)
           Bond          Angle       G96Angle    Proper Dih.  Improper Dih.
    4.74626e+02    4.48748e+02    1.63040e+03    4.37944e+02    6.03807e+02
        LJ (SR)  Disper. corr.   Coulomb (SR)   Coul. recip.      Potential
   -6.58731e+06   -1.99166e+06   -1.76444e+05    1.16652e+05   -8.63517e+06
    Kinetic En.   Total Energy  Conserved En.    Temperature Pres. DC (bar)
    9.38321e+05   -7.69685e+06   -7.74486e+06    2.99722e+02   -1.18866e+03
 Pressure (bar)   Constr. rmsd
    5.84278e+00    3.50146e-06

Writing checkpoint, step 32000 at Tue Jul  2 02:24:10 2024



DD  load balancing is limited by minimum cell size in dimension X
DD  step 34999  vol min/aver 0.425! load imb.: force 42.7%
           Step           Time
          35000       70.00000

   Energies (kJ/mol)
           Bond          Angle       G96Angle    Proper Dih.  Improper Dih.
    5.15304e+02    4.34220e+02    1.44250e+03    4.64997e+02    6.16615e+02
        LJ (SR)  Disper. corr.   Coulomb (SR)   Coul. recip.      Potential
   -6.58920e+06   -1.99187e+06   -1.76560e+05    1.14337e+05   -8.63982e+06
    Kinetic En.   Total Energy  Conserved En.    Temperature Pres. DC (bar)
    9.40005e+05   -7.69981e+06   -7.76270e+06    3.00260e+02   -1.18890e+03
 Pressure (bar)   Constr. rmsd
    4.77674e+00    3.54213e-06


DD  load balancing is limited by minimum cell size in dimension X
DD  step 39999  vol min/aver 0.430! load imb.: force 31.6%
           Step           Time
          40000       80.00000

   Energies (kJ/mol)
           Bond          Angle       G96Angle    Proper Dih.  Improper Dih.
    5.02382e+02    4.24578e+02    1.52008e+03    4.24169e+02    5.34073e+02
        LJ (SR)  Disper. corr.   Coulomb (SR)   Coul. recip.      Potential
   -6.58606e+06   -1.99097e+06   -1.76620e+05    1.12638e+05   -8.63761e+06
    Kinetic En.   Total Energy  Conserved En.    Temperature Pres. DC (bar)
    9.35216e+05   -7.70239e+06   -7.78060e+06    2.98731e+02   -1.18784e+03
 Pressure (bar)   Constr. rmsd
   -3.17764e+00    3.52367e-06


DD  step 44999  vol min/aver 0.644  load imb.: force 42.4%
           Step           Time
          45000       90.00000

   Energies (kJ/mol)
           Bond          Angle       G96Angle    Proper Dih.  Improper Dih.
    4.86146e+02    4.46070e+02    1.45240e+03    4.30113e+02    6.27006e+02
        LJ (SR)  Disper. corr.   Coulomb (SR)   Coul. recip.      Potential
   -6.58351e+06   -1.99116e+06   -1.76768e+05    1.11196e+05   -8.63680e+06
    Kinetic En.   Total Energy  Conserved En.    Temperature Pres. DC (bar)
    9.37538e+05   -7.69926e+06   -7.79855e+06    2.99472e+02   -1.18807e+03
 Pressure (bar)   Constr. rmsd
    1.19780e+01    3.44666e-06


DD  load balancing is limited by minimum cell size in dimension X
DD  step 49999  vol min/aver 0.528! load imb.: force 64.0%
           Step           Time
          50000      100.00000

Writing checkpoint, step 50000 at Tue Jul  2 02:32:37 2024


   Energies (kJ/mol)
           Bond          Angle       G96Angle    Proper Dih.  Improper Dih.
    4.81032e+02    4.66119e+02    1.39832e+03    4.43798e+02    5.74950e+02
        LJ (SR)  Disper. corr.   Coulomb (SR)   Coul. recip.      Potential
   -6.58421e+06   -1.99114e+06   -1.76796e+05    1.09981e+05   -8.63880e+06
    Kinetic En.   Total Energy  Conserved En.    Temperature Pres. DC (bar)
    9.39011e+05   -7.69979e+06   -7.81655e+06    2.99943e+02   -1.18805e+03
 Pressure (bar)   Constr. rmsd
    1.02565e+01    3.16401e-06


Energy conservation over simulation part #1 of length 100 ns, time 0 to 100 ns
  Conserved energy drift: -7.13e-03 kJ/mol/ps per atom


	<======  ###############  ==>
	<====  A V E R A G E S  ====>
	<==  ###############  ======>

	Statistics over 50001 steps using 501 frames

   Energies (kJ/mol)
           Bond          Angle       G96Angle    Proper Dih.  Improper Dih.
    5.43008e+02    4.82407e+02    1.52551e+03    4.21868e+02    6.33087e+02
        LJ (SR)  Disper. corr.   Coulomb (SR)   Coul. recip.      Potential
   -6.58296e+06   -1.99022e+06   -1.76297e+05    1.21351e+05   -8.62452e+06
    Kinetic En.   Total Energy  Conserved En.    Temperature Pres. DC (bar)
    9.39021e+05   -7.68550e+06   -7.72697e+06    2.99946e+02   -1.18697e+03
 Pressure (bar)   Constr. rmsd
    1.54072e-01    0.00000e+00

          Box-X          Box-Y          Box-Z
    3.04457e+01    3.04457e+01    3.04457e+01

   Total Virial (kJ/mol)
    3.13520e+05   -3.98715e+02   -1.77445e+02
   -3.98718e+02    3.12859e+05    3.85176e+02
   -1.77476e+02    3.85150e+02    3.12254e+05

   Pressure (bar)
   -5.81530e-01    4.63729e-01    2.33387e-01
    4.63734e-01    1.72963e-01   -3.84979e-01
    2.33423e-01   -3.84948e-01    8.70785e-01


	M E G A - F L O P S   A C C O U N T I N G

 NB=Group-cutoff nonbonded kernels    NxN=N-by-N cluster Verlet kernels
 RF=Reaction-Field  VdW=Van der Waals  QSTab=quadratic-spline table
 W3=SPC/TIP3p  W4=TIP4p (single or pairs)
 V&F=Potential and force  V=Potential only  F=Force only

 Computing:                               M-Number         M-Flops  % Flops
-----------------------------------------------------------------------------
 Pair Search distance check           13726.245040      123536.205     0.1
 NxN QSTab Elec. + LJ [F]             10023.243912      410953.000     0.2
 NxN QSTab Elec. + LJ [V&F]             101.444200        5985.208     0.0
 NxN LJ [F]                          940927.318848    31050601.522    18.4
 NxN LJ [V&F]                          9523.240560      409499.344     0.2
 NxN QSTab Elec. [F]                      6.471432         220.029     0.0
 NxN QSTab Elec. [V&F]                    0.065368           2.680     0.0
 Calc Weights                         37666.353312     1355988.719     0.8
 Spread Q Bspline                    803548.870656     1607097.741     1.0
 Gather F Bspline                    803548.870656     4821293.224     2.9
 3D-FFT                            16105976.313084   128847810.505    76.3
 Solve PME                             3686.473728      235934.319     0.1
 Reset In Box                           125.552000         376.656     0.0
 CG-CoM                                 125.803104         377.409     0.0
 Bonds                                   16.050321         946.969     0.0
 Angles                                  37.250745        6258.125     0.0
 Propers                                 10.500210        2404.548     0.0
 Impropers                               14.050281        2922.458     0.0
 Virial                                1262.972544       22733.506     0.0
 Stop-CM                                125.803104        1258.031     0.0
 Calc-Ekin                             2511.542208       67811.640     0.0
 Lincs                                   14.413691         864.821     0.0
 Lincs-Mat                              215.387580         861.550     0.0
 Constraint-V                            28.827382         259.446     0.0
 Constraint-Vir                           1.441631          34.599     0.0
-----------------------------------------------------------------------------
 Total                                               168976032.256   100.0
-----------------------------------------------------------------------------


    D O M A I N   D E C O M P O S I T I O N   S T A T I S T I C S

 av. #atoms communicated per step for force:  2 x 173129.0
 av. #atoms communicated per step for LINCS:  2 x 37.9


Dynamic load balancing report:
 DLB was turned on during the run due to measured imbalance.
 Average load imbalance: 47.4%.
 The balanceable part of the MD step is 10%, load imbalance is computed from this.
 Part of the total run time spent waiting due to load imbalance: 4.6%.
 Steps where the load balancing was limited by -rdd, -rcon and/or -dds: X 0 % Y 0 %


     R E A L   C Y C L E   A N D   T I M E   A C C O U N T I N G

On 32 MPI ranks

 Computing:          Num   Num      Call    Wall time         Giga-Cycles
                     Ranks Threads  Count      (s)         total sum    %
-----------------------------------------------------------------------------
 Domain decomp.        32    1        500       4.146        320.998   0.3
 DD comm. load         32    1        500       0.459         35.558   0.0
 DD comm. bounds       32    1        498       1.289         99.764   0.1
 Neighbor search       32    1        501       2.418        187.164   0.2
 Comm. coord.          32    1      49500      44.145       3417.464   3.1
 Force                 32    1      50001      72.813       5636.764   5.2
 Wait + Comm. F        32    1      50001      39.955       3093.128   2.8
 PME mesh              32    1      50001    1195.819      92573.619  84.8
 NB X/F buffer ops.    32    1     149001       6.024        466.368   0.4
 Write traj.           32    1         12       0.183         14.167   0.0
 Update                32    1      50001       5.890        455.963   0.4
 Constraints           32    1      50001      10.321        799.010   0.7
 Comm. energies        32    1       5001      24.407       1889.477   1.7
 Rest                                           1.914        148.180   0.1
-----------------------------------------------------------------------------
 Total                                       1409.785     109137.625 100.0
-----------------------------------------------------------------------------
 Breakdown of PME mesh computation
-----------------------------------------------------------------------------
 PME redist. X/F       32    1     100002     267.212      20686.040  19.0
 PME spread            32    1      50001     125.608       9723.894   8.9
 PME gather            32    1      50001      79.248       6134.917   5.6
 PME 3D-FFT            32    1     100002     203.221      15732.264  14.4
 PME 3D-FFT Comm.      32    1     200004     496.073      38403.204  35.2
 PME solve Elec        32    1      50001      24.087       1864.674   1.7
-----------------------------------------------------------------------------

               Core t (s)   Wall t (s)        (%)
       Time:    45113.086     1409.785     3200.0
                 (ns/day)    (hour/ns)
Performance:        6.129        3.916
Finished mdrun on rank 0 Tue Jul  2 02:32:38 2024

